

================================================================
== Vivado HLS Report for 'pooling2d_cl_array_array_ap_fixed_8u_config5_s'
================================================================
* Date:           Sun Nov 14 10:19:42 2021

* Version:        2019.1 (Build 2552052 on Fri May 24 15:28:33 MDT 2019)
* Project:        myproject_prj
* Solution:       solution1
* Product family: zynq
* Target device:  xc7z020-clg400-1


================================================================
== Performance Estimates
================================================================
+ Timing (ns): 
    * Summary: 
    +--------+-------+----------+------------+
    |  Clock | Target| Estimated| Uncertainty|
    +--------+-------+----------+------------+
    |ap_clk  |   5.00|     4.429|        0.62|
    +--------+-------+----------+------------+

+ Latency (clock cycles): 
    * Summary: 
    +-------+-------+-------+-------+---------+
    |    Latency    |    Interval   | Pipeline|
    |  min  |  max  |  min  |  max  |   Type  |
    +-------+-------+-------+-------+---------+
    |  16387|  16387|  16387|  16387|   none  |
    +-------+-------+-------+-------+---------+

    + Detail: 
        * Instance: 
        N/A

        * Loop: 
        +----------------------------------+-------+-------+----------+-----------+-----------+------+----------+
        |                                  |    Latency    | Iteration|  Initiation Interval  | Trip |          |
        |             Loop Name            |  min  |  max  |  Latency |  achieved |   target  | Count| Pipelined|
        +----------------------------------+-------+-------+----------+-----------+-----------+------+----------+
        |- ReadInputHeight_ReadInputWidth  |  16385|  16385|         4|          2|          1|  8192|    yes   |
        +----------------------------------+-------+-------+----------+-----------+-----------+------+----------+

============================================================
+ Verbose Summary: Synthesis Manager
============================================================
InlineROM: 1
ExposeGlobal: 0
============================================================
+ Verbose Summary: CDFG Model
============================================================
IsTopModel: 0
ResetActiveHigh: 1
IsCombinational: 2
IsDatapathOnly: 0
HasWiredReturn: 1
HasMFsm: 0
HasVarLatency: 1
IsPipeline: 0
IsRtlPipelined: 0
IsInstanceOverlapped: 0
IsDontTouch: 0
HasImplIP: 0
IsGatedGlobalClock: 0

+ Individual pipeline summary: 
  * Pipeline-0: initiation interval (II) = 2, depth = 4


============================================================
+ Verbose Summary: Schedule
============================================================
* Number of FSM states : 6
* Pipeline : 1
  Pipeline-0 : II = 2, D = 4, States = { 2 3 4 5 }
* Dataflow Pipeline: 0

* FSM state transitions: 
1 --> 2 
2 --> 6 3 
3 --> 4 
4 --> 5 
5 --> 2 
6 --> 

* FSM state operations: 

State 1 <SV = 0> <Delay = 1.76>
ST_1 : Operation 7 [1/1] (0.00ns)   --->   "call void (...)* @_ssdm_op_SpecInterface(i16* %res_V_data_7_V, [8 x i8]* @ap_fifo_str, i32 0, i32 0, [1 x i8]* @p_str, i32 0, i32 0, [1 x i8]* @p_str, [1 x i8]* @p_str, [1 x i8]* @p_str, i32 2, i32 2, i32 16, i32 16, [1 x i8]* @p_str, [1 x i8]* @p_str)"   --->   Operation 7 'specinterface' <Predicate = true> <Delay = 0.00>
ST_1 : Operation 8 [1/1] (0.00ns)   --->   "call void (...)* @_ssdm_op_SpecInterface(i16* %res_V_data_6_V, [8 x i8]* @ap_fifo_str, i32 0, i32 0, [1 x i8]* @p_str, i32 0, i32 0, [1 x i8]* @p_str, [1 x i8]* @p_str, [1 x i8]* @p_str, i32 2, i32 2, i32 16, i32 16, [1 x i8]* @p_str, [1 x i8]* @p_str)"   --->   Operation 8 'specinterface' <Predicate = true> <Delay = 0.00>
ST_1 : Operation 9 [1/1] (0.00ns)   --->   "call void (...)* @_ssdm_op_SpecInterface(i16* %res_V_data_5_V, [8 x i8]* @ap_fifo_str, i32 0, i32 0, [1 x i8]* @p_str, i32 0, i32 0, [1 x i8]* @p_str, [1 x i8]* @p_str, [1 x i8]* @p_str, i32 2, i32 2, i32 16, i32 16, [1 x i8]* @p_str, [1 x i8]* @p_str)"   --->   Operation 9 'specinterface' <Predicate = true> <Delay = 0.00>
ST_1 : Operation 10 [1/1] (0.00ns)   --->   "call void (...)* @_ssdm_op_SpecInterface(i16* %res_V_data_4_V, [8 x i8]* @ap_fifo_str, i32 0, i32 0, [1 x i8]* @p_str, i32 0, i32 0, [1 x i8]* @p_str, [1 x i8]* @p_str, [1 x i8]* @p_str, i32 2, i32 2, i32 16, i32 16, [1 x i8]* @p_str, [1 x i8]* @p_str)"   --->   Operation 10 'specinterface' <Predicate = true> <Delay = 0.00>
ST_1 : Operation 11 [1/1] (0.00ns)   --->   "call void (...)* @_ssdm_op_SpecInterface(i16* %res_V_data_3_V, [8 x i8]* @ap_fifo_str, i32 0, i32 0, [1 x i8]* @p_str, i32 0, i32 0, [1 x i8]* @p_str, [1 x i8]* @p_str, [1 x i8]* @p_str, i32 2, i32 2, i32 16, i32 16, [1 x i8]* @p_str, [1 x i8]* @p_str)"   --->   Operation 11 'specinterface' <Predicate = true> <Delay = 0.00>
ST_1 : Operation 12 [1/1] (0.00ns)   --->   "call void (...)* @_ssdm_op_SpecInterface(i16* %res_V_data_2_V, [8 x i8]* @ap_fifo_str, i32 0, i32 0, [1 x i8]* @p_str, i32 0, i32 0, [1 x i8]* @p_str, [1 x i8]* @p_str, [1 x i8]* @p_str, i32 2, i32 2, i32 16, i32 16, [1 x i8]* @p_str, [1 x i8]* @p_str)"   --->   Operation 12 'specinterface' <Predicate = true> <Delay = 0.00>
ST_1 : Operation 13 [1/1] (0.00ns)   --->   "call void (...)* @_ssdm_op_SpecInterface(i16* %res_V_data_1_V, [8 x i8]* @ap_fifo_str, i32 0, i32 0, [1 x i8]* @p_str, i32 0, i32 0, [1 x i8]* @p_str, [1 x i8]* @p_str, [1 x i8]* @p_str, i32 2, i32 2, i32 16, i32 16, [1 x i8]* @p_str, [1 x i8]* @p_str)"   --->   Operation 13 'specinterface' <Predicate = true> <Delay = 0.00>
ST_1 : Operation 14 [1/1] (0.00ns)   --->   "call void (...)* @_ssdm_op_SpecInterface(i16* %res_V_data_0_V, [8 x i8]* @ap_fifo_str, i32 0, i32 0, [1 x i8]* @p_str, i32 0, i32 0, [1 x i8]* @p_str, [1 x i8]* @p_str, [1 x i8]* @p_str, i32 2, i32 2, i32 16, i32 16, [1 x i8]* @p_str, [1 x i8]* @p_str)"   --->   Operation 14 'specinterface' <Predicate = true> <Delay = 0.00>
ST_1 : Operation 15 [1/1] (0.00ns)   --->   "call void (...)* @_ssdm_op_SpecInterface(i6* %data_V_data_7_V, [8 x i8]* @ap_fifo_str, i32 0, i32 0, [1 x i8]* @p_str, i32 0, i32 0, [1 x i8]* @p_str, [1 x i8]* @p_str, [1 x i8]* @p_str, i32 2, i32 2, i32 16, i32 16, [1 x i8]* @p_str, [1 x i8]* @p_str)"   --->   Operation 15 'specinterface' <Predicate = true> <Delay = 0.00>
ST_1 : Operation 16 [1/1] (0.00ns)   --->   "call void (...)* @_ssdm_op_SpecInterface(i6* %data_V_data_6_V, [8 x i8]* @ap_fifo_str, i32 0, i32 0, [1 x i8]* @p_str, i32 0, i32 0, [1 x i8]* @p_str, [1 x i8]* @p_str, [1 x i8]* @p_str, i32 2, i32 2, i32 16, i32 16, [1 x i8]* @p_str, [1 x i8]* @p_str)"   --->   Operation 16 'specinterface' <Predicate = true> <Delay = 0.00>
ST_1 : Operation 17 [1/1] (0.00ns)   --->   "call void (...)* @_ssdm_op_SpecInterface(i6* %data_V_data_5_V, [8 x i8]* @ap_fifo_str, i32 0, i32 0, [1 x i8]* @p_str, i32 0, i32 0, [1 x i8]* @p_str, [1 x i8]* @p_str, [1 x i8]* @p_str, i32 2, i32 2, i32 16, i32 16, [1 x i8]* @p_str, [1 x i8]* @p_str)"   --->   Operation 17 'specinterface' <Predicate = true> <Delay = 0.00>
ST_1 : Operation 18 [1/1] (0.00ns)   --->   "call void (...)* @_ssdm_op_SpecInterface(i6* %data_V_data_4_V, [8 x i8]* @ap_fifo_str, i32 0, i32 0, [1 x i8]* @p_str, i32 0, i32 0, [1 x i8]* @p_str, [1 x i8]* @p_str, [1 x i8]* @p_str, i32 2, i32 2, i32 16, i32 16, [1 x i8]* @p_str, [1 x i8]* @p_str)"   --->   Operation 18 'specinterface' <Predicate = true> <Delay = 0.00>
ST_1 : Operation 19 [1/1] (0.00ns)   --->   "call void (...)* @_ssdm_op_SpecInterface(i6* %data_V_data_3_V, [8 x i8]* @ap_fifo_str, i32 0, i32 0, [1 x i8]* @p_str, i32 0, i32 0, [1 x i8]* @p_str, [1 x i8]* @p_str, [1 x i8]* @p_str, i32 2, i32 2, i32 16, i32 16, [1 x i8]* @p_str, [1 x i8]* @p_str)"   --->   Operation 19 'specinterface' <Predicate = true> <Delay = 0.00>
ST_1 : Operation 20 [1/1] (0.00ns)   --->   "call void (...)* @_ssdm_op_SpecInterface(i6* %data_V_data_2_V, [8 x i8]* @ap_fifo_str, i32 0, i32 0, [1 x i8]* @p_str, i32 0, i32 0, [1 x i8]* @p_str, [1 x i8]* @p_str, [1 x i8]* @p_str, i32 2, i32 2, i32 16, i32 16, [1 x i8]* @p_str, [1 x i8]* @p_str)"   --->   Operation 20 'specinterface' <Predicate = true> <Delay = 0.00>
ST_1 : Operation 21 [1/1] (0.00ns)   --->   "call void (...)* @_ssdm_op_SpecInterface(i6* %data_V_data_1_V, [8 x i8]* @ap_fifo_str, i32 0, i32 0, [1 x i8]* @p_str, i32 0, i32 0, [1 x i8]* @p_str, [1 x i8]* @p_str, [1 x i8]* @p_str, i32 2, i32 2, i32 16, i32 16, [1 x i8]* @p_str, [1 x i8]* @p_str)"   --->   Operation 21 'specinterface' <Predicate = true> <Delay = 0.00>
ST_1 : Operation 22 [1/1] (0.00ns)   --->   "call void (...)* @_ssdm_op_SpecInterface(i6* %data_V_data_0_V, [8 x i8]* @ap_fifo_str, i32 0, i32 0, [1 x i8]* @p_str, i32 0, i32 0, [1 x i8]* @p_str, [1 x i8]* @p_str, [1 x i8]* @p_str, i32 2, i32 2, i32 16, i32 16, [1 x i8]* @p_str, [1 x i8]* @p_str)"   --->   Operation 22 'specinterface' <Predicate = true> <Delay = 0.00>
ST_1 : Operation 23 [1/1] (1.76ns)   --->   "br label %0" [firmware/nnet_utils/nnet_pooling_stream.h:233->firmware/nnet_utils/nnet_pooling_stream.h:251]   --->   Operation 23 'br' <Predicate = true> <Delay = 1.76>

State 2 <SV = 1> <Delay = 2.20>
ST_2 : Operation 24 [1/1] (0.00ns)   --->   "%indvar_flatten = phi i14 [ 0, %codeRepl ], [ %add_ln233, %ReadInputWidth_end ]" [firmware/nnet_utils/nnet_pooling_stream.h:233->firmware/nnet_utils/nnet_pooling_stream.h:251]   --->   Operation 24 'phi' 'indvar_flatten' <Predicate = true> <Delay = 0.00>
ST_2 : Operation 25 [1/1] (2.20ns)   --->   "%icmp_ln233 = icmp eq i14 %indvar_flatten, -8192" [firmware/nnet_utils/nnet_pooling_stream.h:233->firmware/nnet_utils/nnet_pooling_stream.h:251]   --->   Operation 25 'icmp' 'icmp_ln233' <Predicate = true> <Delay = 2.20> <Core = "Cmp">   --->   Core 25 'Cmp' <Latency = 0> <II = 1> <Delay = 2.47> <FuncUnit> <Opcode : 'icmp'> <InPorts = 2> <OutPorts = 1>
ST_2 : Operation 26 [1/1] (1.81ns)   --->   "%add_ln233 = add i14 %indvar_flatten, 1" [firmware/nnet_utils/nnet_pooling_stream.h:233->firmware/nnet_utils/nnet_pooling_stream.h:251]   --->   Operation 26 'add' 'add_ln233' <Predicate = true> <Delay = 1.81> <Core = "AddSub">   --->   Core 14 'AddSub' <Latency = 0> <II = 1> <Delay = 2.55> <FuncUnit> <Opcode : 'add' 'sub'> <InPorts = 2> <OutPorts = 1>
ST_2 : Operation 27 [1/1] (0.00ns)   --->   "br i1 %icmp_ln233, label %"pooling2d_buffer_cl<array<ap_fixed<6, 1, 0, 0, 0>, 8u>, array<ap_fixed<16, 6, 5, 3, 0>, 8u>, config5>.exit", label %ReadInputWidth_begin" [firmware/nnet_utils/nnet_pooling_stream.h:233->firmware/nnet_utils/nnet_pooling_stream.h:251]   --->   Operation 27 'br' <Predicate = true> <Delay = 0.00>

State 3 <SV = 2> <Delay = 3.80>
ST_3 : Operation 28 [1/1] (2.18ns)   --->   "%empty_87 = call { i6, i6, i6, i6, i6, i6, i6, i6 } @_ssdm_op_Read.ap_fifo.volatile.i6P.i6P.i6P.i6P.i6P.i6P.i6P.i6P(i6* %data_V_data_0_V, i6* %data_V_data_1_V, i6* %data_V_data_2_V, i6* %data_V_data_3_V, i6* %data_V_data_4_V, i6* %data_V_data_5_V, i6* %data_V_data_6_V, i6* %data_V_data_7_V)" [firmware/nnet_utils/nnet_pooling_stream.h:238->firmware/nnet_utils/nnet_pooling_stream.h:251]   --->   Operation 28 'read' 'empty_87' <Predicate = (!icmp_ln233)> <Delay = 2.18> <Core = "FIFO">   --->   Core 32 'FIFO' <Latency = 0> <II = 1> <Delay = 3.63> <Storage> <Opcode : 'read' 'write' 'nbread' 'nbwrite'> <Ports = 0> <Width = 16> <Depth = 3> <FIFO>
ST_3 : Operation 29 [1/1] (0.00ns)   --->   "%tmp_data_0_V = extractvalue { i6, i6, i6, i6, i6, i6, i6, i6 } %empty_87, 0" [firmware/nnet_utils/nnet_pooling_stream.h:238->firmware/nnet_utils/nnet_pooling_stream.h:251]   --->   Operation 29 'extractvalue' 'tmp_data_0_V' <Predicate = (!icmp_ln233)> <Delay = 0.00>
ST_3 : Operation 30 [1/1] (0.00ns)   --->   "%tmp_data_1_V = extractvalue { i6, i6, i6, i6, i6, i6, i6, i6 } %empty_87, 1" [firmware/nnet_utils/nnet_pooling_stream.h:238->firmware/nnet_utils/nnet_pooling_stream.h:251]   --->   Operation 30 'extractvalue' 'tmp_data_1_V' <Predicate = (!icmp_ln233)> <Delay = 0.00>
ST_3 : Operation 31 [1/1] (0.00ns)   --->   "%tmp_data_2_V = extractvalue { i6, i6, i6, i6, i6, i6, i6, i6 } %empty_87, 2" [firmware/nnet_utils/nnet_pooling_stream.h:238->firmware/nnet_utils/nnet_pooling_stream.h:251]   --->   Operation 31 'extractvalue' 'tmp_data_2_V' <Predicate = (!icmp_ln233)> <Delay = 0.00>
ST_3 : Operation 32 [1/1] (0.00ns)   --->   "%tmp_data_3_V = extractvalue { i6, i6, i6, i6, i6, i6, i6, i6 } %empty_87, 3" [firmware/nnet_utils/nnet_pooling_stream.h:238->firmware/nnet_utils/nnet_pooling_stream.h:251]   --->   Operation 32 'extractvalue' 'tmp_data_3_V' <Predicate = (!icmp_ln233)> <Delay = 0.00>
ST_3 : Operation 33 [1/1] (0.00ns)   --->   "%tmp_data_4_V = extractvalue { i6, i6, i6, i6, i6, i6, i6, i6 } %empty_87, 4" [firmware/nnet_utils/nnet_pooling_stream.h:238->firmware/nnet_utils/nnet_pooling_stream.h:251]   --->   Operation 33 'extractvalue' 'tmp_data_4_V' <Predicate = (!icmp_ln233)> <Delay = 0.00>
ST_3 : Operation 34 [1/1] (0.00ns)   --->   "%tmp_data_5_V = extractvalue { i6, i6, i6, i6, i6, i6, i6, i6 } %empty_87, 5" [firmware/nnet_utils/nnet_pooling_stream.h:238->firmware/nnet_utils/nnet_pooling_stream.h:251]   --->   Operation 34 'extractvalue' 'tmp_data_5_V' <Predicate = (!icmp_ln233)> <Delay = 0.00>
ST_3 : Operation 35 [1/1] (0.00ns)   --->   "%tmp_data_6_V = extractvalue { i6, i6, i6, i6, i6, i6, i6, i6 } %empty_87, 6" [firmware/nnet_utils/nnet_pooling_stream.h:238->firmware/nnet_utils/nnet_pooling_stream.h:251]   --->   Operation 35 'extractvalue' 'tmp_data_6_V' <Predicate = (!icmp_ln233)> <Delay = 0.00>
ST_3 : Operation 36 [1/1] (0.00ns)   --->   "%tmp_data_7_V = extractvalue { i6, i6, i6, i6, i6, i6, i6, i6 } %empty_87, 7" [firmware/nnet_utils/nnet_pooling_stream.h:238->firmware/nnet_utils/nnet_pooling_stream.h:251]   --->   Operation 36 'extractvalue' 'tmp_data_7_V' <Predicate = (!icmp_ln233)> <Delay = 0.00>
ST_3 : Operation 37 [1/1] (0.00ns)   --->   "%kernel_data_V_6_8_load = load i6* @kernel_data_V_6_8, align 1" [firmware/nnet_utils/nnet_pooling_stream.h:182->firmware/nnet_utils/nnet_pooling_stream.h:238->firmware/nnet_utils/nnet_pooling_stream.h:251]   --->   Operation 37 'load' 'kernel_data_V_6_8_load' <Predicate = (!icmp_ln233)> <Delay = 0.00>
ST_3 : Operation 38 [1/1] (0.00ns)   --->   "%kernel_data_V_6_9_load = load i6* @kernel_data_V_6_9, align 1" [firmware/nnet_utils/nnet_pooling_stream.h:182->firmware/nnet_utils/nnet_pooling_stream.h:238->firmware/nnet_utils/nnet_pooling_stream.h:251]   --->   Operation 38 'load' 'kernel_data_V_6_9_load' <Predicate = (!icmp_ln233)> <Delay = 0.00>
ST_3 : Operation 39 [1/1] (0.00ns)   --->   "%kernel_data_V_6_10_load = load i6* @kernel_data_V_6_10, align 1" [firmware/nnet_utils/nnet_pooling_stream.h:182->firmware/nnet_utils/nnet_pooling_stream.h:238->firmware/nnet_utils/nnet_pooling_stream.h:251]   --->   Operation 39 'load' 'kernel_data_V_6_10_load' <Predicate = (!icmp_ln233)> <Delay = 0.00>
ST_3 : Operation 40 [1/1] (0.00ns)   --->   "%kernel_data_V_6_11_load = load i6* @kernel_data_V_6_11, align 1" [firmware/nnet_utils/nnet_pooling_stream.h:182->firmware/nnet_utils/nnet_pooling_stream.h:238->firmware/nnet_utils/nnet_pooling_stream.h:251]   --->   Operation 40 'load' 'kernel_data_V_6_11_load' <Predicate = (!icmp_ln233)> <Delay = 0.00>
ST_3 : Operation 41 [1/1] (0.00ns)   --->   "%kernel_data_V_6_12_load = load i6* @kernel_data_V_6_12, align 1" [firmware/nnet_utils/nnet_pooling_stream.h:182->firmware/nnet_utils/nnet_pooling_stream.h:238->firmware/nnet_utils/nnet_pooling_stream.h:251]   --->   Operation 41 'load' 'kernel_data_V_6_12_load' <Predicate = (!icmp_ln233)> <Delay = 0.00>
ST_3 : Operation 42 [1/1] (0.00ns)   --->   "%kernel_data_V_6_13_load = load i6* @kernel_data_V_6_13, align 1" [firmware/nnet_utils/nnet_pooling_stream.h:182->firmware/nnet_utils/nnet_pooling_stream.h:238->firmware/nnet_utils/nnet_pooling_stream.h:251]   --->   Operation 42 'load' 'kernel_data_V_6_13_load' <Predicate = (!icmp_ln233)> <Delay = 0.00>
ST_3 : Operation 43 [1/1] (0.00ns)   --->   "%kernel_data_V_6_14_load = load i6* @kernel_data_V_6_14, align 1" [firmware/nnet_utils/nnet_pooling_stream.h:182->firmware/nnet_utils/nnet_pooling_stream.h:238->firmware/nnet_utils/nnet_pooling_stream.h:251]   --->   Operation 43 'load' 'kernel_data_V_6_14_load' <Predicate = (!icmp_ln233)> <Delay = 0.00>
ST_3 : Operation 44 [1/1] (0.00ns)   --->   "%kernel_data_V_6_15_load = load i6* @kernel_data_V_6_15, align 1" [firmware/nnet_utils/nnet_pooling_stream.h:182->firmware/nnet_utils/nnet_pooling_stream.h:238->firmware/nnet_utils/nnet_pooling_stream.h:251]   --->   Operation 44 'load' 'kernel_data_V_6_15_load' <Predicate = (!icmp_ln233)> <Delay = 0.00>
ST_3 : Operation 45 [1/1] (0.00ns)   --->   "%kernel_data_V_6_24_load = load i6* @kernel_data_V_6_24, align 1" [firmware/nnet_utils/nnet_pooling_stream.h:182->firmware/nnet_utils/nnet_pooling_stream.h:238->firmware/nnet_utils/nnet_pooling_stream.h:251]   --->   Operation 45 'load' 'kernel_data_V_6_24_load' <Predicate = (!icmp_ln233)> <Delay = 0.00>
ST_3 : Operation 46 [1/1] (0.00ns)   --->   "%kernel_data_V_6_25_load = load i6* @kernel_data_V_6_25, align 1" [firmware/nnet_utils/nnet_pooling_stream.h:182->firmware/nnet_utils/nnet_pooling_stream.h:238->firmware/nnet_utils/nnet_pooling_stream.h:251]   --->   Operation 46 'load' 'kernel_data_V_6_25_load' <Predicate = (!icmp_ln233)> <Delay = 0.00>
ST_3 : Operation 47 [1/1] (0.00ns)   --->   "%kernel_data_V_6_26_load = load i6* @kernel_data_V_6_26, align 1" [firmware/nnet_utils/nnet_pooling_stream.h:182->firmware/nnet_utils/nnet_pooling_stream.h:238->firmware/nnet_utils/nnet_pooling_stream.h:251]   --->   Operation 47 'load' 'kernel_data_V_6_26_load' <Predicate = (!icmp_ln233)> <Delay = 0.00>
ST_3 : Operation 48 [1/1] (0.00ns)   --->   "%kernel_data_V_6_27_load = load i6* @kernel_data_V_6_27, align 1" [firmware/nnet_utils/nnet_pooling_stream.h:182->firmware/nnet_utils/nnet_pooling_stream.h:238->firmware/nnet_utils/nnet_pooling_stream.h:251]   --->   Operation 48 'load' 'kernel_data_V_6_27_load' <Predicate = (!icmp_ln233)> <Delay = 0.00>
ST_3 : Operation 49 [1/1] (0.00ns)   --->   "%kernel_data_V_6_28_load = load i6* @kernel_data_V_6_28, align 1" [firmware/nnet_utils/nnet_pooling_stream.h:182->firmware/nnet_utils/nnet_pooling_stream.h:238->firmware/nnet_utils/nnet_pooling_stream.h:251]   --->   Operation 49 'load' 'kernel_data_V_6_28_load' <Predicate = (!icmp_ln233)> <Delay = 0.00>
ST_3 : Operation 50 [1/1] (0.00ns)   --->   "%kernel_data_V_6_29_load = load i6* @kernel_data_V_6_29, align 1" [firmware/nnet_utils/nnet_pooling_stream.h:182->firmware/nnet_utils/nnet_pooling_stream.h:238->firmware/nnet_utils/nnet_pooling_stream.h:251]   --->   Operation 50 'load' 'kernel_data_V_6_29_load' <Predicate = (!icmp_ln233)> <Delay = 0.00>
ST_3 : Operation 51 [1/1] (0.00ns)   --->   "%kernel_data_V_6_30_load = load i6* @kernel_data_V_6_30, align 1" [firmware/nnet_utils/nnet_pooling_stream.h:182->firmware/nnet_utils/nnet_pooling_stream.h:238->firmware/nnet_utils/nnet_pooling_stream.h:251]   --->   Operation 51 'load' 'kernel_data_V_6_30_load' <Predicate = (!icmp_ln233)> <Delay = 0.00>
ST_3 : Operation 52 [1/1] (0.00ns)   --->   "%kernel_data_V_6_31_load = load i6* @kernel_data_V_6_31, align 1" [firmware/nnet_utils/nnet_pooling_stream.h:182->firmware/nnet_utils/nnet_pooling_stream.h:238->firmware/nnet_utils/nnet_pooling_stream.h:251]   --->   Operation 52 'load' 'kernel_data_V_6_31_load' <Predicate = (!icmp_ln233)> <Delay = 0.00>
ST_3 : Operation 53 [1/1] (1.61ns)   --->   "%call_ret = call fastcc { i6, i6, i6, i6, i6, i6, i6, i6, i6, i6, i6, i6, i6, i6, i6, i6, i6, i6, i6, i6, i6, i6, i6, i6, i6, i6, i6, i6, i6, i6, i6, i6 } @"shift_line_buffer<array<ap_fixed,8u>,config5>"(i6 %tmp_data_0_V, i6 %tmp_data_1_V, i6 %tmp_data_2_V, i6 %tmp_data_3_V, i6 %tmp_data_4_V, i6 %tmp_data_5_V, i6 %tmp_data_6_V, i6 %tmp_data_7_V, i6 %kernel_data_V_6_8_load, i6 %kernel_data_V_6_9_load, i6 %kernel_data_V_6_10_load, i6 %kernel_data_V_6_11_load, i6 %kernel_data_V_6_12_load, i6 %kernel_data_V_6_13_load, i6 %kernel_data_V_6_14_load, i6 %kernel_data_V_6_15_load, i6 %kernel_data_V_6_24_load, i6 %kernel_data_V_6_25_load, i6 %kernel_data_V_6_26_load, i6 %kernel_data_V_6_27_load, i6 %kernel_data_V_6_28_load, i6 %kernel_data_V_6_29_load, i6 %kernel_data_V_6_30_load, i6 %kernel_data_V_6_31_load)" [firmware/nnet_utils/nnet_pooling_stream.h:182->firmware/nnet_utils/nnet_pooling_stream.h:238->firmware/nnet_utils/nnet_pooling_stream.h:251]   --->   Operation 53 'call' 'call_ret' <Predicate = (!icmp_ln233)> <Delay = 1.61> <CoreType = "Generic">   --->   Core 0 '' <Latency = 0> <II = 1> <Delay = 1.00> <Generic> <Opcode : >
ST_3 : Operation 54 [1/1] (0.00ns)   --->   "%pool_window_2_V_7 = extractvalue { i6, i6, i6, i6, i6, i6, i6, i6, i6, i6, i6, i6, i6, i6, i6, i6, i6, i6, i6, i6, i6, i6, i6, i6, i6, i6, i6, i6, i6, i6, i6, i6 } %call_ret, 15" [firmware/nnet_utils/nnet_pooling_stream.h:182->firmware/nnet_utils/nnet_pooling_stream.h:238->firmware/nnet_utils/nnet_pooling_stream.h:251]   --->   Operation 54 'extractvalue' 'pool_window_2_V_7' <Predicate = (!icmp_ln233)> <Delay = 0.00>
ST_3 : Operation 55 [1/1] (0.00ns)   --->   "%pool_window_2_V_6 = extractvalue { i6, i6, i6, i6, i6, i6, i6, i6, i6, i6, i6, i6, i6, i6, i6, i6, i6, i6, i6, i6, i6, i6, i6, i6, i6, i6, i6, i6, i6, i6, i6, i6 } %call_ret, 14" [firmware/nnet_utils/nnet_pooling_stream.h:182->firmware/nnet_utils/nnet_pooling_stream.h:238->firmware/nnet_utils/nnet_pooling_stream.h:251]   --->   Operation 55 'extractvalue' 'pool_window_2_V_6' <Predicate = (!icmp_ln233)> <Delay = 0.00>
ST_3 : Operation 56 [1/1] (0.00ns)   --->   "%pool_window_2_V_5 = extractvalue { i6, i6, i6, i6, i6, i6, i6, i6, i6, i6, i6, i6, i6, i6, i6, i6, i6, i6, i6, i6, i6, i6, i6, i6, i6, i6, i6, i6, i6, i6, i6, i6 } %call_ret, 13" [firmware/nnet_utils/nnet_pooling_stream.h:182->firmware/nnet_utils/nnet_pooling_stream.h:238->firmware/nnet_utils/nnet_pooling_stream.h:251]   --->   Operation 56 'extractvalue' 'pool_window_2_V_5' <Predicate = (!icmp_ln233)> <Delay = 0.00>
ST_3 : Operation 57 [1/1] (0.00ns)   --->   "%pool_window_2_V_4 = extractvalue { i6, i6, i6, i6, i6, i6, i6, i6, i6, i6, i6, i6, i6, i6, i6, i6, i6, i6, i6, i6, i6, i6, i6, i6, i6, i6, i6, i6, i6, i6, i6, i6 } %call_ret, 12" [firmware/nnet_utils/nnet_pooling_stream.h:182->firmware/nnet_utils/nnet_pooling_stream.h:238->firmware/nnet_utils/nnet_pooling_stream.h:251]   --->   Operation 57 'extractvalue' 'pool_window_2_V_4' <Predicate = (!icmp_ln233)> <Delay = 0.00>
ST_3 : Operation 58 [1/1] (0.00ns)   --->   "%pool_window_2_V_3 = extractvalue { i6, i6, i6, i6, i6, i6, i6, i6, i6, i6, i6, i6, i6, i6, i6, i6, i6, i6, i6, i6, i6, i6, i6, i6, i6, i6, i6, i6, i6, i6, i6, i6 } %call_ret, 11" [firmware/nnet_utils/nnet_pooling_stream.h:182->firmware/nnet_utils/nnet_pooling_stream.h:238->firmware/nnet_utils/nnet_pooling_stream.h:251]   --->   Operation 58 'extractvalue' 'pool_window_2_V_3' <Predicate = (!icmp_ln233)> <Delay = 0.00>
ST_3 : Operation 59 [1/1] (0.00ns)   --->   "%pool_window_2_V_2 = extractvalue { i6, i6, i6, i6, i6, i6, i6, i6, i6, i6, i6, i6, i6, i6, i6, i6, i6, i6, i6, i6, i6, i6, i6, i6, i6, i6, i6, i6, i6, i6, i6, i6 } %call_ret, 10" [firmware/nnet_utils/nnet_pooling_stream.h:182->firmware/nnet_utils/nnet_pooling_stream.h:238->firmware/nnet_utils/nnet_pooling_stream.h:251]   --->   Operation 59 'extractvalue' 'pool_window_2_V_2' <Predicate = (!icmp_ln233)> <Delay = 0.00>
ST_3 : Operation 60 [1/1] (0.00ns)   --->   "%pool_window_2_V = extractvalue { i6, i6, i6, i6, i6, i6, i6, i6, i6, i6, i6, i6, i6, i6, i6, i6, i6, i6, i6, i6, i6, i6, i6, i6, i6, i6, i6, i6, i6, i6, i6, i6 } %call_ret, 9" [firmware/nnet_utils/nnet_pooling_stream.h:182->firmware/nnet_utils/nnet_pooling_stream.h:238->firmware/nnet_utils/nnet_pooling_stream.h:251]   --->   Operation 60 'extractvalue' 'pool_window_2_V' <Predicate = (!icmp_ln233)> <Delay = 0.00>
ST_3 : Operation 61 [1/1] (0.00ns)   --->   "%pool_window_2_V_1 = extractvalue { i6, i6, i6, i6, i6, i6, i6, i6, i6, i6, i6, i6, i6, i6, i6, i6, i6, i6, i6, i6, i6, i6, i6, i6, i6, i6, i6, i6, i6, i6, i6, i6 } %call_ret, 8" [firmware/nnet_utils/nnet_pooling_stream.h:182->firmware/nnet_utils/nnet_pooling_stream.h:238->firmware/nnet_utils/nnet_pooling_stream.h:251]   --->   Operation 61 'extractvalue' 'pool_window_2_V_1' <Predicate = (!icmp_ln233)> <Delay = 0.00>
ST_3 : Operation 62 [1/1] (0.00ns)   --->   "%pool_window_0_V_7 = extractvalue { i6, i6, i6, i6, i6, i6, i6, i6, i6, i6, i6, i6, i6, i6, i6, i6, i6, i6, i6, i6, i6, i6, i6, i6, i6, i6, i6, i6, i6, i6, i6, i6 } %call_ret, 7" [firmware/nnet_utils/nnet_pooling_stream.h:182->firmware/nnet_utils/nnet_pooling_stream.h:238->firmware/nnet_utils/nnet_pooling_stream.h:251]   --->   Operation 62 'extractvalue' 'pool_window_0_V_7' <Predicate = (!icmp_ln233)> <Delay = 0.00>
ST_3 : Operation 63 [1/1] (0.00ns)   --->   "%pool_window_0_V_6 = extractvalue { i6, i6, i6, i6, i6, i6, i6, i6, i6, i6, i6, i6, i6, i6, i6, i6, i6, i6, i6, i6, i6, i6, i6, i6, i6, i6, i6, i6, i6, i6, i6, i6 } %call_ret, 6" [firmware/nnet_utils/nnet_pooling_stream.h:182->firmware/nnet_utils/nnet_pooling_stream.h:238->firmware/nnet_utils/nnet_pooling_stream.h:251]   --->   Operation 63 'extractvalue' 'pool_window_0_V_6' <Predicate = (!icmp_ln233)> <Delay = 0.00>
ST_3 : Operation 64 [1/1] (0.00ns)   --->   "%pool_window_0_V_5 = extractvalue { i6, i6, i6, i6, i6, i6, i6, i6, i6, i6, i6, i6, i6, i6, i6, i6, i6, i6, i6, i6, i6, i6, i6, i6, i6, i6, i6, i6, i6, i6, i6, i6 } %call_ret, 5" [firmware/nnet_utils/nnet_pooling_stream.h:182->firmware/nnet_utils/nnet_pooling_stream.h:238->firmware/nnet_utils/nnet_pooling_stream.h:251]   --->   Operation 64 'extractvalue' 'pool_window_0_V_5' <Predicate = (!icmp_ln233)> <Delay = 0.00>
ST_3 : Operation 65 [1/1] (0.00ns)   --->   "%pool_window_0_V_4 = extractvalue { i6, i6, i6, i6, i6, i6, i6, i6, i6, i6, i6, i6, i6, i6, i6, i6, i6, i6, i6, i6, i6, i6, i6, i6, i6, i6, i6, i6, i6, i6, i6, i6 } %call_ret, 4" [firmware/nnet_utils/nnet_pooling_stream.h:182->firmware/nnet_utils/nnet_pooling_stream.h:238->firmware/nnet_utils/nnet_pooling_stream.h:251]   --->   Operation 65 'extractvalue' 'pool_window_0_V_4' <Predicate = (!icmp_ln233)> <Delay = 0.00>
ST_3 : Operation 66 [1/1] (0.00ns)   --->   "%pool_window_0_V_3 = extractvalue { i6, i6, i6, i6, i6, i6, i6, i6, i6, i6, i6, i6, i6, i6, i6, i6, i6, i6, i6, i6, i6, i6, i6, i6, i6, i6, i6, i6, i6, i6, i6, i6 } %call_ret, 3" [firmware/nnet_utils/nnet_pooling_stream.h:182->firmware/nnet_utils/nnet_pooling_stream.h:238->firmware/nnet_utils/nnet_pooling_stream.h:251]   --->   Operation 66 'extractvalue' 'pool_window_0_V_3' <Predicate = (!icmp_ln233)> <Delay = 0.00>
ST_3 : Operation 67 [1/1] (0.00ns)   --->   "%pool_window_0_V_2 = extractvalue { i6, i6, i6, i6, i6, i6, i6, i6, i6, i6, i6, i6, i6, i6, i6, i6, i6, i6, i6, i6, i6, i6, i6, i6, i6, i6, i6, i6, i6, i6, i6, i6 } %call_ret, 2" [firmware/nnet_utils/nnet_pooling_stream.h:182->firmware/nnet_utils/nnet_pooling_stream.h:238->firmware/nnet_utils/nnet_pooling_stream.h:251]   --->   Operation 67 'extractvalue' 'pool_window_0_V_2' <Predicate = (!icmp_ln233)> <Delay = 0.00>
ST_3 : Operation 68 [1/1] (0.00ns)   --->   "%pool_window_0_V = extractvalue { i6, i6, i6, i6, i6, i6, i6, i6, i6, i6, i6, i6, i6, i6, i6, i6, i6, i6, i6, i6, i6, i6, i6, i6, i6, i6, i6, i6, i6, i6, i6, i6 } %call_ret, 1" [firmware/nnet_utils/nnet_pooling_stream.h:182->firmware/nnet_utils/nnet_pooling_stream.h:238->firmware/nnet_utils/nnet_pooling_stream.h:251]   --->   Operation 68 'extractvalue' 'pool_window_0_V' <Predicate = (!icmp_ln233)> <Delay = 0.00>
ST_3 : Operation 69 [1/1] (0.00ns)   --->   "%pool_window_0_V_1 = extractvalue { i6, i6, i6, i6, i6, i6, i6, i6, i6, i6, i6, i6, i6, i6, i6, i6, i6, i6, i6, i6, i6, i6, i6, i6, i6, i6, i6, i6, i6, i6, i6, i6 } %call_ret, 0" [firmware/nnet_utils/nnet_pooling_stream.h:182->firmware/nnet_utils/nnet_pooling_stream.h:238->firmware/nnet_utils/nnet_pooling_stream.h:251]   --->   Operation 69 'extractvalue' 'pool_window_0_V_1' <Predicate = (!icmp_ln233)> <Delay = 0.00>
ST_3 : Operation 70 [1/1] (0.00ns)   --->   "%pool_window_1_V_1 = extractvalue { i6, i6, i6, i6, i6, i6, i6, i6, i6, i6, i6, i6, i6, i6, i6, i6, i6, i6, i6, i6, i6, i6, i6, i6, i6, i6, i6, i6, i6, i6, i6, i6 } %call_ret, 16" [firmware/nnet_utils/nnet_pooling_stream.h:182->firmware/nnet_utils/nnet_pooling_stream.h:238->firmware/nnet_utils/nnet_pooling_stream.h:251]   --->   Operation 70 'extractvalue' 'pool_window_1_V_1' <Predicate = (!icmp_ln233)> <Delay = 0.00>
ST_3 : Operation 71 [1/1] (0.00ns)   --->   "store i6 %pool_window_1_V_1, i6* @kernel_data_V_6_8, align 1" [firmware/nnet_utils/nnet_pooling_stream.h:182->firmware/nnet_utils/nnet_pooling_stream.h:238->firmware/nnet_utils/nnet_pooling_stream.h:251]   --->   Operation 71 'store' <Predicate = (!icmp_ln233)> <Delay = 0.00>
ST_3 : Operation 72 [1/1] (0.00ns)   --->   "%pool_window_1_V = extractvalue { i6, i6, i6, i6, i6, i6, i6, i6, i6, i6, i6, i6, i6, i6, i6, i6, i6, i6, i6, i6, i6, i6, i6, i6, i6, i6, i6, i6, i6, i6, i6, i6 } %call_ret, 17" [firmware/nnet_utils/nnet_pooling_stream.h:182->firmware/nnet_utils/nnet_pooling_stream.h:238->firmware/nnet_utils/nnet_pooling_stream.h:251]   --->   Operation 72 'extractvalue' 'pool_window_1_V' <Predicate = (!icmp_ln233)> <Delay = 0.00>
ST_3 : Operation 73 [1/1] (0.00ns)   --->   "store i6 %pool_window_1_V, i6* @kernel_data_V_6_9, align 1" [firmware/nnet_utils/nnet_pooling_stream.h:182->firmware/nnet_utils/nnet_pooling_stream.h:238->firmware/nnet_utils/nnet_pooling_stream.h:251]   --->   Operation 73 'store' <Predicate = (!icmp_ln233)> <Delay = 0.00>
ST_3 : Operation 74 [1/1] (0.00ns)   --->   "%pool_window_1_V_2 = extractvalue { i6, i6, i6, i6, i6, i6, i6, i6, i6, i6, i6, i6, i6, i6, i6, i6, i6, i6, i6, i6, i6, i6, i6, i6, i6, i6, i6, i6, i6, i6, i6, i6 } %call_ret, 18" [firmware/nnet_utils/nnet_pooling_stream.h:182->firmware/nnet_utils/nnet_pooling_stream.h:238->firmware/nnet_utils/nnet_pooling_stream.h:251]   --->   Operation 74 'extractvalue' 'pool_window_1_V_2' <Predicate = (!icmp_ln233)> <Delay = 0.00>
ST_3 : Operation 75 [1/1] (0.00ns)   --->   "store i6 %pool_window_1_V_2, i6* @kernel_data_V_6_10, align 1" [firmware/nnet_utils/nnet_pooling_stream.h:182->firmware/nnet_utils/nnet_pooling_stream.h:238->firmware/nnet_utils/nnet_pooling_stream.h:251]   --->   Operation 75 'store' <Predicate = (!icmp_ln233)> <Delay = 0.00>
ST_3 : Operation 76 [1/1] (0.00ns)   --->   "%pool_window_1_V_3 = extractvalue { i6, i6, i6, i6, i6, i6, i6, i6, i6, i6, i6, i6, i6, i6, i6, i6, i6, i6, i6, i6, i6, i6, i6, i6, i6, i6, i6, i6, i6, i6, i6, i6 } %call_ret, 19" [firmware/nnet_utils/nnet_pooling_stream.h:182->firmware/nnet_utils/nnet_pooling_stream.h:238->firmware/nnet_utils/nnet_pooling_stream.h:251]   --->   Operation 76 'extractvalue' 'pool_window_1_V_3' <Predicate = (!icmp_ln233)> <Delay = 0.00>
ST_3 : Operation 77 [1/1] (0.00ns)   --->   "store i6 %pool_window_1_V_3, i6* @kernel_data_V_6_11, align 1" [firmware/nnet_utils/nnet_pooling_stream.h:182->firmware/nnet_utils/nnet_pooling_stream.h:238->firmware/nnet_utils/nnet_pooling_stream.h:251]   --->   Operation 77 'store' <Predicate = (!icmp_ln233)> <Delay = 0.00>
ST_3 : Operation 78 [1/1] (0.00ns)   --->   "%pool_window_1_V_4 = extractvalue { i6, i6, i6, i6, i6, i6, i6, i6, i6, i6, i6, i6, i6, i6, i6, i6, i6, i6, i6, i6, i6, i6, i6, i6, i6, i6, i6, i6, i6, i6, i6, i6 } %call_ret, 20" [firmware/nnet_utils/nnet_pooling_stream.h:182->firmware/nnet_utils/nnet_pooling_stream.h:238->firmware/nnet_utils/nnet_pooling_stream.h:251]   --->   Operation 78 'extractvalue' 'pool_window_1_V_4' <Predicate = (!icmp_ln233)> <Delay = 0.00>
ST_3 : Operation 79 [1/1] (0.00ns)   --->   "store i6 %pool_window_1_V_4, i6* @kernel_data_V_6_12, align 1" [firmware/nnet_utils/nnet_pooling_stream.h:182->firmware/nnet_utils/nnet_pooling_stream.h:238->firmware/nnet_utils/nnet_pooling_stream.h:251]   --->   Operation 79 'store' <Predicate = (!icmp_ln233)> <Delay = 0.00>
ST_3 : Operation 80 [1/1] (0.00ns)   --->   "%pool_window_1_V_5 = extractvalue { i6, i6, i6, i6, i6, i6, i6, i6, i6, i6, i6, i6, i6, i6, i6, i6, i6, i6, i6, i6, i6, i6, i6, i6, i6, i6, i6, i6, i6, i6, i6, i6 } %call_ret, 21" [firmware/nnet_utils/nnet_pooling_stream.h:182->firmware/nnet_utils/nnet_pooling_stream.h:238->firmware/nnet_utils/nnet_pooling_stream.h:251]   --->   Operation 80 'extractvalue' 'pool_window_1_V_5' <Predicate = (!icmp_ln233)> <Delay = 0.00>
ST_3 : Operation 81 [1/1] (0.00ns)   --->   "store i6 %pool_window_1_V_5, i6* @kernel_data_V_6_13, align 1" [firmware/nnet_utils/nnet_pooling_stream.h:182->firmware/nnet_utils/nnet_pooling_stream.h:238->firmware/nnet_utils/nnet_pooling_stream.h:251]   --->   Operation 81 'store' <Predicate = (!icmp_ln233)> <Delay = 0.00>
ST_3 : Operation 82 [1/1] (0.00ns)   --->   "%pool_window_1_V_6 = extractvalue { i6, i6, i6, i6, i6, i6, i6, i6, i6, i6, i6, i6, i6, i6, i6, i6, i6, i6, i6, i6, i6, i6, i6, i6, i6, i6, i6, i6, i6, i6, i6, i6 } %call_ret, 22" [firmware/nnet_utils/nnet_pooling_stream.h:182->firmware/nnet_utils/nnet_pooling_stream.h:238->firmware/nnet_utils/nnet_pooling_stream.h:251]   --->   Operation 82 'extractvalue' 'pool_window_1_V_6' <Predicate = (!icmp_ln233)> <Delay = 0.00>
ST_3 : Operation 83 [1/1] (0.00ns)   --->   "store i6 %pool_window_1_V_6, i6* @kernel_data_V_6_14, align 1" [firmware/nnet_utils/nnet_pooling_stream.h:182->firmware/nnet_utils/nnet_pooling_stream.h:238->firmware/nnet_utils/nnet_pooling_stream.h:251]   --->   Operation 83 'store' <Predicate = (!icmp_ln233)> <Delay = 0.00>
ST_3 : Operation 84 [1/1] (0.00ns)   --->   "%pool_window_1_V_7 = extractvalue { i6, i6, i6, i6, i6, i6, i6, i6, i6, i6, i6, i6, i6, i6, i6, i6, i6, i6, i6, i6, i6, i6, i6, i6, i6, i6, i6, i6, i6, i6, i6, i6 } %call_ret, 23" [firmware/nnet_utils/nnet_pooling_stream.h:182->firmware/nnet_utils/nnet_pooling_stream.h:238->firmware/nnet_utils/nnet_pooling_stream.h:251]   --->   Operation 84 'extractvalue' 'pool_window_1_V_7' <Predicate = (!icmp_ln233)> <Delay = 0.00>
ST_3 : Operation 85 [1/1] (0.00ns)   --->   "store i6 %pool_window_1_V_7, i6* @kernel_data_V_6_15, align 1" [firmware/nnet_utils/nnet_pooling_stream.h:182->firmware/nnet_utils/nnet_pooling_stream.h:238->firmware/nnet_utils/nnet_pooling_stream.h:251]   --->   Operation 85 'store' <Predicate = (!icmp_ln233)> <Delay = 0.00>
ST_3 : Operation 86 [1/1] (0.00ns)   --->   "%pool_window_3_V_1 = extractvalue { i6, i6, i6, i6, i6, i6, i6, i6, i6, i6, i6, i6, i6, i6, i6, i6, i6, i6, i6, i6, i6, i6, i6, i6, i6, i6, i6, i6, i6, i6, i6, i6 } %call_ret, 24" [firmware/nnet_utils/nnet_pooling_stream.h:182->firmware/nnet_utils/nnet_pooling_stream.h:238->firmware/nnet_utils/nnet_pooling_stream.h:251]   --->   Operation 86 'extractvalue' 'pool_window_3_V_1' <Predicate = (!icmp_ln233)> <Delay = 0.00>
ST_3 : Operation 87 [1/1] (0.00ns)   --->   "store i6 %pool_window_3_V_1, i6* @kernel_data_V_6_24, align 1" [firmware/nnet_utils/nnet_pooling_stream.h:182->firmware/nnet_utils/nnet_pooling_stream.h:238->firmware/nnet_utils/nnet_pooling_stream.h:251]   --->   Operation 87 'store' <Predicate = (!icmp_ln233)> <Delay = 0.00>
ST_3 : Operation 88 [1/1] (0.00ns)   --->   "%pool_window_3_V = extractvalue { i6, i6, i6, i6, i6, i6, i6, i6, i6, i6, i6, i6, i6, i6, i6, i6, i6, i6, i6, i6, i6, i6, i6, i6, i6, i6, i6, i6, i6, i6, i6, i6 } %call_ret, 25" [firmware/nnet_utils/nnet_pooling_stream.h:182->firmware/nnet_utils/nnet_pooling_stream.h:238->firmware/nnet_utils/nnet_pooling_stream.h:251]   --->   Operation 88 'extractvalue' 'pool_window_3_V' <Predicate = (!icmp_ln233)> <Delay = 0.00>
ST_3 : Operation 89 [1/1] (0.00ns)   --->   "store i6 %pool_window_3_V, i6* @kernel_data_V_6_25, align 1" [firmware/nnet_utils/nnet_pooling_stream.h:182->firmware/nnet_utils/nnet_pooling_stream.h:238->firmware/nnet_utils/nnet_pooling_stream.h:251]   --->   Operation 89 'store' <Predicate = (!icmp_ln233)> <Delay = 0.00>
ST_3 : Operation 90 [1/1] (0.00ns)   --->   "%pool_window_3_V_2 = extractvalue { i6, i6, i6, i6, i6, i6, i6, i6, i6, i6, i6, i6, i6, i6, i6, i6, i6, i6, i6, i6, i6, i6, i6, i6, i6, i6, i6, i6, i6, i6, i6, i6 } %call_ret, 26" [firmware/nnet_utils/nnet_pooling_stream.h:182->firmware/nnet_utils/nnet_pooling_stream.h:238->firmware/nnet_utils/nnet_pooling_stream.h:251]   --->   Operation 90 'extractvalue' 'pool_window_3_V_2' <Predicate = (!icmp_ln233)> <Delay = 0.00>
ST_3 : Operation 91 [1/1] (0.00ns)   --->   "store i6 %pool_window_3_V_2, i6* @kernel_data_V_6_26, align 1" [firmware/nnet_utils/nnet_pooling_stream.h:182->firmware/nnet_utils/nnet_pooling_stream.h:238->firmware/nnet_utils/nnet_pooling_stream.h:251]   --->   Operation 91 'store' <Predicate = (!icmp_ln233)> <Delay = 0.00>
ST_3 : Operation 92 [1/1] (0.00ns)   --->   "%pool_window_3_V_3 = extractvalue { i6, i6, i6, i6, i6, i6, i6, i6, i6, i6, i6, i6, i6, i6, i6, i6, i6, i6, i6, i6, i6, i6, i6, i6, i6, i6, i6, i6, i6, i6, i6, i6 } %call_ret, 27" [firmware/nnet_utils/nnet_pooling_stream.h:182->firmware/nnet_utils/nnet_pooling_stream.h:238->firmware/nnet_utils/nnet_pooling_stream.h:251]   --->   Operation 92 'extractvalue' 'pool_window_3_V_3' <Predicate = (!icmp_ln233)> <Delay = 0.00>
ST_3 : Operation 93 [1/1] (0.00ns)   --->   "store i6 %pool_window_3_V_3, i6* @kernel_data_V_6_27, align 1" [firmware/nnet_utils/nnet_pooling_stream.h:182->firmware/nnet_utils/nnet_pooling_stream.h:238->firmware/nnet_utils/nnet_pooling_stream.h:251]   --->   Operation 93 'store' <Predicate = (!icmp_ln233)> <Delay = 0.00>
ST_3 : Operation 94 [1/1] (0.00ns)   --->   "%pool_window_3_V_4 = extractvalue { i6, i6, i6, i6, i6, i6, i6, i6, i6, i6, i6, i6, i6, i6, i6, i6, i6, i6, i6, i6, i6, i6, i6, i6, i6, i6, i6, i6, i6, i6, i6, i6 } %call_ret, 28" [firmware/nnet_utils/nnet_pooling_stream.h:182->firmware/nnet_utils/nnet_pooling_stream.h:238->firmware/nnet_utils/nnet_pooling_stream.h:251]   --->   Operation 94 'extractvalue' 'pool_window_3_V_4' <Predicate = (!icmp_ln233)> <Delay = 0.00>
ST_3 : Operation 95 [1/1] (0.00ns)   --->   "store i6 %pool_window_3_V_4, i6* @kernel_data_V_6_28, align 1" [firmware/nnet_utils/nnet_pooling_stream.h:182->firmware/nnet_utils/nnet_pooling_stream.h:238->firmware/nnet_utils/nnet_pooling_stream.h:251]   --->   Operation 95 'store' <Predicate = (!icmp_ln233)> <Delay = 0.00>
ST_3 : Operation 96 [1/1] (0.00ns)   --->   "%pool_window_3_V_5 = extractvalue { i6, i6, i6, i6, i6, i6, i6, i6, i6, i6, i6, i6, i6, i6, i6, i6, i6, i6, i6, i6, i6, i6, i6, i6, i6, i6, i6, i6, i6, i6, i6, i6 } %call_ret, 29" [firmware/nnet_utils/nnet_pooling_stream.h:182->firmware/nnet_utils/nnet_pooling_stream.h:238->firmware/nnet_utils/nnet_pooling_stream.h:251]   --->   Operation 96 'extractvalue' 'pool_window_3_V_5' <Predicate = (!icmp_ln233)> <Delay = 0.00>
ST_3 : Operation 97 [1/1] (0.00ns)   --->   "store i6 %pool_window_3_V_5, i6* @kernel_data_V_6_29, align 1" [firmware/nnet_utils/nnet_pooling_stream.h:182->firmware/nnet_utils/nnet_pooling_stream.h:238->firmware/nnet_utils/nnet_pooling_stream.h:251]   --->   Operation 97 'store' <Predicate = (!icmp_ln233)> <Delay = 0.00>
ST_3 : Operation 98 [1/1] (0.00ns)   --->   "%pool_window_3_V_6 = extractvalue { i6, i6, i6, i6, i6, i6, i6, i6, i6, i6, i6, i6, i6, i6, i6, i6, i6, i6, i6, i6, i6, i6, i6, i6, i6, i6, i6, i6, i6, i6, i6, i6 } %call_ret, 30" [firmware/nnet_utils/nnet_pooling_stream.h:182->firmware/nnet_utils/nnet_pooling_stream.h:238->firmware/nnet_utils/nnet_pooling_stream.h:251]   --->   Operation 98 'extractvalue' 'pool_window_3_V_6' <Predicate = (!icmp_ln233)> <Delay = 0.00>
ST_3 : Operation 99 [1/1] (0.00ns)   --->   "store i6 %pool_window_3_V_6, i6* @kernel_data_V_6_30, align 1" [firmware/nnet_utils/nnet_pooling_stream.h:182->firmware/nnet_utils/nnet_pooling_stream.h:238->firmware/nnet_utils/nnet_pooling_stream.h:251]   --->   Operation 99 'store' <Predicate = (!icmp_ln233)> <Delay = 0.00>
ST_3 : Operation 100 [1/1] (0.00ns)   --->   "%pool_window_3_V_7 = extractvalue { i6, i6, i6, i6, i6, i6, i6, i6, i6, i6, i6, i6, i6, i6, i6, i6, i6, i6, i6, i6, i6, i6, i6, i6, i6, i6, i6, i6, i6, i6, i6, i6 } %call_ret, 31" [firmware/nnet_utils/nnet_pooling_stream.h:182->firmware/nnet_utils/nnet_pooling_stream.h:238->firmware/nnet_utils/nnet_pooling_stream.h:251]   --->   Operation 100 'extractvalue' 'pool_window_3_V_7' <Predicate = (!icmp_ln233)> <Delay = 0.00>
ST_3 : Operation 101 [1/1] (0.00ns)   --->   "store i6 %pool_window_3_V_7, i6* @kernel_data_V_6_31, align 1" [firmware/nnet_utils/nnet_pooling_stream.h:182->firmware/nnet_utils/nnet_pooling_stream.h:238->firmware/nnet_utils/nnet_pooling_stream.h:251]   --->   Operation 101 'store' <Predicate = (!icmp_ln233)> <Delay = 0.00>

State 4 <SV = 3> <Delay = 4.42>
ST_4 : Operation 102 [1/1] (0.00ns)   --->   "%sX_load = load i32* @sX, align 4" [firmware/nnet_utils/nnet_pooling_stream.h:185->firmware/nnet_utils/nnet_pooling_stream.h:238->firmware/nnet_utils/nnet_pooling_stream.h:251]   --->   Operation 102 'load' 'sX_load' <Predicate = (!icmp_ln233)> <Delay = 0.00>
ST_4 : Operation 103 [1/1] (2.47ns)   --->   "%icmp_ln185 = icmp eq i32 %sX_load, 1" [firmware/nnet_utils/nnet_pooling_stream.h:185->firmware/nnet_utils/nnet_pooling_stream.h:238->firmware/nnet_utils/nnet_pooling_stream.h:251]   --->   Operation 103 'icmp' 'icmp_ln185' <Predicate = (!icmp_ln233)> <Delay = 2.47> <Core = "Cmp">   --->   Core 25 'Cmp' <Latency = 0> <II = 1> <Delay = 2.47> <FuncUnit> <Opcode : 'icmp'> <InPorts = 2> <OutPorts = 1>
ST_4 : Operation 104 [1/1] (0.00ns)   --->   "%sY_load = load i32* @sY, align 4" [firmware/nnet_utils/nnet_pooling_stream.h:185->firmware/nnet_utils/nnet_pooling_stream.h:238->firmware/nnet_utils/nnet_pooling_stream.h:251]   --->   Operation 104 'load' 'sY_load' <Predicate = (!icmp_ln233)> <Delay = 0.00>
ST_4 : Operation 105 [1/1] (2.47ns)   --->   "%icmp_ln185_1 = icmp eq i32 %sY_load, 1" [firmware/nnet_utils/nnet_pooling_stream.h:185->firmware/nnet_utils/nnet_pooling_stream.h:238->firmware/nnet_utils/nnet_pooling_stream.h:251]   --->   Operation 105 'icmp' 'icmp_ln185_1' <Predicate = (!icmp_ln233)> <Delay = 2.47> <Core = "Cmp">   --->   Core 25 'Cmp' <Latency = 0> <II = 1> <Delay = 2.47> <FuncUnit> <Opcode : 'icmp'> <InPorts = 2> <OutPorts = 1>
ST_4 : Operation 106 [1/1] (0.00ns)   --->   "%pY_load = load i32* @pY, align 4" [firmware/nnet_utils/nnet_pooling_stream.h:185->firmware/nnet_utils/nnet_pooling_stream.h:238->firmware/nnet_utils/nnet_pooling_stream.h:251]   --->   Operation 106 'load' 'pY_load' <Predicate = (!icmp_ln233)> <Delay = 0.00>
ST_4 : Operation 107 [1/1] (2.47ns)   --->   "%icmp_ln185_2 = icmp sgt i32 %pY_load, 0" [firmware/nnet_utils/nnet_pooling_stream.h:185->firmware/nnet_utils/nnet_pooling_stream.h:238->firmware/nnet_utils/nnet_pooling_stream.h:251]   --->   Operation 107 'icmp' 'icmp_ln185_2' <Predicate = (!icmp_ln233)> <Delay = 2.47> <Core = "Cmp">   --->   Core 25 'Cmp' <Latency = 0> <II = 1> <Delay = 2.47> <FuncUnit> <Opcode : 'icmp'> <InPorts = 2> <OutPorts = 1>
ST_4 : Operation 108 [1/1] (0.00ns)   --->   "%pX_load = load i32* @pX, align 4" [firmware/nnet_utils/nnet_pooling_stream.h:185->firmware/nnet_utils/nnet_pooling_stream.h:238->firmware/nnet_utils/nnet_pooling_stream.h:251]   --->   Operation 108 'load' 'pX_load' <Predicate = (!icmp_ln233)> <Delay = 0.00>
ST_4 : Operation 109 [1/1] (2.47ns)   --->   "%icmp_ln185_3 = icmp sgt i32 %pX_load, 0" [firmware/nnet_utils/nnet_pooling_stream.h:185->firmware/nnet_utils/nnet_pooling_stream.h:238->firmware/nnet_utils/nnet_pooling_stream.h:251]   --->   Operation 109 'icmp' 'icmp_ln185_3' <Predicate = (!icmp_ln233)> <Delay = 2.47> <Core = "Cmp">   --->   Core 25 'Cmp' <Latency = 0> <II = 1> <Delay = 2.47> <FuncUnit> <Opcode : 'icmp'> <InPorts = 2> <OutPorts = 1>
ST_4 : Operation 110 [1/1] (0.00ns) (grouped into LUT with out node and_ln185_2)   --->   "%and_ln185 = and i1 %icmp_ln185, %icmp_ln185_1" [firmware/nnet_utils/nnet_pooling_stream.h:185->firmware/nnet_utils/nnet_pooling_stream.h:238->firmware/nnet_utils/nnet_pooling_stream.h:251]   --->   Operation 110 'and' 'and_ln185' <Predicate = (!icmp_ln233)> <Delay = 0.00> <Core = "LogicGate">   --->   Core 27 'LogicGate' <Latency = 0> <II = 1> <Delay = 0.97> <FuncUnit> <Opcode : 'and' 'or' 'xor'> <InPorts = 2> <OutPorts = 1>
ST_4 : Operation 111 [1/1] (0.00ns) (grouped into LUT with out node and_ln185_2)   --->   "%and_ln185_1 = and i1 %icmp_ln185_2, %icmp_ln185_3" [firmware/nnet_utils/nnet_pooling_stream.h:185->firmware/nnet_utils/nnet_pooling_stream.h:238->firmware/nnet_utils/nnet_pooling_stream.h:251]   --->   Operation 111 'and' 'and_ln185_1' <Predicate = (!icmp_ln233)> <Delay = 0.00> <Core = "LogicGate">   --->   Core 27 'LogicGate' <Latency = 0> <II = 1> <Delay = 0.97> <FuncUnit> <Opcode : 'and' 'or' 'xor'> <InPorts = 2> <OutPorts = 1>
ST_4 : Operation 112 [1/1] (0.97ns) (out node of the LUT)   --->   "%and_ln185_2 = and i1 %and_ln185_1, %and_ln185" [firmware/nnet_utils/nnet_pooling_stream.h:185->firmware/nnet_utils/nnet_pooling_stream.h:238->firmware/nnet_utils/nnet_pooling_stream.h:251]   --->   Operation 112 'and' 'and_ln185_2' <Predicate = (!icmp_ln233)> <Delay = 0.97> <Core = "LogicGate">   --->   Core 27 'LogicGate' <Latency = 0> <II = 1> <Delay = 0.97> <FuncUnit> <Opcode : 'and' 'or' 'xor'> <InPorts = 2> <OutPorts = 1>
ST_4 : Operation 113 [1/1] (0.00ns)   --->   "br i1 %and_ln185_2, label %.preheader.i14.i.0, label %._crit_edge40.i.i" [firmware/nnet_utils/nnet_pooling_stream.h:185->firmware/nnet_utils/nnet_pooling_stream.h:238->firmware/nnet_utils/nnet_pooling_stream.h:251]   --->   Operation 113 'br' <Predicate = (!icmp_ln233)> <Delay = 0.00>
ST_4 : Operation 114 [1/1] (1.42ns)   --->   "%icmp_ln1496 = icmp slt i6 %pool_window_0_V_1, %pool_window_1_V_1" [firmware/nnet_utils/nnet_common.h:86->firmware/nnet_utils/nnet_common.h:53->firmware/nnet_utils/nnet_common.h:55->firmware/nnet_utils/nnet_pooling_stream.h:22->firmware/nnet_utils/nnet_pooling_stream.h:195->firmware/nnet_utils/nnet_pooling_stream.h:238->firmware/nnet_utils/nnet_pooling_stream.h:251]   --->   Operation 114 'icmp' 'icmp_ln1496' <Predicate = (and_ln185_2)> <Delay = 1.42> <Core = "Cmp">   --->   Core 25 'Cmp' <Latency = 0> <II = 1> <Delay = 2.47> <FuncUnit> <Opcode : 'icmp'> <InPorts = 2> <OutPorts = 1>
ST_4 : Operation 115 [1/1] (1.18ns)   --->   "%select_ln86 = select i1 %icmp_ln1496, i6 %pool_window_1_V_1, i6 %pool_window_0_V_1" [firmware/nnet_utils/nnet_common.h:86->firmware/nnet_utils/nnet_common.h:53->firmware/nnet_utils/nnet_common.h:55->firmware/nnet_utils/nnet_pooling_stream.h:22->firmware/nnet_utils/nnet_pooling_stream.h:195->firmware/nnet_utils/nnet_pooling_stream.h:238->firmware/nnet_utils/nnet_pooling_stream.h:251]   --->   Operation 115 'select' 'select_ln86' <Predicate = (and_ln185_2)> <Delay = 1.18> <Core = "Sel">   --->   Core 26 'Sel' <Latency = 0> <II = 1> <Delay = 0.69> <FuncUnit> <Opcode : 'select'> <InPorts = 3> <OutPorts = 1>
ST_4 : Operation 116 [1/1] (1.42ns)   --->   "%icmp_ln1496_15 = icmp slt i6 %pool_window_2_V_1, %pool_window_3_V_1" [firmware/nnet_utils/nnet_common.h:86->firmware/nnet_utils/nnet_common.h:53->firmware/nnet_utils/nnet_common.h:55->firmware/nnet_utils/nnet_pooling_stream.h:22->firmware/nnet_utils/nnet_pooling_stream.h:195->firmware/nnet_utils/nnet_pooling_stream.h:238->firmware/nnet_utils/nnet_pooling_stream.h:251]   --->   Operation 116 'icmp' 'icmp_ln1496_15' <Predicate = (and_ln185_2)> <Delay = 1.42> <Core = "Cmp">   --->   Core 25 'Cmp' <Latency = 0> <II = 1> <Delay = 2.47> <FuncUnit> <Opcode : 'icmp'> <InPorts = 2> <OutPorts = 1>
ST_4 : Operation 117 [1/1] (1.18ns)   --->   "%select_ln86_15 = select i1 %icmp_ln1496_15, i6 %pool_window_3_V_1, i6 %pool_window_2_V_1" [firmware/nnet_utils/nnet_common.h:86->firmware/nnet_utils/nnet_common.h:53->firmware/nnet_utils/nnet_common.h:55->firmware/nnet_utils/nnet_pooling_stream.h:22->firmware/nnet_utils/nnet_pooling_stream.h:195->firmware/nnet_utils/nnet_pooling_stream.h:238->firmware/nnet_utils/nnet_pooling_stream.h:251]   --->   Operation 117 'select' 'select_ln86_15' <Predicate = (and_ln185_2)> <Delay = 1.18> <Core = "Sel">   --->   Core 26 'Sel' <Latency = 0> <II = 1> <Delay = 0.69> <FuncUnit> <Opcode : 'select'> <InPorts = 3> <OutPorts = 1>
ST_4 : Operation 118 [1/1] (1.42ns)   --->   "%icmp_ln1496_16 = icmp slt i6 %select_ln86, %select_ln86_15" [firmware/nnet_utils/nnet_common.h:86->firmware/nnet_utils/nnet_common.h:55->firmware/nnet_utils/nnet_pooling_stream.h:22->firmware/nnet_utils/nnet_pooling_stream.h:195->firmware/nnet_utils/nnet_pooling_stream.h:238->firmware/nnet_utils/nnet_pooling_stream.h:251]   --->   Operation 118 'icmp' 'icmp_ln1496_16' <Predicate = (and_ln185_2)> <Delay = 1.42> <Core = "Cmp">   --->   Core 25 'Cmp' <Latency = 0> <II = 1> <Delay = 2.47> <FuncUnit> <Opcode : 'icmp'> <InPorts = 2> <OutPorts = 1>
ST_4 : Operation 119 [1/1] (1.42ns)   --->   "%icmp_ln1496_17 = icmp slt i6 %pool_window_0_V, %pool_window_1_V" [firmware/nnet_utils/nnet_common.h:86->firmware/nnet_utils/nnet_common.h:53->firmware/nnet_utils/nnet_common.h:55->firmware/nnet_utils/nnet_pooling_stream.h:22->firmware/nnet_utils/nnet_pooling_stream.h:195->firmware/nnet_utils/nnet_pooling_stream.h:238->firmware/nnet_utils/nnet_pooling_stream.h:251]   --->   Operation 119 'icmp' 'icmp_ln1496_17' <Predicate = (and_ln185_2)> <Delay = 1.42> <Core = "Cmp">   --->   Core 25 'Cmp' <Latency = 0> <II = 1> <Delay = 2.47> <FuncUnit> <Opcode : 'icmp'> <InPorts = 2> <OutPorts = 1>
ST_4 : Operation 120 [1/1] (1.18ns)   --->   "%select_ln86_17 = select i1 %icmp_ln1496_17, i6 %pool_window_1_V, i6 %pool_window_0_V" [firmware/nnet_utils/nnet_common.h:86->firmware/nnet_utils/nnet_common.h:53->firmware/nnet_utils/nnet_common.h:55->firmware/nnet_utils/nnet_pooling_stream.h:22->firmware/nnet_utils/nnet_pooling_stream.h:195->firmware/nnet_utils/nnet_pooling_stream.h:238->firmware/nnet_utils/nnet_pooling_stream.h:251]   --->   Operation 120 'select' 'select_ln86_17' <Predicate = (and_ln185_2)> <Delay = 1.18> <Core = "Sel">   --->   Core 26 'Sel' <Latency = 0> <II = 1> <Delay = 0.69> <FuncUnit> <Opcode : 'select'> <InPorts = 3> <OutPorts = 1>
ST_4 : Operation 121 [1/1] (1.42ns)   --->   "%icmp_ln1496_18 = icmp slt i6 %pool_window_2_V, %pool_window_3_V" [firmware/nnet_utils/nnet_common.h:86->firmware/nnet_utils/nnet_common.h:53->firmware/nnet_utils/nnet_common.h:55->firmware/nnet_utils/nnet_pooling_stream.h:22->firmware/nnet_utils/nnet_pooling_stream.h:195->firmware/nnet_utils/nnet_pooling_stream.h:238->firmware/nnet_utils/nnet_pooling_stream.h:251]   --->   Operation 121 'icmp' 'icmp_ln1496_18' <Predicate = (and_ln185_2)> <Delay = 1.42> <Core = "Cmp">   --->   Core 25 'Cmp' <Latency = 0> <II = 1> <Delay = 2.47> <FuncUnit> <Opcode : 'icmp'> <InPorts = 2> <OutPorts = 1>
ST_4 : Operation 122 [1/1] (1.18ns)   --->   "%select_ln86_18 = select i1 %icmp_ln1496_18, i6 %pool_window_3_V, i6 %pool_window_2_V" [firmware/nnet_utils/nnet_common.h:86->firmware/nnet_utils/nnet_common.h:53->firmware/nnet_utils/nnet_common.h:55->firmware/nnet_utils/nnet_pooling_stream.h:22->firmware/nnet_utils/nnet_pooling_stream.h:195->firmware/nnet_utils/nnet_pooling_stream.h:238->firmware/nnet_utils/nnet_pooling_stream.h:251]   --->   Operation 122 'select' 'select_ln86_18' <Predicate = (and_ln185_2)> <Delay = 1.18> <Core = "Sel">   --->   Core 26 'Sel' <Latency = 0> <II = 1> <Delay = 0.69> <FuncUnit> <Opcode : 'select'> <InPorts = 3> <OutPorts = 1>
ST_4 : Operation 123 [1/1] (1.42ns)   --->   "%icmp_ln1496_19 = icmp slt i6 %select_ln86_17, %select_ln86_18" [firmware/nnet_utils/nnet_common.h:86->firmware/nnet_utils/nnet_common.h:55->firmware/nnet_utils/nnet_pooling_stream.h:22->firmware/nnet_utils/nnet_pooling_stream.h:195->firmware/nnet_utils/nnet_pooling_stream.h:238->firmware/nnet_utils/nnet_pooling_stream.h:251]   --->   Operation 123 'icmp' 'icmp_ln1496_19' <Predicate = (and_ln185_2)> <Delay = 1.42> <Core = "Cmp">   --->   Core 25 'Cmp' <Latency = 0> <II = 1> <Delay = 2.47> <FuncUnit> <Opcode : 'icmp'> <InPorts = 2> <OutPorts = 1>
ST_4 : Operation 124 [1/1] (1.42ns)   --->   "%icmp_ln1496_20 = icmp slt i6 %pool_window_0_V_2, %pool_window_1_V_2" [firmware/nnet_utils/nnet_common.h:86->firmware/nnet_utils/nnet_common.h:53->firmware/nnet_utils/nnet_common.h:55->firmware/nnet_utils/nnet_pooling_stream.h:22->firmware/nnet_utils/nnet_pooling_stream.h:195->firmware/nnet_utils/nnet_pooling_stream.h:238->firmware/nnet_utils/nnet_pooling_stream.h:251]   --->   Operation 124 'icmp' 'icmp_ln1496_20' <Predicate = (and_ln185_2)> <Delay = 1.42> <Core = "Cmp">   --->   Core 25 'Cmp' <Latency = 0> <II = 1> <Delay = 2.47> <FuncUnit> <Opcode : 'icmp'> <InPorts = 2> <OutPorts = 1>
ST_4 : Operation 125 [1/1] (1.18ns)   --->   "%select_ln86_20 = select i1 %icmp_ln1496_20, i6 %pool_window_1_V_2, i6 %pool_window_0_V_2" [firmware/nnet_utils/nnet_common.h:86->firmware/nnet_utils/nnet_common.h:53->firmware/nnet_utils/nnet_common.h:55->firmware/nnet_utils/nnet_pooling_stream.h:22->firmware/nnet_utils/nnet_pooling_stream.h:195->firmware/nnet_utils/nnet_pooling_stream.h:238->firmware/nnet_utils/nnet_pooling_stream.h:251]   --->   Operation 125 'select' 'select_ln86_20' <Predicate = (and_ln185_2)> <Delay = 1.18> <Core = "Sel">   --->   Core 26 'Sel' <Latency = 0> <II = 1> <Delay = 0.69> <FuncUnit> <Opcode : 'select'> <InPorts = 3> <OutPorts = 1>
ST_4 : Operation 126 [1/1] (1.42ns)   --->   "%icmp_ln1496_21 = icmp slt i6 %pool_window_2_V_2, %pool_window_3_V_2" [firmware/nnet_utils/nnet_common.h:86->firmware/nnet_utils/nnet_common.h:53->firmware/nnet_utils/nnet_common.h:55->firmware/nnet_utils/nnet_pooling_stream.h:22->firmware/nnet_utils/nnet_pooling_stream.h:195->firmware/nnet_utils/nnet_pooling_stream.h:238->firmware/nnet_utils/nnet_pooling_stream.h:251]   --->   Operation 126 'icmp' 'icmp_ln1496_21' <Predicate = (and_ln185_2)> <Delay = 1.42> <Core = "Cmp">   --->   Core 25 'Cmp' <Latency = 0> <II = 1> <Delay = 2.47> <FuncUnit> <Opcode : 'icmp'> <InPorts = 2> <OutPorts = 1>
ST_4 : Operation 127 [1/1] (1.18ns)   --->   "%select_ln86_21 = select i1 %icmp_ln1496_21, i6 %pool_window_3_V_2, i6 %pool_window_2_V_2" [firmware/nnet_utils/nnet_common.h:86->firmware/nnet_utils/nnet_common.h:53->firmware/nnet_utils/nnet_common.h:55->firmware/nnet_utils/nnet_pooling_stream.h:22->firmware/nnet_utils/nnet_pooling_stream.h:195->firmware/nnet_utils/nnet_pooling_stream.h:238->firmware/nnet_utils/nnet_pooling_stream.h:251]   --->   Operation 127 'select' 'select_ln86_21' <Predicate = (and_ln185_2)> <Delay = 1.18> <Core = "Sel">   --->   Core 26 'Sel' <Latency = 0> <II = 1> <Delay = 0.69> <FuncUnit> <Opcode : 'select'> <InPorts = 3> <OutPorts = 1>
ST_4 : Operation 128 [1/1] (1.42ns)   --->   "%icmp_ln1496_22 = icmp slt i6 %select_ln86_20, %select_ln86_21" [firmware/nnet_utils/nnet_common.h:86->firmware/nnet_utils/nnet_common.h:55->firmware/nnet_utils/nnet_pooling_stream.h:22->firmware/nnet_utils/nnet_pooling_stream.h:195->firmware/nnet_utils/nnet_pooling_stream.h:238->firmware/nnet_utils/nnet_pooling_stream.h:251]   --->   Operation 128 'icmp' 'icmp_ln1496_22' <Predicate = (and_ln185_2)> <Delay = 1.42> <Core = "Cmp">   --->   Core 25 'Cmp' <Latency = 0> <II = 1> <Delay = 2.47> <FuncUnit> <Opcode : 'icmp'> <InPorts = 2> <OutPorts = 1>
ST_4 : Operation 129 [1/1] (1.42ns)   --->   "%icmp_ln1496_23 = icmp slt i6 %pool_window_0_V_3, %pool_window_1_V_3" [firmware/nnet_utils/nnet_common.h:86->firmware/nnet_utils/nnet_common.h:53->firmware/nnet_utils/nnet_common.h:55->firmware/nnet_utils/nnet_pooling_stream.h:22->firmware/nnet_utils/nnet_pooling_stream.h:195->firmware/nnet_utils/nnet_pooling_stream.h:238->firmware/nnet_utils/nnet_pooling_stream.h:251]   --->   Operation 129 'icmp' 'icmp_ln1496_23' <Predicate = (and_ln185_2)> <Delay = 1.42> <Core = "Cmp">   --->   Core 25 'Cmp' <Latency = 0> <II = 1> <Delay = 2.47> <FuncUnit> <Opcode : 'icmp'> <InPorts = 2> <OutPorts = 1>
ST_4 : Operation 130 [1/1] (1.18ns)   --->   "%select_ln86_23 = select i1 %icmp_ln1496_23, i6 %pool_window_1_V_3, i6 %pool_window_0_V_3" [firmware/nnet_utils/nnet_common.h:86->firmware/nnet_utils/nnet_common.h:53->firmware/nnet_utils/nnet_common.h:55->firmware/nnet_utils/nnet_pooling_stream.h:22->firmware/nnet_utils/nnet_pooling_stream.h:195->firmware/nnet_utils/nnet_pooling_stream.h:238->firmware/nnet_utils/nnet_pooling_stream.h:251]   --->   Operation 130 'select' 'select_ln86_23' <Predicate = (and_ln185_2)> <Delay = 1.18> <Core = "Sel">   --->   Core 26 'Sel' <Latency = 0> <II = 1> <Delay = 0.69> <FuncUnit> <Opcode : 'select'> <InPorts = 3> <OutPorts = 1>
ST_4 : Operation 131 [1/1] (1.42ns)   --->   "%icmp_ln1496_24 = icmp slt i6 %pool_window_2_V_3, %pool_window_3_V_3" [firmware/nnet_utils/nnet_common.h:86->firmware/nnet_utils/nnet_common.h:53->firmware/nnet_utils/nnet_common.h:55->firmware/nnet_utils/nnet_pooling_stream.h:22->firmware/nnet_utils/nnet_pooling_stream.h:195->firmware/nnet_utils/nnet_pooling_stream.h:238->firmware/nnet_utils/nnet_pooling_stream.h:251]   --->   Operation 131 'icmp' 'icmp_ln1496_24' <Predicate = (and_ln185_2)> <Delay = 1.42> <Core = "Cmp">   --->   Core 25 'Cmp' <Latency = 0> <II = 1> <Delay = 2.47> <FuncUnit> <Opcode : 'icmp'> <InPorts = 2> <OutPorts = 1>
ST_4 : Operation 132 [1/1] (1.18ns)   --->   "%select_ln86_24 = select i1 %icmp_ln1496_24, i6 %pool_window_3_V_3, i6 %pool_window_2_V_3" [firmware/nnet_utils/nnet_common.h:86->firmware/nnet_utils/nnet_common.h:53->firmware/nnet_utils/nnet_common.h:55->firmware/nnet_utils/nnet_pooling_stream.h:22->firmware/nnet_utils/nnet_pooling_stream.h:195->firmware/nnet_utils/nnet_pooling_stream.h:238->firmware/nnet_utils/nnet_pooling_stream.h:251]   --->   Operation 132 'select' 'select_ln86_24' <Predicate = (and_ln185_2)> <Delay = 1.18> <Core = "Sel">   --->   Core 26 'Sel' <Latency = 0> <II = 1> <Delay = 0.69> <FuncUnit> <Opcode : 'select'> <InPorts = 3> <OutPorts = 1>
ST_4 : Operation 133 [1/1] (1.42ns)   --->   "%icmp_ln1496_25 = icmp slt i6 %select_ln86_23, %select_ln86_24" [firmware/nnet_utils/nnet_common.h:86->firmware/nnet_utils/nnet_common.h:55->firmware/nnet_utils/nnet_pooling_stream.h:22->firmware/nnet_utils/nnet_pooling_stream.h:195->firmware/nnet_utils/nnet_pooling_stream.h:238->firmware/nnet_utils/nnet_pooling_stream.h:251]   --->   Operation 133 'icmp' 'icmp_ln1496_25' <Predicate = (and_ln185_2)> <Delay = 1.42> <Core = "Cmp">   --->   Core 25 'Cmp' <Latency = 0> <II = 1> <Delay = 2.47> <FuncUnit> <Opcode : 'icmp'> <InPorts = 2> <OutPorts = 1>
ST_4 : Operation 134 [1/1] (1.42ns)   --->   "%icmp_ln1496_26 = icmp slt i6 %pool_window_0_V_4, %pool_window_1_V_4" [firmware/nnet_utils/nnet_common.h:86->firmware/nnet_utils/nnet_common.h:53->firmware/nnet_utils/nnet_common.h:55->firmware/nnet_utils/nnet_pooling_stream.h:22->firmware/nnet_utils/nnet_pooling_stream.h:195->firmware/nnet_utils/nnet_pooling_stream.h:238->firmware/nnet_utils/nnet_pooling_stream.h:251]   --->   Operation 134 'icmp' 'icmp_ln1496_26' <Predicate = (and_ln185_2)> <Delay = 1.42> <Core = "Cmp">   --->   Core 25 'Cmp' <Latency = 0> <II = 1> <Delay = 2.47> <FuncUnit> <Opcode : 'icmp'> <InPorts = 2> <OutPorts = 1>
ST_4 : Operation 135 [1/1] (1.18ns)   --->   "%select_ln86_26 = select i1 %icmp_ln1496_26, i6 %pool_window_1_V_4, i6 %pool_window_0_V_4" [firmware/nnet_utils/nnet_common.h:86->firmware/nnet_utils/nnet_common.h:53->firmware/nnet_utils/nnet_common.h:55->firmware/nnet_utils/nnet_pooling_stream.h:22->firmware/nnet_utils/nnet_pooling_stream.h:195->firmware/nnet_utils/nnet_pooling_stream.h:238->firmware/nnet_utils/nnet_pooling_stream.h:251]   --->   Operation 135 'select' 'select_ln86_26' <Predicate = (and_ln185_2)> <Delay = 1.18> <Core = "Sel">   --->   Core 26 'Sel' <Latency = 0> <II = 1> <Delay = 0.69> <FuncUnit> <Opcode : 'select'> <InPorts = 3> <OutPorts = 1>
ST_4 : Operation 136 [1/1] (1.42ns)   --->   "%icmp_ln1496_27 = icmp slt i6 %pool_window_2_V_4, %pool_window_3_V_4" [firmware/nnet_utils/nnet_common.h:86->firmware/nnet_utils/nnet_common.h:53->firmware/nnet_utils/nnet_common.h:55->firmware/nnet_utils/nnet_pooling_stream.h:22->firmware/nnet_utils/nnet_pooling_stream.h:195->firmware/nnet_utils/nnet_pooling_stream.h:238->firmware/nnet_utils/nnet_pooling_stream.h:251]   --->   Operation 136 'icmp' 'icmp_ln1496_27' <Predicate = (and_ln185_2)> <Delay = 1.42> <Core = "Cmp">   --->   Core 25 'Cmp' <Latency = 0> <II = 1> <Delay = 2.47> <FuncUnit> <Opcode : 'icmp'> <InPorts = 2> <OutPorts = 1>
ST_4 : Operation 137 [1/1] (1.18ns)   --->   "%select_ln86_27 = select i1 %icmp_ln1496_27, i6 %pool_window_3_V_4, i6 %pool_window_2_V_4" [firmware/nnet_utils/nnet_common.h:86->firmware/nnet_utils/nnet_common.h:53->firmware/nnet_utils/nnet_common.h:55->firmware/nnet_utils/nnet_pooling_stream.h:22->firmware/nnet_utils/nnet_pooling_stream.h:195->firmware/nnet_utils/nnet_pooling_stream.h:238->firmware/nnet_utils/nnet_pooling_stream.h:251]   --->   Operation 137 'select' 'select_ln86_27' <Predicate = (and_ln185_2)> <Delay = 1.18> <Core = "Sel">   --->   Core 26 'Sel' <Latency = 0> <II = 1> <Delay = 0.69> <FuncUnit> <Opcode : 'select'> <InPorts = 3> <OutPorts = 1>
ST_4 : Operation 138 [1/1] (1.42ns)   --->   "%icmp_ln1496_28 = icmp slt i6 %select_ln86_26, %select_ln86_27" [firmware/nnet_utils/nnet_common.h:86->firmware/nnet_utils/nnet_common.h:55->firmware/nnet_utils/nnet_pooling_stream.h:22->firmware/nnet_utils/nnet_pooling_stream.h:195->firmware/nnet_utils/nnet_pooling_stream.h:238->firmware/nnet_utils/nnet_pooling_stream.h:251]   --->   Operation 138 'icmp' 'icmp_ln1496_28' <Predicate = (and_ln185_2)> <Delay = 1.42> <Core = "Cmp">   --->   Core 25 'Cmp' <Latency = 0> <II = 1> <Delay = 2.47> <FuncUnit> <Opcode : 'icmp'> <InPorts = 2> <OutPorts = 1>
ST_4 : Operation 139 [1/1] (1.42ns)   --->   "%icmp_ln1496_29 = icmp slt i6 %pool_window_0_V_5, %pool_window_1_V_5" [firmware/nnet_utils/nnet_common.h:86->firmware/nnet_utils/nnet_common.h:53->firmware/nnet_utils/nnet_common.h:55->firmware/nnet_utils/nnet_pooling_stream.h:22->firmware/nnet_utils/nnet_pooling_stream.h:195->firmware/nnet_utils/nnet_pooling_stream.h:238->firmware/nnet_utils/nnet_pooling_stream.h:251]   --->   Operation 139 'icmp' 'icmp_ln1496_29' <Predicate = (and_ln185_2)> <Delay = 1.42> <Core = "Cmp">   --->   Core 25 'Cmp' <Latency = 0> <II = 1> <Delay = 2.47> <FuncUnit> <Opcode : 'icmp'> <InPorts = 2> <OutPorts = 1>
ST_4 : Operation 140 [1/1] (1.18ns)   --->   "%select_ln86_29 = select i1 %icmp_ln1496_29, i6 %pool_window_1_V_5, i6 %pool_window_0_V_5" [firmware/nnet_utils/nnet_common.h:86->firmware/nnet_utils/nnet_common.h:53->firmware/nnet_utils/nnet_common.h:55->firmware/nnet_utils/nnet_pooling_stream.h:22->firmware/nnet_utils/nnet_pooling_stream.h:195->firmware/nnet_utils/nnet_pooling_stream.h:238->firmware/nnet_utils/nnet_pooling_stream.h:251]   --->   Operation 140 'select' 'select_ln86_29' <Predicate = (and_ln185_2)> <Delay = 1.18> <Core = "Sel">   --->   Core 26 'Sel' <Latency = 0> <II = 1> <Delay = 0.69> <FuncUnit> <Opcode : 'select'> <InPorts = 3> <OutPorts = 1>
ST_4 : Operation 141 [1/1] (1.42ns)   --->   "%icmp_ln1496_30 = icmp slt i6 %pool_window_2_V_5, %pool_window_3_V_5" [firmware/nnet_utils/nnet_common.h:86->firmware/nnet_utils/nnet_common.h:53->firmware/nnet_utils/nnet_common.h:55->firmware/nnet_utils/nnet_pooling_stream.h:22->firmware/nnet_utils/nnet_pooling_stream.h:195->firmware/nnet_utils/nnet_pooling_stream.h:238->firmware/nnet_utils/nnet_pooling_stream.h:251]   --->   Operation 141 'icmp' 'icmp_ln1496_30' <Predicate = (and_ln185_2)> <Delay = 1.42> <Core = "Cmp">   --->   Core 25 'Cmp' <Latency = 0> <II = 1> <Delay = 2.47> <FuncUnit> <Opcode : 'icmp'> <InPorts = 2> <OutPorts = 1>
ST_4 : Operation 142 [1/1] (1.18ns)   --->   "%select_ln86_30 = select i1 %icmp_ln1496_30, i6 %pool_window_3_V_5, i6 %pool_window_2_V_5" [firmware/nnet_utils/nnet_common.h:86->firmware/nnet_utils/nnet_common.h:53->firmware/nnet_utils/nnet_common.h:55->firmware/nnet_utils/nnet_pooling_stream.h:22->firmware/nnet_utils/nnet_pooling_stream.h:195->firmware/nnet_utils/nnet_pooling_stream.h:238->firmware/nnet_utils/nnet_pooling_stream.h:251]   --->   Operation 142 'select' 'select_ln86_30' <Predicate = (and_ln185_2)> <Delay = 1.18> <Core = "Sel">   --->   Core 26 'Sel' <Latency = 0> <II = 1> <Delay = 0.69> <FuncUnit> <Opcode : 'select'> <InPorts = 3> <OutPorts = 1>
ST_4 : Operation 143 [1/1] (1.42ns)   --->   "%icmp_ln1496_31 = icmp slt i6 %select_ln86_29, %select_ln86_30" [firmware/nnet_utils/nnet_common.h:86->firmware/nnet_utils/nnet_common.h:55->firmware/nnet_utils/nnet_pooling_stream.h:22->firmware/nnet_utils/nnet_pooling_stream.h:195->firmware/nnet_utils/nnet_pooling_stream.h:238->firmware/nnet_utils/nnet_pooling_stream.h:251]   --->   Operation 143 'icmp' 'icmp_ln1496_31' <Predicate = (and_ln185_2)> <Delay = 1.42> <Core = "Cmp">   --->   Core 25 'Cmp' <Latency = 0> <II = 1> <Delay = 2.47> <FuncUnit> <Opcode : 'icmp'> <InPorts = 2> <OutPorts = 1>
ST_4 : Operation 144 [1/1] (1.42ns)   --->   "%icmp_ln1496_32 = icmp slt i6 %pool_window_0_V_6, %pool_window_1_V_6" [firmware/nnet_utils/nnet_common.h:86->firmware/nnet_utils/nnet_common.h:53->firmware/nnet_utils/nnet_common.h:55->firmware/nnet_utils/nnet_pooling_stream.h:22->firmware/nnet_utils/nnet_pooling_stream.h:195->firmware/nnet_utils/nnet_pooling_stream.h:238->firmware/nnet_utils/nnet_pooling_stream.h:251]   --->   Operation 144 'icmp' 'icmp_ln1496_32' <Predicate = (and_ln185_2)> <Delay = 1.42> <Core = "Cmp">   --->   Core 25 'Cmp' <Latency = 0> <II = 1> <Delay = 2.47> <FuncUnit> <Opcode : 'icmp'> <InPorts = 2> <OutPorts = 1>
ST_4 : Operation 145 [1/1] (1.18ns)   --->   "%select_ln86_32 = select i1 %icmp_ln1496_32, i6 %pool_window_1_V_6, i6 %pool_window_0_V_6" [firmware/nnet_utils/nnet_common.h:86->firmware/nnet_utils/nnet_common.h:53->firmware/nnet_utils/nnet_common.h:55->firmware/nnet_utils/nnet_pooling_stream.h:22->firmware/nnet_utils/nnet_pooling_stream.h:195->firmware/nnet_utils/nnet_pooling_stream.h:238->firmware/nnet_utils/nnet_pooling_stream.h:251]   --->   Operation 145 'select' 'select_ln86_32' <Predicate = (and_ln185_2)> <Delay = 1.18> <Core = "Sel">   --->   Core 26 'Sel' <Latency = 0> <II = 1> <Delay = 0.69> <FuncUnit> <Opcode : 'select'> <InPorts = 3> <OutPorts = 1>
ST_4 : Operation 146 [1/1] (1.42ns)   --->   "%icmp_ln1496_33 = icmp slt i6 %pool_window_2_V_6, %pool_window_3_V_6" [firmware/nnet_utils/nnet_common.h:86->firmware/nnet_utils/nnet_common.h:53->firmware/nnet_utils/nnet_common.h:55->firmware/nnet_utils/nnet_pooling_stream.h:22->firmware/nnet_utils/nnet_pooling_stream.h:195->firmware/nnet_utils/nnet_pooling_stream.h:238->firmware/nnet_utils/nnet_pooling_stream.h:251]   --->   Operation 146 'icmp' 'icmp_ln1496_33' <Predicate = (and_ln185_2)> <Delay = 1.42> <Core = "Cmp">   --->   Core 25 'Cmp' <Latency = 0> <II = 1> <Delay = 2.47> <FuncUnit> <Opcode : 'icmp'> <InPorts = 2> <OutPorts = 1>
ST_4 : Operation 147 [1/1] (1.18ns)   --->   "%select_ln86_33 = select i1 %icmp_ln1496_33, i6 %pool_window_3_V_6, i6 %pool_window_2_V_6" [firmware/nnet_utils/nnet_common.h:86->firmware/nnet_utils/nnet_common.h:53->firmware/nnet_utils/nnet_common.h:55->firmware/nnet_utils/nnet_pooling_stream.h:22->firmware/nnet_utils/nnet_pooling_stream.h:195->firmware/nnet_utils/nnet_pooling_stream.h:238->firmware/nnet_utils/nnet_pooling_stream.h:251]   --->   Operation 147 'select' 'select_ln86_33' <Predicate = (and_ln185_2)> <Delay = 1.18> <Core = "Sel">   --->   Core 26 'Sel' <Latency = 0> <II = 1> <Delay = 0.69> <FuncUnit> <Opcode : 'select'> <InPorts = 3> <OutPorts = 1>
ST_4 : Operation 148 [1/1] (1.42ns)   --->   "%icmp_ln1496_34 = icmp slt i6 %select_ln86_32, %select_ln86_33" [firmware/nnet_utils/nnet_common.h:86->firmware/nnet_utils/nnet_common.h:55->firmware/nnet_utils/nnet_pooling_stream.h:22->firmware/nnet_utils/nnet_pooling_stream.h:195->firmware/nnet_utils/nnet_pooling_stream.h:238->firmware/nnet_utils/nnet_pooling_stream.h:251]   --->   Operation 148 'icmp' 'icmp_ln1496_34' <Predicate = (and_ln185_2)> <Delay = 1.42> <Core = "Cmp">   --->   Core 25 'Cmp' <Latency = 0> <II = 1> <Delay = 2.47> <FuncUnit> <Opcode : 'icmp'> <InPorts = 2> <OutPorts = 1>
ST_4 : Operation 149 [1/1] (1.42ns)   --->   "%icmp_ln1496_35 = icmp slt i6 %pool_window_0_V_7, %pool_window_1_V_7" [firmware/nnet_utils/nnet_common.h:86->firmware/nnet_utils/nnet_common.h:53->firmware/nnet_utils/nnet_common.h:55->firmware/nnet_utils/nnet_pooling_stream.h:22->firmware/nnet_utils/nnet_pooling_stream.h:195->firmware/nnet_utils/nnet_pooling_stream.h:238->firmware/nnet_utils/nnet_pooling_stream.h:251]   --->   Operation 149 'icmp' 'icmp_ln1496_35' <Predicate = (and_ln185_2)> <Delay = 1.42> <Core = "Cmp">   --->   Core 25 'Cmp' <Latency = 0> <II = 1> <Delay = 2.47> <FuncUnit> <Opcode : 'icmp'> <InPorts = 2> <OutPorts = 1>
ST_4 : Operation 150 [1/1] (1.18ns)   --->   "%select_ln86_35 = select i1 %icmp_ln1496_35, i6 %pool_window_1_V_7, i6 %pool_window_0_V_7" [firmware/nnet_utils/nnet_common.h:86->firmware/nnet_utils/nnet_common.h:53->firmware/nnet_utils/nnet_common.h:55->firmware/nnet_utils/nnet_pooling_stream.h:22->firmware/nnet_utils/nnet_pooling_stream.h:195->firmware/nnet_utils/nnet_pooling_stream.h:238->firmware/nnet_utils/nnet_pooling_stream.h:251]   --->   Operation 150 'select' 'select_ln86_35' <Predicate = (and_ln185_2)> <Delay = 1.18> <Core = "Sel">   --->   Core 26 'Sel' <Latency = 0> <II = 1> <Delay = 0.69> <FuncUnit> <Opcode : 'select'> <InPorts = 3> <OutPorts = 1>
ST_4 : Operation 151 [1/1] (1.42ns)   --->   "%icmp_ln1496_36 = icmp slt i6 %pool_window_2_V_7, %pool_window_3_V_7" [firmware/nnet_utils/nnet_common.h:86->firmware/nnet_utils/nnet_common.h:53->firmware/nnet_utils/nnet_common.h:55->firmware/nnet_utils/nnet_pooling_stream.h:22->firmware/nnet_utils/nnet_pooling_stream.h:195->firmware/nnet_utils/nnet_pooling_stream.h:238->firmware/nnet_utils/nnet_pooling_stream.h:251]   --->   Operation 151 'icmp' 'icmp_ln1496_36' <Predicate = (and_ln185_2)> <Delay = 1.42> <Core = "Cmp">   --->   Core 25 'Cmp' <Latency = 0> <II = 1> <Delay = 2.47> <FuncUnit> <Opcode : 'icmp'> <InPorts = 2> <OutPorts = 1>
ST_4 : Operation 152 [1/1] (1.18ns)   --->   "%select_ln86_36 = select i1 %icmp_ln1496_36, i6 %pool_window_3_V_7, i6 %pool_window_2_V_7" [firmware/nnet_utils/nnet_common.h:86->firmware/nnet_utils/nnet_common.h:53->firmware/nnet_utils/nnet_common.h:55->firmware/nnet_utils/nnet_pooling_stream.h:22->firmware/nnet_utils/nnet_pooling_stream.h:195->firmware/nnet_utils/nnet_pooling_stream.h:238->firmware/nnet_utils/nnet_pooling_stream.h:251]   --->   Operation 152 'select' 'select_ln86_36' <Predicate = (and_ln185_2)> <Delay = 1.18> <Core = "Sel">   --->   Core 26 'Sel' <Latency = 0> <II = 1> <Delay = 0.69> <FuncUnit> <Opcode : 'select'> <InPorts = 3> <OutPorts = 1>
ST_4 : Operation 153 [1/1] (1.42ns)   --->   "%icmp_ln1496_37 = icmp slt i6 %select_ln86_35, %select_ln86_36" [firmware/nnet_utils/nnet_common.h:86->firmware/nnet_utils/nnet_common.h:55->firmware/nnet_utils/nnet_pooling_stream.h:22->firmware/nnet_utils/nnet_pooling_stream.h:195->firmware/nnet_utils/nnet_pooling_stream.h:238->firmware/nnet_utils/nnet_pooling_stream.h:251]   --->   Operation 153 'icmp' 'icmp_ln1496_37' <Predicate = (and_ln185_2)> <Delay = 1.42> <Core = "Cmp">   --->   Core 25 'Cmp' <Latency = 0> <II = 1> <Delay = 2.47> <FuncUnit> <Opcode : 'icmp'> <InPorts = 2> <OutPorts = 1>
ST_4 : Operation 154 [1/1] (2.47ns)   --->   "%icmp_ln203 = icmp eq i32 %pX_load, 15" [firmware/nnet_utils/nnet_pooling_stream.h:203->firmware/nnet_utils/nnet_pooling_stream.h:238->firmware/nnet_utils/nnet_pooling_stream.h:251]   --->   Operation 154 'icmp' 'icmp_ln203' <Predicate = true> <Delay = 2.47> <Core = "Cmp">   --->   Core 25 'Cmp' <Latency = 0> <II = 1> <Delay = 2.47> <FuncUnit> <Opcode : 'icmp'> <InPorts = 2> <OutPorts = 1>
ST_4 : Operation 155 [1/1] (0.00ns)   --->   "br i1 %icmp_ln203, label %1, label %5" [firmware/nnet_utils/nnet_pooling_stream.h:203->firmware/nnet_utils/nnet_pooling_stream.h:238->firmware/nnet_utils/nnet_pooling_stream.h:251]   --->   Operation 155 'br' <Predicate = true> <Delay = 0.00>
ST_4 : Operation 156 [1/1] (2.55ns)   --->   "%add_ln216 = add nsw i32 %pX_load, 1" [firmware/nnet_utils/nnet_pooling_stream.h:216->firmware/nnet_utils/nnet_pooling_stream.h:238->firmware/nnet_utils/nnet_pooling_stream.h:251]   --->   Operation 156 'add' 'add_ln216' <Predicate = (!icmp_ln203)> <Delay = 2.55> <Core = "AddSub">   --->   Core 14 'AddSub' <Latency = 0> <II = 1> <Delay = 2.55> <FuncUnit> <Opcode : 'add' 'sub'> <InPorts = 2> <OutPorts = 1>
ST_4 : Operation 157 [1/1] (1.76ns)   --->   "store i32 %add_ln216, i32* @pX, align 4" [firmware/nnet_utils/nnet_pooling_stream.h:216->firmware/nnet_utils/nnet_pooling_stream.h:238->firmware/nnet_utils/nnet_pooling_stream.h:251]   --->   Operation 157 'store' <Predicate = (!icmp_ln203)> <Delay = 1.76>
ST_4 : Operation 158 [1/1] (2.55ns)   --->   "%add_ln218 = add i32 %sX_load, 1" [firmware/nnet_utils/nnet_pooling_stream.h:218->firmware/nnet_utils/nnet_pooling_stream.h:238->firmware/nnet_utils/nnet_pooling_stream.h:251]   --->   Operation 158 'add' 'add_ln218' <Predicate = (!icmp_ln203)> <Delay = 2.55> <Core = "AddSub">   --->   Core 14 'AddSub' <Latency = 0> <II = 1> <Delay = 2.55> <FuncUnit> <Opcode : 'add' 'sub'> <InPorts = 2> <OutPorts = 1>
ST_4 : Operation 159 [1/1] (0.69ns)   --->   "%select_ln218 = select i1 %icmp_ln185, i32 0, i32 %add_ln218" [firmware/nnet_utils/nnet_pooling_stream.h:218->firmware/nnet_utils/nnet_pooling_stream.h:238->firmware/nnet_utils/nnet_pooling_stream.h:251]   --->   Operation 159 'select' 'select_ln218' <Predicate = (!icmp_ln203)> <Delay = 0.69> <Core = "Sel">   --->   Core 26 'Sel' <Latency = 0> <II = 1> <Delay = 0.69> <FuncUnit> <Opcode : 'select'> <InPorts = 3> <OutPorts = 1>
ST_4 : Operation 160 [1/1] (1.76ns)   --->   "store i32 0, i32* @pX, align 4" [firmware/nnet_utils/nnet_pooling_stream.h:205->firmware/nnet_utils/nnet_pooling_stream.h:238->firmware/nnet_utils/nnet_pooling_stream.h:251]   --->   Operation 160 'store' <Predicate = (icmp_ln203)> <Delay = 1.76>
ST_4 : Operation 161 [1/1] (1.76ns)   --->   "store i32 0, i32* @sX, align 4" [firmware/nnet_utils/nnet_pooling_stream.h:206->firmware/nnet_utils/nnet_pooling_stream.h:238->firmware/nnet_utils/nnet_pooling_stream.h:251]   --->   Operation 161 'store' <Predicate = (icmp_ln203)> <Delay = 1.76>
ST_4 : Operation 162 [1/1] (2.47ns)   --->   "%icmp_ln207 = icmp eq i32 %pY_load, 511" [firmware/nnet_utils/nnet_pooling_stream.h:207->firmware/nnet_utils/nnet_pooling_stream.h:238->firmware/nnet_utils/nnet_pooling_stream.h:251]   --->   Operation 162 'icmp' 'icmp_ln207' <Predicate = (icmp_ln203)> <Delay = 2.47> <Core = "Cmp">   --->   Core 25 'Cmp' <Latency = 0> <II = 1> <Delay = 2.47> <FuncUnit> <Opcode : 'icmp'> <InPorts = 2> <OutPorts = 1>
ST_4 : Operation 163 [1/1] (0.00ns)   --->   "br i1 %icmp_ln207, label %2, label %3" [firmware/nnet_utils/nnet_pooling_stream.h:207->firmware/nnet_utils/nnet_pooling_stream.h:238->firmware/nnet_utils/nnet_pooling_stream.h:251]   --->   Operation 163 'br' <Predicate = (icmp_ln203)> <Delay = 0.00>
ST_4 : Operation 164 [1/1] (2.55ns)   --->   "%add_ln211 = add nsw i32 %pY_load, 1" [firmware/nnet_utils/nnet_pooling_stream.h:211->firmware/nnet_utils/nnet_pooling_stream.h:238->firmware/nnet_utils/nnet_pooling_stream.h:251]   --->   Operation 164 'add' 'add_ln211' <Predicate = (!icmp_ln233 & icmp_ln203 & !icmp_ln207)> <Delay = 2.55> <Core = "AddSub">   --->   Core 14 'AddSub' <Latency = 0> <II = 1> <Delay = 2.55> <FuncUnit> <Opcode : 'add' 'sub'> <InPorts = 2> <OutPorts = 1>
ST_4 : Operation 165 [1/1] (1.76ns)   --->   "store i32 %add_ln211, i32* @pY, align 4" [firmware/nnet_utils/nnet_pooling_stream.h:211->firmware/nnet_utils/nnet_pooling_stream.h:238->firmware/nnet_utils/nnet_pooling_stream.h:251]   --->   Operation 165 'store' <Predicate = (!icmp_ln233 & icmp_ln203 & !icmp_ln207)> <Delay = 1.76>
ST_4 : Operation 166 [1/1] (2.55ns)   --->   "%add_ln213 = add i32 %sY_load, 1" [firmware/nnet_utils/nnet_pooling_stream.h:213->firmware/nnet_utils/nnet_pooling_stream.h:238->firmware/nnet_utils/nnet_pooling_stream.h:251]   --->   Operation 166 'add' 'add_ln213' <Predicate = (!icmp_ln233 & icmp_ln203 & !icmp_ln207)> <Delay = 2.55> <Core = "AddSub">   --->   Core 14 'AddSub' <Latency = 0> <II = 1> <Delay = 2.55> <FuncUnit> <Opcode : 'add' 'sub'> <InPorts = 2> <OutPorts = 1>
ST_4 : Operation 167 [1/1] (0.69ns)   --->   "%select_ln213 = select i1 %icmp_ln185_1, i32 0, i32 %add_ln213" [firmware/nnet_utils/nnet_pooling_stream.h:213->firmware/nnet_utils/nnet_pooling_stream.h:238->firmware/nnet_utils/nnet_pooling_stream.h:251]   --->   Operation 167 'select' 'select_ln213' <Predicate = (!icmp_ln233 & icmp_ln203 & !icmp_ln207)> <Delay = 0.69> <Core = "Sel">   --->   Core 26 'Sel' <Latency = 0> <II = 1> <Delay = 0.69> <FuncUnit> <Opcode : 'select'> <InPorts = 3> <OutPorts = 1>
ST_4 : Operation 168 [1/1] (1.76ns)   --->   "store i32 0, i32* @pY, align 4" [firmware/nnet_utils/nnet_pooling_stream.h:208->firmware/nnet_utils/nnet_pooling_stream.h:238->firmware/nnet_utils/nnet_pooling_stream.h:251]   --->   Operation 168 'store' <Predicate = (!icmp_ln233 & icmp_ln203 & icmp_ln207)> <Delay = 1.76>
ST_4 : Operation 169 [1/1] (1.76ns)   --->   "br label %4" [firmware/nnet_utils/nnet_pooling_stream.h:210->firmware/nnet_utils/nnet_pooling_stream.h:238->firmware/nnet_utils/nnet_pooling_stream.h:251]   --->   Operation 169 'br' <Predicate = (!icmp_ln233 & icmp_ln203 & icmp_ln207)> <Delay = 1.76>

State 5 <SV = 4> <Delay = 3.37>
ST_5 : Operation 170 [1/1] (0.00ns)   --->   "call void (...)* @_ssdm_op_SpecLoopName([31 x i8]* @ReadInputHeight_ReadInputWidth_str)"   --->   Operation 170 'specloopname' <Predicate = (!icmp_ln233)> <Delay = 0.00>
ST_5 : Operation 171 [1/1] (0.00ns)   --->   "%empty_86 = call i32 (...)* @_ssdm_op_SpecLoopTripCount(i64 8192, i64 8192, i64 8192)"   --->   Operation 171 'speclooptripcount' 'empty_86' <Predicate = (!icmp_ln233)> <Delay = 0.00>
ST_5 : Operation 172 [1/1] (0.00ns)   --->   "call void (...)* @_ssdm_op_SpecLoopName([15 x i8]* @p_str81) nounwind" [firmware/nnet_utils/nnet_pooling_stream.h:234->firmware/nnet_utils/nnet_pooling_stream.h:251]   --->   Operation 172 'specloopname' <Predicate = (!icmp_ln233)> <Delay = 0.00>
ST_5 : Operation 173 [1/1] (0.00ns)   --->   "%tmp_s = call i32 (...)* @_ssdm_op_SpecRegionBegin([15 x i8]* @p_str81)" [firmware/nnet_utils/nnet_pooling_stream.h:234->firmware/nnet_utils/nnet_pooling_stream.h:251]   --->   Operation 173 'specregionbegin' 'tmp_s' <Predicate = (!icmp_ln233)> <Delay = 0.00>
ST_5 : Operation 174 [1/1] (0.00ns)   --->   "call void (...)* @_ssdm_op_SpecPipeline(i32 -1, i32 1, i32 1, i32 0, [1 x i8]* @p_str24) nounwind" [firmware/nnet_utils/nnet_pooling_stream.h:236->firmware/nnet_utils/nnet_pooling_stream.h:251]   --->   Operation 174 'specpipeline' <Predicate = (!icmp_ln233)> <Delay = 0.00>
ST_5 : Operation 175 [1/1] (1.18ns)   --->   "%select_ln86_16 = select i1 %icmp_ln1496_16, i6 %select_ln86_15, i6 %select_ln86" [firmware/nnet_utils/nnet_common.h:86->firmware/nnet_utils/nnet_common.h:55->firmware/nnet_utils/nnet_pooling_stream.h:22->firmware/nnet_utils/nnet_pooling_stream.h:195->firmware/nnet_utils/nnet_pooling_stream.h:238->firmware/nnet_utils/nnet_pooling_stream.h:251]   --->   Operation 175 'select' 'select_ln86_16' <Predicate = (and_ln185_2)> <Delay = 1.18> <Core = "Sel">   --->   Core 26 'Sel' <Latency = 0> <II = 1> <Delay = 0.69> <FuncUnit> <Opcode : 'select'> <InPorts = 3> <OutPorts = 1>
ST_5 : Operation 176 [1/1] (0.00ns)   --->   "%tmp_data_0_V_4 = call i11 @_ssdm_op_BitConcatenate.i11.i6.i5(i6 %select_ln86_16, i5 0)" [firmware/nnet_utils/nnet_pooling_stream.h:195->firmware/nnet_utils/nnet_pooling_stream.h:238->firmware/nnet_utils/nnet_pooling_stream.h:251]   --->   Operation 176 'bitconcatenate' 'tmp_data_0_V_4' <Predicate = (and_ln185_2)> <Delay = 0.00>
ST_5 : Operation 177 [1/1] (0.00ns)   --->   "%tmp_data_0_V_5 = sext i11 %tmp_data_0_V_4 to i16" [firmware/nnet_utils/nnet_pooling_stream.h:195->firmware/nnet_utils/nnet_pooling_stream.h:238->firmware/nnet_utils/nnet_pooling_stream.h:251]   --->   Operation 177 'sext' 'tmp_data_0_V_5' <Predicate = (and_ln185_2)> <Delay = 0.00>
ST_5 : Operation 178 [1/1] (1.18ns)   --->   "%select_ln86_19 = select i1 %icmp_ln1496_19, i6 %select_ln86_18, i6 %select_ln86_17" [firmware/nnet_utils/nnet_common.h:86->firmware/nnet_utils/nnet_common.h:55->firmware/nnet_utils/nnet_pooling_stream.h:22->firmware/nnet_utils/nnet_pooling_stream.h:195->firmware/nnet_utils/nnet_pooling_stream.h:238->firmware/nnet_utils/nnet_pooling_stream.h:251]   --->   Operation 178 'select' 'select_ln86_19' <Predicate = (and_ln185_2)> <Delay = 1.18> <Core = "Sel">   --->   Core 26 'Sel' <Latency = 0> <II = 1> <Delay = 0.69> <FuncUnit> <Opcode : 'select'> <InPorts = 3> <OutPorts = 1>
ST_5 : Operation 179 [1/1] (0.00ns)   --->   "%tmp_data_1_V_4 = call i11 @_ssdm_op_BitConcatenate.i11.i6.i5(i6 %select_ln86_19, i5 0)" [firmware/nnet_utils/nnet_pooling_stream.h:195->firmware/nnet_utils/nnet_pooling_stream.h:238->firmware/nnet_utils/nnet_pooling_stream.h:251]   --->   Operation 179 'bitconcatenate' 'tmp_data_1_V_4' <Predicate = (and_ln185_2)> <Delay = 0.00>
ST_5 : Operation 180 [1/1] (0.00ns)   --->   "%tmp_data_1_V_5 = sext i11 %tmp_data_1_V_4 to i16" [firmware/nnet_utils/nnet_pooling_stream.h:195->firmware/nnet_utils/nnet_pooling_stream.h:238->firmware/nnet_utils/nnet_pooling_stream.h:251]   --->   Operation 180 'sext' 'tmp_data_1_V_5' <Predicate = (and_ln185_2)> <Delay = 0.00>
ST_5 : Operation 181 [1/1] (1.18ns)   --->   "%select_ln86_22 = select i1 %icmp_ln1496_22, i6 %select_ln86_21, i6 %select_ln86_20" [firmware/nnet_utils/nnet_common.h:86->firmware/nnet_utils/nnet_common.h:55->firmware/nnet_utils/nnet_pooling_stream.h:22->firmware/nnet_utils/nnet_pooling_stream.h:195->firmware/nnet_utils/nnet_pooling_stream.h:238->firmware/nnet_utils/nnet_pooling_stream.h:251]   --->   Operation 181 'select' 'select_ln86_22' <Predicate = (and_ln185_2)> <Delay = 1.18> <Core = "Sel">   --->   Core 26 'Sel' <Latency = 0> <II = 1> <Delay = 0.69> <FuncUnit> <Opcode : 'select'> <InPorts = 3> <OutPorts = 1>
ST_5 : Operation 182 [1/1] (0.00ns)   --->   "%tmp_data_2_V_4 = call i11 @_ssdm_op_BitConcatenate.i11.i6.i5(i6 %select_ln86_22, i5 0)" [firmware/nnet_utils/nnet_pooling_stream.h:195->firmware/nnet_utils/nnet_pooling_stream.h:238->firmware/nnet_utils/nnet_pooling_stream.h:251]   --->   Operation 182 'bitconcatenate' 'tmp_data_2_V_4' <Predicate = (and_ln185_2)> <Delay = 0.00>
ST_5 : Operation 183 [1/1] (0.00ns)   --->   "%tmp_data_2_V_5 = sext i11 %tmp_data_2_V_4 to i16" [firmware/nnet_utils/nnet_pooling_stream.h:195->firmware/nnet_utils/nnet_pooling_stream.h:238->firmware/nnet_utils/nnet_pooling_stream.h:251]   --->   Operation 183 'sext' 'tmp_data_2_V_5' <Predicate = (and_ln185_2)> <Delay = 0.00>
ST_5 : Operation 184 [1/1] (1.18ns)   --->   "%select_ln86_25 = select i1 %icmp_ln1496_25, i6 %select_ln86_24, i6 %select_ln86_23" [firmware/nnet_utils/nnet_common.h:86->firmware/nnet_utils/nnet_common.h:55->firmware/nnet_utils/nnet_pooling_stream.h:22->firmware/nnet_utils/nnet_pooling_stream.h:195->firmware/nnet_utils/nnet_pooling_stream.h:238->firmware/nnet_utils/nnet_pooling_stream.h:251]   --->   Operation 184 'select' 'select_ln86_25' <Predicate = (and_ln185_2)> <Delay = 1.18> <Core = "Sel">   --->   Core 26 'Sel' <Latency = 0> <II = 1> <Delay = 0.69> <FuncUnit> <Opcode : 'select'> <InPorts = 3> <OutPorts = 1>
ST_5 : Operation 185 [1/1] (0.00ns)   --->   "%tmp_data_3_V_3 = call i11 @_ssdm_op_BitConcatenate.i11.i6.i5(i6 %select_ln86_25, i5 0)" [firmware/nnet_utils/nnet_pooling_stream.h:195->firmware/nnet_utils/nnet_pooling_stream.h:238->firmware/nnet_utils/nnet_pooling_stream.h:251]   --->   Operation 185 'bitconcatenate' 'tmp_data_3_V_3' <Predicate = (and_ln185_2)> <Delay = 0.00>
ST_5 : Operation 186 [1/1] (0.00ns)   --->   "%tmp_data_3_V_4 = sext i11 %tmp_data_3_V_3 to i16" [firmware/nnet_utils/nnet_pooling_stream.h:195->firmware/nnet_utils/nnet_pooling_stream.h:238->firmware/nnet_utils/nnet_pooling_stream.h:251]   --->   Operation 186 'sext' 'tmp_data_3_V_4' <Predicate = (and_ln185_2)> <Delay = 0.00>
ST_5 : Operation 187 [1/1] (1.18ns)   --->   "%select_ln86_28 = select i1 %icmp_ln1496_28, i6 %select_ln86_27, i6 %select_ln86_26" [firmware/nnet_utils/nnet_common.h:86->firmware/nnet_utils/nnet_common.h:55->firmware/nnet_utils/nnet_pooling_stream.h:22->firmware/nnet_utils/nnet_pooling_stream.h:195->firmware/nnet_utils/nnet_pooling_stream.h:238->firmware/nnet_utils/nnet_pooling_stream.h:251]   --->   Operation 187 'select' 'select_ln86_28' <Predicate = (and_ln185_2)> <Delay = 1.18> <Core = "Sel">   --->   Core 26 'Sel' <Latency = 0> <II = 1> <Delay = 0.69> <FuncUnit> <Opcode : 'select'> <InPorts = 3> <OutPorts = 1>
ST_5 : Operation 188 [1/1] (0.00ns)   --->   "%tmp_data_4_V_3 = call i11 @_ssdm_op_BitConcatenate.i11.i6.i5(i6 %select_ln86_28, i5 0)" [firmware/nnet_utils/nnet_pooling_stream.h:195->firmware/nnet_utils/nnet_pooling_stream.h:238->firmware/nnet_utils/nnet_pooling_stream.h:251]   --->   Operation 188 'bitconcatenate' 'tmp_data_4_V_3' <Predicate = (and_ln185_2)> <Delay = 0.00>
ST_5 : Operation 189 [1/1] (0.00ns)   --->   "%tmp_data_4_V_4 = sext i11 %tmp_data_4_V_3 to i16" [firmware/nnet_utils/nnet_pooling_stream.h:195->firmware/nnet_utils/nnet_pooling_stream.h:238->firmware/nnet_utils/nnet_pooling_stream.h:251]   --->   Operation 189 'sext' 'tmp_data_4_V_4' <Predicate = (and_ln185_2)> <Delay = 0.00>
ST_5 : Operation 190 [1/1] (1.18ns)   --->   "%select_ln86_31 = select i1 %icmp_ln1496_31, i6 %select_ln86_30, i6 %select_ln86_29" [firmware/nnet_utils/nnet_common.h:86->firmware/nnet_utils/nnet_common.h:55->firmware/nnet_utils/nnet_pooling_stream.h:22->firmware/nnet_utils/nnet_pooling_stream.h:195->firmware/nnet_utils/nnet_pooling_stream.h:238->firmware/nnet_utils/nnet_pooling_stream.h:251]   --->   Operation 190 'select' 'select_ln86_31' <Predicate = (and_ln185_2)> <Delay = 1.18> <Core = "Sel">   --->   Core 26 'Sel' <Latency = 0> <II = 1> <Delay = 0.69> <FuncUnit> <Opcode : 'select'> <InPorts = 3> <OutPorts = 1>
ST_5 : Operation 191 [1/1] (0.00ns)   --->   "%tmp_data_5_V_2 = call i11 @_ssdm_op_BitConcatenate.i11.i6.i5(i6 %select_ln86_31, i5 0)" [firmware/nnet_utils/nnet_pooling_stream.h:195->firmware/nnet_utils/nnet_pooling_stream.h:238->firmware/nnet_utils/nnet_pooling_stream.h:251]   --->   Operation 191 'bitconcatenate' 'tmp_data_5_V_2' <Predicate = (and_ln185_2)> <Delay = 0.00>
ST_5 : Operation 192 [1/1] (0.00ns)   --->   "%tmp_data_5_V_3 = sext i11 %tmp_data_5_V_2 to i16" [firmware/nnet_utils/nnet_pooling_stream.h:195->firmware/nnet_utils/nnet_pooling_stream.h:238->firmware/nnet_utils/nnet_pooling_stream.h:251]   --->   Operation 192 'sext' 'tmp_data_5_V_3' <Predicate = (and_ln185_2)> <Delay = 0.00>
ST_5 : Operation 193 [1/1] (1.18ns)   --->   "%select_ln86_34 = select i1 %icmp_ln1496_34, i6 %select_ln86_33, i6 %select_ln86_32" [firmware/nnet_utils/nnet_common.h:86->firmware/nnet_utils/nnet_common.h:55->firmware/nnet_utils/nnet_pooling_stream.h:22->firmware/nnet_utils/nnet_pooling_stream.h:195->firmware/nnet_utils/nnet_pooling_stream.h:238->firmware/nnet_utils/nnet_pooling_stream.h:251]   --->   Operation 193 'select' 'select_ln86_34' <Predicate = (and_ln185_2)> <Delay = 1.18> <Core = "Sel">   --->   Core 26 'Sel' <Latency = 0> <II = 1> <Delay = 0.69> <FuncUnit> <Opcode : 'select'> <InPorts = 3> <OutPorts = 1>
ST_5 : Operation 194 [1/1] (0.00ns)   --->   "%tmp_data_6_V_2 = call i11 @_ssdm_op_BitConcatenate.i11.i6.i5(i6 %select_ln86_34, i5 0)" [firmware/nnet_utils/nnet_pooling_stream.h:195->firmware/nnet_utils/nnet_pooling_stream.h:238->firmware/nnet_utils/nnet_pooling_stream.h:251]   --->   Operation 194 'bitconcatenate' 'tmp_data_6_V_2' <Predicate = (and_ln185_2)> <Delay = 0.00>
ST_5 : Operation 195 [1/1] (0.00ns)   --->   "%tmp_data_6_V_3 = sext i11 %tmp_data_6_V_2 to i16" [firmware/nnet_utils/nnet_pooling_stream.h:195->firmware/nnet_utils/nnet_pooling_stream.h:238->firmware/nnet_utils/nnet_pooling_stream.h:251]   --->   Operation 195 'sext' 'tmp_data_6_V_3' <Predicate = (and_ln185_2)> <Delay = 0.00>
ST_5 : Operation 196 [1/1] (1.18ns)   --->   "%select_ln86_37 = select i1 %icmp_ln1496_37, i6 %select_ln86_36, i6 %select_ln86_35" [firmware/nnet_utils/nnet_common.h:86->firmware/nnet_utils/nnet_common.h:55->firmware/nnet_utils/nnet_pooling_stream.h:22->firmware/nnet_utils/nnet_pooling_stream.h:195->firmware/nnet_utils/nnet_pooling_stream.h:238->firmware/nnet_utils/nnet_pooling_stream.h:251]   --->   Operation 196 'select' 'select_ln86_37' <Predicate = (and_ln185_2)> <Delay = 1.18> <Core = "Sel">   --->   Core 26 'Sel' <Latency = 0> <II = 1> <Delay = 0.69> <FuncUnit> <Opcode : 'select'> <InPorts = 3> <OutPorts = 1>
ST_5 : Operation 197 [1/1] (0.00ns)   --->   "%tmp_data_7_V_2 = call i11 @_ssdm_op_BitConcatenate.i11.i6.i5(i6 %select_ln86_37, i5 0)" [firmware/nnet_utils/nnet_pooling_stream.h:195->firmware/nnet_utils/nnet_pooling_stream.h:238->firmware/nnet_utils/nnet_pooling_stream.h:251]   --->   Operation 197 'bitconcatenate' 'tmp_data_7_V_2' <Predicate = (and_ln185_2)> <Delay = 0.00>
ST_5 : Operation 198 [1/1] (0.00ns)   --->   "%tmp_data_7_V_3 = sext i11 %tmp_data_7_V_2 to i16" [firmware/nnet_utils/nnet_pooling_stream.h:195->firmware/nnet_utils/nnet_pooling_stream.h:238->firmware/nnet_utils/nnet_pooling_stream.h:251]   --->   Operation 198 'sext' 'tmp_data_7_V_3' <Predicate = (and_ln185_2)> <Delay = 0.00>
ST_5 : Operation 199 [1/1] (2.18ns)   --->   "call void @_ssdm_op_Write.ap_fifo.volatile.i16P.i16P.i16P.i16P.i16P.i16P.i16P.i16P(i16* %res_V_data_0_V, i16* %res_V_data_1_V, i16* %res_V_data_2_V, i16* %res_V_data_3_V, i16* %res_V_data_4_V, i16* %res_V_data_5_V, i16* %res_V_data_6_V, i16* %res_V_data_7_V, i16 %tmp_data_0_V_5, i16 %tmp_data_1_V_5, i16 %tmp_data_2_V_5, i16 %tmp_data_3_V_4, i16 %tmp_data_4_V_4, i16 %tmp_data_5_V_3, i16 %tmp_data_6_V_3, i16 %tmp_data_7_V_3)" [firmware/nnet_utils/nnet_pooling_stream.h:199->firmware/nnet_utils/nnet_pooling_stream.h:238->firmware/nnet_utils/nnet_pooling_stream.h:251]   --->   Operation 199 'write' <Predicate = (and_ln185_2)> <Delay = 2.18> <Core = "FIFO">   --->   Core 32 'FIFO' <Latency = 0> <II = 1> <Delay = 3.63> <Storage> <Opcode : 'read' 'write' 'nbread' 'nbwrite'> <Ports = 0> <Width = 16> <Depth = 3> <FIFO>
ST_5 : Operation 200 [1/1] (0.00ns)   --->   "br label %._crit_edge40.i.i" [firmware/nnet_utils/nnet_pooling_stream.h:200->firmware/nnet_utils/nnet_pooling_stream.h:238->firmware/nnet_utils/nnet_pooling_stream.h:251]   --->   Operation 200 'br' <Predicate = (and_ln185_2)> <Delay = 0.00>
ST_5 : Operation 201 [1/1] (1.76ns)   --->   "store i32 %select_ln218, i32* @sX, align 4" [firmware/nnet_utils/nnet_pooling_stream.h:218->firmware/nnet_utils/nnet_pooling_stream.h:238->firmware/nnet_utils/nnet_pooling_stream.h:251]   --->   Operation 201 'store' <Predicate = (!icmp_ln203)> <Delay = 1.76>
ST_5 : Operation 202 [1/1] (0.00ns)   --->   "br label %ReadInputWidth_end"   --->   Operation 202 'br' <Predicate = (!icmp_ln203)> <Delay = 0.00>
ST_5 : Operation 203 [1/1] (1.76ns)   --->   "br label %4"   --->   Operation 203 'br' <Predicate = (!icmp_ln233 & icmp_ln203 & !icmp_ln207)> <Delay = 1.76>
ST_5 : Operation 204 [1/1] (0.00ns)   --->   "%storemerge_i_i = phi i32 [ %select_ln213, %3 ], [ 0, %2 ]" [firmware/nnet_utils/nnet_pooling_stream.h:213->firmware/nnet_utils/nnet_pooling_stream.h:238->firmware/nnet_utils/nnet_pooling_stream.h:251]   --->   Operation 204 'phi' 'storemerge_i_i' <Predicate = (icmp_ln203)> <Delay = 0.00>
ST_5 : Operation 205 [1/1] (0.00ns)   --->   "store i32 %storemerge_i_i, i32* @sY, align 4" [firmware/nnet_utils/nnet_pooling_stream.h:209->firmware/nnet_utils/nnet_pooling_stream.h:238->firmware/nnet_utils/nnet_pooling_stream.h:251]   --->   Operation 205 'store' <Predicate = (icmp_ln203)> <Delay = 0.00>
ST_5 : Operation 206 [1/1] (0.00ns)   --->   "br label %ReadInputWidth_end" [firmware/nnet_utils/nnet_pooling_stream.h:215->firmware/nnet_utils/nnet_pooling_stream.h:238->firmware/nnet_utils/nnet_pooling_stream.h:251]   --->   Operation 206 'br' <Predicate = (icmp_ln203)> <Delay = 0.00>
ST_5 : Operation 207 [1/1] (0.00ns)   --->   "%empty = call i32 (...)* @_ssdm_op_SpecRegionEnd([15 x i8]* @p_str81, i32 %tmp_s)" [firmware/nnet_utils/nnet_pooling_stream.h:239->firmware/nnet_utils/nnet_pooling_stream.h:251]   --->   Operation 207 'specregionend' 'empty' <Predicate = (!icmp_ln233)> <Delay = 0.00>
ST_5 : Operation 208 [1/1] (0.00ns)   --->   "br label %0"   --->   Operation 208 'br' <Predicate = (!icmp_ln233)> <Delay = 0.00>

State 6 <SV = 2> <Delay = 0.00>
ST_6 : Operation 209 [1/1] (0.00ns)   --->   "ret void" [firmware/nnet_utils/nnet_pooling_stream.h:257]   --->   Operation 209 'ret' <Predicate = true> <Delay = 0.00>


============================================================
+ Verbose Summary: Timing violations
============================================================
Target clock period: 5ns, clock uncertainty: 0.625ns.

 <State 1>: 1.77ns
The critical path consists of the following:
	multiplexor before 'phi' operation ('indvar_flatten', firmware/nnet_utils/nnet_pooling_stream.h:233->firmware/nnet_utils/nnet_pooling_stream.h:251) with incoming values : ('add_ln233', firmware/nnet_utils/nnet_pooling_stream.h:233->firmware/nnet_utils/nnet_pooling_stream.h:251) [63]  (1.77 ns)

 <State 2>: 2.21ns
The critical path consists of the following:
	'phi' operation ('indvar_flatten', firmware/nnet_utils/nnet_pooling_stream.h:233->firmware/nnet_utils/nnet_pooling_stream.h:251) with incoming values : ('add_ln233', firmware/nnet_utils/nnet_pooling_stream.h:233->firmware/nnet_utils/nnet_pooling_stream.h:251) [63]  (0 ns)
	'icmp' operation ('icmp_ln233', firmware/nnet_utils/nnet_pooling_stream.h:233->firmware/nnet_utils/nnet_pooling_stream.h:251) [64]  (2.21 ns)

 <State 3>: 3.8ns
The critical path consists of the following:
	fifo read on port 'data_V_data_0_V' (firmware/nnet_utils/nnet_pooling_stream.h:238->firmware/nnet_utils/nnet_pooling_stream.h:251) [73]  (2.19 ns)
	'call' operation ('call_ret', firmware/nnet_utils/nnet_pooling_stream.h:182->firmware/nnet_utils/nnet_pooling_stream.h:238->firmware/nnet_utils/nnet_pooling_stream.h:251) to 'shift_line_buffer<array<ap_fixed,8u>,config5>' [98]  (1.62 ns)

 <State 4>: 4.43ns
The critical path consists of the following:
	'icmp' operation ('icmp_ln203', firmware/nnet_utils/nnet_pooling_stream.h:203->firmware/nnet_utils/nnet_pooling_stream.h:238->firmware/nnet_utils/nnet_pooling_stream.h:251) [227]  (2.47 ns)
	blocking operation 1.96 ns on control path)

 <State 5>: 3.38ns
The critical path consists of the following:
	'select' operation ('select_ln86_16', firmware/nnet_utils/nnet_common.h:86->firmware/nnet_utils/nnet_common.h:55->firmware/nnet_utils/nnet_pooling_stream.h:22->firmware/nnet_utils/nnet_pooling_stream.h:195->firmware/nnet_utils/nnet_pooling_stream.h:238->firmware/nnet_utils/nnet_pooling_stream.h:251) [165]  (1.19 ns)
	fifo write on port 'res_V_data_0_V' (firmware/nnet_utils/nnet_pooling_stream.h:199->firmware/nnet_utils/nnet_pooling_stream.h:238->firmware/nnet_utils/nnet_pooling_stream.h:251) [224]  (2.19 ns)

 <State 6>: 0ns
The critical path consists of the following:


============================================================
+ Verbose Summary: Binding
============================================================
N/A
* FSMD analyzer results:
  - Output states:
 - Input state : 
  - Chain level:
	State 1
	State 2
	State 3
	State 4
	State 5
	State 6


============================================================
+ Verbose Summary: Datapath Resource usage 
============================================================
N/A
