

================================================================
== Vivado HLS Report for 'relu_array_array_ap_fixed_10u_relu_config8_s'
================================================================
* Date:           Sun Nov 14 10:20:10 2021

* Version:        2019.1 (Build 2552052 on Fri May 24 15:28:33 MDT 2019)
* Project:        myproject_prj
* Solution:       solution1
* Product family: zynq
* Target device:  xc7z020-clg400-1


================================================================
== Performance Estimates
================================================================
+ Timing (ns): 
    * Summary: 
    +--------+-------+----------+------------+
    |  Clock | Target| Estimated| Uncertainty|
    +--------+-------+----------+------------+
    |ap_clk  |   5.00|     4.255|        0.62|
    +--------+-------+----------+------------+

+ Latency (clock cycles): 
    * Summary: 
    +------+------+------+------+---------+
    |   Latency   |   Interval  | Pipeline|
    |  min |  max |  min |  max |   Type  |
    +------+------+------+------+---------+
    |  2052|  2052|  2052|  2052|   none  |
    +------+------+------+------+---------+

    + Detail: 
        * Instance: 
        N/A

        * Loop: 
        +---------------+------+------+----------+-----------+-----------+------+----------+
        |               |   Latency   | Iteration|  Initiation Interval  | Trip |          |
        |   Loop Name   |  min |  max |  Latency |  achieved |   target  | Count| Pipelined|
        +---------------+------+------+----------+-----------+-----------+------+----------+
        |- ReLUActLoop  |  2050|  2050|         4|          1|          1|  2048|    yes   |
        +---------------+------+------+----------+-----------+-----------+------+----------+

============================================================
+ Verbose Summary: Synthesis Manager
============================================================
InlineROM: 1
ExposeGlobal: 0
============================================================
+ Verbose Summary: CDFG Model
============================================================
IsTopModel: 0
ResetActiveHigh: 1
IsCombinational: 2
IsDatapathOnly: 0
HasWiredReturn: 1
HasMFsm: 0
HasVarLatency: 1
IsPipeline: 0
IsRtlPipelined: 0
IsInstanceOverlapped: 0
IsDontTouch: 0
HasImplIP: 0
IsGatedGlobalClock: 0

+ Individual pipeline summary: 
  * Pipeline-0: initiation interval (II) = 1, depth = 4


============================================================
+ Verbose Summary: Schedule
============================================================
* Number of FSM states : 6
* Pipeline : 1
  Pipeline-0 : II = 1, D = 4, States = { 2 3 4 5 }
* Dataflow Pipeline: 0

* FSM state transitions: 
1 --> 2 
2 --> 6 3 
3 --> 4 
4 --> 5 
5 --> 2 
6 --> 

* FSM state operations: 

State 1 <SV = 0> <Delay = 1.76>
ST_1 : Operation 7 [1/1] (0.00ns)   --->   "call void (...)* @_ssdm_op_SpecInterface(i6* %res_V_data_9_V, [8 x i8]* @ap_fifo_str, i32 0, i32 0, [1 x i8]* @p_str, i32 0, i32 0, [1 x i8]* @p_str, [1 x i8]* @p_str, [1 x i8]* @p_str, i32 2, i32 2, i32 16, i32 16, [1 x i8]* @p_str, [1 x i8]* @p_str)"   --->   Operation 7 'specinterface' <Predicate = true> <Delay = 0.00>
ST_1 : Operation 8 [1/1] (0.00ns)   --->   "call void (...)* @_ssdm_op_SpecInterface(i6* %res_V_data_8_V, [8 x i8]* @ap_fifo_str, i32 0, i32 0, [1 x i8]* @p_str, i32 0, i32 0, [1 x i8]* @p_str, [1 x i8]* @p_str, [1 x i8]* @p_str, i32 2, i32 2, i32 16, i32 16, [1 x i8]* @p_str, [1 x i8]* @p_str)"   --->   Operation 8 'specinterface' <Predicate = true> <Delay = 0.00>
ST_1 : Operation 9 [1/1] (0.00ns)   --->   "call void (...)* @_ssdm_op_SpecInterface(i6* %res_V_data_7_V, [8 x i8]* @ap_fifo_str, i32 0, i32 0, [1 x i8]* @p_str, i32 0, i32 0, [1 x i8]* @p_str, [1 x i8]* @p_str, [1 x i8]* @p_str, i32 2, i32 2, i32 16, i32 16, [1 x i8]* @p_str, [1 x i8]* @p_str)"   --->   Operation 9 'specinterface' <Predicate = true> <Delay = 0.00>
ST_1 : Operation 10 [1/1] (0.00ns)   --->   "call void (...)* @_ssdm_op_SpecInterface(i6* %res_V_data_6_V, [8 x i8]* @ap_fifo_str, i32 0, i32 0, [1 x i8]* @p_str, i32 0, i32 0, [1 x i8]* @p_str, [1 x i8]* @p_str, [1 x i8]* @p_str, i32 2, i32 2, i32 16, i32 16, [1 x i8]* @p_str, [1 x i8]* @p_str)"   --->   Operation 10 'specinterface' <Predicate = true> <Delay = 0.00>
ST_1 : Operation 11 [1/1] (0.00ns)   --->   "call void (...)* @_ssdm_op_SpecInterface(i6* %res_V_data_5_V, [8 x i8]* @ap_fifo_str, i32 0, i32 0, [1 x i8]* @p_str, i32 0, i32 0, [1 x i8]* @p_str, [1 x i8]* @p_str, [1 x i8]* @p_str, i32 2, i32 2, i32 16, i32 16, [1 x i8]* @p_str, [1 x i8]* @p_str)"   --->   Operation 11 'specinterface' <Predicate = true> <Delay = 0.00>
ST_1 : Operation 12 [1/1] (0.00ns)   --->   "call void (...)* @_ssdm_op_SpecInterface(i6* %res_V_data_4_V, [8 x i8]* @ap_fifo_str, i32 0, i32 0, [1 x i8]* @p_str, i32 0, i32 0, [1 x i8]* @p_str, [1 x i8]* @p_str, [1 x i8]* @p_str, i32 2, i32 2, i32 16, i32 16, [1 x i8]* @p_str, [1 x i8]* @p_str)"   --->   Operation 12 'specinterface' <Predicate = true> <Delay = 0.00>
ST_1 : Operation 13 [1/1] (0.00ns)   --->   "call void (...)* @_ssdm_op_SpecInterface(i6* %res_V_data_3_V, [8 x i8]* @ap_fifo_str, i32 0, i32 0, [1 x i8]* @p_str, i32 0, i32 0, [1 x i8]* @p_str, [1 x i8]* @p_str, [1 x i8]* @p_str, i32 2, i32 2, i32 16, i32 16, [1 x i8]* @p_str, [1 x i8]* @p_str)"   --->   Operation 13 'specinterface' <Predicate = true> <Delay = 0.00>
ST_1 : Operation 14 [1/1] (0.00ns)   --->   "call void (...)* @_ssdm_op_SpecInterface(i6* %res_V_data_2_V, [8 x i8]* @ap_fifo_str, i32 0, i32 0, [1 x i8]* @p_str, i32 0, i32 0, [1 x i8]* @p_str, [1 x i8]* @p_str, [1 x i8]* @p_str, i32 2, i32 2, i32 16, i32 16, [1 x i8]* @p_str, [1 x i8]* @p_str)"   --->   Operation 14 'specinterface' <Predicate = true> <Delay = 0.00>
ST_1 : Operation 15 [1/1] (0.00ns)   --->   "call void (...)* @_ssdm_op_SpecInterface(i6* %res_V_data_1_V, [8 x i8]* @ap_fifo_str, i32 0, i32 0, [1 x i8]* @p_str, i32 0, i32 0, [1 x i8]* @p_str, [1 x i8]* @p_str, [1 x i8]* @p_str, i32 2, i32 2, i32 16, i32 16, [1 x i8]* @p_str, [1 x i8]* @p_str)"   --->   Operation 15 'specinterface' <Predicate = true> <Delay = 0.00>
ST_1 : Operation 16 [1/1] (0.00ns)   --->   "call void (...)* @_ssdm_op_SpecInterface(i6* %res_V_data_0_V, [8 x i8]* @ap_fifo_str, i32 0, i32 0, [1 x i8]* @p_str, i32 0, i32 0, [1 x i8]* @p_str, [1 x i8]* @p_str, [1 x i8]* @p_str, i32 2, i32 2, i32 16, i32 16, [1 x i8]* @p_str, [1 x i8]* @p_str)"   --->   Operation 16 'specinterface' <Predicate = true> <Delay = 0.00>
ST_1 : Operation 17 [1/1] (0.00ns)   --->   "call void (...)* @_ssdm_op_SpecInterface(i14* %data_V_data_9_V, [8 x i8]* @ap_fifo_str, i32 0, i32 0, [1 x i8]* @p_str, i32 0, i32 0, [1 x i8]* @p_str, [1 x i8]* @p_str, [1 x i8]* @p_str, i32 2, i32 2, i32 16, i32 16, [1 x i8]* @p_str, [1 x i8]* @p_str)"   --->   Operation 17 'specinterface' <Predicate = true> <Delay = 0.00>
ST_1 : Operation 18 [1/1] (0.00ns)   --->   "call void (...)* @_ssdm_op_SpecInterface(i14* %data_V_data_8_V, [8 x i8]* @ap_fifo_str, i32 0, i32 0, [1 x i8]* @p_str, i32 0, i32 0, [1 x i8]* @p_str, [1 x i8]* @p_str, [1 x i8]* @p_str, i32 2, i32 2, i32 16, i32 16, [1 x i8]* @p_str, [1 x i8]* @p_str)"   --->   Operation 18 'specinterface' <Predicate = true> <Delay = 0.00>
ST_1 : Operation 19 [1/1] (0.00ns)   --->   "call void (...)* @_ssdm_op_SpecInterface(i14* %data_V_data_7_V, [8 x i8]* @ap_fifo_str, i32 0, i32 0, [1 x i8]* @p_str, i32 0, i32 0, [1 x i8]* @p_str, [1 x i8]* @p_str, [1 x i8]* @p_str, i32 2, i32 2, i32 16, i32 16, [1 x i8]* @p_str, [1 x i8]* @p_str)"   --->   Operation 19 'specinterface' <Predicate = true> <Delay = 0.00>
ST_1 : Operation 20 [1/1] (0.00ns)   --->   "call void (...)* @_ssdm_op_SpecInterface(i14* %data_V_data_6_V, [8 x i8]* @ap_fifo_str, i32 0, i32 0, [1 x i8]* @p_str, i32 0, i32 0, [1 x i8]* @p_str, [1 x i8]* @p_str, [1 x i8]* @p_str, i32 2, i32 2, i32 16, i32 16, [1 x i8]* @p_str, [1 x i8]* @p_str)"   --->   Operation 20 'specinterface' <Predicate = true> <Delay = 0.00>
ST_1 : Operation 21 [1/1] (0.00ns)   --->   "call void (...)* @_ssdm_op_SpecInterface(i14* %data_V_data_5_V, [8 x i8]* @ap_fifo_str, i32 0, i32 0, [1 x i8]* @p_str, i32 0, i32 0, [1 x i8]* @p_str, [1 x i8]* @p_str, [1 x i8]* @p_str, i32 2, i32 2, i32 16, i32 16, [1 x i8]* @p_str, [1 x i8]* @p_str)"   --->   Operation 21 'specinterface' <Predicate = true> <Delay = 0.00>
ST_1 : Operation 22 [1/1] (0.00ns)   --->   "call void (...)* @_ssdm_op_SpecInterface(i14* %data_V_data_4_V, [8 x i8]* @ap_fifo_str, i32 0, i32 0, [1 x i8]* @p_str, i32 0, i32 0, [1 x i8]* @p_str, [1 x i8]* @p_str, [1 x i8]* @p_str, i32 2, i32 2, i32 16, i32 16, [1 x i8]* @p_str, [1 x i8]* @p_str)"   --->   Operation 22 'specinterface' <Predicate = true> <Delay = 0.00>
ST_1 : Operation 23 [1/1] (0.00ns)   --->   "call void (...)* @_ssdm_op_SpecInterface(i14* %data_V_data_3_V, [8 x i8]* @ap_fifo_str, i32 0, i32 0, [1 x i8]* @p_str, i32 0, i32 0, [1 x i8]* @p_str, [1 x i8]* @p_str, [1 x i8]* @p_str, i32 2, i32 2, i32 16, i32 16, [1 x i8]* @p_str, [1 x i8]* @p_str)"   --->   Operation 23 'specinterface' <Predicate = true> <Delay = 0.00>
ST_1 : Operation 24 [1/1] (0.00ns)   --->   "call void (...)* @_ssdm_op_SpecInterface(i14* %data_V_data_2_V, [8 x i8]* @ap_fifo_str, i32 0, i32 0, [1 x i8]* @p_str, i32 0, i32 0, [1 x i8]* @p_str, [1 x i8]* @p_str, [1 x i8]* @p_str, i32 2, i32 2, i32 16, i32 16, [1 x i8]* @p_str, [1 x i8]* @p_str)"   --->   Operation 24 'specinterface' <Predicate = true> <Delay = 0.00>
ST_1 : Operation 25 [1/1] (0.00ns)   --->   "call void (...)* @_ssdm_op_SpecInterface(i14* %data_V_data_1_V, [8 x i8]* @ap_fifo_str, i32 0, i32 0, [1 x i8]* @p_str, i32 0, i32 0, [1 x i8]* @p_str, [1 x i8]* @p_str, [1 x i8]* @p_str, i32 2, i32 2, i32 16, i32 16, [1 x i8]* @p_str, [1 x i8]* @p_str)"   --->   Operation 25 'specinterface' <Predicate = true> <Delay = 0.00>
ST_1 : Operation 26 [1/1] (0.00ns)   --->   "call void (...)* @_ssdm_op_SpecInterface(i14* %data_V_data_0_V, [8 x i8]* @ap_fifo_str, i32 0, i32 0, [1 x i8]* @p_str, i32 0, i32 0, [1 x i8]* @p_str, [1 x i8]* @p_str, [1 x i8]* @p_str, i32 2, i32 2, i32 16, i32 16, [1 x i8]* @p_str, [1 x i8]* @p_str)"   --->   Operation 26 'specinterface' <Predicate = true> <Delay = 0.00>
ST_1 : Operation 27 [1/1] (1.76ns)   --->   "br label %1" [firmware/nnet_utils/nnet_activation_stream.h:60]   --->   Operation 27 'br' <Predicate = true> <Delay = 1.76>

State 2 <SV = 1> <Delay = 1.99>
ST_2 : Operation 28 [1/1] (0.00ns)   --->   "%i_0 = phi i12 [ 0, %0 ], [ %i, %ReLUActLoop ]"   --->   Operation 28 'phi' 'i_0' <Predicate = true> <Delay = 0.00>
ST_2 : Operation 29 [1/1] (1.99ns)   --->   "%icmp_ln60 = icmp eq i12 %i_0, -2048" [firmware/nnet_utils/nnet_activation_stream.h:60]   --->   Operation 29 'icmp' 'icmp_ln60' <Predicate = true> <Delay = 1.99> <Core = "Cmp">   --->   Core 25 'Cmp' <Latency = 0> <II = 1> <Delay = 1.36> <FuncUnit> <Opcode : 'icmp'> <InPorts = 2> <OutPorts = 1>
ST_2 : Operation 30 [1/1] (0.00ns)   --->   "%empty = call i32 (...)* @_ssdm_op_SpecLoopTripCount(i64 2048, i64 2048, i64 2048)"   --->   Operation 30 'speclooptripcount' 'empty' <Predicate = true> <Delay = 0.00>
ST_2 : Operation 31 [1/1] (1.54ns)   --->   "%i = add i12 %i_0, 1" [firmware/nnet_utils/nnet_activation_stream.h:60]   --->   Operation 31 'add' 'i' <Predicate = true> <Delay = 1.54> <Core = "AddSub">   --->   Core 14 'AddSub' <Latency = 0> <II = 1> <Delay = 1.78> <FuncUnit> <Opcode : 'add' 'sub'> <InPorts = 2> <OutPorts = 1>
ST_2 : Operation 32 [1/1] (0.00ns)   --->   "br i1 %icmp_ln60, label %2, label %ReLUActLoop" [firmware/nnet_utils/nnet_activation_stream.h:60]   --->   Operation 32 'br' <Predicate = true> <Delay = 0.00>

State 3 <SV = 2> <Delay = 3.55>
ST_3 : Operation 33 [1/1] (2.18ns)   --->   "%empty_82 = call { i14, i14, i14, i14, i14, i14, i14, i14, i14, i14 } @_ssdm_op_Read.ap_fifo.volatile.i14P.i14P.i14P.i14P.i14P.i14P.i14P.i14P.i14P.i14P(i14* %data_V_data_0_V, i14* %data_V_data_1_V, i14* %data_V_data_2_V, i14* %data_V_data_3_V, i14* %data_V_data_4_V, i14* %data_V_data_5_V, i14* %data_V_data_6_V, i14* %data_V_data_7_V, i14* %data_V_data_8_V, i14* %data_V_data_9_V)" [firmware/nnet_utils/nnet_activation_stream.h:63]   --->   Operation 33 'read' 'empty_82' <Predicate = (!icmp_ln60)> <Delay = 2.18> <Core = "FIFO">   --->   Core 32 'FIFO' <Latency = 0> <II = 1> <Delay = 3.63> <Storage> <Opcode : 'read' 'write' 'nbread' 'nbwrite'> <Ports = 0> <Width = 6> <Depth = 3> <FIFO>
ST_3 : Operation 34 [1/1] (0.00ns)   --->   "%tmp_data_V_46_0 = extractvalue { i14, i14, i14, i14, i14, i14, i14, i14, i14, i14 } %empty_82, 0" [firmware/nnet_utils/nnet_activation_stream.h:63]   --->   Operation 34 'extractvalue' 'tmp_data_V_46_0' <Predicate = (!icmp_ln60)> <Delay = 0.00>
ST_3 : Operation 35 [1/1] (0.00ns)   --->   "%tmp_data_V_46_1 = extractvalue { i14, i14, i14, i14, i14, i14, i14, i14, i14, i14 } %empty_82, 1" [firmware/nnet_utils/nnet_activation_stream.h:63]   --->   Operation 35 'extractvalue' 'tmp_data_V_46_1' <Predicate = (!icmp_ln60)> <Delay = 0.00>
ST_3 : Operation 36 [1/1] (0.00ns)   --->   "%tmp_data_V_46_2 = extractvalue { i14, i14, i14, i14, i14, i14, i14, i14, i14, i14 } %empty_82, 2" [firmware/nnet_utils/nnet_activation_stream.h:63]   --->   Operation 36 'extractvalue' 'tmp_data_V_46_2' <Predicate = (!icmp_ln60)> <Delay = 0.00>
ST_3 : Operation 37 [1/1] (0.00ns)   --->   "%tmp_data_V_46_3 = extractvalue { i14, i14, i14, i14, i14, i14, i14, i14, i14, i14 } %empty_82, 3" [firmware/nnet_utils/nnet_activation_stream.h:63]   --->   Operation 37 'extractvalue' 'tmp_data_V_46_3' <Predicate = (!icmp_ln60)> <Delay = 0.00>
ST_3 : Operation 38 [1/1] (0.00ns)   --->   "%tmp_data_V_46_4 = extractvalue { i14, i14, i14, i14, i14, i14, i14, i14, i14, i14 } %empty_82, 4" [firmware/nnet_utils/nnet_activation_stream.h:63]   --->   Operation 38 'extractvalue' 'tmp_data_V_46_4' <Predicate = (!icmp_ln60)> <Delay = 0.00>
ST_3 : Operation 39 [1/1] (0.00ns)   --->   "%tmp_data_V_46_5 = extractvalue { i14, i14, i14, i14, i14, i14, i14, i14, i14, i14 } %empty_82, 5" [firmware/nnet_utils/nnet_activation_stream.h:63]   --->   Operation 39 'extractvalue' 'tmp_data_V_46_5' <Predicate = (!icmp_ln60)> <Delay = 0.00>
ST_3 : Operation 40 [1/1] (0.00ns)   --->   "%tmp_data_V_46_6 = extractvalue { i14, i14, i14, i14, i14, i14, i14, i14, i14, i14 } %empty_82, 6" [firmware/nnet_utils/nnet_activation_stream.h:63]   --->   Operation 40 'extractvalue' 'tmp_data_V_46_6' <Predicate = (!icmp_ln60)> <Delay = 0.00>
ST_3 : Operation 41 [1/1] (0.00ns)   --->   "%tmp_data_V_46_7 = extractvalue { i14, i14, i14, i14, i14, i14, i14, i14, i14, i14 } %empty_82, 7" [firmware/nnet_utils/nnet_activation_stream.h:63]   --->   Operation 41 'extractvalue' 'tmp_data_V_46_7' <Predicate = (!icmp_ln60)> <Delay = 0.00>
ST_3 : Operation 42 [1/1] (0.00ns)   --->   "%tmp_data_V_46_8 = extractvalue { i14, i14, i14, i14, i14, i14, i14, i14, i14, i14 } %empty_82, 8" [firmware/nnet_utils/nnet_activation_stream.h:63]   --->   Operation 42 'extractvalue' 'tmp_data_V_46_8' <Predicate = (!icmp_ln60)> <Delay = 0.00>
ST_3 : Operation 43 [1/1] (0.00ns)   --->   "%tmp_data_V_46_9 = extractvalue { i14, i14, i14, i14, i14, i14, i14, i14, i14, i14 } %empty_82, 9" [firmware/nnet_utils/nnet_activation_stream.h:63]   --->   Operation 43 'extractvalue' 'tmp_data_V_46_9' <Predicate = (!icmp_ln60)> <Delay = 0.00>
ST_3 : Operation 44 [1/1] (0.00ns)   --->   "%trunc_ln = call i6 @_ssdm_op_PartSelect.i6.i14.i32.i32(i14 %tmp_data_V_46_0, i32 3, i32 8)" [firmware/nnet_utils/nnet_activation_stream.h:69]   --->   Operation 44 'partselect' 'trunc_ln' <Predicate = (!icmp_ln60)> <Delay = 0.00>
ST_3 : Operation 45 [1/1] (0.00ns)   --->   "%tmp_170 = call i1 @_ssdm_op_BitSelect.i1.i14.i32(i14 %tmp_data_V_46_0, i32 2)" [firmware/nnet_utils/nnet_activation_stream.h:69]   --->   Operation 45 'bitselect' 'tmp_170' <Predicate = (!icmp_ln60)> <Delay = 0.00>
ST_3 : Operation 46 [1/1] (0.00ns)   --->   "%trunc_ln415_s = call i5 @_ssdm_op_PartSelect.i5.i14.i32.i32(i14 %tmp_data_V_46_0, i32 3, i32 7)" [firmware/nnet_utils/nnet_activation_stream.h:69]   --->   Operation 46 'partselect' 'trunc_ln415_s' <Predicate = (!icmp_ln60)> <Delay = 0.00>
ST_3 : Operation 47 [1/1] (0.00ns)   --->   "%p_Result_s = call i5 @_ssdm_op_PartSelect.i5.i14.i32.i32(i14 %tmp_data_V_46_0, i32 9, i32 13)" [firmware/nnet_utils/nnet_activation_stream.h:69]   --->   Operation 47 'partselect' 'p_Result_s' <Predicate = (!icmp_ln60)> <Delay = 0.00>
ST_3 : Operation 48 [1/1] (1.36ns)   --->   "%icmp_ln879 = icmp eq i5 %p_Result_s, -1" [firmware/nnet_utils/nnet_activation_stream.h:69]   --->   Operation 48 'icmp' 'icmp_ln879' <Predicate = (!icmp_ln60)> <Delay = 1.36> <Core = "Cmp">   --->   Core 25 'Cmp' <Latency = 0> <II = 1> <Delay = 1.36> <FuncUnit> <Opcode : 'icmp'> <InPorts = 2> <OutPorts = 1>
ST_3 : Operation 49 [1/1] (1.36ns)   --->   "%icmp_ln768 = icmp eq i5 %p_Result_s, 0" [firmware/nnet_utils/nnet_activation_stream.h:69]   --->   Operation 49 'icmp' 'icmp_ln768' <Predicate = (!icmp_ln60)> <Delay = 1.36> <Core = "Cmp">   --->   Core 25 'Cmp' <Latency = 0> <II = 1> <Delay = 1.36> <FuncUnit> <Opcode : 'icmp'> <InPorts = 2> <OutPorts = 1>
ST_3 : Operation 50 [1/1] (0.00ns)   --->   "%trunc_ln708_s = call i6 @_ssdm_op_PartSelect.i6.i14.i32.i32(i14 %tmp_data_V_46_1, i32 3, i32 8)" [firmware/nnet_utils/nnet_activation_stream.h:69]   --->   Operation 50 'partselect' 'trunc_ln708_s' <Predicate = (!icmp_ln60)> <Delay = 0.00>
ST_3 : Operation 51 [1/1] (0.00ns)   --->   "%tmp_174 = call i1 @_ssdm_op_BitSelect.i1.i14.i32(i14 %tmp_data_V_46_1, i32 2)" [firmware/nnet_utils/nnet_activation_stream.h:69]   --->   Operation 51 'bitselect' 'tmp_174' <Predicate = (!icmp_ln60)> <Delay = 0.00>
ST_3 : Operation 52 [1/1] (0.00ns)   --->   "%trunc_ln415_36 = call i5 @_ssdm_op_PartSelect.i5.i14.i32.i32(i14 %tmp_data_V_46_1, i32 3, i32 7)" [firmware/nnet_utils/nnet_activation_stream.h:69]   --->   Operation 52 'partselect' 'trunc_ln415_36' <Predicate = (!icmp_ln60)> <Delay = 0.00>
ST_3 : Operation 53 [1/1] (0.00ns)   --->   "%p_Result_23_1 = call i5 @_ssdm_op_PartSelect.i5.i14.i32.i32(i14 %tmp_data_V_46_1, i32 9, i32 13)" [firmware/nnet_utils/nnet_activation_stream.h:69]   --->   Operation 53 'partselect' 'p_Result_23_1' <Predicate = (!icmp_ln60)> <Delay = 0.00>
ST_3 : Operation 54 [1/1] (1.36ns)   --->   "%icmp_ln879_38 = icmp eq i5 %p_Result_23_1, -1" [firmware/nnet_utils/nnet_activation_stream.h:69]   --->   Operation 54 'icmp' 'icmp_ln879_38' <Predicate = (!icmp_ln60)> <Delay = 1.36> <Core = "Cmp">   --->   Core 25 'Cmp' <Latency = 0> <II = 1> <Delay = 1.36> <FuncUnit> <Opcode : 'icmp'> <InPorts = 2> <OutPorts = 1>
ST_3 : Operation 55 [1/1] (1.36ns)   --->   "%icmp_ln768_38 = icmp eq i5 %p_Result_23_1, 0" [firmware/nnet_utils/nnet_activation_stream.h:69]   --->   Operation 55 'icmp' 'icmp_ln768_38' <Predicate = (!icmp_ln60)> <Delay = 1.36> <Core = "Cmp">   --->   Core 25 'Cmp' <Latency = 0> <II = 1> <Delay = 1.36> <FuncUnit> <Opcode : 'icmp'> <InPorts = 2> <OutPorts = 1>
ST_3 : Operation 56 [1/1] (0.00ns)   --->   "%trunc_ln708_44 = call i6 @_ssdm_op_PartSelect.i6.i14.i32.i32(i14 %tmp_data_V_46_2, i32 3, i32 8)" [firmware/nnet_utils/nnet_activation_stream.h:69]   --->   Operation 56 'partselect' 'trunc_ln708_44' <Predicate = (!icmp_ln60)> <Delay = 0.00>
ST_3 : Operation 57 [1/1] (0.00ns)   --->   "%tmp_178 = call i1 @_ssdm_op_BitSelect.i1.i14.i32(i14 %tmp_data_V_46_2, i32 2)" [firmware/nnet_utils/nnet_activation_stream.h:69]   --->   Operation 57 'bitselect' 'tmp_178' <Predicate = (!icmp_ln60)> <Delay = 0.00>
ST_3 : Operation 58 [1/1] (0.00ns)   --->   "%trunc_ln415_37 = call i5 @_ssdm_op_PartSelect.i5.i14.i32.i32(i14 %tmp_data_V_46_2, i32 3, i32 7)" [firmware/nnet_utils/nnet_activation_stream.h:69]   --->   Operation 58 'partselect' 'trunc_ln415_37' <Predicate = (!icmp_ln60)> <Delay = 0.00>
ST_3 : Operation 59 [1/1] (0.00ns)   --->   "%p_Result_23_2 = call i5 @_ssdm_op_PartSelect.i5.i14.i32.i32(i14 %tmp_data_V_46_2, i32 9, i32 13)" [firmware/nnet_utils/nnet_activation_stream.h:69]   --->   Operation 59 'partselect' 'p_Result_23_2' <Predicate = (!icmp_ln60)> <Delay = 0.00>
ST_3 : Operation 60 [1/1] (1.36ns)   --->   "%icmp_ln879_39 = icmp eq i5 %p_Result_23_2, -1" [firmware/nnet_utils/nnet_activation_stream.h:69]   --->   Operation 60 'icmp' 'icmp_ln879_39' <Predicate = (!icmp_ln60)> <Delay = 1.36> <Core = "Cmp">   --->   Core 25 'Cmp' <Latency = 0> <II = 1> <Delay = 1.36> <FuncUnit> <Opcode : 'icmp'> <InPorts = 2> <OutPorts = 1>
ST_3 : Operation 61 [1/1] (1.36ns)   --->   "%icmp_ln768_39 = icmp eq i5 %p_Result_23_2, 0" [firmware/nnet_utils/nnet_activation_stream.h:69]   --->   Operation 61 'icmp' 'icmp_ln768_39' <Predicate = (!icmp_ln60)> <Delay = 1.36> <Core = "Cmp">   --->   Core 25 'Cmp' <Latency = 0> <II = 1> <Delay = 1.36> <FuncUnit> <Opcode : 'icmp'> <InPorts = 2> <OutPorts = 1>
ST_3 : Operation 62 [1/1] (0.00ns)   --->   "%trunc_ln708_45 = call i6 @_ssdm_op_PartSelect.i6.i14.i32.i32(i14 %tmp_data_V_46_3, i32 3, i32 8)" [firmware/nnet_utils/nnet_activation_stream.h:69]   --->   Operation 62 'partselect' 'trunc_ln708_45' <Predicate = (!icmp_ln60)> <Delay = 0.00>
ST_3 : Operation 63 [1/1] (0.00ns)   --->   "%tmp_182 = call i1 @_ssdm_op_BitSelect.i1.i14.i32(i14 %tmp_data_V_46_3, i32 2)" [firmware/nnet_utils/nnet_activation_stream.h:69]   --->   Operation 63 'bitselect' 'tmp_182' <Predicate = (!icmp_ln60)> <Delay = 0.00>
ST_3 : Operation 64 [1/1] (0.00ns)   --->   "%trunc_ln415_38 = call i5 @_ssdm_op_PartSelect.i5.i14.i32.i32(i14 %tmp_data_V_46_3, i32 3, i32 7)" [firmware/nnet_utils/nnet_activation_stream.h:69]   --->   Operation 64 'partselect' 'trunc_ln415_38' <Predicate = (!icmp_ln60)> <Delay = 0.00>
ST_3 : Operation 65 [1/1] (0.00ns)   --->   "%p_Result_23_3 = call i5 @_ssdm_op_PartSelect.i5.i14.i32.i32(i14 %tmp_data_V_46_3, i32 9, i32 13)" [firmware/nnet_utils/nnet_activation_stream.h:69]   --->   Operation 65 'partselect' 'p_Result_23_3' <Predicate = (!icmp_ln60)> <Delay = 0.00>
ST_3 : Operation 66 [1/1] (1.36ns)   --->   "%icmp_ln879_40 = icmp eq i5 %p_Result_23_3, -1" [firmware/nnet_utils/nnet_activation_stream.h:69]   --->   Operation 66 'icmp' 'icmp_ln879_40' <Predicate = (!icmp_ln60)> <Delay = 1.36> <Core = "Cmp">   --->   Core 25 'Cmp' <Latency = 0> <II = 1> <Delay = 1.36> <FuncUnit> <Opcode : 'icmp'> <InPorts = 2> <OutPorts = 1>
ST_3 : Operation 67 [1/1] (1.36ns)   --->   "%icmp_ln768_40 = icmp eq i5 %p_Result_23_3, 0" [firmware/nnet_utils/nnet_activation_stream.h:69]   --->   Operation 67 'icmp' 'icmp_ln768_40' <Predicate = (!icmp_ln60)> <Delay = 1.36> <Core = "Cmp">   --->   Core 25 'Cmp' <Latency = 0> <II = 1> <Delay = 1.36> <FuncUnit> <Opcode : 'icmp'> <InPorts = 2> <OutPorts = 1>
ST_3 : Operation 68 [1/1] (0.00ns)   --->   "%trunc_ln708_46 = call i6 @_ssdm_op_PartSelect.i6.i14.i32.i32(i14 %tmp_data_V_46_4, i32 3, i32 8)" [firmware/nnet_utils/nnet_activation_stream.h:69]   --->   Operation 68 'partselect' 'trunc_ln708_46' <Predicate = (!icmp_ln60)> <Delay = 0.00>
ST_3 : Operation 69 [1/1] (0.00ns)   --->   "%tmp_186 = call i1 @_ssdm_op_BitSelect.i1.i14.i32(i14 %tmp_data_V_46_4, i32 2)" [firmware/nnet_utils/nnet_activation_stream.h:69]   --->   Operation 69 'bitselect' 'tmp_186' <Predicate = (!icmp_ln60)> <Delay = 0.00>
ST_3 : Operation 70 [1/1] (0.00ns)   --->   "%trunc_ln415_39 = call i5 @_ssdm_op_PartSelect.i5.i14.i32.i32(i14 %tmp_data_V_46_4, i32 3, i32 7)" [firmware/nnet_utils/nnet_activation_stream.h:69]   --->   Operation 70 'partselect' 'trunc_ln415_39' <Predicate = (!icmp_ln60)> <Delay = 0.00>
ST_3 : Operation 71 [1/1] (0.00ns)   --->   "%p_Result_23_4 = call i5 @_ssdm_op_PartSelect.i5.i14.i32.i32(i14 %tmp_data_V_46_4, i32 9, i32 13)" [firmware/nnet_utils/nnet_activation_stream.h:69]   --->   Operation 71 'partselect' 'p_Result_23_4' <Predicate = (!icmp_ln60)> <Delay = 0.00>
ST_3 : Operation 72 [1/1] (1.36ns)   --->   "%icmp_ln879_41 = icmp eq i5 %p_Result_23_4, -1" [firmware/nnet_utils/nnet_activation_stream.h:69]   --->   Operation 72 'icmp' 'icmp_ln879_41' <Predicate = (!icmp_ln60)> <Delay = 1.36> <Core = "Cmp">   --->   Core 25 'Cmp' <Latency = 0> <II = 1> <Delay = 1.36> <FuncUnit> <Opcode : 'icmp'> <InPorts = 2> <OutPorts = 1>
ST_3 : Operation 73 [1/1] (1.36ns)   --->   "%icmp_ln768_41 = icmp eq i5 %p_Result_23_4, 0" [firmware/nnet_utils/nnet_activation_stream.h:69]   --->   Operation 73 'icmp' 'icmp_ln768_41' <Predicate = (!icmp_ln60)> <Delay = 1.36> <Core = "Cmp">   --->   Core 25 'Cmp' <Latency = 0> <II = 1> <Delay = 1.36> <FuncUnit> <Opcode : 'icmp'> <InPorts = 2> <OutPorts = 1>
ST_3 : Operation 74 [1/1] (0.00ns)   --->   "%trunc_ln708_47 = call i6 @_ssdm_op_PartSelect.i6.i14.i32.i32(i14 %tmp_data_V_46_5, i32 3, i32 8)" [firmware/nnet_utils/nnet_activation_stream.h:69]   --->   Operation 74 'partselect' 'trunc_ln708_47' <Predicate = (!icmp_ln60)> <Delay = 0.00>
ST_3 : Operation 75 [1/1] (0.00ns)   --->   "%tmp_190 = call i1 @_ssdm_op_BitSelect.i1.i14.i32(i14 %tmp_data_V_46_5, i32 2)" [firmware/nnet_utils/nnet_activation_stream.h:69]   --->   Operation 75 'bitselect' 'tmp_190' <Predicate = (!icmp_ln60)> <Delay = 0.00>
ST_3 : Operation 76 [1/1] (0.00ns)   --->   "%trunc_ln415_40 = call i5 @_ssdm_op_PartSelect.i5.i14.i32.i32(i14 %tmp_data_V_46_5, i32 3, i32 7)" [firmware/nnet_utils/nnet_activation_stream.h:69]   --->   Operation 76 'partselect' 'trunc_ln415_40' <Predicate = (!icmp_ln60)> <Delay = 0.00>
ST_3 : Operation 77 [1/1] (0.00ns)   --->   "%p_Result_23_5 = call i5 @_ssdm_op_PartSelect.i5.i14.i32.i32(i14 %tmp_data_V_46_5, i32 9, i32 13)" [firmware/nnet_utils/nnet_activation_stream.h:69]   --->   Operation 77 'partselect' 'p_Result_23_5' <Predicate = (!icmp_ln60)> <Delay = 0.00>
ST_3 : Operation 78 [1/1] (1.36ns)   --->   "%icmp_ln879_42 = icmp eq i5 %p_Result_23_5, -1" [firmware/nnet_utils/nnet_activation_stream.h:69]   --->   Operation 78 'icmp' 'icmp_ln879_42' <Predicate = (!icmp_ln60)> <Delay = 1.36> <Core = "Cmp">   --->   Core 25 'Cmp' <Latency = 0> <II = 1> <Delay = 1.36> <FuncUnit> <Opcode : 'icmp'> <InPorts = 2> <OutPorts = 1>
ST_3 : Operation 79 [1/1] (1.36ns)   --->   "%icmp_ln768_42 = icmp eq i5 %p_Result_23_5, 0" [firmware/nnet_utils/nnet_activation_stream.h:69]   --->   Operation 79 'icmp' 'icmp_ln768_42' <Predicate = (!icmp_ln60)> <Delay = 1.36> <Core = "Cmp">   --->   Core 25 'Cmp' <Latency = 0> <II = 1> <Delay = 1.36> <FuncUnit> <Opcode : 'icmp'> <InPorts = 2> <OutPorts = 1>
ST_3 : Operation 80 [1/1] (0.00ns)   --->   "%trunc_ln708_48 = call i6 @_ssdm_op_PartSelect.i6.i14.i32.i32(i14 %tmp_data_V_46_6, i32 3, i32 8)" [firmware/nnet_utils/nnet_activation_stream.h:69]   --->   Operation 80 'partselect' 'trunc_ln708_48' <Predicate = (!icmp_ln60)> <Delay = 0.00>
ST_3 : Operation 81 [1/1] (0.00ns)   --->   "%tmp_194 = call i1 @_ssdm_op_BitSelect.i1.i14.i32(i14 %tmp_data_V_46_6, i32 2)" [firmware/nnet_utils/nnet_activation_stream.h:69]   --->   Operation 81 'bitselect' 'tmp_194' <Predicate = (!icmp_ln60)> <Delay = 0.00>
ST_3 : Operation 82 [1/1] (0.00ns)   --->   "%trunc_ln415_41 = call i5 @_ssdm_op_PartSelect.i5.i14.i32.i32(i14 %tmp_data_V_46_6, i32 3, i32 7)" [firmware/nnet_utils/nnet_activation_stream.h:69]   --->   Operation 82 'partselect' 'trunc_ln415_41' <Predicate = (!icmp_ln60)> <Delay = 0.00>
ST_3 : Operation 83 [1/1] (0.00ns)   --->   "%p_Result_23_6 = call i5 @_ssdm_op_PartSelect.i5.i14.i32.i32(i14 %tmp_data_V_46_6, i32 9, i32 13)" [firmware/nnet_utils/nnet_activation_stream.h:69]   --->   Operation 83 'partselect' 'p_Result_23_6' <Predicate = (!icmp_ln60)> <Delay = 0.00>
ST_3 : Operation 84 [1/1] (1.36ns)   --->   "%icmp_ln879_43 = icmp eq i5 %p_Result_23_6, -1" [firmware/nnet_utils/nnet_activation_stream.h:69]   --->   Operation 84 'icmp' 'icmp_ln879_43' <Predicate = (!icmp_ln60)> <Delay = 1.36> <Core = "Cmp">   --->   Core 25 'Cmp' <Latency = 0> <II = 1> <Delay = 1.36> <FuncUnit> <Opcode : 'icmp'> <InPorts = 2> <OutPorts = 1>
ST_3 : Operation 85 [1/1] (1.36ns)   --->   "%icmp_ln768_43 = icmp eq i5 %p_Result_23_6, 0" [firmware/nnet_utils/nnet_activation_stream.h:69]   --->   Operation 85 'icmp' 'icmp_ln768_43' <Predicate = (!icmp_ln60)> <Delay = 1.36> <Core = "Cmp">   --->   Core 25 'Cmp' <Latency = 0> <II = 1> <Delay = 1.36> <FuncUnit> <Opcode : 'icmp'> <InPorts = 2> <OutPorts = 1>
ST_3 : Operation 86 [1/1] (0.00ns)   --->   "%trunc_ln708_49 = call i6 @_ssdm_op_PartSelect.i6.i14.i32.i32(i14 %tmp_data_V_46_7, i32 3, i32 8)" [firmware/nnet_utils/nnet_activation_stream.h:69]   --->   Operation 86 'partselect' 'trunc_ln708_49' <Predicate = (!icmp_ln60)> <Delay = 0.00>
ST_3 : Operation 87 [1/1] (0.00ns)   --->   "%tmp_198 = call i1 @_ssdm_op_BitSelect.i1.i14.i32(i14 %tmp_data_V_46_7, i32 2)" [firmware/nnet_utils/nnet_activation_stream.h:69]   --->   Operation 87 'bitselect' 'tmp_198' <Predicate = (!icmp_ln60)> <Delay = 0.00>
ST_3 : Operation 88 [1/1] (0.00ns)   --->   "%trunc_ln415_42 = call i5 @_ssdm_op_PartSelect.i5.i14.i32.i32(i14 %tmp_data_V_46_7, i32 3, i32 7)" [firmware/nnet_utils/nnet_activation_stream.h:69]   --->   Operation 88 'partselect' 'trunc_ln415_42' <Predicate = (!icmp_ln60)> <Delay = 0.00>
ST_3 : Operation 89 [1/1] (0.00ns)   --->   "%p_Result_23_7 = call i5 @_ssdm_op_PartSelect.i5.i14.i32.i32(i14 %tmp_data_V_46_7, i32 9, i32 13)" [firmware/nnet_utils/nnet_activation_stream.h:69]   --->   Operation 89 'partselect' 'p_Result_23_7' <Predicate = (!icmp_ln60)> <Delay = 0.00>
ST_3 : Operation 90 [1/1] (1.36ns)   --->   "%icmp_ln879_44 = icmp eq i5 %p_Result_23_7, -1" [firmware/nnet_utils/nnet_activation_stream.h:69]   --->   Operation 90 'icmp' 'icmp_ln879_44' <Predicate = (!icmp_ln60)> <Delay = 1.36> <Core = "Cmp">   --->   Core 25 'Cmp' <Latency = 0> <II = 1> <Delay = 1.36> <FuncUnit> <Opcode : 'icmp'> <InPorts = 2> <OutPorts = 1>
ST_3 : Operation 91 [1/1] (1.36ns)   --->   "%icmp_ln768_44 = icmp eq i5 %p_Result_23_7, 0" [firmware/nnet_utils/nnet_activation_stream.h:69]   --->   Operation 91 'icmp' 'icmp_ln768_44' <Predicate = (!icmp_ln60)> <Delay = 1.36> <Core = "Cmp">   --->   Core 25 'Cmp' <Latency = 0> <II = 1> <Delay = 1.36> <FuncUnit> <Opcode : 'icmp'> <InPorts = 2> <OutPorts = 1>
ST_3 : Operation 92 [1/1] (0.00ns)   --->   "%trunc_ln708_50 = call i6 @_ssdm_op_PartSelect.i6.i14.i32.i32(i14 %tmp_data_V_46_8, i32 3, i32 8)" [firmware/nnet_utils/nnet_activation_stream.h:69]   --->   Operation 92 'partselect' 'trunc_ln708_50' <Predicate = (!icmp_ln60)> <Delay = 0.00>
ST_3 : Operation 93 [1/1] (0.00ns)   --->   "%tmp_202 = call i1 @_ssdm_op_BitSelect.i1.i14.i32(i14 %tmp_data_V_46_8, i32 2)" [firmware/nnet_utils/nnet_activation_stream.h:69]   --->   Operation 93 'bitselect' 'tmp_202' <Predicate = (!icmp_ln60)> <Delay = 0.00>
ST_3 : Operation 94 [1/1] (0.00ns)   --->   "%trunc_ln415_43 = call i5 @_ssdm_op_PartSelect.i5.i14.i32.i32(i14 %tmp_data_V_46_8, i32 3, i32 7)" [firmware/nnet_utils/nnet_activation_stream.h:69]   --->   Operation 94 'partselect' 'trunc_ln415_43' <Predicate = (!icmp_ln60)> <Delay = 0.00>
ST_3 : Operation 95 [1/1] (0.00ns)   --->   "%p_Result_23_8 = call i5 @_ssdm_op_PartSelect.i5.i14.i32.i32(i14 %tmp_data_V_46_8, i32 9, i32 13)" [firmware/nnet_utils/nnet_activation_stream.h:69]   --->   Operation 95 'partselect' 'p_Result_23_8' <Predicate = (!icmp_ln60)> <Delay = 0.00>
ST_3 : Operation 96 [1/1] (1.36ns)   --->   "%icmp_ln879_45 = icmp eq i5 %p_Result_23_8, -1" [firmware/nnet_utils/nnet_activation_stream.h:69]   --->   Operation 96 'icmp' 'icmp_ln879_45' <Predicate = (!icmp_ln60)> <Delay = 1.36> <Core = "Cmp">   --->   Core 25 'Cmp' <Latency = 0> <II = 1> <Delay = 1.36> <FuncUnit> <Opcode : 'icmp'> <InPorts = 2> <OutPorts = 1>
ST_3 : Operation 97 [1/1] (1.36ns)   --->   "%icmp_ln768_45 = icmp eq i5 %p_Result_23_8, 0" [firmware/nnet_utils/nnet_activation_stream.h:69]   --->   Operation 97 'icmp' 'icmp_ln768_45' <Predicate = (!icmp_ln60)> <Delay = 1.36> <Core = "Cmp">   --->   Core 25 'Cmp' <Latency = 0> <II = 1> <Delay = 1.36> <FuncUnit> <Opcode : 'icmp'> <InPorts = 2> <OutPorts = 1>
ST_3 : Operation 98 [1/1] (0.00ns)   --->   "%trunc_ln708_51 = call i6 @_ssdm_op_PartSelect.i6.i14.i32.i32(i14 %tmp_data_V_46_9, i32 3, i32 8)" [firmware/nnet_utils/nnet_activation_stream.h:69]   --->   Operation 98 'partselect' 'trunc_ln708_51' <Predicate = (!icmp_ln60)> <Delay = 0.00>
ST_3 : Operation 99 [1/1] (0.00ns)   --->   "%tmp_206 = call i1 @_ssdm_op_BitSelect.i1.i14.i32(i14 %tmp_data_V_46_9, i32 2)" [firmware/nnet_utils/nnet_activation_stream.h:69]   --->   Operation 99 'bitselect' 'tmp_206' <Predicate = (!icmp_ln60)> <Delay = 0.00>
ST_3 : Operation 100 [1/1] (0.00ns)   --->   "%trunc_ln415_44 = call i5 @_ssdm_op_PartSelect.i5.i14.i32.i32(i14 %tmp_data_V_46_9, i32 3, i32 7)" [firmware/nnet_utils/nnet_activation_stream.h:69]   --->   Operation 100 'partselect' 'trunc_ln415_44' <Predicate = (!icmp_ln60)> <Delay = 0.00>
ST_3 : Operation 101 [1/1] (0.00ns)   --->   "%p_Result_23_9 = call i5 @_ssdm_op_PartSelect.i5.i14.i32.i32(i14 %tmp_data_V_46_9, i32 9, i32 13)" [firmware/nnet_utils/nnet_activation_stream.h:69]   --->   Operation 101 'partselect' 'p_Result_23_9' <Predicate = (!icmp_ln60)> <Delay = 0.00>
ST_3 : Operation 102 [1/1] (1.36ns)   --->   "%icmp_ln879_46 = icmp eq i5 %p_Result_23_9, -1" [firmware/nnet_utils/nnet_activation_stream.h:69]   --->   Operation 102 'icmp' 'icmp_ln879_46' <Predicate = (!icmp_ln60)> <Delay = 1.36> <Core = "Cmp">   --->   Core 25 'Cmp' <Latency = 0> <II = 1> <Delay = 1.36> <FuncUnit> <Opcode : 'icmp'> <InPorts = 2> <OutPorts = 1>
ST_3 : Operation 103 [1/1] (1.36ns)   --->   "%icmp_ln768_46 = icmp eq i5 %p_Result_23_9, 0" [firmware/nnet_utils/nnet_activation_stream.h:69]   --->   Operation 103 'icmp' 'icmp_ln768_46' <Predicate = (!icmp_ln60)> <Delay = 1.36> <Core = "Cmp">   --->   Core 25 'Cmp' <Latency = 0> <II = 1> <Delay = 1.36> <FuncUnit> <Opcode : 'icmp'> <InPorts = 2> <OutPorts = 1>

State 4 <SV = 3> <Delay = 4.25>
ST_4 : Operation 104 [1/1] (2.20ns)   --->   "%icmp_ln1494 = icmp sgt i14 %tmp_data_V_46_0, 0" [firmware/nnet_utils/nnet_activation_stream.h:69]   --->   Operation 104 'icmp' 'icmp_ln1494' <Predicate = (!icmp_ln60)> <Delay = 2.20> <Core = "Cmp">   --->   Core 25 'Cmp' <Latency = 0> <II = 1> <Delay = 1.36> <FuncUnit> <Opcode : 'icmp'> <InPorts = 2> <OutPorts = 1>
ST_4 : Operation 105 [1/1] (0.00ns) (grouped into LUT with out node select_ln340)   --->   "%tmp_169 = call i1 @_ssdm_op_BitSelect.i1.i14.i32(i14 %tmp_data_V_46_0, i32 8)" [firmware/nnet_utils/nnet_activation_stream.h:69]   --->   Operation 105 'bitselect' 'tmp_169' <Predicate = (!icmp_ln60)> <Delay = 0.00>
ST_4 : Operation 106 [1/1] (0.00ns)   --->   "%zext_ln415 = zext i1 %tmp_170 to i6" [firmware/nnet_utils/nnet_activation_stream.h:69]   --->   Operation 106 'zext' 'zext_ln415' <Predicate = (!icmp_ln60)> <Delay = 0.00>
ST_4 : Operation 107 [1/1] (0.00ns)   --->   "%zext_ln415_55 = zext i1 %tmp_170 to i5" [firmware/nnet_utils/nnet_activation_stream.h:69]   --->   Operation 107 'zext' 'zext_ln415_55' <Predicate = (!icmp_ln60)> <Delay = 0.00>
ST_4 : Operation 108 [1/1] (1.82ns)   --->   "%add_ln415 = add i6 %trunc_ln, %zext_ln415" [firmware/nnet_utils/nnet_activation_stream.h:69]   --->   Operation 108 'add' 'add_ln415' <Predicate = (!icmp_ln60)> <Delay = 1.82> <Core = "AddSub">   --->   Core 14 'AddSub' <Latency = 0> <II = 1> <Delay = 1.78> <FuncUnit> <Opcode : 'add' 'sub'> <InPorts = 2> <OutPorts = 1>
ST_4 : Operation 109 [1/1] (1.78ns)   --->   "%add_ln416 = add i5 %trunc_ln415_s, %zext_ln415_55" [firmware/nnet_utils/nnet_activation_stream.h:69]   --->   Operation 109 'add' 'add_ln416' <Predicate = (!icmp_ln60)> <Delay = 1.78> <Core = "AddSub">   --->   Core 14 'AddSub' <Latency = 0> <II = 1> <Delay = 1.78> <FuncUnit> <Opcode : 'add' 'sub'> <InPorts = 2> <OutPorts = 1>
ST_4 : Operation 110 [1/1] (0.00ns) (grouped into LUT with out node select_ln340)   --->   "%tmp_171 = call i1 @_ssdm_op_BitSelect.i1.i6.i32(i6 %add_ln415, i32 5)" [firmware/nnet_utils/nnet_activation_stream.h:69]   --->   Operation 110 'bitselect' 'tmp_171' <Predicate = (!icmp_ln60)> <Delay = 0.00>
ST_4 : Operation 111 [1/1] (0.00ns) (grouped into LUT with out node select_ln340)   --->   "%xor_ln416 = xor i1 %tmp_171, true" [firmware/nnet_utils/nnet_activation_stream.h:69]   --->   Operation 111 'xor' 'xor_ln416' <Predicate = (!icmp_ln60)> <Delay = 0.00> <Core = "LogicGate">   --->   Core 27 'LogicGate' <Latency = 0> <II = 1> <Delay = 0.97> <FuncUnit> <Opcode : 'and' 'or' 'xor'> <InPorts = 2> <OutPorts = 1>
ST_4 : Operation 112 [1/1] (0.00ns) (grouped into LUT with out node select_ln340)   --->   "%and_ln416 = and i1 %tmp_169, %xor_ln416" [firmware/nnet_utils/nnet_activation_stream.h:69]   --->   Operation 112 'and' 'and_ln416' <Predicate = (!icmp_ln60)> <Delay = 0.00> <Core = "LogicGate">   --->   Core 27 'LogicGate' <Latency = 0> <II = 1> <Delay = 0.97> <FuncUnit> <Opcode : 'and' 'or' 'xor'> <InPorts = 2> <OutPorts = 1>
ST_4 : Operation 113 [1/1] (0.00ns) (grouped into LUT with out node select_ln340)   --->   "%tmp_172 = call i1 @_ssdm_op_BitSelect.i1.i6.i32(i6 %add_ln415, i32 5)" [firmware/nnet_utils/nnet_activation_stream.h:69]   --->   Operation 113 'bitselect' 'tmp_172' <Predicate = (!icmp_ln60)> <Delay = 0.00>
ST_4 : Operation 114 [1/1] (0.00ns) (grouped into LUT with out node select_ln340)   --->   "%select_ln777 = select i1 %and_ln416, i1 %icmp_ln879, i1 %icmp_ln768" [firmware/nnet_utils/nnet_activation_stream.h:69]   --->   Operation 114 'select' 'select_ln777' <Predicate = (!icmp_ln60)> <Delay = 0.00> <Core = "Sel">   --->   Core 26 'Sel' <Latency = 0> <II = 1> <Delay = 1.21> <FuncUnit> <Opcode : 'select'> <InPorts = 3> <OutPorts = 1>
ST_4 : Operation 115 [1/1] (0.00ns) (grouped into LUT with out node select_ln340)   --->   "%xor_ln785 = xor i1 %select_ln777, true" [firmware/nnet_utils/nnet_activation_stream.h:69]   --->   Operation 115 'xor' 'xor_ln785' <Predicate = (!icmp_ln60)> <Delay = 0.00> <Core = "LogicGate">   --->   Core 27 'LogicGate' <Latency = 0> <II = 1> <Delay = 0.97> <FuncUnit> <Opcode : 'and' 'or' 'xor'> <InPorts = 2> <OutPorts = 1>
ST_4 : Operation 116 [1/1] (0.00ns) (grouped into LUT with out node select_ln340)   --->   "%or_ln340 = or i1 %tmp_172, %xor_ln785" [firmware/nnet_utils/nnet_activation_stream.h:69]   --->   Operation 116 'or' 'or_ln340' <Predicate = (!icmp_ln60)> <Delay = 0.00> <Core = "LogicGate">   --->   Core 27 'LogicGate' <Latency = 0> <II = 1> <Delay = 0.97> <FuncUnit> <Opcode : 'and' 'or' 'xor'> <InPorts = 2> <OutPorts = 1>
ST_4 : Operation 117 [1/1] (1.21ns) (out node of the LUT)   --->   "%select_ln340 = select i1 %or_ln340, i5 -1, i5 %add_ln416" [firmware/nnet_utils/nnet_activation_stream.h:69]   --->   Operation 117 'select' 'select_ln340' <Predicate = (!icmp_ln60)> <Delay = 1.21> <Core = "Sel">   --->   Core 26 'Sel' <Latency = 0> <II = 1> <Delay = 1.21> <FuncUnit> <Opcode : 'select'> <InPorts = 3> <OutPorts = 1>
ST_4 : Operation 118 [1/1] (1.21ns) (out node of the LUT)   --->   "%tmp_data_0_V = select i1 %icmp_ln1494, i5 %select_ln340, i5 0" [firmware/nnet_utils/nnet_activation_stream.h:69]   --->   Operation 118 'select' 'tmp_data_0_V' <Predicate = (!icmp_ln60)> <Delay = 1.21> <Core = "Sel">   --->   Core 26 'Sel' <Latency = 0> <II = 1> <Delay = 1.21> <FuncUnit> <Opcode : 'select'> <InPorts = 3> <OutPorts = 1>
ST_4 : Operation 119 [1/1] (2.20ns)   --->   "%icmp_ln1494_1 = icmp sgt i14 %tmp_data_V_46_1, 0" [firmware/nnet_utils/nnet_activation_stream.h:69]   --->   Operation 119 'icmp' 'icmp_ln1494_1' <Predicate = (!icmp_ln60)> <Delay = 2.20> <Core = "Cmp">   --->   Core 25 'Cmp' <Latency = 0> <II = 1> <Delay = 1.36> <FuncUnit> <Opcode : 'icmp'> <InPorts = 2> <OutPorts = 1>
ST_4 : Operation 120 [1/1] (0.00ns) (grouped into LUT with out node select_ln340_1)   --->   "%tmp_173 = call i1 @_ssdm_op_BitSelect.i1.i14.i32(i14 %tmp_data_V_46_1, i32 8)" [firmware/nnet_utils/nnet_activation_stream.h:69]   --->   Operation 120 'bitselect' 'tmp_173' <Predicate = (!icmp_ln60)> <Delay = 0.00>
ST_4 : Operation 121 [1/1] (0.00ns)   --->   "%zext_ln415_38 = zext i1 %tmp_174 to i6" [firmware/nnet_utils/nnet_activation_stream.h:69]   --->   Operation 121 'zext' 'zext_ln415_38' <Predicate = (!icmp_ln60)> <Delay = 0.00>
ST_4 : Operation 122 [1/1] (0.00ns)   --->   "%zext_ln415_56 = zext i1 %tmp_174 to i5" [firmware/nnet_utils/nnet_activation_stream.h:69]   --->   Operation 122 'zext' 'zext_ln415_56' <Predicate = (!icmp_ln60)> <Delay = 0.00>
ST_4 : Operation 123 [1/1] (1.82ns)   --->   "%add_ln415_38 = add i6 %trunc_ln708_s, %zext_ln415_38" [firmware/nnet_utils/nnet_activation_stream.h:69]   --->   Operation 123 'add' 'add_ln415_38' <Predicate = (!icmp_ln60)> <Delay = 1.82> <Core = "AddSub">   --->   Core 14 'AddSub' <Latency = 0> <II = 1> <Delay = 1.78> <FuncUnit> <Opcode : 'add' 'sub'> <InPorts = 2> <OutPorts = 1>
ST_4 : Operation 124 [1/1] (1.78ns)   --->   "%add_ln416_38 = add i5 %trunc_ln415_36, %zext_ln415_56" [firmware/nnet_utils/nnet_activation_stream.h:69]   --->   Operation 124 'add' 'add_ln416_38' <Predicate = (!icmp_ln60)> <Delay = 1.78> <Core = "AddSub">   --->   Core 14 'AddSub' <Latency = 0> <II = 1> <Delay = 1.78> <FuncUnit> <Opcode : 'add' 'sub'> <InPorts = 2> <OutPorts = 1>
ST_4 : Operation 125 [1/1] (0.00ns) (grouped into LUT with out node select_ln340_1)   --->   "%tmp_175 = call i1 @_ssdm_op_BitSelect.i1.i6.i32(i6 %add_ln415_38, i32 5)" [firmware/nnet_utils/nnet_activation_stream.h:69]   --->   Operation 125 'bitselect' 'tmp_175' <Predicate = (!icmp_ln60)> <Delay = 0.00>
ST_4 : Operation 126 [1/1] (0.00ns) (grouped into LUT with out node select_ln340_1)   --->   "%xor_ln416_38 = xor i1 %tmp_175, true" [firmware/nnet_utils/nnet_activation_stream.h:69]   --->   Operation 126 'xor' 'xor_ln416_38' <Predicate = (!icmp_ln60)> <Delay = 0.00> <Core = "LogicGate">   --->   Core 27 'LogicGate' <Latency = 0> <II = 1> <Delay = 0.97> <FuncUnit> <Opcode : 'and' 'or' 'xor'> <InPorts = 2> <OutPorts = 1>
ST_4 : Operation 127 [1/1] (0.00ns) (grouped into LUT with out node select_ln340_1)   --->   "%and_ln416_38 = and i1 %tmp_173, %xor_ln416_38" [firmware/nnet_utils/nnet_activation_stream.h:69]   --->   Operation 127 'and' 'and_ln416_38' <Predicate = (!icmp_ln60)> <Delay = 0.00> <Core = "LogicGate">   --->   Core 27 'LogicGate' <Latency = 0> <II = 1> <Delay = 0.97> <FuncUnit> <Opcode : 'and' 'or' 'xor'> <InPorts = 2> <OutPorts = 1>
ST_4 : Operation 128 [1/1] (0.00ns) (grouped into LUT with out node select_ln340_1)   --->   "%tmp_176 = call i1 @_ssdm_op_BitSelect.i1.i6.i32(i6 %add_ln415_38, i32 5)" [firmware/nnet_utils/nnet_activation_stream.h:69]   --->   Operation 128 'bitselect' 'tmp_176' <Predicate = (!icmp_ln60)> <Delay = 0.00>
ST_4 : Operation 129 [1/1] (0.00ns) (grouped into LUT with out node select_ln340_1)   --->   "%select_ln777_38 = select i1 %and_ln416_38, i1 %icmp_ln879_38, i1 %icmp_ln768_38" [firmware/nnet_utils/nnet_activation_stream.h:69]   --->   Operation 129 'select' 'select_ln777_38' <Predicate = (!icmp_ln60)> <Delay = 0.00> <Core = "Sel">   --->   Core 26 'Sel' <Latency = 0> <II = 1> <Delay = 1.21> <FuncUnit> <Opcode : 'select'> <InPorts = 3> <OutPorts = 1>
ST_4 : Operation 130 [1/1] (0.00ns) (grouped into LUT with out node select_ln340_1)   --->   "%xor_ln785_1 = xor i1 %select_ln777_38, true" [firmware/nnet_utils/nnet_activation_stream.h:69]   --->   Operation 130 'xor' 'xor_ln785_1' <Predicate = (!icmp_ln60)> <Delay = 0.00> <Core = "LogicGate">   --->   Core 27 'LogicGate' <Latency = 0> <II = 1> <Delay = 0.97> <FuncUnit> <Opcode : 'and' 'or' 'xor'> <InPorts = 2> <OutPorts = 1>
ST_4 : Operation 131 [1/1] (0.00ns) (grouped into LUT with out node select_ln340_1)   --->   "%or_ln340_1 = or i1 %tmp_176, %xor_ln785_1" [firmware/nnet_utils/nnet_activation_stream.h:69]   --->   Operation 131 'or' 'or_ln340_1' <Predicate = (!icmp_ln60)> <Delay = 0.00> <Core = "LogicGate">   --->   Core 27 'LogicGate' <Latency = 0> <II = 1> <Delay = 0.97> <FuncUnit> <Opcode : 'and' 'or' 'xor'> <InPorts = 2> <OutPorts = 1>
ST_4 : Operation 132 [1/1] (1.21ns) (out node of the LUT)   --->   "%select_ln340_1 = select i1 %or_ln340_1, i5 -1, i5 %add_ln416_38" [firmware/nnet_utils/nnet_activation_stream.h:69]   --->   Operation 132 'select' 'select_ln340_1' <Predicate = (!icmp_ln60)> <Delay = 1.21> <Core = "Sel">   --->   Core 26 'Sel' <Latency = 0> <II = 1> <Delay = 1.21> <FuncUnit> <Opcode : 'select'> <InPorts = 3> <OutPorts = 1>
ST_4 : Operation 133 [1/1] (1.21ns) (out node of the LUT)   --->   "%tmp_data_1_V = select i1 %icmp_ln1494_1, i5 %select_ln340_1, i5 0" [firmware/nnet_utils/nnet_activation_stream.h:69]   --->   Operation 133 'select' 'tmp_data_1_V' <Predicate = (!icmp_ln60)> <Delay = 1.21> <Core = "Sel">   --->   Core 26 'Sel' <Latency = 0> <II = 1> <Delay = 1.21> <FuncUnit> <Opcode : 'select'> <InPorts = 3> <OutPorts = 1>
ST_4 : Operation 134 [1/1] (2.20ns)   --->   "%icmp_ln1494_2 = icmp sgt i14 %tmp_data_V_46_2, 0" [firmware/nnet_utils/nnet_activation_stream.h:69]   --->   Operation 134 'icmp' 'icmp_ln1494_2' <Predicate = (!icmp_ln60)> <Delay = 2.20> <Core = "Cmp">   --->   Core 25 'Cmp' <Latency = 0> <II = 1> <Delay = 1.36> <FuncUnit> <Opcode : 'icmp'> <InPorts = 2> <OutPorts = 1>
ST_4 : Operation 135 [1/1] (0.00ns) (grouped into LUT with out node select_ln340_2)   --->   "%tmp_177 = call i1 @_ssdm_op_BitSelect.i1.i14.i32(i14 %tmp_data_V_46_2, i32 8)" [firmware/nnet_utils/nnet_activation_stream.h:69]   --->   Operation 135 'bitselect' 'tmp_177' <Predicate = (!icmp_ln60)> <Delay = 0.00>
ST_4 : Operation 136 [1/1] (0.00ns)   --->   "%zext_ln415_39 = zext i1 %tmp_178 to i6" [firmware/nnet_utils/nnet_activation_stream.h:69]   --->   Operation 136 'zext' 'zext_ln415_39' <Predicate = (!icmp_ln60)> <Delay = 0.00>
ST_4 : Operation 137 [1/1] (0.00ns)   --->   "%zext_ln415_57 = zext i1 %tmp_178 to i5" [firmware/nnet_utils/nnet_activation_stream.h:69]   --->   Operation 137 'zext' 'zext_ln415_57' <Predicate = (!icmp_ln60)> <Delay = 0.00>
ST_4 : Operation 138 [1/1] (1.82ns)   --->   "%add_ln415_39 = add i6 %trunc_ln708_44, %zext_ln415_39" [firmware/nnet_utils/nnet_activation_stream.h:69]   --->   Operation 138 'add' 'add_ln415_39' <Predicate = (!icmp_ln60)> <Delay = 1.82> <Core = "AddSub">   --->   Core 14 'AddSub' <Latency = 0> <II = 1> <Delay = 1.78> <FuncUnit> <Opcode : 'add' 'sub'> <InPorts = 2> <OutPorts = 1>
ST_4 : Operation 139 [1/1] (1.78ns)   --->   "%add_ln416_39 = add i5 %trunc_ln415_37, %zext_ln415_57" [firmware/nnet_utils/nnet_activation_stream.h:69]   --->   Operation 139 'add' 'add_ln416_39' <Predicate = (!icmp_ln60)> <Delay = 1.78> <Core = "AddSub">   --->   Core 14 'AddSub' <Latency = 0> <II = 1> <Delay = 1.78> <FuncUnit> <Opcode : 'add' 'sub'> <InPorts = 2> <OutPorts = 1>
ST_4 : Operation 140 [1/1] (0.00ns) (grouped into LUT with out node select_ln340_2)   --->   "%tmp_179 = call i1 @_ssdm_op_BitSelect.i1.i6.i32(i6 %add_ln415_39, i32 5)" [firmware/nnet_utils/nnet_activation_stream.h:69]   --->   Operation 140 'bitselect' 'tmp_179' <Predicate = (!icmp_ln60)> <Delay = 0.00>
ST_4 : Operation 141 [1/1] (0.00ns) (grouped into LUT with out node select_ln340_2)   --->   "%xor_ln416_39 = xor i1 %tmp_179, true" [firmware/nnet_utils/nnet_activation_stream.h:69]   --->   Operation 141 'xor' 'xor_ln416_39' <Predicate = (!icmp_ln60)> <Delay = 0.00> <Core = "LogicGate">   --->   Core 27 'LogicGate' <Latency = 0> <II = 1> <Delay = 0.97> <FuncUnit> <Opcode : 'and' 'or' 'xor'> <InPorts = 2> <OutPorts = 1>
ST_4 : Operation 142 [1/1] (0.00ns) (grouped into LUT with out node select_ln340_2)   --->   "%and_ln416_39 = and i1 %tmp_177, %xor_ln416_39" [firmware/nnet_utils/nnet_activation_stream.h:69]   --->   Operation 142 'and' 'and_ln416_39' <Predicate = (!icmp_ln60)> <Delay = 0.00> <Core = "LogicGate">   --->   Core 27 'LogicGate' <Latency = 0> <II = 1> <Delay = 0.97> <FuncUnit> <Opcode : 'and' 'or' 'xor'> <InPorts = 2> <OutPorts = 1>
ST_4 : Operation 143 [1/1] (0.00ns) (grouped into LUT with out node select_ln340_2)   --->   "%tmp_180 = call i1 @_ssdm_op_BitSelect.i1.i6.i32(i6 %add_ln415_39, i32 5)" [firmware/nnet_utils/nnet_activation_stream.h:69]   --->   Operation 143 'bitselect' 'tmp_180' <Predicate = (!icmp_ln60)> <Delay = 0.00>
ST_4 : Operation 144 [1/1] (0.00ns) (grouped into LUT with out node select_ln340_2)   --->   "%select_ln777_39 = select i1 %and_ln416_39, i1 %icmp_ln879_39, i1 %icmp_ln768_39" [firmware/nnet_utils/nnet_activation_stream.h:69]   --->   Operation 144 'select' 'select_ln777_39' <Predicate = (!icmp_ln60)> <Delay = 0.00> <Core = "Sel">   --->   Core 26 'Sel' <Latency = 0> <II = 1> <Delay = 1.21> <FuncUnit> <Opcode : 'select'> <InPorts = 3> <OutPorts = 1>
ST_4 : Operation 145 [1/1] (0.00ns) (grouped into LUT with out node select_ln340_2)   --->   "%xor_ln785_2 = xor i1 %select_ln777_39, true" [firmware/nnet_utils/nnet_activation_stream.h:69]   --->   Operation 145 'xor' 'xor_ln785_2' <Predicate = (!icmp_ln60)> <Delay = 0.00> <Core = "LogicGate">   --->   Core 27 'LogicGate' <Latency = 0> <II = 1> <Delay = 0.97> <FuncUnit> <Opcode : 'and' 'or' 'xor'> <InPorts = 2> <OutPorts = 1>
ST_4 : Operation 146 [1/1] (0.00ns) (grouped into LUT with out node select_ln340_2)   --->   "%or_ln340_2 = or i1 %tmp_180, %xor_ln785_2" [firmware/nnet_utils/nnet_activation_stream.h:69]   --->   Operation 146 'or' 'or_ln340_2' <Predicate = (!icmp_ln60)> <Delay = 0.00> <Core = "LogicGate">   --->   Core 27 'LogicGate' <Latency = 0> <II = 1> <Delay = 0.97> <FuncUnit> <Opcode : 'and' 'or' 'xor'> <InPorts = 2> <OutPorts = 1>
ST_4 : Operation 147 [1/1] (1.21ns) (out node of the LUT)   --->   "%select_ln340_2 = select i1 %or_ln340_2, i5 -1, i5 %add_ln416_39" [firmware/nnet_utils/nnet_activation_stream.h:69]   --->   Operation 147 'select' 'select_ln340_2' <Predicate = (!icmp_ln60)> <Delay = 1.21> <Core = "Sel">   --->   Core 26 'Sel' <Latency = 0> <II = 1> <Delay = 1.21> <FuncUnit> <Opcode : 'select'> <InPorts = 3> <OutPorts = 1>
ST_4 : Operation 148 [1/1] (1.21ns) (out node of the LUT)   --->   "%tmp_data_2_V = select i1 %icmp_ln1494_2, i5 %select_ln340_2, i5 0" [firmware/nnet_utils/nnet_activation_stream.h:69]   --->   Operation 148 'select' 'tmp_data_2_V' <Predicate = (!icmp_ln60)> <Delay = 1.21> <Core = "Sel">   --->   Core 26 'Sel' <Latency = 0> <II = 1> <Delay = 1.21> <FuncUnit> <Opcode : 'select'> <InPorts = 3> <OutPorts = 1>
ST_4 : Operation 149 [1/1] (2.20ns)   --->   "%icmp_ln1494_3 = icmp sgt i14 %tmp_data_V_46_3, 0" [firmware/nnet_utils/nnet_activation_stream.h:69]   --->   Operation 149 'icmp' 'icmp_ln1494_3' <Predicate = (!icmp_ln60)> <Delay = 2.20> <Core = "Cmp">   --->   Core 25 'Cmp' <Latency = 0> <II = 1> <Delay = 1.36> <FuncUnit> <Opcode : 'icmp'> <InPorts = 2> <OutPorts = 1>
ST_4 : Operation 150 [1/1] (0.00ns) (grouped into LUT with out node select_ln340_3)   --->   "%tmp_181 = call i1 @_ssdm_op_BitSelect.i1.i14.i32(i14 %tmp_data_V_46_3, i32 8)" [firmware/nnet_utils/nnet_activation_stream.h:69]   --->   Operation 150 'bitselect' 'tmp_181' <Predicate = (!icmp_ln60)> <Delay = 0.00>
ST_4 : Operation 151 [1/1] (0.00ns)   --->   "%zext_ln415_40 = zext i1 %tmp_182 to i6" [firmware/nnet_utils/nnet_activation_stream.h:69]   --->   Operation 151 'zext' 'zext_ln415_40' <Predicate = (!icmp_ln60)> <Delay = 0.00>
ST_4 : Operation 152 [1/1] (0.00ns)   --->   "%zext_ln415_58 = zext i1 %tmp_182 to i5" [firmware/nnet_utils/nnet_activation_stream.h:69]   --->   Operation 152 'zext' 'zext_ln415_58' <Predicate = (!icmp_ln60)> <Delay = 0.00>
ST_4 : Operation 153 [1/1] (1.82ns)   --->   "%add_ln415_40 = add i6 %trunc_ln708_45, %zext_ln415_40" [firmware/nnet_utils/nnet_activation_stream.h:69]   --->   Operation 153 'add' 'add_ln415_40' <Predicate = (!icmp_ln60)> <Delay = 1.82> <Core = "AddSub">   --->   Core 14 'AddSub' <Latency = 0> <II = 1> <Delay = 1.78> <FuncUnit> <Opcode : 'add' 'sub'> <InPorts = 2> <OutPorts = 1>
ST_4 : Operation 154 [1/1] (1.78ns)   --->   "%add_ln416_40 = add i5 %trunc_ln415_38, %zext_ln415_58" [firmware/nnet_utils/nnet_activation_stream.h:69]   --->   Operation 154 'add' 'add_ln416_40' <Predicate = (!icmp_ln60)> <Delay = 1.78> <Core = "AddSub">   --->   Core 14 'AddSub' <Latency = 0> <II = 1> <Delay = 1.78> <FuncUnit> <Opcode : 'add' 'sub'> <InPorts = 2> <OutPorts = 1>
ST_4 : Operation 155 [1/1] (0.00ns) (grouped into LUT with out node select_ln340_3)   --->   "%tmp_183 = call i1 @_ssdm_op_BitSelect.i1.i6.i32(i6 %add_ln415_40, i32 5)" [firmware/nnet_utils/nnet_activation_stream.h:69]   --->   Operation 155 'bitselect' 'tmp_183' <Predicate = (!icmp_ln60)> <Delay = 0.00>
ST_4 : Operation 156 [1/1] (0.00ns) (grouped into LUT with out node select_ln340_3)   --->   "%xor_ln416_40 = xor i1 %tmp_183, true" [firmware/nnet_utils/nnet_activation_stream.h:69]   --->   Operation 156 'xor' 'xor_ln416_40' <Predicate = (!icmp_ln60)> <Delay = 0.00> <Core = "LogicGate">   --->   Core 27 'LogicGate' <Latency = 0> <II = 1> <Delay = 0.97> <FuncUnit> <Opcode : 'and' 'or' 'xor'> <InPorts = 2> <OutPorts = 1>
ST_4 : Operation 157 [1/1] (0.00ns) (grouped into LUT with out node select_ln340_3)   --->   "%and_ln416_40 = and i1 %tmp_181, %xor_ln416_40" [firmware/nnet_utils/nnet_activation_stream.h:69]   --->   Operation 157 'and' 'and_ln416_40' <Predicate = (!icmp_ln60)> <Delay = 0.00> <Core = "LogicGate">   --->   Core 27 'LogicGate' <Latency = 0> <II = 1> <Delay = 0.97> <FuncUnit> <Opcode : 'and' 'or' 'xor'> <InPorts = 2> <OutPorts = 1>
ST_4 : Operation 158 [1/1] (0.00ns) (grouped into LUT with out node select_ln340_3)   --->   "%tmp_184 = call i1 @_ssdm_op_BitSelect.i1.i6.i32(i6 %add_ln415_40, i32 5)" [firmware/nnet_utils/nnet_activation_stream.h:69]   --->   Operation 158 'bitselect' 'tmp_184' <Predicate = (!icmp_ln60)> <Delay = 0.00>
ST_4 : Operation 159 [1/1] (0.00ns) (grouped into LUT with out node select_ln340_3)   --->   "%select_ln777_40 = select i1 %and_ln416_40, i1 %icmp_ln879_40, i1 %icmp_ln768_40" [firmware/nnet_utils/nnet_activation_stream.h:69]   --->   Operation 159 'select' 'select_ln777_40' <Predicate = (!icmp_ln60)> <Delay = 0.00> <Core = "Sel">   --->   Core 26 'Sel' <Latency = 0> <II = 1> <Delay = 1.21> <FuncUnit> <Opcode : 'select'> <InPorts = 3> <OutPorts = 1>
ST_4 : Operation 160 [1/1] (0.00ns) (grouped into LUT with out node select_ln340_3)   --->   "%xor_ln785_3 = xor i1 %select_ln777_40, true" [firmware/nnet_utils/nnet_activation_stream.h:69]   --->   Operation 160 'xor' 'xor_ln785_3' <Predicate = (!icmp_ln60)> <Delay = 0.00> <Core = "LogicGate">   --->   Core 27 'LogicGate' <Latency = 0> <II = 1> <Delay = 0.97> <FuncUnit> <Opcode : 'and' 'or' 'xor'> <InPorts = 2> <OutPorts = 1>
ST_4 : Operation 161 [1/1] (0.00ns) (grouped into LUT with out node select_ln340_3)   --->   "%or_ln340_3 = or i1 %tmp_184, %xor_ln785_3" [firmware/nnet_utils/nnet_activation_stream.h:69]   --->   Operation 161 'or' 'or_ln340_3' <Predicate = (!icmp_ln60)> <Delay = 0.00> <Core = "LogicGate">   --->   Core 27 'LogicGate' <Latency = 0> <II = 1> <Delay = 0.97> <FuncUnit> <Opcode : 'and' 'or' 'xor'> <InPorts = 2> <OutPorts = 1>
ST_4 : Operation 162 [1/1] (1.21ns) (out node of the LUT)   --->   "%select_ln340_3 = select i1 %or_ln340_3, i5 -1, i5 %add_ln416_40" [firmware/nnet_utils/nnet_activation_stream.h:69]   --->   Operation 162 'select' 'select_ln340_3' <Predicate = (!icmp_ln60)> <Delay = 1.21> <Core = "Sel">   --->   Core 26 'Sel' <Latency = 0> <II = 1> <Delay = 1.21> <FuncUnit> <Opcode : 'select'> <InPorts = 3> <OutPorts = 1>
ST_4 : Operation 163 [1/1] (1.21ns) (out node of the LUT)   --->   "%tmp_data_3_V = select i1 %icmp_ln1494_3, i5 %select_ln340_3, i5 0" [firmware/nnet_utils/nnet_activation_stream.h:69]   --->   Operation 163 'select' 'tmp_data_3_V' <Predicate = (!icmp_ln60)> <Delay = 1.21> <Core = "Sel">   --->   Core 26 'Sel' <Latency = 0> <II = 1> <Delay = 1.21> <FuncUnit> <Opcode : 'select'> <InPorts = 3> <OutPorts = 1>
ST_4 : Operation 164 [1/1] (2.20ns)   --->   "%icmp_ln1494_4 = icmp sgt i14 %tmp_data_V_46_4, 0" [firmware/nnet_utils/nnet_activation_stream.h:69]   --->   Operation 164 'icmp' 'icmp_ln1494_4' <Predicate = (!icmp_ln60)> <Delay = 2.20> <Core = "Cmp">   --->   Core 25 'Cmp' <Latency = 0> <II = 1> <Delay = 1.36> <FuncUnit> <Opcode : 'icmp'> <InPorts = 2> <OutPorts = 1>
ST_4 : Operation 165 [1/1] (0.00ns) (grouped into LUT with out node select_ln340_4)   --->   "%tmp_185 = call i1 @_ssdm_op_BitSelect.i1.i14.i32(i14 %tmp_data_V_46_4, i32 8)" [firmware/nnet_utils/nnet_activation_stream.h:69]   --->   Operation 165 'bitselect' 'tmp_185' <Predicate = (!icmp_ln60)> <Delay = 0.00>
ST_4 : Operation 166 [1/1] (0.00ns)   --->   "%zext_ln415_41 = zext i1 %tmp_186 to i6" [firmware/nnet_utils/nnet_activation_stream.h:69]   --->   Operation 166 'zext' 'zext_ln415_41' <Predicate = (!icmp_ln60)> <Delay = 0.00>
ST_4 : Operation 167 [1/1] (0.00ns)   --->   "%zext_ln415_59 = zext i1 %tmp_186 to i5" [firmware/nnet_utils/nnet_activation_stream.h:69]   --->   Operation 167 'zext' 'zext_ln415_59' <Predicate = (!icmp_ln60)> <Delay = 0.00>
ST_4 : Operation 168 [1/1] (1.82ns)   --->   "%add_ln415_41 = add i6 %trunc_ln708_46, %zext_ln415_41" [firmware/nnet_utils/nnet_activation_stream.h:69]   --->   Operation 168 'add' 'add_ln415_41' <Predicate = (!icmp_ln60)> <Delay = 1.82> <Core = "AddSub">   --->   Core 14 'AddSub' <Latency = 0> <II = 1> <Delay = 1.78> <FuncUnit> <Opcode : 'add' 'sub'> <InPorts = 2> <OutPorts = 1>
ST_4 : Operation 169 [1/1] (1.78ns)   --->   "%add_ln416_41 = add i5 %trunc_ln415_39, %zext_ln415_59" [firmware/nnet_utils/nnet_activation_stream.h:69]   --->   Operation 169 'add' 'add_ln416_41' <Predicate = (!icmp_ln60)> <Delay = 1.78> <Core = "AddSub">   --->   Core 14 'AddSub' <Latency = 0> <II = 1> <Delay = 1.78> <FuncUnit> <Opcode : 'add' 'sub'> <InPorts = 2> <OutPorts = 1>
ST_4 : Operation 170 [1/1] (0.00ns) (grouped into LUT with out node select_ln340_4)   --->   "%tmp_187 = call i1 @_ssdm_op_BitSelect.i1.i6.i32(i6 %add_ln415_41, i32 5)" [firmware/nnet_utils/nnet_activation_stream.h:69]   --->   Operation 170 'bitselect' 'tmp_187' <Predicate = (!icmp_ln60)> <Delay = 0.00>
ST_4 : Operation 171 [1/1] (0.00ns) (grouped into LUT with out node select_ln340_4)   --->   "%xor_ln416_41 = xor i1 %tmp_187, true" [firmware/nnet_utils/nnet_activation_stream.h:69]   --->   Operation 171 'xor' 'xor_ln416_41' <Predicate = (!icmp_ln60)> <Delay = 0.00> <Core = "LogicGate">   --->   Core 27 'LogicGate' <Latency = 0> <II = 1> <Delay = 0.97> <FuncUnit> <Opcode : 'and' 'or' 'xor'> <InPorts = 2> <OutPorts = 1>
ST_4 : Operation 172 [1/1] (0.00ns) (grouped into LUT with out node select_ln340_4)   --->   "%and_ln416_41 = and i1 %tmp_185, %xor_ln416_41" [firmware/nnet_utils/nnet_activation_stream.h:69]   --->   Operation 172 'and' 'and_ln416_41' <Predicate = (!icmp_ln60)> <Delay = 0.00> <Core = "LogicGate">   --->   Core 27 'LogicGate' <Latency = 0> <II = 1> <Delay = 0.97> <FuncUnit> <Opcode : 'and' 'or' 'xor'> <InPorts = 2> <OutPorts = 1>
ST_4 : Operation 173 [1/1] (0.00ns) (grouped into LUT with out node select_ln340_4)   --->   "%tmp_188 = call i1 @_ssdm_op_BitSelect.i1.i6.i32(i6 %add_ln415_41, i32 5)" [firmware/nnet_utils/nnet_activation_stream.h:69]   --->   Operation 173 'bitselect' 'tmp_188' <Predicate = (!icmp_ln60)> <Delay = 0.00>
ST_4 : Operation 174 [1/1] (0.00ns) (grouped into LUT with out node select_ln340_4)   --->   "%select_ln777_41 = select i1 %and_ln416_41, i1 %icmp_ln879_41, i1 %icmp_ln768_41" [firmware/nnet_utils/nnet_activation_stream.h:69]   --->   Operation 174 'select' 'select_ln777_41' <Predicate = (!icmp_ln60)> <Delay = 0.00> <Core = "Sel">   --->   Core 26 'Sel' <Latency = 0> <II = 1> <Delay = 1.21> <FuncUnit> <Opcode : 'select'> <InPorts = 3> <OutPorts = 1>
ST_4 : Operation 175 [1/1] (0.00ns) (grouped into LUT with out node select_ln340_4)   --->   "%xor_ln785_4 = xor i1 %select_ln777_41, true" [firmware/nnet_utils/nnet_activation_stream.h:69]   --->   Operation 175 'xor' 'xor_ln785_4' <Predicate = (!icmp_ln60)> <Delay = 0.00> <Core = "LogicGate">   --->   Core 27 'LogicGate' <Latency = 0> <II = 1> <Delay = 0.97> <FuncUnit> <Opcode : 'and' 'or' 'xor'> <InPorts = 2> <OutPorts = 1>
ST_4 : Operation 176 [1/1] (0.00ns) (grouped into LUT with out node select_ln340_4)   --->   "%or_ln340_4 = or i1 %tmp_188, %xor_ln785_4" [firmware/nnet_utils/nnet_activation_stream.h:69]   --->   Operation 176 'or' 'or_ln340_4' <Predicate = (!icmp_ln60)> <Delay = 0.00> <Core = "LogicGate">   --->   Core 27 'LogicGate' <Latency = 0> <II = 1> <Delay = 0.97> <FuncUnit> <Opcode : 'and' 'or' 'xor'> <InPorts = 2> <OutPorts = 1>
ST_4 : Operation 177 [1/1] (1.21ns) (out node of the LUT)   --->   "%select_ln340_4 = select i1 %or_ln340_4, i5 -1, i5 %add_ln416_41" [firmware/nnet_utils/nnet_activation_stream.h:69]   --->   Operation 177 'select' 'select_ln340_4' <Predicate = (!icmp_ln60)> <Delay = 1.21> <Core = "Sel">   --->   Core 26 'Sel' <Latency = 0> <II = 1> <Delay = 1.21> <FuncUnit> <Opcode : 'select'> <InPorts = 3> <OutPorts = 1>
ST_4 : Operation 178 [1/1] (1.21ns) (out node of the LUT)   --->   "%tmp_data_4_V = select i1 %icmp_ln1494_4, i5 %select_ln340_4, i5 0" [firmware/nnet_utils/nnet_activation_stream.h:69]   --->   Operation 178 'select' 'tmp_data_4_V' <Predicate = (!icmp_ln60)> <Delay = 1.21> <Core = "Sel">   --->   Core 26 'Sel' <Latency = 0> <II = 1> <Delay = 1.21> <FuncUnit> <Opcode : 'select'> <InPorts = 3> <OutPorts = 1>
ST_4 : Operation 179 [1/1] (2.20ns)   --->   "%icmp_ln1494_5 = icmp sgt i14 %tmp_data_V_46_5, 0" [firmware/nnet_utils/nnet_activation_stream.h:69]   --->   Operation 179 'icmp' 'icmp_ln1494_5' <Predicate = (!icmp_ln60)> <Delay = 2.20> <Core = "Cmp">   --->   Core 25 'Cmp' <Latency = 0> <II = 1> <Delay = 1.36> <FuncUnit> <Opcode : 'icmp'> <InPorts = 2> <OutPorts = 1>
ST_4 : Operation 180 [1/1] (0.00ns) (grouped into LUT with out node select_ln340_5)   --->   "%tmp_189 = call i1 @_ssdm_op_BitSelect.i1.i14.i32(i14 %tmp_data_V_46_5, i32 8)" [firmware/nnet_utils/nnet_activation_stream.h:69]   --->   Operation 180 'bitselect' 'tmp_189' <Predicate = (!icmp_ln60)> <Delay = 0.00>
ST_4 : Operation 181 [1/1] (0.00ns)   --->   "%zext_ln415_42 = zext i1 %tmp_190 to i6" [firmware/nnet_utils/nnet_activation_stream.h:69]   --->   Operation 181 'zext' 'zext_ln415_42' <Predicate = (!icmp_ln60)> <Delay = 0.00>
ST_4 : Operation 182 [1/1] (0.00ns)   --->   "%zext_ln415_60 = zext i1 %tmp_190 to i5" [firmware/nnet_utils/nnet_activation_stream.h:69]   --->   Operation 182 'zext' 'zext_ln415_60' <Predicate = (!icmp_ln60)> <Delay = 0.00>
ST_4 : Operation 183 [1/1] (1.82ns)   --->   "%add_ln415_42 = add i6 %trunc_ln708_47, %zext_ln415_42" [firmware/nnet_utils/nnet_activation_stream.h:69]   --->   Operation 183 'add' 'add_ln415_42' <Predicate = (!icmp_ln60)> <Delay = 1.82> <Core = "AddSub">   --->   Core 14 'AddSub' <Latency = 0> <II = 1> <Delay = 1.78> <FuncUnit> <Opcode : 'add' 'sub'> <InPorts = 2> <OutPorts = 1>
ST_4 : Operation 184 [1/1] (1.78ns)   --->   "%add_ln416_42 = add i5 %trunc_ln415_40, %zext_ln415_60" [firmware/nnet_utils/nnet_activation_stream.h:69]   --->   Operation 184 'add' 'add_ln416_42' <Predicate = (!icmp_ln60)> <Delay = 1.78> <Core = "AddSub">   --->   Core 14 'AddSub' <Latency = 0> <II = 1> <Delay = 1.78> <FuncUnit> <Opcode : 'add' 'sub'> <InPorts = 2> <OutPorts = 1>
ST_4 : Operation 185 [1/1] (0.00ns) (grouped into LUT with out node select_ln340_5)   --->   "%tmp_191 = call i1 @_ssdm_op_BitSelect.i1.i6.i32(i6 %add_ln415_42, i32 5)" [firmware/nnet_utils/nnet_activation_stream.h:69]   --->   Operation 185 'bitselect' 'tmp_191' <Predicate = (!icmp_ln60)> <Delay = 0.00>
ST_4 : Operation 186 [1/1] (0.00ns) (grouped into LUT with out node select_ln340_5)   --->   "%xor_ln416_42 = xor i1 %tmp_191, true" [firmware/nnet_utils/nnet_activation_stream.h:69]   --->   Operation 186 'xor' 'xor_ln416_42' <Predicate = (!icmp_ln60)> <Delay = 0.00> <Core = "LogicGate">   --->   Core 27 'LogicGate' <Latency = 0> <II = 1> <Delay = 0.97> <FuncUnit> <Opcode : 'and' 'or' 'xor'> <InPorts = 2> <OutPorts = 1>
ST_4 : Operation 187 [1/1] (0.00ns) (grouped into LUT with out node select_ln340_5)   --->   "%and_ln416_42 = and i1 %tmp_189, %xor_ln416_42" [firmware/nnet_utils/nnet_activation_stream.h:69]   --->   Operation 187 'and' 'and_ln416_42' <Predicate = (!icmp_ln60)> <Delay = 0.00> <Core = "LogicGate">   --->   Core 27 'LogicGate' <Latency = 0> <II = 1> <Delay = 0.97> <FuncUnit> <Opcode : 'and' 'or' 'xor'> <InPorts = 2> <OutPorts = 1>
ST_4 : Operation 188 [1/1] (0.00ns) (grouped into LUT with out node select_ln340_5)   --->   "%tmp_192 = call i1 @_ssdm_op_BitSelect.i1.i6.i32(i6 %add_ln415_42, i32 5)" [firmware/nnet_utils/nnet_activation_stream.h:69]   --->   Operation 188 'bitselect' 'tmp_192' <Predicate = (!icmp_ln60)> <Delay = 0.00>
ST_4 : Operation 189 [1/1] (0.00ns) (grouped into LUT with out node select_ln340_5)   --->   "%select_ln777_42 = select i1 %and_ln416_42, i1 %icmp_ln879_42, i1 %icmp_ln768_42" [firmware/nnet_utils/nnet_activation_stream.h:69]   --->   Operation 189 'select' 'select_ln777_42' <Predicate = (!icmp_ln60)> <Delay = 0.00> <Core = "Sel">   --->   Core 26 'Sel' <Latency = 0> <II = 1> <Delay = 1.21> <FuncUnit> <Opcode : 'select'> <InPorts = 3> <OutPorts = 1>
ST_4 : Operation 190 [1/1] (0.00ns) (grouped into LUT with out node select_ln340_5)   --->   "%xor_ln785_5 = xor i1 %select_ln777_42, true" [firmware/nnet_utils/nnet_activation_stream.h:69]   --->   Operation 190 'xor' 'xor_ln785_5' <Predicate = (!icmp_ln60)> <Delay = 0.00> <Core = "LogicGate">   --->   Core 27 'LogicGate' <Latency = 0> <II = 1> <Delay = 0.97> <FuncUnit> <Opcode : 'and' 'or' 'xor'> <InPorts = 2> <OutPorts = 1>
ST_4 : Operation 191 [1/1] (0.00ns) (grouped into LUT with out node select_ln340_5)   --->   "%or_ln340_5 = or i1 %tmp_192, %xor_ln785_5" [firmware/nnet_utils/nnet_activation_stream.h:69]   --->   Operation 191 'or' 'or_ln340_5' <Predicate = (!icmp_ln60)> <Delay = 0.00> <Core = "LogicGate">   --->   Core 27 'LogicGate' <Latency = 0> <II = 1> <Delay = 0.97> <FuncUnit> <Opcode : 'and' 'or' 'xor'> <InPorts = 2> <OutPorts = 1>
ST_4 : Operation 192 [1/1] (1.21ns) (out node of the LUT)   --->   "%select_ln340_5 = select i1 %or_ln340_5, i5 -1, i5 %add_ln416_42" [firmware/nnet_utils/nnet_activation_stream.h:69]   --->   Operation 192 'select' 'select_ln340_5' <Predicate = (!icmp_ln60)> <Delay = 1.21> <Core = "Sel">   --->   Core 26 'Sel' <Latency = 0> <II = 1> <Delay = 1.21> <FuncUnit> <Opcode : 'select'> <InPorts = 3> <OutPorts = 1>
ST_4 : Operation 193 [1/1] (1.21ns) (out node of the LUT)   --->   "%tmp_data_5_V = select i1 %icmp_ln1494_5, i5 %select_ln340_5, i5 0" [firmware/nnet_utils/nnet_activation_stream.h:69]   --->   Operation 193 'select' 'tmp_data_5_V' <Predicate = (!icmp_ln60)> <Delay = 1.21> <Core = "Sel">   --->   Core 26 'Sel' <Latency = 0> <II = 1> <Delay = 1.21> <FuncUnit> <Opcode : 'select'> <InPorts = 3> <OutPorts = 1>
ST_4 : Operation 194 [1/1] (2.20ns)   --->   "%icmp_ln1494_6 = icmp sgt i14 %tmp_data_V_46_6, 0" [firmware/nnet_utils/nnet_activation_stream.h:69]   --->   Operation 194 'icmp' 'icmp_ln1494_6' <Predicate = (!icmp_ln60)> <Delay = 2.20> <Core = "Cmp">   --->   Core 25 'Cmp' <Latency = 0> <II = 1> <Delay = 1.36> <FuncUnit> <Opcode : 'icmp'> <InPorts = 2> <OutPorts = 1>
ST_4 : Operation 195 [1/1] (0.00ns) (grouped into LUT with out node select_ln340_6)   --->   "%tmp_193 = call i1 @_ssdm_op_BitSelect.i1.i14.i32(i14 %tmp_data_V_46_6, i32 8)" [firmware/nnet_utils/nnet_activation_stream.h:69]   --->   Operation 195 'bitselect' 'tmp_193' <Predicate = (!icmp_ln60)> <Delay = 0.00>
ST_4 : Operation 196 [1/1] (0.00ns)   --->   "%zext_ln415_43 = zext i1 %tmp_194 to i6" [firmware/nnet_utils/nnet_activation_stream.h:69]   --->   Operation 196 'zext' 'zext_ln415_43' <Predicate = (!icmp_ln60)> <Delay = 0.00>
ST_4 : Operation 197 [1/1] (0.00ns)   --->   "%zext_ln415_61 = zext i1 %tmp_194 to i5" [firmware/nnet_utils/nnet_activation_stream.h:69]   --->   Operation 197 'zext' 'zext_ln415_61' <Predicate = (!icmp_ln60)> <Delay = 0.00>
ST_4 : Operation 198 [1/1] (1.82ns)   --->   "%add_ln415_43 = add i6 %trunc_ln708_48, %zext_ln415_43" [firmware/nnet_utils/nnet_activation_stream.h:69]   --->   Operation 198 'add' 'add_ln415_43' <Predicate = (!icmp_ln60)> <Delay = 1.82> <Core = "AddSub">   --->   Core 14 'AddSub' <Latency = 0> <II = 1> <Delay = 1.78> <FuncUnit> <Opcode : 'add' 'sub'> <InPorts = 2> <OutPorts = 1>
ST_4 : Operation 199 [1/1] (1.78ns)   --->   "%add_ln416_43 = add i5 %trunc_ln415_41, %zext_ln415_61" [firmware/nnet_utils/nnet_activation_stream.h:69]   --->   Operation 199 'add' 'add_ln416_43' <Predicate = (!icmp_ln60)> <Delay = 1.78> <Core = "AddSub">   --->   Core 14 'AddSub' <Latency = 0> <II = 1> <Delay = 1.78> <FuncUnit> <Opcode : 'add' 'sub'> <InPorts = 2> <OutPorts = 1>
ST_4 : Operation 200 [1/1] (0.00ns) (grouped into LUT with out node select_ln340_6)   --->   "%tmp_195 = call i1 @_ssdm_op_BitSelect.i1.i6.i32(i6 %add_ln415_43, i32 5)" [firmware/nnet_utils/nnet_activation_stream.h:69]   --->   Operation 200 'bitselect' 'tmp_195' <Predicate = (!icmp_ln60)> <Delay = 0.00>
ST_4 : Operation 201 [1/1] (0.00ns) (grouped into LUT with out node select_ln340_6)   --->   "%xor_ln416_43 = xor i1 %tmp_195, true" [firmware/nnet_utils/nnet_activation_stream.h:69]   --->   Operation 201 'xor' 'xor_ln416_43' <Predicate = (!icmp_ln60)> <Delay = 0.00> <Core = "LogicGate">   --->   Core 27 'LogicGate' <Latency = 0> <II = 1> <Delay = 0.97> <FuncUnit> <Opcode : 'and' 'or' 'xor'> <InPorts = 2> <OutPorts = 1>
ST_4 : Operation 202 [1/1] (0.00ns) (grouped into LUT with out node select_ln340_6)   --->   "%and_ln416_43 = and i1 %tmp_193, %xor_ln416_43" [firmware/nnet_utils/nnet_activation_stream.h:69]   --->   Operation 202 'and' 'and_ln416_43' <Predicate = (!icmp_ln60)> <Delay = 0.00> <Core = "LogicGate">   --->   Core 27 'LogicGate' <Latency = 0> <II = 1> <Delay = 0.97> <FuncUnit> <Opcode : 'and' 'or' 'xor'> <InPorts = 2> <OutPorts = 1>
ST_4 : Operation 203 [1/1] (0.00ns) (grouped into LUT with out node select_ln340_6)   --->   "%tmp_196 = call i1 @_ssdm_op_BitSelect.i1.i6.i32(i6 %add_ln415_43, i32 5)" [firmware/nnet_utils/nnet_activation_stream.h:69]   --->   Operation 203 'bitselect' 'tmp_196' <Predicate = (!icmp_ln60)> <Delay = 0.00>
ST_4 : Operation 204 [1/1] (0.00ns) (grouped into LUT with out node select_ln340_6)   --->   "%select_ln777_43 = select i1 %and_ln416_43, i1 %icmp_ln879_43, i1 %icmp_ln768_43" [firmware/nnet_utils/nnet_activation_stream.h:69]   --->   Operation 204 'select' 'select_ln777_43' <Predicate = (!icmp_ln60)> <Delay = 0.00> <Core = "Sel">   --->   Core 26 'Sel' <Latency = 0> <II = 1> <Delay = 1.21> <FuncUnit> <Opcode : 'select'> <InPorts = 3> <OutPorts = 1>
ST_4 : Operation 205 [1/1] (0.00ns) (grouped into LUT with out node select_ln340_6)   --->   "%xor_ln785_6 = xor i1 %select_ln777_43, true" [firmware/nnet_utils/nnet_activation_stream.h:69]   --->   Operation 205 'xor' 'xor_ln785_6' <Predicate = (!icmp_ln60)> <Delay = 0.00> <Core = "LogicGate">   --->   Core 27 'LogicGate' <Latency = 0> <II = 1> <Delay = 0.97> <FuncUnit> <Opcode : 'and' 'or' 'xor'> <InPorts = 2> <OutPorts = 1>
ST_4 : Operation 206 [1/1] (0.00ns) (grouped into LUT with out node select_ln340_6)   --->   "%or_ln340_6 = or i1 %tmp_196, %xor_ln785_6" [firmware/nnet_utils/nnet_activation_stream.h:69]   --->   Operation 206 'or' 'or_ln340_6' <Predicate = (!icmp_ln60)> <Delay = 0.00> <Core = "LogicGate">   --->   Core 27 'LogicGate' <Latency = 0> <II = 1> <Delay = 0.97> <FuncUnit> <Opcode : 'and' 'or' 'xor'> <InPorts = 2> <OutPorts = 1>
ST_4 : Operation 207 [1/1] (1.21ns) (out node of the LUT)   --->   "%select_ln340_6 = select i1 %or_ln340_6, i5 -1, i5 %add_ln416_43" [firmware/nnet_utils/nnet_activation_stream.h:69]   --->   Operation 207 'select' 'select_ln340_6' <Predicate = (!icmp_ln60)> <Delay = 1.21> <Core = "Sel">   --->   Core 26 'Sel' <Latency = 0> <II = 1> <Delay = 1.21> <FuncUnit> <Opcode : 'select'> <InPorts = 3> <OutPorts = 1>
ST_4 : Operation 208 [1/1] (1.21ns) (out node of the LUT)   --->   "%tmp_data_6_V = select i1 %icmp_ln1494_6, i5 %select_ln340_6, i5 0" [firmware/nnet_utils/nnet_activation_stream.h:69]   --->   Operation 208 'select' 'tmp_data_6_V' <Predicate = (!icmp_ln60)> <Delay = 1.21> <Core = "Sel">   --->   Core 26 'Sel' <Latency = 0> <II = 1> <Delay = 1.21> <FuncUnit> <Opcode : 'select'> <InPorts = 3> <OutPorts = 1>
ST_4 : Operation 209 [1/1] (2.20ns)   --->   "%icmp_ln1494_7 = icmp sgt i14 %tmp_data_V_46_7, 0" [firmware/nnet_utils/nnet_activation_stream.h:69]   --->   Operation 209 'icmp' 'icmp_ln1494_7' <Predicate = (!icmp_ln60)> <Delay = 2.20> <Core = "Cmp">   --->   Core 25 'Cmp' <Latency = 0> <II = 1> <Delay = 1.36> <FuncUnit> <Opcode : 'icmp'> <InPorts = 2> <OutPorts = 1>
ST_4 : Operation 210 [1/1] (0.00ns) (grouped into LUT with out node select_ln340_7)   --->   "%tmp_197 = call i1 @_ssdm_op_BitSelect.i1.i14.i32(i14 %tmp_data_V_46_7, i32 8)" [firmware/nnet_utils/nnet_activation_stream.h:69]   --->   Operation 210 'bitselect' 'tmp_197' <Predicate = (!icmp_ln60)> <Delay = 0.00>
ST_4 : Operation 211 [1/1] (0.00ns)   --->   "%zext_ln415_44 = zext i1 %tmp_198 to i6" [firmware/nnet_utils/nnet_activation_stream.h:69]   --->   Operation 211 'zext' 'zext_ln415_44' <Predicate = (!icmp_ln60)> <Delay = 0.00>
ST_4 : Operation 212 [1/1] (0.00ns)   --->   "%zext_ln415_62 = zext i1 %tmp_198 to i5" [firmware/nnet_utils/nnet_activation_stream.h:69]   --->   Operation 212 'zext' 'zext_ln415_62' <Predicate = (!icmp_ln60)> <Delay = 0.00>
ST_4 : Operation 213 [1/1] (1.82ns)   --->   "%add_ln415_44 = add i6 %trunc_ln708_49, %zext_ln415_44" [firmware/nnet_utils/nnet_activation_stream.h:69]   --->   Operation 213 'add' 'add_ln415_44' <Predicate = (!icmp_ln60)> <Delay = 1.82> <Core = "AddSub">   --->   Core 14 'AddSub' <Latency = 0> <II = 1> <Delay = 1.78> <FuncUnit> <Opcode : 'add' 'sub'> <InPorts = 2> <OutPorts = 1>
ST_4 : Operation 214 [1/1] (1.78ns)   --->   "%add_ln416_44 = add i5 %trunc_ln415_42, %zext_ln415_62" [firmware/nnet_utils/nnet_activation_stream.h:69]   --->   Operation 214 'add' 'add_ln416_44' <Predicate = (!icmp_ln60)> <Delay = 1.78> <Core = "AddSub">   --->   Core 14 'AddSub' <Latency = 0> <II = 1> <Delay = 1.78> <FuncUnit> <Opcode : 'add' 'sub'> <InPorts = 2> <OutPorts = 1>
ST_4 : Operation 215 [1/1] (0.00ns) (grouped into LUT with out node select_ln340_7)   --->   "%tmp_199 = call i1 @_ssdm_op_BitSelect.i1.i6.i32(i6 %add_ln415_44, i32 5)" [firmware/nnet_utils/nnet_activation_stream.h:69]   --->   Operation 215 'bitselect' 'tmp_199' <Predicate = (!icmp_ln60)> <Delay = 0.00>
ST_4 : Operation 216 [1/1] (0.00ns) (grouped into LUT with out node select_ln340_7)   --->   "%xor_ln416_44 = xor i1 %tmp_199, true" [firmware/nnet_utils/nnet_activation_stream.h:69]   --->   Operation 216 'xor' 'xor_ln416_44' <Predicate = (!icmp_ln60)> <Delay = 0.00> <Core = "LogicGate">   --->   Core 27 'LogicGate' <Latency = 0> <II = 1> <Delay = 0.97> <FuncUnit> <Opcode : 'and' 'or' 'xor'> <InPorts = 2> <OutPorts = 1>
ST_4 : Operation 217 [1/1] (0.00ns) (grouped into LUT with out node select_ln340_7)   --->   "%and_ln416_44 = and i1 %tmp_197, %xor_ln416_44" [firmware/nnet_utils/nnet_activation_stream.h:69]   --->   Operation 217 'and' 'and_ln416_44' <Predicate = (!icmp_ln60)> <Delay = 0.00> <Core = "LogicGate">   --->   Core 27 'LogicGate' <Latency = 0> <II = 1> <Delay = 0.97> <FuncUnit> <Opcode : 'and' 'or' 'xor'> <InPorts = 2> <OutPorts = 1>
ST_4 : Operation 218 [1/1] (0.00ns) (grouped into LUT with out node select_ln340_7)   --->   "%tmp_200 = call i1 @_ssdm_op_BitSelect.i1.i6.i32(i6 %add_ln415_44, i32 5)" [firmware/nnet_utils/nnet_activation_stream.h:69]   --->   Operation 218 'bitselect' 'tmp_200' <Predicate = (!icmp_ln60)> <Delay = 0.00>
ST_4 : Operation 219 [1/1] (0.00ns) (grouped into LUT with out node select_ln340_7)   --->   "%select_ln777_44 = select i1 %and_ln416_44, i1 %icmp_ln879_44, i1 %icmp_ln768_44" [firmware/nnet_utils/nnet_activation_stream.h:69]   --->   Operation 219 'select' 'select_ln777_44' <Predicate = (!icmp_ln60)> <Delay = 0.00> <Core = "Sel">   --->   Core 26 'Sel' <Latency = 0> <II = 1> <Delay = 1.21> <FuncUnit> <Opcode : 'select'> <InPorts = 3> <OutPorts = 1>
ST_4 : Operation 220 [1/1] (0.00ns) (grouped into LUT with out node select_ln340_7)   --->   "%xor_ln785_7 = xor i1 %select_ln777_44, true" [firmware/nnet_utils/nnet_activation_stream.h:69]   --->   Operation 220 'xor' 'xor_ln785_7' <Predicate = (!icmp_ln60)> <Delay = 0.00> <Core = "LogicGate">   --->   Core 27 'LogicGate' <Latency = 0> <II = 1> <Delay = 0.97> <FuncUnit> <Opcode : 'and' 'or' 'xor'> <InPorts = 2> <OutPorts = 1>
ST_4 : Operation 221 [1/1] (0.00ns) (grouped into LUT with out node select_ln340_7)   --->   "%or_ln340_7 = or i1 %tmp_200, %xor_ln785_7" [firmware/nnet_utils/nnet_activation_stream.h:69]   --->   Operation 221 'or' 'or_ln340_7' <Predicate = (!icmp_ln60)> <Delay = 0.00> <Core = "LogicGate">   --->   Core 27 'LogicGate' <Latency = 0> <II = 1> <Delay = 0.97> <FuncUnit> <Opcode : 'and' 'or' 'xor'> <InPorts = 2> <OutPorts = 1>
ST_4 : Operation 222 [1/1] (1.21ns) (out node of the LUT)   --->   "%select_ln340_7 = select i1 %or_ln340_7, i5 -1, i5 %add_ln416_44" [firmware/nnet_utils/nnet_activation_stream.h:69]   --->   Operation 222 'select' 'select_ln340_7' <Predicate = (!icmp_ln60)> <Delay = 1.21> <Core = "Sel">   --->   Core 26 'Sel' <Latency = 0> <II = 1> <Delay = 1.21> <FuncUnit> <Opcode : 'select'> <InPorts = 3> <OutPorts = 1>
ST_4 : Operation 223 [1/1] (1.21ns) (out node of the LUT)   --->   "%tmp_data_7_V = select i1 %icmp_ln1494_7, i5 %select_ln340_7, i5 0" [firmware/nnet_utils/nnet_activation_stream.h:69]   --->   Operation 223 'select' 'tmp_data_7_V' <Predicate = (!icmp_ln60)> <Delay = 1.21> <Core = "Sel">   --->   Core 26 'Sel' <Latency = 0> <II = 1> <Delay = 1.21> <FuncUnit> <Opcode : 'select'> <InPorts = 3> <OutPorts = 1>
ST_4 : Operation 224 [1/1] (2.20ns)   --->   "%icmp_ln1494_8 = icmp sgt i14 %tmp_data_V_46_8, 0" [firmware/nnet_utils/nnet_activation_stream.h:69]   --->   Operation 224 'icmp' 'icmp_ln1494_8' <Predicate = (!icmp_ln60)> <Delay = 2.20> <Core = "Cmp">   --->   Core 25 'Cmp' <Latency = 0> <II = 1> <Delay = 1.36> <FuncUnit> <Opcode : 'icmp'> <InPorts = 2> <OutPorts = 1>
ST_4 : Operation 225 [1/1] (0.00ns) (grouped into LUT with out node select_ln340_8)   --->   "%tmp_201 = call i1 @_ssdm_op_BitSelect.i1.i14.i32(i14 %tmp_data_V_46_8, i32 8)" [firmware/nnet_utils/nnet_activation_stream.h:69]   --->   Operation 225 'bitselect' 'tmp_201' <Predicate = (!icmp_ln60)> <Delay = 0.00>
ST_4 : Operation 226 [1/1] (0.00ns)   --->   "%zext_ln415_45 = zext i1 %tmp_202 to i6" [firmware/nnet_utils/nnet_activation_stream.h:69]   --->   Operation 226 'zext' 'zext_ln415_45' <Predicate = (!icmp_ln60)> <Delay = 0.00>
ST_4 : Operation 227 [1/1] (0.00ns)   --->   "%zext_ln415_63 = zext i1 %tmp_202 to i5" [firmware/nnet_utils/nnet_activation_stream.h:69]   --->   Operation 227 'zext' 'zext_ln415_63' <Predicate = (!icmp_ln60)> <Delay = 0.00>
ST_4 : Operation 228 [1/1] (1.82ns)   --->   "%add_ln415_45 = add i6 %trunc_ln708_50, %zext_ln415_45" [firmware/nnet_utils/nnet_activation_stream.h:69]   --->   Operation 228 'add' 'add_ln415_45' <Predicate = (!icmp_ln60)> <Delay = 1.82> <Core = "AddSub">   --->   Core 14 'AddSub' <Latency = 0> <II = 1> <Delay = 1.78> <FuncUnit> <Opcode : 'add' 'sub'> <InPorts = 2> <OutPorts = 1>
ST_4 : Operation 229 [1/1] (1.78ns)   --->   "%add_ln416_45 = add i5 %trunc_ln415_43, %zext_ln415_63" [firmware/nnet_utils/nnet_activation_stream.h:69]   --->   Operation 229 'add' 'add_ln416_45' <Predicate = (!icmp_ln60)> <Delay = 1.78> <Core = "AddSub">   --->   Core 14 'AddSub' <Latency = 0> <II = 1> <Delay = 1.78> <FuncUnit> <Opcode : 'add' 'sub'> <InPorts = 2> <OutPorts = 1>
ST_4 : Operation 230 [1/1] (0.00ns) (grouped into LUT with out node select_ln340_8)   --->   "%tmp_203 = call i1 @_ssdm_op_BitSelect.i1.i6.i32(i6 %add_ln415_45, i32 5)" [firmware/nnet_utils/nnet_activation_stream.h:69]   --->   Operation 230 'bitselect' 'tmp_203' <Predicate = (!icmp_ln60)> <Delay = 0.00>
ST_4 : Operation 231 [1/1] (0.00ns) (grouped into LUT with out node select_ln340_8)   --->   "%xor_ln416_45 = xor i1 %tmp_203, true" [firmware/nnet_utils/nnet_activation_stream.h:69]   --->   Operation 231 'xor' 'xor_ln416_45' <Predicate = (!icmp_ln60)> <Delay = 0.00> <Core = "LogicGate">   --->   Core 27 'LogicGate' <Latency = 0> <II = 1> <Delay = 0.97> <FuncUnit> <Opcode : 'and' 'or' 'xor'> <InPorts = 2> <OutPorts = 1>
ST_4 : Operation 232 [1/1] (0.00ns) (grouped into LUT with out node select_ln340_8)   --->   "%and_ln416_45 = and i1 %tmp_201, %xor_ln416_45" [firmware/nnet_utils/nnet_activation_stream.h:69]   --->   Operation 232 'and' 'and_ln416_45' <Predicate = (!icmp_ln60)> <Delay = 0.00> <Core = "LogicGate">   --->   Core 27 'LogicGate' <Latency = 0> <II = 1> <Delay = 0.97> <FuncUnit> <Opcode : 'and' 'or' 'xor'> <InPorts = 2> <OutPorts = 1>
ST_4 : Operation 233 [1/1] (0.00ns) (grouped into LUT with out node select_ln340_8)   --->   "%tmp_204 = call i1 @_ssdm_op_BitSelect.i1.i6.i32(i6 %add_ln415_45, i32 5)" [firmware/nnet_utils/nnet_activation_stream.h:69]   --->   Operation 233 'bitselect' 'tmp_204' <Predicate = (!icmp_ln60)> <Delay = 0.00>
ST_4 : Operation 234 [1/1] (0.00ns) (grouped into LUT with out node select_ln340_8)   --->   "%select_ln777_45 = select i1 %and_ln416_45, i1 %icmp_ln879_45, i1 %icmp_ln768_45" [firmware/nnet_utils/nnet_activation_stream.h:69]   --->   Operation 234 'select' 'select_ln777_45' <Predicate = (!icmp_ln60)> <Delay = 0.00> <Core = "Sel">   --->   Core 26 'Sel' <Latency = 0> <II = 1> <Delay = 1.21> <FuncUnit> <Opcode : 'select'> <InPorts = 3> <OutPorts = 1>
ST_4 : Operation 235 [1/1] (0.00ns) (grouped into LUT with out node select_ln340_8)   --->   "%xor_ln785_8 = xor i1 %select_ln777_45, true" [firmware/nnet_utils/nnet_activation_stream.h:69]   --->   Operation 235 'xor' 'xor_ln785_8' <Predicate = (!icmp_ln60)> <Delay = 0.00> <Core = "LogicGate">   --->   Core 27 'LogicGate' <Latency = 0> <II = 1> <Delay = 0.97> <FuncUnit> <Opcode : 'and' 'or' 'xor'> <InPorts = 2> <OutPorts = 1>
ST_4 : Operation 236 [1/1] (0.00ns) (grouped into LUT with out node select_ln340_8)   --->   "%or_ln340_8 = or i1 %tmp_204, %xor_ln785_8" [firmware/nnet_utils/nnet_activation_stream.h:69]   --->   Operation 236 'or' 'or_ln340_8' <Predicate = (!icmp_ln60)> <Delay = 0.00> <Core = "LogicGate">   --->   Core 27 'LogicGate' <Latency = 0> <II = 1> <Delay = 0.97> <FuncUnit> <Opcode : 'and' 'or' 'xor'> <InPorts = 2> <OutPorts = 1>
ST_4 : Operation 237 [1/1] (1.21ns) (out node of the LUT)   --->   "%select_ln340_8 = select i1 %or_ln340_8, i5 -1, i5 %add_ln416_45" [firmware/nnet_utils/nnet_activation_stream.h:69]   --->   Operation 237 'select' 'select_ln340_8' <Predicate = (!icmp_ln60)> <Delay = 1.21> <Core = "Sel">   --->   Core 26 'Sel' <Latency = 0> <II = 1> <Delay = 1.21> <FuncUnit> <Opcode : 'select'> <InPorts = 3> <OutPorts = 1>
ST_4 : Operation 238 [1/1] (1.21ns) (out node of the LUT)   --->   "%tmp_data_8_V = select i1 %icmp_ln1494_8, i5 %select_ln340_8, i5 0" [firmware/nnet_utils/nnet_activation_stream.h:69]   --->   Operation 238 'select' 'tmp_data_8_V' <Predicate = (!icmp_ln60)> <Delay = 1.21> <Core = "Sel">   --->   Core 26 'Sel' <Latency = 0> <II = 1> <Delay = 1.21> <FuncUnit> <Opcode : 'select'> <InPorts = 3> <OutPorts = 1>
ST_4 : Operation 239 [1/1] (2.20ns)   --->   "%icmp_ln1494_9 = icmp sgt i14 %tmp_data_V_46_9, 0" [firmware/nnet_utils/nnet_activation_stream.h:69]   --->   Operation 239 'icmp' 'icmp_ln1494_9' <Predicate = (!icmp_ln60)> <Delay = 2.20> <Core = "Cmp">   --->   Core 25 'Cmp' <Latency = 0> <II = 1> <Delay = 1.36> <FuncUnit> <Opcode : 'icmp'> <InPorts = 2> <OutPorts = 1>
ST_4 : Operation 240 [1/1] (0.00ns) (grouped into LUT with out node select_ln340_9)   --->   "%tmp_205 = call i1 @_ssdm_op_BitSelect.i1.i14.i32(i14 %tmp_data_V_46_9, i32 8)" [firmware/nnet_utils/nnet_activation_stream.h:69]   --->   Operation 240 'bitselect' 'tmp_205' <Predicate = (!icmp_ln60)> <Delay = 0.00>
ST_4 : Operation 241 [1/1] (0.00ns)   --->   "%zext_ln415_46 = zext i1 %tmp_206 to i6" [firmware/nnet_utils/nnet_activation_stream.h:69]   --->   Operation 241 'zext' 'zext_ln415_46' <Predicate = (!icmp_ln60)> <Delay = 0.00>
ST_4 : Operation 242 [1/1] (0.00ns)   --->   "%zext_ln415_64 = zext i1 %tmp_206 to i5" [firmware/nnet_utils/nnet_activation_stream.h:69]   --->   Operation 242 'zext' 'zext_ln415_64' <Predicate = (!icmp_ln60)> <Delay = 0.00>
ST_4 : Operation 243 [1/1] (1.82ns)   --->   "%add_ln415_46 = add i6 %trunc_ln708_51, %zext_ln415_46" [firmware/nnet_utils/nnet_activation_stream.h:69]   --->   Operation 243 'add' 'add_ln415_46' <Predicate = (!icmp_ln60)> <Delay = 1.82> <Core = "AddSub">   --->   Core 14 'AddSub' <Latency = 0> <II = 1> <Delay = 1.78> <FuncUnit> <Opcode : 'add' 'sub'> <InPorts = 2> <OutPorts = 1>
ST_4 : Operation 244 [1/1] (1.78ns)   --->   "%add_ln416_46 = add i5 %trunc_ln415_44, %zext_ln415_64" [firmware/nnet_utils/nnet_activation_stream.h:69]   --->   Operation 244 'add' 'add_ln416_46' <Predicate = (!icmp_ln60)> <Delay = 1.78> <Core = "AddSub">   --->   Core 14 'AddSub' <Latency = 0> <II = 1> <Delay = 1.78> <FuncUnit> <Opcode : 'add' 'sub'> <InPorts = 2> <OutPorts = 1>
ST_4 : Operation 245 [1/1] (0.00ns) (grouped into LUT with out node select_ln340_9)   --->   "%tmp_207 = call i1 @_ssdm_op_BitSelect.i1.i6.i32(i6 %add_ln415_46, i32 5)" [firmware/nnet_utils/nnet_activation_stream.h:69]   --->   Operation 245 'bitselect' 'tmp_207' <Predicate = (!icmp_ln60)> <Delay = 0.00>
ST_4 : Operation 246 [1/1] (0.00ns) (grouped into LUT with out node select_ln340_9)   --->   "%xor_ln416_46 = xor i1 %tmp_207, true" [firmware/nnet_utils/nnet_activation_stream.h:69]   --->   Operation 246 'xor' 'xor_ln416_46' <Predicate = (!icmp_ln60)> <Delay = 0.00> <Core = "LogicGate">   --->   Core 27 'LogicGate' <Latency = 0> <II = 1> <Delay = 0.97> <FuncUnit> <Opcode : 'and' 'or' 'xor'> <InPorts = 2> <OutPorts = 1>
ST_4 : Operation 247 [1/1] (0.00ns) (grouped into LUT with out node select_ln340_9)   --->   "%and_ln416_46 = and i1 %tmp_205, %xor_ln416_46" [firmware/nnet_utils/nnet_activation_stream.h:69]   --->   Operation 247 'and' 'and_ln416_46' <Predicate = (!icmp_ln60)> <Delay = 0.00> <Core = "LogicGate">   --->   Core 27 'LogicGate' <Latency = 0> <II = 1> <Delay = 0.97> <FuncUnit> <Opcode : 'and' 'or' 'xor'> <InPorts = 2> <OutPorts = 1>
ST_4 : Operation 248 [1/1] (0.00ns) (grouped into LUT with out node select_ln340_9)   --->   "%tmp_208 = call i1 @_ssdm_op_BitSelect.i1.i6.i32(i6 %add_ln415_46, i32 5)" [firmware/nnet_utils/nnet_activation_stream.h:69]   --->   Operation 248 'bitselect' 'tmp_208' <Predicate = (!icmp_ln60)> <Delay = 0.00>
ST_4 : Operation 249 [1/1] (0.00ns) (grouped into LUT with out node select_ln340_9)   --->   "%select_ln777_46 = select i1 %and_ln416_46, i1 %icmp_ln879_46, i1 %icmp_ln768_46" [firmware/nnet_utils/nnet_activation_stream.h:69]   --->   Operation 249 'select' 'select_ln777_46' <Predicate = (!icmp_ln60)> <Delay = 0.00> <Core = "Sel">   --->   Core 26 'Sel' <Latency = 0> <II = 1> <Delay = 1.21> <FuncUnit> <Opcode : 'select'> <InPorts = 3> <OutPorts = 1>
ST_4 : Operation 250 [1/1] (0.00ns) (grouped into LUT with out node select_ln340_9)   --->   "%xor_ln785_9 = xor i1 %select_ln777_46, true" [firmware/nnet_utils/nnet_activation_stream.h:69]   --->   Operation 250 'xor' 'xor_ln785_9' <Predicate = (!icmp_ln60)> <Delay = 0.00> <Core = "LogicGate">   --->   Core 27 'LogicGate' <Latency = 0> <II = 1> <Delay = 0.97> <FuncUnit> <Opcode : 'and' 'or' 'xor'> <InPorts = 2> <OutPorts = 1>
ST_4 : Operation 251 [1/1] (0.00ns) (grouped into LUT with out node select_ln340_9)   --->   "%or_ln340_9 = or i1 %tmp_208, %xor_ln785_9" [firmware/nnet_utils/nnet_activation_stream.h:69]   --->   Operation 251 'or' 'or_ln340_9' <Predicate = (!icmp_ln60)> <Delay = 0.00> <Core = "LogicGate">   --->   Core 27 'LogicGate' <Latency = 0> <II = 1> <Delay = 0.97> <FuncUnit> <Opcode : 'and' 'or' 'xor'> <InPorts = 2> <OutPorts = 1>
ST_4 : Operation 252 [1/1] (1.21ns) (out node of the LUT)   --->   "%select_ln340_9 = select i1 %or_ln340_9, i5 -1, i5 %add_ln416_46" [firmware/nnet_utils/nnet_activation_stream.h:69]   --->   Operation 252 'select' 'select_ln340_9' <Predicate = (!icmp_ln60)> <Delay = 1.21> <Core = "Sel">   --->   Core 26 'Sel' <Latency = 0> <II = 1> <Delay = 1.21> <FuncUnit> <Opcode : 'select'> <InPorts = 3> <OutPorts = 1>
ST_4 : Operation 253 [1/1] (1.21ns) (out node of the LUT)   --->   "%tmp_data_9_V = select i1 %icmp_ln1494_9, i5 %select_ln340_9, i5 0" [firmware/nnet_utils/nnet_activation_stream.h:69]   --->   Operation 253 'select' 'tmp_data_9_V' <Predicate = (!icmp_ln60)> <Delay = 1.21> <Core = "Sel">   --->   Core 26 'Sel' <Latency = 0> <II = 1> <Delay = 1.21> <FuncUnit> <Opcode : 'select'> <InPorts = 3> <OutPorts = 1>

State 5 <SV = 4> <Delay = 2.18>
ST_5 : Operation 254 [1/1] (0.00ns)   --->   "call void (...)* @_ssdm_op_SpecLoopName([12 x i8]* @p_str68) nounwind" [firmware/nnet_utils/nnet_activation_stream.h:60]   --->   Operation 254 'specloopname' <Predicate = (!icmp_ln60)> <Delay = 0.00>
ST_5 : Operation 255 [1/1] (0.00ns)   --->   "%tmp = call i32 (...)* @_ssdm_op_SpecRegionBegin([12 x i8]* @p_str68)" [firmware/nnet_utils/nnet_activation_stream.h:60]   --->   Operation 255 'specregionbegin' 'tmp' <Predicate = (!icmp_ln60)> <Delay = 0.00>
ST_5 : Operation 256 [1/1] (0.00ns)   --->   "call void (...)* @_ssdm_op_SpecPipeline(i32 -1, i32 1, i32 1, i32 0, [1 x i8]* @p_str24) nounwind" [firmware/nnet_utils/nnet_activation_stream.h:61]   --->   Operation 256 'specpipeline' <Predicate = (!icmp_ln60)> <Delay = 0.00>
ST_5 : Operation 257 [1/1] (0.00ns)   --->   "%zext_ln1494 = zext i5 %tmp_data_0_V to i6" [firmware/nnet_utils/nnet_activation_stream.h:69]   --->   Operation 257 'zext' 'zext_ln1494' <Predicate = (!icmp_ln60)> <Delay = 0.00>
ST_5 : Operation 258 [1/1] (0.00ns)   --->   "%zext_ln1494_19 = zext i5 %tmp_data_1_V to i6" [firmware/nnet_utils/nnet_activation_stream.h:69]   --->   Operation 258 'zext' 'zext_ln1494_19' <Predicate = (!icmp_ln60)> <Delay = 0.00>
ST_5 : Operation 259 [1/1] (0.00ns)   --->   "%zext_ln1494_20 = zext i5 %tmp_data_2_V to i6" [firmware/nnet_utils/nnet_activation_stream.h:69]   --->   Operation 259 'zext' 'zext_ln1494_20' <Predicate = (!icmp_ln60)> <Delay = 0.00>
ST_5 : Operation 260 [1/1] (0.00ns)   --->   "%zext_ln1494_21 = zext i5 %tmp_data_3_V to i6" [firmware/nnet_utils/nnet_activation_stream.h:69]   --->   Operation 260 'zext' 'zext_ln1494_21' <Predicate = (!icmp_ln60)> <Delay = 0.00>
ST_5 : Operation 261 [1/1] (0.00ns)   --->   "%zext_ln1494_22 = zext i5 %tmp_data_4_V to i6" [firmware/nnet_utils/nnet_activation_stream.h:69]   --->   Operation 261 'zext' 'zext_ln1494_22' <Predicate = (!icmp_ln60)> <Delay = 0.00>
ST_5 : Operation 262 [1/1] (0.00ns)   --->   "%zext_ln1494_23 = zext i5 %tmp_data_5_V to i6" [firmware/nnet_utils/nnet_activation_stream.h:69]   --->   Operation 262 'zext' 'zext_ln1494_23' <Predicate = (!icmp_ln60)> <Delay = 0.00>
ST_5 : Operation 263 [1/1] (0.00ns)   --->   "%zext_ln1494_24 = zext i5 %tmp_data_6_V to i6" [firmware/nnet_utils/nnet_activation_stream.h:69]   --->   Operation 263 'zext' 'zext_ln1494_24' <Predicate = (!icmp_ln60)> <Delay = 0.00>
ST_5 : Operation 264 [1/1] (0.00ns)   --->   "%zext_ln1494_25 = zext i5 %tmp_data_7_V to i6" [firmware/nnet_utils/nnet_activation_stream.h:69]   --->   Operation 264 'zext' 'zext_ln1494_25' <Predicate = (!icmp_ln60)> <Delay = 0.00>
ST_5 : Operation 265 [1/1] (0.00ns)   --->   "%zext_ln1494_26 = zext i5 %tmp_data_8_V to i6" [firmware/nnet_utils/nnet_activation_stream.h:69]   --->   Operation 265 'zext' 'zext_ln1494_26' <Predicate = (!icmp_ln60)> <Delay = 0.00>
ST_5 : Operation 266 [1/1] (0.00ns)   --->   "%zext_ln1494_27 = zext i5 %tmp_data_9_V to i6" [firmware/nnet_utils/nnet_activation_stream.h:69]   --->   Operation 266 'zext' 'zext_ln1494_27' <Predicate = (!icmp_ln60)> <Delay = 0.00>
ST_5 : Operation 267 [1/1] (2.18ns)   --->   "call void @_ssdm_op_Write.ap_fifo.volatile.i6P.i6P.i6P.i6P.i6P.i6P.i6P.i6P.i6P.i6P(i6* %res_V_data_0_V, i6* %res_V_data_1_V, i6* %res_V_data_2_V, i6* %res_V_data_3_V, i6* %res_V_data_4_V, i6* %res_V_data_5_V, i6* %res_V_data_6_V, i6* %res_V_data_7_V, i6* %res_V_data_8_V, i6* %res_V_data_9_V, i6 %zext_ln1494, i6 %zext_ln1494_19, i6 %zext_ln1494_20, i6 %zext_ln1494_21, i6 %zext_ln1494_22, i6 %zext_ln1494_23, i6 %zext_ln1494_24, i6 %zext_ln1494_25, i6 %zext_ln1494_26, i6 %zext_ln1494_27)" [firmware/nnet_utils/nnet_activation_stream.h:73]   --->   Operation 267 'write' <Predicate = (!icmp_ln60)> <Delay = 2.18> <Core = "FIFO">   --->   Core 32 'FIFO' <Latency = 0> <II = 1> <Delay = 3.63> <Storage> <Opcode : 'read' 'write' 'nbread' 'nbwrite'> <Ports = 0> <Width = 6> <Depth = 3> <FIFO>
ST_5 : Operation 268 [1/1] (0.00ns)   --->   "%empty_83 = call i32 (...)* @_ssdm_op_SpecRegionEnd([12 x i8]* @p_str68, i32 %tmp)" [firmware/nnet_utils/nnet_activation_stream.h:74]   --->   Operation 268 'specregionend' 'empty_83' <Predicate = (!icmp_ln60)> <Delay = 0.00>
ST_5 : Operation 269 [1/1] (0.00ns)   --->   "br label %1" [firmware/nnet_utils/nnet_activation_stream.h:60]   --->   Operation 269 'br' <Predicate = (!icmp_ln60)> <Delay = 0.00>

State 6 <SV = 2> <Delay = 0.00>
ST_6 : Operation 270 [1/1] (0.00ns)   --->   "ret void" [firmware/nnet_utils/nnet_activation_stream.h:75]   --->   Operation 270 'ret' <Predicate = true> <Delay = 0.00>


============================================================
+ Verbose Summary: Timing violations
============================================================
Target clock period: 5ns, clock uncertainty: 0.625ns.

 <State 1>: 1.77ns
The critical path consists of the following:
	multiplexor before 'phi' operation ('i') with incoming values : ('i', firmware/nnet_utils/nnet_activation_stream.h:60) [43]  (1.77 ns)

 <State 2>: 1.99ns
The critical path consists of the following:
	'phi' operation ('i') with incoming values : ('i', firmware/nnet_utils/nnet_activation_stream.h:60) [43]  (0 ns)
	'icmp' operation ('icmp_ln60', firmware/nnet_utils/nnet_activation_stream.h:60) [44]  (1.99 ns)

 <State 3>: 3.55ns
The critical path consists of the following:
	fifo read on port 'data_V_data_0_V' (firmware/nnet_utils/nnet_activation_stream.h:63) [52]  (2.19 ns)
	'icmp' operation ('icmp_ln879', firmware/nnet_utils/nnet_activation_stream.h:69) [77]  (1.36 ns)

 <State 4>: 4.25ns
The critical path consists of the following:
	'add' operation ('add_ln415', firmware/nnet_utils/nnet_activation_stream.h:69) [70]  (1.83 ns)
	'or' operation ('or_ln340', firmware/nnet_utils/nnet_activation_stream.h:69) [81]  (0 ns)
	'select' operation ('select_ln340', firmware/nnet_utils/nnet_activation_stream.h:69) [82]  (1.22 ns)
	'select' operation ('tmp.data[0].V', firmware/nnet_utils/nnet_activation_stream.h:69) [83]  (1.22 ns)

 <State 5>: 2.19ns
The critical path consists of the following:
	fifo write on port 'res_V_data_0_V' (firmware/nnet_utils/nnet_activation_stream.h:73) [283]  (2.19 ns)

 <State 6>: 0ns
The critical path consists of the following:


============================================================
+ Verbose Summary: Binding
============================================================
N/A
* FSMD analyzer results:
  - Output states:
 - Input state : 
  - Chain level:
	State 1
	State 2
	State 3
	State 4
	State 5
	State 6


============================================================
+ Verbose Summary: Datapath Resource usage 
============================================================
N/A
