

================================================================
== Vivado HLS Report for 'relu_array_array_ap_fixed_8u_relu_config4_s'
================================================================
* Date:           Sun Nov 14 10:19:41 2021

* Version:        2019.1 (Build 2552052 on Fri May 24 15:28:33 MDT 2019)
* Project:        myproject_prj
* Solution:       solution1
* Product family: zynq
* Target device:  xc7z020-clg400-1


================================================================
== Performance Estimates
================================================================
+ Timing (ns): 
    * Summary: 
    +--------+-------+----------+------------+
    |  Clock | Target| Estimated| Uncertainty|
    +--------+-------+----------+------------+
    |ap_clk  |   5.00|     4.255|        0.62|
    +--------+-------+----------+------------+

+ Latency (clock cycles): 
    * Summary: 
    +------+------+------+------+---------+
    |   Latency   |   Interval  | Pipeline|
    |  min |  max |  min |  max |   Type  |
    +------+------+------+------+---------+
    |  8196|  8196|  8196|  8196|   none  |
    +------+------+------+------+---------+

    + Detail: 
        * Instance: 
        N/A

        * Loop: 
        +---------------+------+------+----------+-----------+-----------+------+----------+
        |               |   Latency   | Iteration|  Initiation Interval  | Trip |          |
        |   Loop Name   |  min |  max |  Latency |  achieved |   target  | Count| Pipelined|
        +---------------+------+------+----------+-----------+-----------+------+----------+
        |- ReLUActLoop  |  8194|  8194|         4|          1|          1|  8192|    yes   |
        +---------------+------+------+----------+-----------+-----------+------+----------+

============================================================
+ Verbose Summary: Synthesis Manager
============================================================
InlineROM: 1
ExposeGlobal: 0
============================================================
+ Verbose Summary: CDFG Model
============================================================
IsTopModel: 0
ResetActiveHigh: 1
IsCombinational: 2
IsDatapathOnly: 0
HasWiredReturn: 1
HasMFsm: 0
HasVarLatency: 1
IsPipeline: 0
IsRtlPipelined: 0
IsInstanceOverlapped: 0
IsDontTouch: 0
HasImplIP: 0
IsGatedGlobalClock: 0

+ Individual pipeline summary: 
  * Pipeline-0: initiation interval (II) = 1, depth = 4


============================================================
+ Verbose Summary: Schedule
============================================================
* Number of FSM states : 6
* Pipeline : 1
  Pipeline-0 : II = 1, D = 4, States = { 2 3 4 5 }
* Dataflow Pipeline: 0

* FSM state transitions: 
1 --> 2 
2 --> 6 3 
3 --> 4 
4 --> 5 
5 --> 2 
6 --> 

* FSM state operations: 

State 1 <SV = 0> <Delay = 1.76>
ST_1 : Operation 7 [1/1] (0.00ns)   --->   "call void (...)* @_ssdm_op_SpecInterface(i6* %res_V_data_7_V, [8 x i8]* @ap_fifo_str, i32 0, i32 0, [1 x i8]* @p_str, i32 0, i32 0, [1 x i8]* @p_str, [1 x i8]* @p_str, [1 x i8]* @p_str, i32 2, i32 2, i32 16, i32 16, [1 x i8]* @p_str, [1 x i8]* @p_str)"   --->   Operation 7 'specinterface' <Predicate = true> <Delay = 0.00>
ST_1 : Operation 8 [1/1] (0.00ns)   --->   "call void (...)* @_ssdm_op_SpecInterface(i6* %res_V_data_6_V, [8 x i8]* @ap_fifo_str, i32 0, i32 0, [1 x i8]* @p_str, i32 0, i32 0, [1 x i8]* @p_str, [1 x i8]* @p_str, [1 x i8]* @p_str, i32 2, i32 2, i32 16, i32 16, [1 x i8]* @p_str, [1 x i8]* @p_str)"   --->   Operation 8 'specinterface' <Predicate = true> <Delay = 0.00>
ST_1 : Operation 9 [1/1] (0.00ns)   --->   "call void (...)* @_ssdm_op_SpecInterface(i6* %res_V_data_5_V, [8 x i8]* @ap_fifo_str, i32 0, i32 0, [1 x i8]* @p_str, i32 0, i32 0, [1 x i8]* @p_str, [1 x i8]* @p_str, [1 x i8]* @p_str, i32 2, i32 2, i32 16, i32 16, [1 x i8]* @p_str, [1 x i8]* @p_str)"   --->   Operation 9 'specinterface' <Predicate = true> <Delay = 0.00>
ST_1 : Operation 10 [1/1] (0.00ns)   --->   "call void (...)* @_ssdm_op_SpecInterface(i6* %res_V_data_4_V, [8 x i8]* @ap_fifo_str, i32 0, i32 0, [1 x i8]* @p_str, i32 0, i32 0, [1 x i8]* @p_str, [1 x i8]* @p_str, [1 x i8]* @p_str, i32 2, i32 2, i32 16, i32 16, [1 x i8]* @p_str, [1 x i8]* @p_str)"   --->   Operation 10 'specinterface' <Predicate = true> <Delay = 0.00>
ST_1 : Operation 11 [1/1] (0.00ns)   --->   "call void (...)* @_ssdm_op_SpecInterface(i6* %res_V_data_3_V, [8 x i8]* @ap_fifo_str, i32 0, i32 0, [1 x i8]* @p_str, i32 0, i32 0, [1 x i8]* @p_str, [1 x i8]* @p_str, [1 x i8]* @p_str, i32 2, i32 2, i32 16, i32 16, [1 x i8]* @p_str, [1 x i8]* @p_str)"   --->   Operation 11 'specinterface' <Predicate = true> <Delay = 0.00>
ST_1 : Operation 12 [1/1] (0.00ns)   --->   "call void (...)* @_ssdm_op_SpecInterface(i6* %res_V_data_2_V, [8 x i8]* @ap_fifo_str, i32 0, i32 0, [1 x i8]* @p_str, i32 0, i32 0, [1 x i8]* @p_str, [1 x i8]* @p_str, [1 x i8]* @p_str, i32 2, i32 2, i32 16, i32 16, [1 x i8]* @p_str, [1 x i8]* @p_str)"   --->   Operation 12 'specinterface' <Predicate = true> <Delay = 0.00>
ST_1 : Operation 13 [1/1] (0.00ns)   --->   "call void (...)* @_ssdm_op_SpecInterface(i6* %res_V_data_1_V, [8 x i8]* @ap_fifo_str, i32 0, i32 0, [1 x i8]* @p_str, i32 0, i32 0, [1 x i8]* @p_str, [1 x i8]* @p_str, [1 x i8]* @p_str, i32 2, i32 2, i32 16, i32 16, [1 x i8]* @p_str, [1 x i8]* @p_str)"   --->   Operation 13 'specinterface' <Predicate = true> <Delay = 0.00>
ST_1 : Operation 14 [1/1] (0.00ns)   --->   "call void (...)* @_ssdm_op_SpecInterface(i6* %res_V_data_0_V, [8 x i8]* @ap_fifo_str, i32 0, i32 0, [1 x i8]* @p_str, i32 0, i32 0, [1 x i8]* @p_str, [1 x i8]* @p_str, [1 x i8]* @p_str, i32 2, i32 2, i32 16, i32 16, [1 x i8]* @p_str, [1 x i8]* @p_str)"   --->   Operation 14 'specinterface' <Predicate = true> <Delay = 0.00>
ST_1 : Operation 15 [1/1] (0.00ns)   --->   "call void (...)* @_ssdm_op_SpecInterface(i14* %data_V_data_7_V, [8 x i8]* @ap_fifo_str, i32 0, i32 0, [1 x i8]* @p_str, i32 0, i32 0, [1 x i8]* @p_str, [1 x i8]* @p_str, [1 x i8]* @p_str, i32 2, i32 2, i32 16, i32 16, [1 x i8]* @p_str, [1 x i8]* @p_str)"   --->   Operation 15 'specinterface' <Predicate = true> <Delay = 0.00>
ST_1 : Operation 16 [1/1] (0.00ns)   --->   "call void (...)* @_ssdm_op_SpecInterface(i14* %data_V_data_6_V, [8 x i8]* @ap_fifo_str, i32 0, i32 0, [1 x i8]* @p_str, i32 0, i32 0, [1 x i8]* @p_str, [1 x i8]* @p_str, [1 x i8]* @p_str, i32 2, i32 2, i32 16, i32 16, [1 x i8]* @p_str, [1 x i8]* @p_str)"   --->   Operation 16 'specinterface' <Predicate = true> <Delay = 0.00>
ST_1 : Operation 17 [1/1] (0.00ns)   --->   "call void (...)* @_ssdm_op_SpecInterface(i14* %data_V_data_5_V, [8 x i8]* @ap_fifo_str, i32 0, i32 0, [1 x i8]* @p_str, i32 0, i32 0, [1 x i8]* @p_str, [1 x i8]* @p_str, [1 x i8]* @p_str, i32 2, i32 2, i32 16, i32 16, [1 x i8]* @p_str, [1 x i8]* @p_str)"   --->   Operation 17 'specinterface' <Predicate = true> <Delay = 0.00>
ST_1 : Operation 18 [1/1] (0.00ns)   --->   "call void (...)* @_ssdm_op_SpecInterface(i14* %data_V_data_4_V, [8 x i8]* @ap_fifo_str, i32 0, i32 0, [1 x i8]* @p_str, i32 0, i32 0, [1 x i8]* @p_str, [1 x i8]* @p_str, [1 x i8]* @p_str, i32 2, i32 2, i32 16, i32 16, [1 x i8]* @p_str, [1 x i8]* @p_str)"   --->   Operation 18 'specinterface' <Predicate = true> <Delay = 0.00>
ST_1 : Operation 19 [1/1] (0.00ns)   --->   "call void (...)* @_ssdm_op_SpecInterface(i14* %data_V_data_3_V, [8 x i8]* @ap_fifo_str, i32 0, i32 0, [1 x i8]* @p_str, i32 0, i32 0, [1 x i8]* @p_str, [1 x i8]* @p_str, [1 x i8]* @p_str, i32 2, i32 2, i32 16, i32 16, [1 x i8]* @p_str, [1 x i8]* @p_str)"   --->   Operation 19 'specinterface' <Predicate = true> <Delay = 0.00>
ST_1 : Operation 20 [1/1] (0.00ns)   --->   "call void (...)* @_ssdm_op_SpecInterface(i14* %data_V_data_2_V, [8 x i8]* @ap_fifo_str, i32 0, i32 0, [1 x i8]* @p_str, i32 0, i32 0, [1 x i8]* @p_str, [1 x i8]* @p_str, [1 x i8]* @p_str, i32 2, i32 2, i32 16, i32 16, [1 x i8]* @p_str, [1 x i8]* @p_str)"   --->   Operation 20 'specinterface' <Predicate = true> <Delay = 0.00>
ST_1 : Operation 21 [1/1] (0.00ns)   --->   "call void (...)* @_ssdm_op_SpecInterface(i14* %data_V_data_1_V, [8 x i8]* @ap_fifo_str, i32 0, i32 0, [1 x i8]* @p_str, i32 0, i32 0, [1 x i8]* @p_str, [1 x i8]* @p_str, [1 x i8]* @p_str, i32 2, i32 2, i32 16, i32 16, [1 x i8]* @p_str, [1 x i8]* @p_str)"   --->   Operation 21 'specinterface' <Predicate = true> <Delay = 0.00>
ST_1 : Operation 22 [1/1] (0.00ns)   --->   "call void (...)* @_ssdm_op_SpecInterface(i14* %data_V_data_0_V, [8 x i8]* @ap_fifo_str, i32 0, i32 0, [1 x i8]* @p_str, i32 0, i32 0, [1 x i8]* @p_str, [1 x i8]* @p_str, [1 x i8]* @p_str, i32 2, i32 2, i32 16, i32 16, [1 x i8]* @p_str, [1 x i8]* @p_str)"   --->   Operation 22 'specinterface' <Predicate = true> <Delay = 0.00>
ST_1 : Operation 23 [1/1] (1.76ns)   --->   "br label %1" [firmware/nnet_utils/nnet_activation_stream.h:60]   --->   Operation 23 'br' <Predicate = true> <Delay = 1.76>

State 2 <SV = 1> <Delay = 2.20>
ST_2 : Operation 24 [1/1] (0.00ns)   --->   "%i_0 = phi i14 [ 0, %0 ], [ %i, %ReLUActLoop ]"   --->   Operation 24 'phi' 'i_0' <Predicate = true> <Delay = 0.00>
ST_2 : Operation 25 [1/1] (2.20ns)   --->   "%icmp_ln60 = icmp eq i14 %i_0, -8192" [firmware/nnet_utils/nnet_activation_stream.h:60]   --->   Operation 25 'icmp' 'icmp_ln60' <Predicate = true> <Delay = 2.20> <Core = "Cmp">   --->   Core 25 'Cmp' <Latency = 0> <II = 1> <Delay = 1.36> <FuncUnit> <Opcode : 'icmp'> <InPorts = 2> <OutPorts = 1>
ST_2 : Operation 26 [1/1] (0.00ns)   --->   "%empty = call i32 (...)* @_ssdm_op_SpecLoopTripCount(i64 8192, i64 8192, i64 8192)"   --->   Operation 26 'speclooptripcount' 'empty' <Predicate = true> <Delay = 0.00>
ST_2 : Operation 27 [1/1] (1.81ns)   --->   "%i = add i14 %i_0, 1" [firmware/nnet_utils/nnet_activation_stream.h:60]   --->   Operation 27 'add' 'i' <Predicate = true> <Delay = 1.81> <Core = "AddSub">   --->   Core 14 'AddSub' <Latency = 0> <II = 1> <Delay = 1.78> <FuncUnit> <Opcode : 'add' 'sub'> <InPorts = 2> <OutPorts = 1>
ST_2 : Operation 28 [1/1] (0.00ns)   --->   "br i1 %icmp_ln60, label %2, label %ReLUActLoop" [firmware/nnet_utils/nnet_activation_stream.h:60]   --->   Operation 28 'br' <Predicate = true> <Delay = 0.00>

State 3 <SV = 2> <Delay = 3.55>
ST_3 : Operation 29 [1/1] (2.18ns)   --->   "%empty_76 = call { i14, i14, i14, i14, i14, i14, i14, i14 } @_ssdm_op_Read.ap_fifo.volatile.i14P.i14P.i14P.i14P.i14P.i14P.i14P.i14P(i14* %data_V_data_0_V, i14* %data_V_data_1_V, i14* %data_V_data_2_V, i14* %data_V_data_3_V, i14* %data_V_data_4_V, i14* %data_V_data_5_V, i14* %data_V_data_6_V, i14* %data_V_data_7_V)" [firmware/nnet_utils/nnet_activation_stream.h:63]   --->   Operation 29 'read' 'empty_76' <Predicate = (!icmp_ln60)> <Delay = 2.18> <Core = "FIFO">   --->   Core 32 'FIFO' <Latency = 0> <II = 1> <Delay = 3.63> <Storage> <Opcode : 'read' 'write' 'nbread' 'nbwrite'> <Ports = 0> <Width = 6> <Depth = 3> <FIFO>
ST_3 : Operation 30 [1/1] (0.00ns)   --->   "%tmp_data_V_38_0 = extractvalue { i14, i14, i14, i14, i14, i14, i14, i14 } %empty_76, 0" [firmware/nnet_utils/nnet_activation_stream.h:63]   --->   Operation 30 'extractvalue' 'tmp_data_V_38_0' <Predicate = (!icmp_ln60)> <Delay = 0.00>
ST_3 : Operation 31 [1/1] (0.00ns)   --->   "%tmp_data_V_38_1 = extractvalue { i14, i14, i14, i14, i14, i14, i14, i14 } %empty_76, 1" [firmware/nnet_utils/nnet_activation_stream.h:63]   --->   Operation 31 'extractvalue' 'tmp_data_V_38_1' <Predicate = (!icmp_ln60)> <Delay = 0.00>
ST_3 : Operation 32 [1/1] (0.00ns)   --->   "%tmp_data_V_38_2 = extractvalue { i14, i14, i14, i14, i14, i14, i14, i14 } %empty_76, 2" [firmware/nnet_utils/nnet_activation_stream.h:63]   --->   Operation 32 'extractvalue' 'tmp_data_V_38_2' <Predicate = (!icmp_ln60)> <Delay = 0.00>
ST_3 : Operation 33 [1/1] (0.00ns)   --->   "%tmp_data_V_38_3 = extractvalue { i14, i14, i14, i14, i14, i14, i14, i14 } %empty_76, 3" [firmware/nnet_utils/nnet_activation_stream.h:63]   --->   Operation 33 'extractvalue' 'tmp_data_V_38_3' <Predicate = (!icmp_ln60)> <Delay = 0.00>
ST_3 : Operation 34 [1/1] (0.00ns)   --->   "%tmp_data_V_38_4 = extractvalue { i14, i14, i14, i14, i14, i14, i14, i14 } %empty_76, 4" [firmware/nnet_utils/nnet_activation_stream.h:63]   --->   Operation 34 'extractvalue' 'tmp_data_V_38_4' <Predicate = (!icmp_ln60)> <Delay = 0.00>
ST_3 : Operation 35 [1/1] (0.00ns)   --->   "%tmp_data_V_38_5 = extractvalue { i14, i14, i14, i14, i14, i14, i14, i14 } %empty_76, 5" [firmware/nnet_utils/nnet_activation_stream.h:63]   --->   Operation 35 'extractvalue' 'tmp_data_V_38_5' <Predicate = (!icmp_ln60)> <Delay = 0.00>
ST_3 : Operation 36 [1/1] (0.00ns)   --->   "%tmp_data_V_38_6 = extractvalue { i14, i14, i14, i14, i14, i14, i14, i14 } %empty_76, 6" [firmware/nnet_utils/nnet_activation_stream.h:63]   --->   Operation 36 'extractvalue' 'tmp_data_V_38_6' <Predicate = (!icmp_ln60)> <Delay = 0.00>
ST_3 : Operation 37 [1/1] (0.00ns)   --->   "%tmp_data_V_38_7 = extractvalue { i14, i14, i14, i14, i14, i14, i14, i14 } %empty_76, 7" [firmware/nnet_utils/nnet_activation_stream.h:63]   --->   Operation 37 'extractvalue' 'tmp_data_V_38_7' <Predicate = (!icmp_ln60)> <Delay = 0.00>
ST_3 : Operation 38 [1/1] (0.00ns)   --->   "%trunc_ln = call i6 @_ssdm_op_PartSelect.i6.i14.i32.i32(i14 %tmp_data_V_38_0, i32 3, i32 8)" [firmware/nnet_utils/nnet_activation_stream.h:69]   --->   Operation 38 'partselect' 'trunc_ln' <Predicate = (!icmp_ln60)> <Delay = 0.00>
ST_3 : Operation 39 [1/1] (0.00ns)   --->   "%tmp_6 = call i1 @_ssdm_op_BitSelect.i1.i14.i32(i14 %tmp_data_V_38_0, i32 2)" [firmware/nnet_utils/nnet_activation_stream.h:69]   --->   Operation 39 'bitselect' 'tmp_6' <Predicate = (!icmp_ln60)> <Delay = 0.00>
ST_3 : Operation 40 [1/1] (0.00ns)   --->   "%trunc_ln415_8 = call i5 @_ssdm_op_PartSelect.i5.i14.i32.i32(i14 %tmp_data_V_38_0, i32 3, i32 7)" [firmware/nnet_utils/nnet_activation_stream.h:69]   --->   Operation 40 'partselect' 'trunc_ln415_8' <Predicate = (!icmp_ln60)> <Delay = 0.00>
ST_3 : Operation 41 [1/1] (0.00ns)   --->   "%p_Result_7 = call i5 @_ssdm_op_PartSelect.i5.i14.i32.i32(i14 %tmp_data_V_38_0, i32 9, i32 13)" [firmware/nnet_utils/nnet_activation_stream.h:69]   --->   Operation 41 'partselect' 'p_Result_7' <Predicate = (!icmp_ln60)> <Delay = 0.00>
ST_3 : Operation 42 [1/1] (1.36ns)   --->   "%icmp_ln879 = icmp eq i5 %p_Result_7, -1" [firmware/nnet_utils/nnet_activation_stream.h:69]   --->   Operation 42 'icmp' 'icmp_ln879' <Predicate = (!icmp_ln60)> <Delay = 1.36> <Core = "Cmp">   --->   Core 25 'Cmp' <Latency = 0> <II = 1> <Delay = 1.36> <FuncUnit> <Opcode : 'icmp'> <InPorts = 2> <OutPorts = 1>
ST_3 : Operation 43 [1/1] (1.36ns)   --->   "%icmp_ln768 = icmp eq i5 %p_Result_7, 0" [firmware/nnet_utils/nnet_activation_stream.h:69]   --->   Operation 43 'icmp' 'icmp_ln768' <Predicate = (!icmp_ln60)> <Delay = 1.36> <Core = "Cmp">   --->   Core 25 'Cmp' <Latency = 0> <II = 1> <Delay = 1.36> <FuncUnit> <Opcode : 'icmp'> <InPorts = 2> <OutPorts = 1>
ST_3 : Operation 44 [1/1] (0.00ns)   --->   "%trunc_ln708_s = call i6 @_ssdm_op_PartSelect.i6.i14.i32.i32(i14 %tmp_data_V_38_1, i32 3, i32 8)" [firmware/nnet_utils/nnet_activation_stream.h:69]   --->   Operation 44 'partselect' 'trunc_ln708_s' <Predicate = (!icmp_ln60)> <Delay = 0.00>
ST_3 : Operation 45 [1/1] (0.00ns)   --->   "%tmp_10 = call i1 @_ssdm_op_BitSelect.i1.i14.i32(i14 %tmp_data_V_38_1, i32 2)" [firmware/nnet_utils/nnet_activation_stream.h:69]   --->   Operation 45 'bitselect' 'tmp_10' <Predicate = (!icmp_ln60)> <Delay = 0.00>
ST_3 : Operation 46 [1/1] (0.00ns)   --->   "%trunc_ln415_9 = call i5 @_ssdm_op_PartSelect.i5.i14.i32.i32(i14 %tmp_data_V_38_1, i32 3, i32 7)" [firmware/nnet_utils/nnet_activation_stream.h:69]   --->   Operation 46 'partselect' 'trunc_ln415_9' <Predicate = (!icmp_ln60)> <Delay = 0.00>
ST_3 : Operation 47 [1/1] (0.00ns)   --->   "%p_Result_7_1 = call i5 @_ssdm_op_PartSelect.i5.i14.i32.i32(i14 %tmp_data_V_38_1, i32 9, i32 13)" [firmware/nnet_utils/nnet_activation_stream.h:69]   --->   Operation 47 'partselect' 'p_Result_7_1' <Predicate = (!icmp_ln60)> <Delay = 0.00>
ST_3 : Operation 48 [1/1] (1.36ns)   --->   "%icmp_ln879_1 = icmp eq i5 %p_Result_7_1, -1" [firmware/nnet_utils/nnet_activation_stream.h:69]   --->   Operation 48 'icmp' 'icmp_ln879_1' <Predicate = (!icmp_ln60)> <Delay = 1.36> <Core = "Cmp">   --->   Core 25 'Cmp' <Latency = 0> <II = 1> <Delay = 1.36> <FuncUnit> <Opcode : 'icmp'> <InPorts = 2> <OutPorts = 1>
ST_3 : Operation 49 [1/1] (1.36ns)   --->   "%icmp_ln768_1 = icmp eq i5 %p_Result_7_1, 0" [firmware/nnet_utils/nnet_activation_stream.h:69]   --->   Operation 49 'icmp' 'icmp_ln768_1' <Predicate = (!icmp_ln60)> <Delay = 1.36> <Core = "Cmp">   --->   Core 25 'Cmp' <Latency = 0> <II = 1> <Delay = 1.36> <FuncUnit> <Opcode : 'icmp'> <InPorts = 2> <OutPorts = 1>
ST_3 : Operation 50 [1/1] (0.00ns)   --->   "%trunc_ln708_11 = call i6 @_ssdm_op_PartSelect.i6.i14.i32.i32(i14 %tmp_data_V_38_2, i32 3, i32 8)" [firmware/nnet_utils/nnet_activation_stream.h:69]   --->   Operation 50 'partselect' 'trunc_ln708_11' <Predicate = (!icmp_ln60)> <Delay = 0.00>
ST_3 : Operation 51 [1/1] (0.00ns)   --->   "%tmp_14 = call i1 @_ssdm_op_BitSelect.i1.i14.i32(i14 %tmp_data_V_38_2, i32 2)" [firmware/nnet_utils/nnet_activation_stream.h:69]   --->   Operation 51 'bitselect' 'tmp_14' <Predicate = (!icmp_ln60)> <Delay = 0.00>
ST_3 : Operation 52 [1/1] (0.00ns)   --->   "%trunc_ln415_s = call i5 @_ssdm_op_PartSelect.i5.i14.i32.i32(i14 %tmp_data_V_38_2, i32 3, i32 7)" [firmware/nnet_utils/nnet_activation_stream.h:69]   --->   Operation 52 'partselect' 'trunc_ln415_s' <Predicate = (!icmp_ln60)> <Delay = 0.00>
ST_3 : Operation 53 [1/1] (0.00ns)   --->   "%p_Result_7_2 = call i5 @_ssdm_op_PartSelect.i5.i14.i32.i32(i14 %tmp_data_V_38_2, i32 9, i32 13)" [firmware/nnet_utils/nnet_activation_stream.h:69]   --->   Operation 53 'partselect' 'p_Result_7_2' <Predicate = (!icmp_ln60)> <Delay = 0.00>
ST_3 : Operation 54 [1/1] (1.36ns)   --->   "%icmp_ln879_2 = icmp eq i5 %p_Result_7_2, -1" [firmware/nnet_utils/nnet_activation_stream.h:69]   --->   Operation 54 'icmp' 'icmp_ln879_2' <Predicate = (!icmp_ln60)> <Delay = 1.36> <Core = "Cmp">   --->   Core 25 'Cmp' <Latency = 0> <II = 1> <Delay = 1.36> <FuncUnit> <Opcode : 'icmp'> <InPorts = 2> <OutPorts = 1>
ST_3 : Operation 55 [1/1] (1.36ns)   --->   "%icmp_ln768_2 = icmp eq i5 %p_Result_7_2, 0" [firmware/nnet_utils/nnet_activation_stream.h:69]   --->   Operation 55 'icmp' 'icmp_ln768_2' <Predicate = (!icmp_ln60)> <Delay = 1.36> <Core = "Cmp">   --->   Core 25 'Cmp' <Latency = 0> <II = 1> <Delay = 1.36> <FuncUnit> <Opcode : 'icmp'> <InPorts = 2> <OutPorts = 1>
ST_3 : Operation 56 [1/1] (0.00ns)   --->   "%trunc_ln708_12 = call i6 @_ssdm_op_PartSelect.i6.i14.i32.i32(i14 %tmp_data_V_38_3, i32 3, i32 8)" [firmware/nnet_utils/nnet_activation_stream.h:69]   --->   Operation 56 'partselect' 'trunc_ln708_12' <Predicate = (!icmp_ln60)> <Delay = 0.00>
ST_3 : Operation 57 [1/1] (0.00ns)   --->   "%tmp_18 = call i1 @_ssdm_op_BitSelect.i1.i14.i32(i14 %tmp_data_V_38_3, i32 2)" [firmware/nnet_utils/nnet_activation_stream.h:69]   --->   Operation 57 'bitselect' 'tmp_18' <Predicate = (!icmp_ln60)> <Delay = 0.00>
ST_3 : Operation 58 [1/1] (0.00ns)   --->   "%trunc_ln415_1 = call i5 @_ssdm_op_PartSelect.i5.i14.i32.i32(i14 %tmp_data_V_38_3, i32 3, i32 7)" [firmware/nnet_utils/nnet_activation_stream.h:69]   --->   Operation 58 'partselect' 'trunc_ln415_1' <Predicate = (!icmp_ln60)> <Delay = 0.00>
ST_3 : Operation 59 [1/1] (0.00ns)   --->   "%p_Result_7_3 = call i5 @_ssdm_op_PartSelect.i5.i14.i32.i32(i14 %tmp_data_V_38_3, i32 9, i32 13)" [firmware/nnet_utils/nnet_activation_stream.h:69]   --->   Operation 59 'partselect' 'p_Result_7_3' <Predicate = (!icmp_ln60)> <Delay = 0.00>
ST_3 : Operation 60 [1/1] (1.36ns)   --->   "%icmp_ln879_3 = icmp eq i5 %p_Result_7_3, -1" [firmware/nnet_utils/nnet_activation_stream.h:69]   --->   Operation 60 'icmp' 'icmp_ln879_3' <Predicate = (!icmp_ln60)> <Delay = 1.36> <Core = "Cmp">   --->   Core 25 'Cmp' <Latency = 0> <II = 1> <Delay = 1.36> <FuncUnit> <Opcode : 'icmp'> <InPorts = 2> <OutPorts = 1>
ST_3 : Operation 61 [1/1] (1.36ns)   --->   "%icmp_ln768_3 = icmp eq i5 %p_Result_7_3, 0" [firmware/nnet_utils/nnet_activation_stream.h:69]   --->   Operation 61 'icmp' 'icmp_ln768_3' <Predicate = (!icmp_ln60)> <Delay = 1.36> <Core = "Cmp">   --->   Core 25 'Cmp' <Latency = 0> <II = 1> <Delay = 1.36> <FuncUnit> <Opcode : 'icmp'> <InPorts = 2> <OutPorts = 1>
ST_3 : Operation 62 [1/1] (0.00ns)   --->   "%trunc_ln708_13 = call i6 @_ssdm_op_PartSelect.i6.i14.i32.i32(i14 %tmp_data_V_38_4, i32 3, i32 8)" [firmware/nnet_utils/nnet_activation_stream.h:69]   --->   Operation 62 'partselect' 'trunc_ln708_13' <Predicate = (!icmp_ln60)> <Delay = 0.00>
ST_3 : Operation 63 [1/1] (0.00ns)   --->   "%tmp_22 = call i1 @_ssdm_op_BitSelect.i1.i14.i32(i14 %tmp_data_V_38_4, i32 2)" [firmware/nnet_utils/nnet_activation_stream.h:69]   --->   Operation 63 'bitselect' 'tmp_22' <Predicate = (!icmp_ln60)> <Delay = 0.00>
ST_3 : Operation 64 [1/1] (0.00ns)   --->   "%trunc_ln415_2 = call i5 @_ssdm_op_PartSelect.i5.i14.i32.i32(i14 %tmp_data_V_38_4, i32 3, i32 7)" [firmware/nnet_utils/nnet_activation_stream.h:69]   --->   Operation 64 'partselect' 'trunc_ln415_2' <Predicate = (!icmp_ln60)> <Delay = 0.00>
ST_3 : Operation 65 [1/1] (0.00ns)   --->   "%p_Result_7_4 = call i5 @_ssdm_op_PartSelect.i5.i14.i32.i32(i14 %tmp_data_V_38_4, i32 9, i32 13)" [firmware/nnet_utils/nnet_activation_stream.h:69]   --->   Operation 65 'partselect' 'p_Result_7_4' <Predicate = (!icmp_ln60)> <Delay = 0.00>
ST_3 : Operation 66 [1/1] (1.36ns)   --->   "%icmp_ln879_4 = icmp eq i5 %p_Result_7_4, -1" [firmware/nnet_utils/nnet_activation_stream.h:69]   --->   Operation 66 'icmp' 'icmp_ln879_4' <Predicate = (!icmp_ln60)> <Delay = 1.36> <Core = "Cmp">   --->   Core 25 'Cmp' <Latency = 0> <II = 1> <Delay = 1.36> <FuncUnit> <Opcode : 'icmp'> <InPorts = 2> <OutPorts = 1>
ST_3 : Operation 67 [1/1] (1.36ns)   --->   "%icmp_ln768_4 = icmp eq i5 %p_Result_7_4, 0" [firmware/nnet_utils/nnet_activation_stream.h:69]   --->   Operation 67 'icmp' 'icmp_ln768_4' <Predicate = (!icmp_ln60)> <Delay = 1.36> <Core = "Cmp">   --->   Core 25 'Cmp' <Latency = 0> <II = 1> <Delay = 1.36> <FuncUnit> <Opcode : 'icmp'> <InPorts = 2> <OutPorts = 1>
ST_3 : Operation 68 [1/1] (0.00ns)   --->   "%trunc_ln708_14 = call i6 @_ssdm_op_PartSelect.i6.i14.i32.i32(i14 %tmp_data_V_38_5, i32 3, i32 8)" [firmware/nnet_utils/nnet_activation_stream.h:69]   --->   Operation 68 'partselect' 'trunc_ln708_14' <Predicate = (!icmp_ln60)> <Delay = 0.00>
ST_3 : Operation 69 [1/1] (0.00ns)   --->   "%tmp_26 = call i1 @_ssdm_op_BitSelect.i1.i14.i32(i14 %tmp_data_V_38_5, i32 2)" [firmware/nnet_utils/nnet_activation_stream.h:69]   --->   Operation 69 'bitselect' 'tmp_26' <Predicate = (!icmp_ln60)> <Delay = 0.00>
ST_3 : Operation 70 [1/1] (0.00ns)   --->   "%trunc_ln415_3 = call i5 @_ssdm_op_PartSelect.i5.i14.i32.i32(i14 %tmp_data_V_38_5, i32 3, i32 7)" [firmware/nnet_utils/nnet_activation_stream.h:69]   --->   Operation 70 'partselect' 'trunc_ln415_3' <Predicate = (!icmp_ln60)> <Delay = 0.00>
ST_3 : Operation 71 [1/1] (0.00ns)   --->   "%p_Result_7_5 = call i5 @_ssdm_op_PartSelect.i5.i14.i32.i32(i14 %tmp_data_V_38_5, i32 9, i32 13)" [firmware/nnet_utils/nnet_activation_stream.h:69]   --->   Operation 71 'partselect' 'p_Result_7_5' <Predicate = (!icmp_ln60)> <Delay = 0.00>
ST_3 : Operation 72 [1/1] (1.36ns)   --->   "%icmp_ln879_5 = icmp eq i5 %p_Result_7_5, -1" [firmware/nnet_utils/nnet_activation_stream.h:69]   --->   Operation 72 'icmp' 'icmp_ln879_5' <Predicate = (!icmp_ln60)> <Delay = 1.36> <Core = "Cmp">   --->   Core 25 'Cmp' <Latency = 0> <II = 1> <Delay = 1.36> <FuncUnit> <Opcode : 'icmp'> <InPorts = 2> <OutPorts = 1>
ST_3 : Operation 73 [1/1] (1.36ns)   --->   "%icmp_ln768_5 = icmp eq i5 %p_Result_7_5, 0" [firmware/nnet_utils/nnet_activation_stream.h:69]   --->   Operation 73 'icmp' 'icmp_ln768_5' <Predicate = (!icmp_ln60)> <Delay = 1.36> <Core = "Cmp">   --->   Core 25 'Cmp' <Latency = 0> <II = 1> <Delay = 1.36> <FuncUnit> <Opcode : 'icmp'> <InPorts = 2> <OutPorts = 1>
ST_3 : Operation 74 [1/1] (0.00ns)   --->   "%trunc_ln708_15 = call i6 @_ssdm_op_PartSelect.i6.i14.i32.i32(i14 %tmp_data_V_38_6, i32 3, i32 8)" [firmware/nnet_utils/nnet_activation_stream.h:69]   --->   Operation 74 'partselect' 'trunc_ln708_15' <Predicate = (!icmp_ln60)> <Delay = 0.00>
ST_3 : Operation 75 [1/1] (0.00ns)   --->   "%tmp_30 = call i1 @_ssdm_op_BitSelect.i1.i14.i32(i14 %tmp_data_V_38_6, i32 2)" [firmware/nnet_utils/nnet_activation_stream.h:69]   --->   Operation 75 'bitselect' 'tmp_30' <Predicate = (!icmp_ln60)> <Delay = 0.00>
ST_3 : Operation 76 [1/1] (0.00ns)   --->   "%trunc_ln415_4 = call i5 @_ssdm_op_PartSelect.i5.i14.i32.i32(i14 %tmp_data_V_38_6, i32 3, i32 7)" [firmware/nnet_utils/nnet_activation_stream.h:69]   --->   Operation 76 'partselect' 'trunc_ln415_4' <Predicate = (!icmp_ln60)> <Delay = 0.00>
ST_3 : Operation 77 [1/1] (0.00ns)   --->   "%p_Result_7_6 = call i5 @_ssdm_op_PartSelect.i5.i14.i32.i32(i14 %tmp_data_V_38_6, i32 9, i32 13)" [firmware/nnet_utils/nnet_activation_stream.h:69]   --->   Operation 77 'partselect' 'p_Result_7_6' <Predicate = (!icmp_ln60)> <Delay = 0.00>
ST_3 : Operation 78 [1/1] (1.36ns)   --->   "%icmp_ln879_6 = icmp eq i5 %p_Result_7_6, -1" [firmware/nnet_utils/nnet_activation_stream.h:69]   --->   Operation 78 'icmp' 'icmp_ln879_6' <Predicate = (!icmp_ln60)> <Delay = 1.36> <Core = "Cmp">   --->   Core 25 'Cmp' <Latency = 0> <II = 1> <Delay = 1.36> <FuncUnit> <Opcode : 'icmp'> <InPorts = 2> <OutPorts = 1>
ST_3 : Operation 79 [1/1] (1.36ns)   --->   "%icmp_ln768_6 = icmp eq i5 %p_Result_7_6, 0" [firmware/nnet_utils/nnet_activation_stream.h:69]   --->   Operation 79 'icmp' 'icmp_ln768_6' <Predicate = (!icmp_ln60)> <Delay = 1.36> <Core = "Cmp">   --->   Core 25 'Cmp' <Latency = 0> <II = 1> <Delay = 1.36> <FuncUnit> <Opcode : 'icmp'> <InPorts = 2> <OutPorts = 1>
ST_3 : Operation 80 [1/1] (0.00ns)   --->   "%trunc_ln708_16 = call i6 @_ssdm_op_PartSelect.i6.i14.i32.i32(i14 %tmp_data_V_38_7, i32 3, i32 8)" [firmware/nnet_utils/nnet_activation_stream.h:69]   --->   Operation 80 'partselect' 'trunc_ln708_16' <Predicate = (!icmp_ln60)> <Delay = 0.00>
ST_3 : Operation 81 [1/1] (0.00ns)   --->   "%tmp_34 = call i1 @_ssdm_op_BitSelect.i1.i14.i32(i14 %tmp_data_V_38_7, i32 2)" [firmware/nnet_utils/nnet_activation_stream.h:69]   --->   Operation 81 'bitselect' 'tmp_34' <Predicate = (!icmp_ln60)> <Delay = 0.00>
ST_3 : Operation 82 [1/1] (0.00ns)   --->   "%trunc_ln415_5 = call i5 @_ssdm_op_PartSelect.i5.i14.i32.i32(i14 %tmp_data_V_38_7, i32 3, i32 7)" [firmware/nnet_utils/nnet_activation_stream.h:69]   --->   Operation 82 'partselect' 'trunc_ln415_5' <Predicate = (!icmp_ln60)> <Delay = 0.00>
ST_3 : Operation 83 [1/1] (0.00ns)   --->   "%p_Result_7_7 = call i5 @_ssdm_op_PartSelect.i5.i14.i32.i32(i14 %tmp_data_V_38_7, i32 9, i32 13)" [firmware/nnet_utils/nnet_activation_stream.h:69]   --->   Operation 83 'partselect' 'p_Result_7_7' <Predicate = (!icmp_ln60)> <Delay = 0.00>
ST_3 : Operation 84 [1/1] (1.36ns)   --->   "%icmp_ln879_7 = icmp eq i5 %p_Result_7_7, -1" [firmware/nnet_utils/nnet_activation_stream.h:69]   --->   Operation 84 'icmp' 'icmp_ln879_7' <Predicate = (!icmp_ln60)> <Delay = 1.36> <Core = "Cmp">   --->   Core 25 'Cmp' <Latency = 0> <II = 1> <Delay = 1.36> <FuncUnit> <Opcode : 'icmp'> <InPorts = 2> <OutPorts = 1>
ST_3 : Operation 85 [1/1] (1.36ns)   --->   "%icmp_ln768_7 = icmp eq i5 %p_Result_7_7, 0" [firmware/nnet_utils/nnet_activation_stream.h:69]   --->   Operation 85 'icmp' 'icmp_ln768_7' <Predicate = (!icmp_ln60)> <Delay = 1.36> <Core = "Cmp">   --->   Core 25 'Cmp' <Latency = 0> <II = 1> <Delay = 1.36> <FuncUnit> <Opcode : 'icmp'> <InPorts = 2> <OutPorts = 1>

State 4 <SV = 3> <Delay = 4.25>
ST_4 : Operation 86 [1/1] (2.20ns)   --->   "%icmp_ln1494 = icmp sgt i14 %tmp_data_V_38_0, 0" [firmware/nnet_utils/nnet_activation_stream.h:69]   --->   Operation 86 'icmp' 'icmp_ln1494' <Predicate = (!icmp_ln60)> <Delay = 2.20> <Core = "Cmp">   --->   Core 25 'Cmp' <Latency = 0> <II = 1> <Delay = 1.36> <FuncUnit> <Opcode : 'icmp'> <InPorts = 2> <OutPorts = 1>
ST_4 : Operation 87 [1/1] (0.00ns) (grouped into LUT with out node select_ln340)   --->   "%tmp_5 = call i1 @_ssdm_op_BitSelect.i1.i14.i32(i14 %tmp_data_V_38_0, i32 8)" [firmware/nnet_utils/nnet_activation_stream.h:69]   --->   Operation 87 'bitselect' 'tmp_5' <Predicate = (!icmp_ln60)> <Delay = 0.00>
ST_4 : Operation 88 [1/1] (0.00ns)   --->   "%zext_ln415 = zext i1 %tmp_6 to i6" [firmware/nnet_utils/nnet_activation_stream.h:69]   --->   Operation 88 'zext' 'zext_ln415' <Predicate = (!icmp_ln60)> <Delay = 0.00>
ST_4 : Operation 89 [1/1] (0.00ns)   --->   "%zext_ln415_8 = zext i1 %tmp_6 to i5" [firmware/nnet_utils/nnet_activation_stream.h:69]   --->   Operation 89 'zext' 'zext_ln415_8' <Predicate = (!icmp_ln60)> <Delay = 0.00>
ST_4 : Operation 90 [1/1] (1.82ns)   --->   "%add_ln415 = add i6 %trunc_ln, %zext_ln415" [firmware/nnet_utils/nnet_activation_stream.h:69]   --->   Operation 90 'add' 'add_ln415' <Predicate = (!icmp_ln60)> <Delay = 1.82> <Core = "AddSub">   --->   Core 14 'AddSub' <Latency = 0> <II = 1> <Delay = 1.78> <FuncUnit> <Opcode : 'add' 'sub'> <InPorts = 2> <OutPorts = 1>
ST_4 : Operation 91 [1/1] (1.78ns)   --->   "%add_ln416 = add i5 %trunc_ln415_8, %zext_ln415_8" [firmware/nnet_utils/nnet_activation_stream.h:69]   --->   Operation 91 'add' 'add_ln416' <Predicate = (!icmp_ln60)> <Delay = 1.78> <Core = "AddSub">   --->   Core 14 'AddSub' <Latency = 0> <II = 1> <Delay = 1.78> <FuncUnit> <Opcode : 'add' 'sub'> <InPorts = 2> <OutPorts = 1>
ST_4 : Operation 92 [1/1] (0.00ns) (grouped into LUT with out node select_ln340)   --->   "%tmp_7 = call i1 @_ssdm_op_BitSelect.i1.i6.i32(i6 %add_ln415, i32 5)" [firmware/nnet_utils/nnet_activation_stream.h:69]   --->   Operation 92 'bitselect' 'tmp_7' <Predicate = (!icmp_ln60)> <Delay = 0.00>
ST_4 : Operation 93 [1/1] (0.00ns) (grouped into LUT with out node select_ln340)   --->   "%xor_ln416 = xor i1 %tmp_7, true" [firmware/nnet_utils/nnet_activation_stream.h:69]   --->   Operation 93 'xor' 'xor_ln416' <Predicate = (!icmp_ln60)> <Delay = 0.00> <Core = "LogicGate">   --->   Core 27 'LogicGate' <Latency = 0> <II = 1> <Delay = 0.97> <FuncUnit> <Opcode : 'and' 'or' 'xor'> <InPorts = 2> <OutPorts = 1>
ST_4 : Operation 94 [1/1] (0.00ns) (grouped into LUT with out node select_ln340)   --->   "%and_ln416 = and i1 %tmp_5, %xor_ln416" [firmware/nnet_utils/nnet_activation_stream.h:69]   --->   Operation 94 'and' 'and_ln416' <Predicate = (!icmp_ln60)> <Delay = 0.00> <Core = "LogicGate">   --->   Core 27 'LogicGate' <Latency = 0> <II = 1> <Delay = 0.97> <FuncUnit> <Opcode : 'and' 'or' 'xor'> <InPorts = 2> <OutPorts = 1>
ST_4 : Operation 95 [1/1] (0.00ns) (grouped into LUT with out node select_ln340)   --->   "%tmp_8 = call i1 @_ssdm_op_BitSelect.i1.i6.i32(i6 %add_ln415, i32 5)" [firmware/nnet_utils/nnet_activation_stream.h:69]   --->   Operation 95 'bitselect' 'tmp_8' <Predicate = (!icmp_ln60)> <Delay = 0.00>
ST_4 : Operation 96 [1/1] (0.00ns) (grouped into LUT with out node select_ln340)   --->   "%select_ln777 = select i1 %and_ln416, i1 %icmp_ln879, i1 %icmp_ln768" [firmware/nnet_utils/nnet_activation_stream.h:69]   --->   Operation 96 'select' 'select_ln777' <Predicate = (!icmp_ln60)> <Delay = 0.00> <Core = "Sel">   --->   Core 26 'Sel' <Latency = 0> <II = 1> <Delay = 1.21> <FuncUnit> <Opcode : 'select'> <InPorts = 3> <OutPorts = 1>
ST_4 : Operation 97 [1/1] (0.00ns) (grouped into LUT with out node select_ln340)   --->   "%xor_ln785 = xor i1 %select_ln777, true" [firmware/nnet_utils/nnet_activation_stream.h:69]   --->   Operation 97 'xor' 'xor_ln785' <Predicate = (!icmp_ln60)> <Delay = 0.00> <Core = "LogicGate">   --->   Core 27 'LogicGate' <Latency = 0> <II = 1> <Delay = 0.97> <FuncUnit> <Opcode : 'and' 'or' 'xor'> <InPorts = 2> <OutPorts = 1>
ST_4 : Operation 98 [1/1] (0.00ns) (grouped into LUT with out node select_ln340)   --->   "%or_ln340 = or i1 %tmp_8, %xor_ln785" [firmware/nnet_utils/nnet_activation_stream.h:69]   --->   Operation 98 'or' 'or_ln340' <Predicate = (!icmp_ln60)> <Delay = 0.00> <Core = "LogicGate">   --->   Core 27 'LogicGate' <Latency = 0> <II = 1> <Delay = 0.97> <FuncUnit> <Opcode : 'and' 'or' 'xor'> <InPorts = 2> <OutPorts = 1>
ST_4 : Operation 99 [1/1] (1.21ns) (out node of the LUT)   --->   "%select_ln340 = select i1 %or_ln340, i5 -1, i5 %add_ln416" [firmware/nnet_utils/nnet_activation_stream.h:69]   --->   Operation 99 'select' 'select_ln340' <Predicate = (!icmp_ln60)> <Delay = 1.21> <Core = "Sel">   --->   Core 26 'Sel' <Latency = 0> <II = 1> <Delay = 1.21> <FuncUnit> <Opcode : 'select'> <InPorts = 3> <OutPorts = 1>
ST_4 : Operation 100 [1/1] (1.21ns) (out node of the LUT)   --->   "%tmp_data_0_V = select i1 %icmp_ln1494, i5 %select_ln340, i5 0" [firmware/nnet_utils/nnet_activation_stream.h:69]   --->   Operation 100 'select' 'tmp_data_0_V' <Predicate = (!icmp_ln60)> <Delay = 1.21> <Core = "Sel">   --->   Core 26 'Sel' <Latency = 0> <II = 1> <Delay = 1.21> <FuncUnit> <Opcode : 'select'> <InPorts = 3> <OutPorts = 1>
ST_4 : Operation 101 [1/1] (2.20ns)   --->   "%icmp_ln1494_1 = icmp sgt i14 %tmp_data_V_38_1, 0" [firmware/nnet_utils/nnet_activation_stream.h:69]   --->   Operation 101 'icmp' 'icmp_ln1494_1' <Predicate = (!icmp_ln60)> <Delay = 2.20> <Core = "Cmp">   --->   Core 25 'Cmp' <Latency = 0> <II = 1> <Delay = 1.36> <FuncUnit> <Opcode : 'icmp'> <InPorts = 2> <OutPorts = 1>
ST_4 : Operation 102 [1/1] (0.00ns) (grouped into LUT with out node select_ln340_1)   --->   "%tmp_9 = call i1 @_ssdm_op_BitSelect.i1.i14.i32(i14 %tmp_data_V_38_1, i32 8)" [firmware/nnet_utils/nnet_activation_stream.h:69]   --->   Operation 102 'bitselect' 'tmp_9' <Predicate = (!icmp_ln60)> <Delay = 0.00>
ST_4 : Operation 103 [1/1] (0.00ns)   --->   "%zext_ln415_1 = zext i1 %tmp_10 to i6" [firmware/nnet_utils/nnet_activation_stream.h:69]   --->   Operation 103 'zext' 'zext_ln415_1' <Predicate = (!icmp_ln60)> <Delay = 0.00>
ST_4 : Operation 104 [1/1] (0.00ns)   --->   "%zext_ln415_9 = zext i1 %tmp_10 to i5" [firmware/nnet_utils/nnet_activation_stream.h:69]   --->   Operation 104 'zext' 'zext_ln415_9' <Predicate = (!icmp_ln60)> <Delay = 0.00>
ST_4 : Operation 105 [1/1] (1.82ns)   --->   "%add_ln415_1 = add i6 %trunc_ln708_s, %zext_ln415_1" [firmware/nnet_utils/nnet_activation_stream.h:69]   --->   Operation 105 'add' 'add_ln415_1' <Predicate = (!icmp_ln60)> <Delay = 1.82> <Core = "AddSub">   --->   Core 14 'AddSub' <Latency = 0> <II = 1> <Delay = 1.78> <FuncUnit> <Opcode : 'add' 'sub'> <InPorts = 2> <OutPorts = 1>
ST_4 : Operation 106 [1/1] (1.78ns)   --->   "%add_ln416_1 = add i5 %trunc_ln415_9, %zext_ln415_9" [firmware/nnet_utils/nnet_activation_stream.h:69]   --->   Operation 106 'add' 'add_ln416_1' <Predicate = (!icmp_ln60)> <Delay = 1.78> <Core = "AddSub">   --->   Core 14 'AddSub' <Latency = 0> <II = 1> <Delay = 1.78> <FuncUnit> <Opcode : 'add' 'sub'> <InPorts = 2> <OutPorts = 1>
ST_4 : Operation 107 [1/1] (0.00ns) (grouped into LUT with out node select_ln340_1)   --->   "%tmp_11 = call i1 @_ssdm_op_BitSelect.i1.i6.i32(i6 %add_ln415_1, i32 5)" [firmware/nnet_utils/nnet_activation_stream.h:69]   --->   Operation 107 'bitselect' 'tmp_11' <Predicate = (!icmp_ln60)> <Delay = 0.00>
ST_4 : Operation 108 [1/1] (0.00ns) (grouped into LUT with out node select_ln340_1)   --->   "%xor_ln416_1 = xor i1 %tmp_11, true" [firmware/nnet_utils/nnet_activation_stream.h:69]   --->   Operation 108 'xor' 'xor_ln416_1' <Predicate = (!icmp_ln60)> <Delay = 0.00> <Core = "LogicGate">   --->   Core 27 'LogicGate' <Latency = 0> <II = 1> <Delay = 0.97> <FuncUnit> <Opcode : 'and' 'or' 'xor'> <InPorts = 2> <OutPorts = 1>
ST_4 : Operation 109 [1/1] (0.00ns) (grouped into LUT with out node select_ln340_1)   --->   "%and_ln416_1 = and i1 %tmp_9, %xor_ln416_1" [firmware/nnet_utils/nnet_activation_stream.h:69]   --->   Operation 109 'and' 'and_ln416_1' <Predicate = (!icmp_ln60)> <Delay = 0.00> <Core = "LogicGate">   --->   Core 27 'LogicGate' <Latency = 0> <II = 1> <Delay = 0.97> <FuncUnit> <Opcode : 'and' 'or' 'xor'> <InPorts = 2> <OutPorts = 1>
ST_4 : Operation 110 [1/1] (0.00ns) (grouped into LUT with out node select_ln340_1)   --->   "%tmp_12 = call i1 @_ssdm_op_BitSelect.i1.i6.i32(i6 %add_ln415_1, i32 5)" [firmware/nnet_utils/nnet_activation_stream.h:69]   --->   Operation 110 'bitselect' 'tmp_12' <Predicate = (!icmp_ln60)> <Delay = 0.00>
ST_4 : Operation 111 [1/1] (0.00ns) (grouped into LUT with out node select_ln340_1)   --->   "%select_ln777_1 = select i1 %and_ln416_1, i1 %icmp_ln879_1, i1 %icmp_ln768_1" [firmware/nnet_utils/nnet_activation_stream.h:69]   --->   Operation 111 'select' 'select_ln777_1' <Predicate = (!icmp_ln60)> <Delay = 0.00> <Core = "Sel">   --->   Core 26 'Sel' <Latency = 0> <II = 1> <Delay = 1.21> <FuncUnit> <Opcode : 'select'> <InPorts = 3> <OutPorts = 1>
ST_4 : Operation 112 [1/1] (0.00ns) (grouped into LUT with out node select_ln340_1)   --->   "%xor_ln785_1 = xor i1 %select_ln777_1, true" [firmware/nnet_utils/nnet_activation_stream.h:69]   --->   Operation 112 'xor' 'xor_ln785_1' <Predicate = (!icmp_ln60)> <Delay = 0.00> <Core = "LogicGate">   --->   Core 27 'LogicGate' <Latency = 0> <II = 1> <Delay = 0.97> <FuncUnit> <Opcode : 'and' 'or' 'xor'> <InPorts = 2> <OutPorts = 1>
ST_4 : Operation 113 [1/1] (0.00ns) (grouped into LUT with out node select_ln340_1)   --->   "%or_ln340_1 = or i1 %tmp_12, %xor_ln785_1" [firmware/nnet_utils/nnet_activation_stream.h:69]   --->   Operation 113 'or' 'or_ln340_1' <Predicate = (!icmp_ln60)> <Delay = 0.00> <Core = "LogicGate">   --->   Core 27 'LogicGate' <Latency = 0> <II = 1> <Delay = 0.97> <FuncUnit> <Opcode : 'and' 'or' 'xor'> <InPorts = 2> <OutPorts = 1>
ST_4 : Operation 114 [1/1] (1.21ns) (out node of the LUT)   --->   "%select_ln340_1 = select i1 %or_ln340_1, i5 -1, i5 %add_ln416_1" [firmware/nnet_utils/nnet_activation_stream.h:69]   --->   Operation 114 'select' 'select_ln340_1' <Predicate = (!icmp_ln60)> <Delay = 1.21> <Core = "Sel">   --->   Core 26 'Sel' <Latency = 0> <II = 1> <Delay = 1.21> <FuncUnit> <Opcode : 'select'> <InPorts = 3> <OutPorts = 1>
ST_4 : Operation 115 [1/1] (1.21ns) (out node of the LUT)   --->   "%tmp_data_1_V = select i1 %icmp_ln1494_1, i5 %select_ln340_1, i5 0" [firmware/nnet_utils/nnet_activation_stream.h:69]   --->   Operation 115 'select' 'tmp_data_1_V' <Predicate = (!icmp_ln60)> <Delay = 1.21> <Core = "Sel">   --->   Core 26 'Sel' <Latency = 0> <II = 1> <Delay = 1.21> <FuncUnit> <Opcode : 'select'> <InPorts = 3> <OutPorts = 1>
ST_4 : Operation 116 [1/1] (2.20ns)   --->   "%icmp_ln1494_2 = icmp sgt i14 %tmp_data_V_38_2, 0" [firmware/nnet_utils/nnet_activation_stream.h:69]   --->   Operation 116 'icmp' 'icmp_ln1494_2' <Predicate = (!icmp_ln60)> <Delay = 2.20> <Core = "Cmp">   --->   Core 25 'Cmp' <Latency = 0> <II = 1> <Delay = 1.36> <FuncUnit> <Opcode : 'icmp'> <InPorts = 2> <OutPorts = 1>
ST_4 : Operation 117 [1/1] (0.00ns) (grouped into LUT with out node select_ln340_2)   --->   "%tmp_13 = call i1 @_ssdm_op_BitSelect.i1.i14.i32(i14 %tmp_data_V_38_2, i32 8)" [firmware/nnet_utils/nnet_activation_stream.h:69]   --->   Operation 117 'bitselect' 'tmp_13' <Predicate = (!icmp_ln60)> <Delay = 0.00>
ST_4 : Operation 118 [1/1] (0.00ns)   --->   "%zext_ln415_2 = zext i1 %tmp_14 to i6" [firmware/nnet_utils/nnet_activation_stream.h:69]   --->   Operation 118 'zext' 'zext_ln415_2' <Predicate = (!icmp_ln60)> <Delay = 0.00>
ST_4 : Operation 119 [1/1] (0.00ns)   --->   "%zext_ln415_10 = zext i1 %tmp_14 to i5" [firmware/nnet_utils/nnet_activation_stream.h:69]   --->   Operation 119 'zext' 'zext_ln415_10' <Predicate = (!icmp_ln60)> <Delay = 0.00>
ST_4 : Operation 120 [1/1] (1.82ns)   --->   "%add_ln415_2 = add i6 %trunc_ln708_11, %zext_ln415_2" [firmware/nnet_utils/nnet_activation_stream.h:69]   --->   Operation 120 'add' 'add_ln415_2' <Predicate = (!icmp_ln60)> <Delay = 1.82> <Core = "AddSub">   --->   Core 14 'AddSub' <Latency = 0> <II = 1> <Delay = 1.78> <FuncUnit> <Opcode : 'add' 'sub'> <InPorts = 2> <OutPorts = 1>
ST_4 : Operation 121 [1/1] (1.78ns)   --->   "%add_ln416_2 = add i5 %trunc_ln415_s, %zext_ln415_10" [firmware/nnet_utils/nnet_activation_stream.h:69]   --->   Operation 121 'add' 'add_ln416_2' <Predicate = (!icmp_ln60)> <Delay = 1.78> <Core = "AddSub">   --->   Core 14 'AddSub' <Latency = 0> <II = 1> <Delay = 1.78> <FuncUnit> <Opcode : 'add' 'sub'> <InPorts = 2> <OutPorts = 1>
ST_4 : Operation 122 [1/1] (0.00ns) (grouped into LUT with out node select_ln340_2)   --->   "%tmp_15 = call i1 @_ssdm_op_BitSelect.i1.i6.i32(i6 %add_ln415_2, i32 5)" [firmware/nnet_utils/nnet_activation_stream.h:69]   --->   Operation 122 'bitselect' 'tmp_15' <Predicate = (!icmp_ln60)> <Delay = 0.00>
ST_4 : Operation 123 [1/1] (0.00ns) (grouped into LUT with out node select_ln340_2)   --->   "%xor_ln416_2 = xor i1 %tmp_15, true" [firmware/nnet_utils/nnet_activation_stream.h:69]   --->   Operation 123 'xor' 'xor_ln416_2' <Predicate = (!icmp_ln60)> <Delay = 0.00> <Core = "LogicGate">   --->   Core 27 'LogicGate' <Latency = 0> <II = 1> <Delay = 0.97> <FuncUnit> <Opcode : 'and' 'or' 'xor'> <InPorts = 2> <OutPorts = 1>
ST_4 : Operation 124 [1/1] (0.00ns) (grouped into LUT with out node select_ln340_2)   --->   "%and_ln416_2 = and i1 %tmp_13, %xor_ln416_2" [firmware/nnet_utils/nnet_activation_stream.h:69]   --->   Operation 124 'and' 'and_ln416_2' <Predicate = (!icmp_ln60)> <Delay = 0.00> <Core = "LogicGate">   --->   Core 27 'LogicGate' <Latency = 0> <II = 1> <Delay = 0.97> <FuncUnit> <Opcode : 'and' 'or' 'xor'> <InPorts = 2> <OutPorts = 1>
ST_4 : Operation 125 [1/1] (0.00ns) (grouped into LUT with out node select_ln340_2)   --->   "%tmp_16 = call i1 @_ssdm_op_BitSelect.i1.i6.i32(i6 %add_ln415_2, i32 5)" [firmware/nnet_utils/nnet_activation_stream.h:69]   --->   Operation 125 'bitselect' 'tmp_16' <Predicate = (!icmp_ln60)> <Delay = 0.00>
ST_4 : Operation 126 [1/1] (0.00ns) (grouped into LUT with out node select_ln340_2)   --->   "%select_ln777_2 = select i1 %and_ln416_2, i1 %icmp_ln879_2, i1 %icmp_ln768_2" [firmware/nnet_utils/nnet_activation_stream.h:69]   --->   Operation 126 'select' 'select_ln777_2' <Predicate = (!icmp_ln60)> <Delay = 0.00> <Core = "Sel">   --->   Core 26 'Sel' <Latency = 0> <II = 1> <Delay = 1.21> <FuncUnit> <Opcode : 'select'> <InPorts = 3> <OutPorts = 1>
ST_4 : Operation 127 [1/1] (0.00ns) (grouped into LUT with out node select_ln340_2)   --->   "%xor_ln785_2 = xor i1 %select_ln777_2, true" [firmware/nnet_utils/nnet_activation_stream.h:69]   --->   Operation 127 'xor' 'xor_ln785_2' <Predicate = (!icmp_ln60)> <Delay = 0.00> <Core = "LogicGate">   --->   Core 27 'LogicGate' <Latency = 0> <II = 1> <Delay = 0.97> <FuncUnit> <Opcode : 'and' 'or' 'xor'> <InPorts = 2> <OutPorts = 1>
ST_4 : Operation 128 [1/1] (0.00ns) (grouped into LUT with out node select_ln340_2)   --->   "%or_ln340_2 = or i1 %tmp_16, %xor_ln785_2" [firmware/nnet_utils/nnet_activation_stream.h:69]   --->   Operation 128 'or' 'or_ln340_2' <Predicate = (!icmp_ln60)> <Delay = 0.00> <Core = "LogicGate">   --->   Core 27 'LogicGate' <Latency = 0> <II = 1> <Delay = 0.97> <FuncUnit> <Opcode : 'and' 'or' 'xor'> <InPorts = 2> <OutPorts = 1>
ST_4 : Operation 129 [1/1] (1.21ns) (out node of the LUT)   --->   "%select_ln340_2 = select i1 %or_ln340_2, i5 -1, i5 %add_ln416_2" [firmware/nnet_utils/nnet_activation_stream.h:69]   --->   Operation 129 'select' 'select_ln340_2' <Predicate = (!icmp_ln60)> <Delay = 1.21> <Core = "Sel">   --->   Core 26 'Sel' <Latency = 0> <II = 1> <Delay = 1.21> <FuncUnit> <Opcode : 'select'> <InPorts = 3> <OutPorts = 1>
ST_4 : Operation 130 [1/1] (1.21ns) (out node of the LUT)   --->   "%tmp_data_2_V = select i1 %icmp_ln1494_2, i5 %select_ln340_2, i5 0" [firmware/nnet_utils/nnet_activation_stream.h:69]   --->   Operation 130 'select' 'tmp_data_2_V' <Predicate = (!icmp_ln60)> <Delay = 1.21> <Core = "Sel">   --->   Core 26 'Sel' <Latency = 0> <II = 1> <Delay = 1.21> <FuncUnit> <Opcode : 'select'> <InPorts = 3> <OutPorts = 1>
ST_4 : Operation 131 [1/1] (2.20ns)   --->   "%icmp_ln1494_3 = icmp sgt i14 %tmp_data_V_38_3, 0" [firmware/nnet_utils/nnet_activation_stream.h:69]   --->   Operation 131 'icmp' 'icmp_ln1494_3' <Predicate = (!icmp_ln60)> <Delay = 2.20> <Core = "Cmp">   --->   Core 25 'Cmp' <Latency = 0> <II = 1> <Delay = 1.36> <FuncUnit> <Opcode : 'icmp'> <InPorts = 2> <OutPorts = 1>
ST_4 : Operation 132 [1/1] (0.00ns) (grouped into LUT with out node select_ln340_3)   --->   "%tmp_17 = call i1 @_ssdm_op_BitSelect.i1.i14.i32(i14 %tmp_data_V_38_3, i32 8)" [firmware/nnet_utils/nnet_activation_stream.h:69]   --->   Operation 132 'bitselect' 'tmp_17' <Predicate = (!icmp_ln60)> <Delay = 0.00>
ST_4 : Operation 133 [1/1] (0.00ns)   --->   "%zext_ln415_3 = zext i1 %tmp_18 to i6" [firmware/nnet_utils/nnet_activation_stream.h:69]   --->   Operation 133 'zext' 'zext_ln415_3' <Predicate = (!icmp_ln60)> <Delay = 0.00>
ST_4 : Operation 134 [1/1] (0.00ns)   --->   "%zext_ln415_11 = zext i1 %tmp_18 to i5" [firmware/nnet_utils/nnet_activation_stream.h:69]   --->   Operation 134 'zext' 'zext_ln415_11' <Predicate = (!icmp_ln60)> <Delay = 0.00>
ST_4 : Operation 135 [1/1] (1.82ns)   --->   "%add_ln415_3 = add i6 %trunc_ln708_12, %zext_ln415_3" [firmware/nnet_utils/nnet_activation_stream.h:69]   --->   Operation 135 'add' 'add_ln415_3' <Predicate = (!icmp_ln60)> <Delay = 1.82> <Core = "AddSub">   --->   Core 14 'AddSub' <Latency = 0> <II = 1> <Delay = 1.78> <FuncUnit> <Opcode : 'add' 'sub'> <InPorts = 2> <OutPorts = 1>
ST_4 : Operation 136 [1/1] (1.78ns)   --->   "%add_ln416_3 = add i5 %trunc_ln415_1, %zext_ln415_11" [firmware/nnet_utils/nnet_activation_stream.h:69]   --->   Operation 136 'add' 'add_ln416_3' <Predicate = (!icmp_ln60)> <Delay = 1.78> <Core = "AddSub">   --->   Core 14 'AddSub' <Latency = 0> <II = 1> <Delay = 1.78> <FuncUnit> <Opcode : 'add' 'sub'> <InPorts = 2> <OutPorts = 1>
ST_4 : Operation 137 [1/1] (0.00ns) (grouped into LUT with out node select_ln340_3)   --->   "%tmp_19 = call i1 @_ssdm_op_BitSelect.i1.i6.i32(i6 %add_ln415_3, i32 5)" [firmware/nnet_utils/nnet_activation_stream.h:69]   --->   Operation 137 'bitselect' 'tmp_19' <Predicate = (!icmp_ln60)> <Delay = 0.00>
ST_4 : Operation 138 [1/1] (0.00ns) (grouped into LUT with out node select_ln340_3)   --->   "%xor_ln416_3 = xor i1 %tmp_19, true" [firmware/nnet_utils/nnet_activation_stream.h:69]   --->   Operation 138 'xor' 'xor_ln416_3' <Predicate = (!icmp_ln60)> <Delay = 0.00> <Core = "LogicGate">   --->   Core 27 'LogicGate' <Latency = 0> <II = 1> <Delay = 0.97> <FuncUnit> <Opcode : 'and' 'or' 'xor'> <InPorts = 2> <OutPorts = 1>
ST_4 : Operation 139 [1/1] (0.00ns) (grouped into LUT with out node select_ln340_3)   --->   "%and_ln416_3 = and i1 %tmp_17, %xor_ln416_3" [firmware/nnet_utils/nnet_activation_stream.h:69]   --->   Operation 139 'and' 'and_ln416_3' <Predicate = (!icmp_ln60)> <Delay = 0.00> <Core = "LogicGate">   --->   Core 27 'LogicGate' <Latency = 0> <II = 1> <Delay = 0.97> <FuncUnit> <Opcode : 'and' 'or' 'xor'> <InPorts = 2> <OutPorts = 1>
ST_4 : Operation 140 [1/1] (0.00ns) (grouped into LUT with out node select_ln340_3)   --->   "%tmp_20 = call i1 @_ssdm_op_BitSelect.i1.i6.i32(i6 %add_ln415_3, i32 5)" [firmware/nnet_utils/nnet_activation_stream.h:69]   --->   Operation 140 'bitselect' 'tmp_20' <Predicate = (!icmp_ln60)> <Delay = 0.00>
ST_4 : Operation 141 [1/1] (0.00ns) (grouped into LUT with out node select_ln340_3)   --->   "%select_ln777_3 = select i1 %and_ln416_3, i1 %icmp_ln879_3, i1 %icmp_ln768_3" [firmware/nnet_utils/nnet_activation_stream.h:69]   --->   Operation 141 'select' 'select_ln777_3' <Predicate = (!icmp_ln60)> <Delay = 0.00> <Core = "Sel">   --->   Core 26 'Sel' <Latency = 0> <II = 1> <Delay = 1.21> <FuncUnit> <Opcode : 'select'> <InPorts = 3> <OutPorts = 1>
ST_4 : Operation 142 [1/1] (0.00ns) (grouped into LUT with out node select_ln340_3)   --->   "%xor_ln785_3 = xor i1 %select_ln777_3, true" [firmware/nnet_utils/nnet_activation_stream.h:69]   --->   Operation 142 'xor' 'xor_ln785_3' <Predicate = (!icmp_ln60)> <Delay = 0.00> <Core = "LogicGate">   --->   Core 27 'LogicGate' <Latency = 0> <II = 1> <Delay = 0.97> <FuncUnit> <Opcode : 'and' 'or' 'xor'> <InPorts = 2> <OutPorts = 1>
ST_4 : Operation 143 [1/1] (0.00ns) (grouped into LUT with out node select_ln340_3)   --->   "%or_ln340_3 = or i1 %tmp_20, %xor_ln785_3" [firmware/nnet_utils/nnet_activation_stream.h:69]   --->   Operation 143 'or' 'or_ln340_3' <Predicate = (!icmp_ln60)> <Delay = 0.00> <Core = "LogicGate">   --->   Core 27 'LogicGate' <Latency = 0> <II = 1> <Delay = 0.97> <FuncUnit> <Opcode : 'and' 'or' 'xor'> <InPorts = 2> <OutPorts = 1>
ST_4 : Operation 144 [1/1] (1.21ns) (out node of the LUT)   --->   "%select_ln340_3 = select i1 %or_ln340_3, i5 -1, i5 %add_ln416_3" [firmware/nnet_utils/nnet_activation_stream.h:69]   --->   Operation 144 'select' 'select_ln340_3' <Predicate = (!icmp_ln60)> <Delay = 1.21> <Core = "Sel">   --->   Core 26 'Sel' <Latency = 0> <II = 1> <Delay = 1.21> <FuncUnit> <Opcode : 'select'> <InPorts = 3> <OutPorts = 1>
ST_4 : Operation 145 [1/1] (1.21ns) (out node of the LUT)   --->   "%tmp_data_3_V = select i1 %icmp_ln1494_3, i5 %select_ln340_3, i5 0" [firmware/nnet_utils/nnet_activation_stream.h:69]   --->   Operation 145 'select' 'tmp_data_3_V' <Predicate = (!icmp_ln60)> <Delay = 1.21> <Core = "Sel">   --->   Core 26 'Sel' <Latency = 0> <II = 1> <Delay = 1.21> <FuncUnit> <Opcode : 'select'> <InPorts = 3> <OutPorts = 1>
ST_4 : Operation 146 [1/1] (2.20ns)   --->   "%icmp_ln1494_4 = icmp sgt i14 %tmp_data_V_38_4, 0" [firmware/nnet_utils/nnet_activation_stream.h:69]   --->   Operation 146 'icmp' 'icmp_ln1494_4' <Predicate = (!icmp_ln60)> <Delay = 2.20> <Core = "Cmp">   --->   Core 25 'Cmp' <Latency = 0> <II = 1> <Delay = 1.36> <FuncUnit> <Opcode : 'icmp'> <InPorts = 2> <OutPorts = 1>
ST_4 : Operation 147 [1/1] (0.00ns) (grouped into LUT with out node select_ln340_4)   --->   "%tmp_21 = call i1 @_ssdm_op_BitSelect.i1.i14.i32(i14 %tmp_data_V_38_4, i32 8)" [firmware/nnet_utils/nnet_activation_stream.h:69]   --->   Operation 147 'bitselect' 'tmp_21' <Predicate = (!icmp_ln60)> <Delay = 0.00>
ST_4 : Operation 148 [1/1] (0.00ns)   --->   "%zext_ln415_4 = zext i1 %tmp_22 to i6" [firmware/nnet_utils/nnet_activation_stream.h:69]   --->   Operation 148 'zext' 'zext_ln415_4' <Predicate = (!icmp_ln60)> <Delay = 0.00>
ST_4 : Operation 149 [1/1] (0.00ns)   --->   "%zext_ln415_12 = zext i1 %tmp_22 to i5" [firmware/nnet_utils/nnet_activation_stream.h:69]   --->   Operation 149 'zext' 'zext_ln415_12' <Predicate = (!icmp_ln60)> <Delay = 0.00>
ST_4 : Operation 150 [1/1] (1.82ns)   --->   "%add_ln415_4 = add i6 %trunc_ln708_13, %zext_ln415_4" [firmware/nnet_utils/nnet_activation_stream.h:69]   --->   Operation 150 'add' 'add_ln415_4' <Predicate = (!icmp_ln60)> <Delay = 1.82> <Core = "AddSub">   --->   Core 14 'AddSub' <Latency = 0> <II = 1> <Delay = 1.78> <FuncUnit> <Opcode : 'add' 'sub'> <InPorts = 2> <OutPorts = 1>
ST_4 : Operation 151 [1/1] (1.78ns)   --->   "%add_ln416_4 = add i5 %trunc_ln415_2, %zext_ln415_12" [firmware/nnet_utils/nnet_activation_stream.h:69]   --->   Operation 151 'add' 'add_ln416_4' <Predicate = (!icmp_ln60)> <Delay = 1.78> <Core = "AddSub">   --->   Core 14 'AddSub' <Latency = 0> <II = 1> <Delay = 1.78> <FuncUnit> <Opcode : 'add' 'sub'> <InPorts = 2> <OutPorts = 1>
ST_4 : Operation 152 [1/1] (0.00ns) (grouped into LUT with out node select_ln340_4)   --->   "%tmp_23 = call i1 @_ssdm_op_BitSelect.i1.i6.i32(i6 %add_ln415_4, i32 5)" [firmware/nnet_utils/nnet_activation_stream.h:69]   --->   Operation 152 'bitselect' 'tmp_23' <Predicate = (!icmp_ln60)> <Delay = 0.00>
ST_4 : Operation 153 [1/1] (0.00ns) (grouped into LUT with out node select_ln340_4)   --->   "%xor_ln416_4 = xor i1 %tmp_23, true" [firmware/nnet_utils/nnet_activation_stream.h:69]   --->   Operation 153 'xor' 'xor_ln416_4' <Predicate = (!icmp_ln60)> <Delay = 0.00> <Core = "LogicGate">   --->   Core 27 'LogicGate' <Latency = 0> <II = 1> <Delay = 0.97> <FuncUnit> <Opcode : 'and' 'or' 'xor'> <InPorts = 2> <OutPorts = 1>
ST_4 : Operation 154 [1/1] (0.00ns) (grouped into LUT with out node select_ln340_4)   --->   "%and_ln416_4 = and i1 %tmp_21, %xor_ln416_4" [firmware/nnet_utils/nnet_activation_stream.h:69]   --->   Operation 154 'and' 'and_ln416_4' <Predicate = (!icmp_ln60)> <Delay = 0.00> <Core = "LogicGate">   --->   Core 27 'LogicGate' <Latency = 0> <II = 1> <Delay = 0.97> <FuncUnit> <Opcode : 'and' 'or' 'xor'> <InPorts = 2> <OutPorts = 1>
ST_4 : Operation 155 [1/1] (0.00ns) (grouped into LUT with out node select_ln340_4)   --->   "%tmp_24 = call i1 @_ssdm_op_BitSelect.i1.i6.i32(i6 %add_ln415_4, i32 5)" [firmware/nnet_utils/nnet_activation_stream.h:69]   --->   Operation 155 'bitselect' 'tmp_24' <Predicate = (!icmp_ln60)> <Delay = 0.00>
ST_4 : Operation 156 [1/1] (0.00ns) (grouped into LUT with out node select_ln340_4)   --->   "%select_ln777_4 = select i1 %and_ln416_4, i1 %icmp_ln879_4, i1 %icmp_ln768_4" [firmware/nnet_utils/nnet_activation_stream.h:69]   --->   Operation 156 'select' 'select_ln777_4' <Predicate = (!icmp_ln60)> <Delay = 0.00> <Core = "Sel">   --->   Core 26 'Sel' <Latency = 0> <II = 1> <Delay = 1.21> <FuncUnit> <Opcode : 'select'> <InPorts = 3> <OutPorts = 1>
ST_4 : Operation 157 [1/1] (0.00ns) (grouped into LUT with out node select_ln340_4)   --->   "%xor_ln785_4 = xor i1 %select_ln777_4, true" [firmware/nnet_utils/nnet_activation_stream.h:69]   --->   Operation 157 'xor' 'xor_ln785_4' <Predicate = (!icmp_ln60)> <Delay = 0.00> <Core = "LogicGate">   --->   Core 27 'LogicGate' <Latency = 0> <II = 1> <Delay = 0.97> <FuncUnit> <Opcode : 'and' 'or' 'xor'> <InPorts = 2> <OutPorts = 1>
ST_4 : Operation 158 [1/1] (0.00ns) (grouped into LUT with out node select_ln340_4)   --->   "%or_ln340_4 = or i1 %tmp_24, %xor_ln785_4" [firmware/nnet_utils/nnet_activation_stream.h:69]   --->   Operation 158 'or' 'or_ln340_4' <Predicate = (!icmp_ln60)> <Delay = 0.00> <Core = "LogicGate">   --->   Core 27 'LogicGate' <Latency = 0> <II = 1> <Delay = 0.97> <FuncUnit> <Opcode : 'and' 'or' 'xor'> <InPorts = 2> <OutPorts = 1>
ST_4 : Operation 159 [1/1] (1.21ns) (out node of the LUT)   --->   "%select_ln340_4 = select i1 %or_ln340_4, i5 -1, i5 %add_ln416_4" [firmware/nnet_utils/nnet_activation_stream.h:69]   --->   Operation 159 'select' 'select_ln340_4' <Predicate = (!icmp_ln60)> <Delay = 1.21> <Core = "Sel">   --->   Core 26 'Sel' <Latency = 0> <II = 1> <Delay = 1.21> <FuncUnit> <Opcode : 'select'> <InPorts = 3> <OutPorts = 1>
ST_4 : Operation 160 [1/1] (1.21ns) (out node of the LUT)   --->   "%tmp_data_4_V = select i1 %icmp_ln1494_4, i5 %select_ln340_4, i5 0" [firmware/nnet_utils/nnet_activation_stream.h:69]   --->   Operation 160 'select' 'tmp_data_4_V' <Predicate = (!icmp_ln60)> <Delay = 1.21> <Core = "Sel">   --->   Core 26 'Sel' <Latency = 0> <II = 1> <Delay = 1.21> <FuncUnit> <Opcode : 'select'> <InPorts = 3> <OutPorts = 1>
ST_4 : Operation 161 [1/1] (2.20ns)   --->   "%icmp_ln1494_5 = icmp sgt i14 %tmp_data_V_38_5, 0" [firmware/nnet_utils/nnet_activation_stream.h:69]   --->   Operation 161 'icmp' 'icmp_ln1494_5' <Predicate = (!icmp_ln60)> <Delay = 2.20> <Core = "Cmp">   --->   Core 25 'Cmp' <Latency = 0> <II = 1> <Delay = 1.36> <FuncUnit> <Opcode : 'icmp'> <InPorts = 2> <OutPorts = 1>
ST_4 : Operation 162 [1/1] (0.00ns) (grouped into LUT with out node select_ln340_5)   --->   "%tmp_25 = call i1 @_ssdm_op_BitSelect.i1.i14.i32(i14 %tmp_data_V_38_5, i32 8)" [firmware/nnet_utils/nnet_activation_stream.h:69]   --->   Operation 162 'bitselect' 'tmp_25' <Predicate = (!icmp_ln60)> <Delay = 0.00>
ST_4 : Operation 163 [1/1] (0.00ns)   --->   "%zext_ln415_5 = zext i1 %tmp_26 to i6" [firmware/nnet_utils/nnet_activation_stream.h:69]   --->   Operation 163 'zext' 'zext_ln415_5' <Predicate = (!icmp_ln60)> <Delay = 0.00>
ST_4 : Operation 164 [1/1] (0.00ns)   --->   "%zext_ln415_13 = zext i1 %tmp_26 to i5" [firmware/nnet_utils/nnet_activation_stream.h:69]   --->   Operation 164 'zext' 'zext_ln415_13' <Predicate = (!icmp_ln60)> <Delay = 0.00>
ST_4 : Operation 165 [1/1] (1.82ns)   --->   "%add_ln415_5 = add i6 %trunc_ln708_14, %zext_ln415_5" [firmware/nnet_utils/nnet_activation_stream.h:69]   --->   Operation 165 'add' 'add_ln415_5' <Predicate = (!icmp_ln60)> <Delay = 1.82> <Core = "AddSub">   --->   Core 14 'AddSub' <Latency = 0> <II = 1> <Delay = 1.78> <FuncUnit> <Opcode : 'add' 'sub'> <InPorts = 2> <OutPorts = 1>
ST_4 : Operation 166 [1/1] (1.78ns)   --->   "%add_ln416_5 = add i5 %trunc_ln415_3, %zext_ln415_13" [firmware/nnet_utils/nnet_activation_stream.h:69]   --->   Operation 166 'add' 'add_ln416_5' <Predicate = (!icmp_ln60)> <Delay = 1.78> <Core = "AddSub">   --->   Core 14 'AddSub' <Latency = 0> <II = 1> <Delay = 1.78> <FuncUnit> <Opcode : 'add' 'sub'> <InPorts = 2> <OutPorts = 1>
ST_4 : Operation 167 [1/1] (0.00ns) (grouped into LUT with out node select_ln340_5)   --->   "%tmp_27 = call i1 @_ssdm_op_BitSelect.i1.i6.i32(i6 %add_ln415_5, i32 5)" [firmware/nnet_utils/nnet_activation_stream.h:69]   --->   Operation 167 'bitselect' 'tmp_27' <Predicate = (!icmp_ln60)> <Delay = 0.00>
ST_4 : Operation 168 [1/1] (0.00ns) (grouped into LUT with out node select_ln340_5)   --->   "%xor_ln416_5 = xor i1 %tmp_27, true" [firmware/nnet_utils/nnet_activation_stream.h:69]   --->   Operation 168 'xor' 'xor_ln416_5' <Predicate = (!icmp_ln60)> <Delay = 0.00> <Core = "LogicGate">   --->   Core 27 'LogicGate' <Latency = 0> <II = 1> <Delay = 0.97> <FuncUnit> <Opcode : 'and' 'or' 'xor'> <InPorts = 2> <OutPorts = 1>
ST_4 : Operation 169 [1/1] (0.00ns) (grouped into LUT with out node select_ln340_5)   --->   "%and_ln416_5 = and i1 %tmp_25, %xor_ln416_5" [firmware/nnet_utils/nnet_activation_stream.h:69]   --->   Operation 169 'and' 'and_ln416_5' <Predicate = (!icmp_ln60)> <Delay = 0.00> <Core = "LogicGate">   --->   Core 27 'LogicGate' <Latency = 0> <II = 1> <Delay = 0.97> <FuncUnit> <Opcode : 'and' 'or' 'xor'> <InPorts = 2> <OutPorts = 1>
ST_4 : Operation 170 [1/1] (0.00ns) (grouped into LUT with out node select_ln340_5)   --->   "%tmp_28 = call i1 @_ssdm_op_BitSelect.i1.i6.i32(i6 %add_ln415_5, i32 5)" [firmware/nnet_utils/nnet_activation_stream.h:69]   --->   Operation 170 'bitselect' 'tmp_28' <Predicate = (!icmp_ln60)> <Delay = 0.00>
ST_4 : Operation 171 [1/1] (0.00ns) (grouped into LUT with out node select_ln340_5)   --->   "%select_ln777_5 = select i1 %and_ln416_5, i1 %icmp_ln879_5, i1 %icmp_ln768_5" [firmware/nnet_utils/nnet_activation_stream.h:69]   --->   Operation 171 'select' 'select_ln777_5' <Predicate = (!icmp_ln60)> <Delay = 0.00> <Core = "Sel">   --->   Core 26 'Sel' <Latency = 0> <II = 1> <Delay = 1.21> <FuncUnit> <Opcode : 'select'> <InPorts = 3> <OutPorts = 1>
ST_4 : Operation 172 [1/1] (0.00ns) (grouped into LUT with out node select_ln340_5)   --->   "%xor_ln785_5 = xor i1 %select_ln777_5, true" [firmware/nnet_utils/nnet_activation_stream.h:69]   --->   Operation 172 'xor' 'xor_ln785_5' <Predicate = (!icmp_ln60)> <Delay = 0.00> <Core = "LogicGate">   --->   Core 27 'LogicGate' <Latency = 0> <II = 1> <Delay = 0.97> <FuncUnit> <Opcode : 'and' 'or' 'xor'> <InPorts = 2> <OutPorts = 1>
ST_4 : Operation 173 [1/1] (0.00ns) (grouped into LUT with out node select_ln340_5)   --->   "%or_ln340_5 = or i1 %tmp_28, %xor_ln785_5" [firmware/nnet_utils/nnet_activation_stream.h:69]   --->   Operation 173 'or' 'or_ln340_5' <Predicate = (!icmp_ln60)> <Delay = 0.00> <Core = "LogicGate">   --->   Core 27 'LogicGate' <Latency = 0> <II = 1> <Delay = 0.97> <FuncUnit> <Opcode : 'and' 'or' 'xor'> <InPorts = 2> <OutPorts = 1>
ST_4 : Operation 174 [1/1] (1.21ns) (out node of the LUT)   --->   "%select_ln340_5 = select i1 %or_ln340_5, i5 -1, i5 %add_ln416_5" [firmware/nnet_utils/nnet_activation_stream.h:69]   --->   Operation 174 'select' 'select_ln340_5' <Predicate = (!icmp_ln60)> <Delay = 1.21> <Core = "Sel">   --->   Core 26 'Sel' <Latency = 0> <II = 1> <Delay = 1.21> <FuncUnit> <Opcode : 'select'> <InPorts = 3> <OutPorts = 1>
ST_4 : Operation 175 [1/1] (1.21ns) (out node of the LUT)   --->   "%tmp_data_5_V = select i1 %icmp_ln1494_5, i5 %select_ln340_5, i5 0" [firmware/nnet_utils/nnet_activation_stream.h:69]   --->   Operation 175 'select' 'tmp_data_5_V' <Predicate = (!icmp_ln60)> <Delay = 1.21> <Core = "Sel">   --->   Core 26 'Sel' <Latency = 0> <II = 1> <Delay = 1.21> <FuncUnit> <Opcode : 'select'> <InPorts = 3> <OutPorts = 1>
ST_4 : Operation 176 [1/1] (2.20ns)   --->   "%icmp_ln1494_6 = icmp sgt i14 %tmp_data_V_38_6, 0" [firmware/nnet_utils/nnet_activation_stream.h:69]   --->   Operation 176 'icmp' 'icmp_ln1494_6' <Predicate = (!icmp_ln60)> <Delay = 2.20> <Core = "Cmp">   --->   Core 25 'Cmp' <Latency = 0> <II = 1> <Delay = 1.36> <FuncUnit> <Opcode : 'icmp'> <InPorts = 2> <OutPorts = 1>
ST_4 : Operation 177 [1/1] (0.00ns) (grouped into LUT with out node select_ln340_6)   --->   "%tmp_29 = call i1 @_ssdm_op_BitSelect.i1.i14.i32(i14 %tmp_data_V_38_6, i32 8)" [firmware/nnet_utils/nnet_activation_stream.h:69]   --->   Operation 177 'bitselect' 'tmp_29' <Predicate = (!icmp_ln60)> <Delay = 0.00>
ST_4 : Operation 178 [1/1] (0.00ns)   --->   "%zext_ln415_6 = zext i1 %tmp_30 to i6" [firmware/nnet_utils/nnet_activation_stream.h:69]   --->   Operation 178 'zext' 'zext_ln415_6' <Predicate = (!icmp_ln60)> <Delay = 0.00>
ST_4 : Operation 179 [1/1] (0.00ns)   --->   "%zext_ln415_14 = zext i1 %tmp_30 to i5" [firmware/nnet_utils/nnet_activation_stream.h:69]   --->   Operation 179 'zext' 'zext_ln415_14' <Predicate = (!icmp_ln60)> <Delay = 0.00>
ST_4 : Operation 180 [1/1] (1.82ns)   --->   "%add_ln415_6 = add i6 %trunc_ln708_15, %zext_ln415_6" [firmware/nnet_utils/nnet_activation_stream.h:69]   --->   Operation 180 'add' 'add_ln415_6' <Predicate = (!icmp_ln60)> <Delay = 1.82> <Core = "AddSub">   --->   Core 14 'AddSub' <Latency = 0> <II = 1> <Delay = 1.78> <FuncUnit> <Opcode : 'add' 'sub'> <InPorts = 2> <OutPorts = 1>
ST_4 : Operation 181 [1/1] (1.78ns)   --->   "%add_ln416_6 = add i5 %trunc_ln415_4, %zext_ln415_14" [firmware/nnet_utils/nnet_activation_stream.h:69]   --->   Operation 181 'add' 'add_ln416_6' <Predicate = (!icmp_ln60)> <Delay = 1.78> <Core = "AddSub">   --->   Core 14 'AddSub' <Latency = 0> <II = 1> <Delay = 1.78> <FuncUnit> <Opcode : 'add' 'sub'> <InPorts = 2> <OutPorts = 1>
ST_4 : Operation 182 [1/1] (0.00ns) (grouped into LUT with out node select_ln340_6)   --->   "%tmp_31 = call i1 @_ssdm_op_BitSelect.i1.i6.i32(i6 %add_ln415_6, i32 5)" [firmware/nnet_utils/nnet_activation_stream.h:69]   --->   Operation 182 'bitselect' 'tmp_31' <Predicate = (!icmp_ln60)> <Delay = 0.00>
ST_4 : Operation 183 [1/1] (0.00ns) (grouped into LUT with out node select_ln340_6)   --->   "%xor_ln416_6 = xor i1 %tmp_31, true" [firmware/nnet_utils/nnet_activation_stream.h:69]   --->   Operation 183 'xor' 'xor_ln416_6' <Predicate = (!icmp_ln60)> <Delay = 0.00> <Core = "LogicGate">   --->   Core 27 'LogicGate' <Latency = 0> <II = 1> <Delay = 0.97> <FuncUnit> <Opcode : 'and' 'or' 'xor'> <InPorts = 2> <OutPorts = 1>
ST_4 : Operation 184 [1/1] (0.00ns) (grouped into LUT with out node select_ln340_6)   --->   "%and_ln416_6 = and i1 %tmp_29, %xor_ln416_6" [firmware/nnet_utils/nnet_activation_stream.h:69]   --->   Operation 184 'and' 'and_ln416_6' <Predicate = (!icmp_ln60)> <Delay = 0.00> <Core = "LogicGate">   --->   Core 27 'LogicGate' <Latency = 0> <II = 1> <Delay = 0.97> <FuncUnit> <Opcode : 'and' 'or' 'xor'> <InPorts = 2> <OutPorts = 1>
ST_4 : Operation 185 [1/1] (0.00ns) (grouped into LUT with out node select_ln340_6)   --->   "%tmp_32 = call i1 @_ssdm_op_BitSelect.i1.i6.i32(i6 %add_ln415_6, i32 5)" [firmware/nnet_utils/nnet_activation_stream.h:69]   --->   Operation 185 'bitselect' 'tmp_32' <Predicate = (!icmp_ln60)> <Delay = 0.00>
ST_4 : Operation 186 [1/1] (0.00ns) (grouped into LUT with out node select_ln340_6)   --->   "%select_ln777_6 = select i1 %and_ln416_6, i1 %icmp_ln879_6, i1 %icmp_ln768_6" [firmware/nnet_utils/nnet_activation_stream.h:69]   --->   Operation 186 'select' 'select_ln777_6' <Predicate = (!icmp_ln60)> <Delay = 0.00> <Core = "Sel">   --->   Core 26 'Sel' <Latency = 0> <II = 1> <Delay = 1.21> <FuncUnit> <Opcode : 'select'> <InPorts = 3> <OutPorts = 1>
ST_4 : Operation 187 [1/1] (0.00ns) (grouped into LUT with out node select_ln340_6)   --->   "%xor_ln785_6 = xor i1 %select_ln777_6, true" [firmware/nnet_utils/nnet_activation_stream.h:69]   --->   Operation 187 'xor' 'xor_ln785_6' <Predicate = (!icmp_ln60)> <Delay = 0.00> <Core = "LogicGate">   --->   Core 27 'LogicGate' <Latency = 0> <II = 1> <Delay = 0.97> <FuncUnit> <Opcode : 'and' 'or' 'xor'> <InPorts = 2> <OutPorts = 1>
ST_4 : Operation 188 [1/1] (0.00ns) (grouped into LUT with out node select_ln340_6)   --->   "%or_ln340_6 = or i1 %tmp_32, %xor_ln785_6" [firmware/nnet_utils/nnet_activation_stream.h:69]   --->   Operation 188 'or' 'or_ln340_6' <Predicate = (!icmp_ln60)> <Delay = 0.00> <Core = "LogicGate">   --->   Core 27 'LogicGate' <Latency = 0> <II = 1> <Delay = 0.97> <FuncUnit> <Opcode : 'and' 'or' 'xor'> <InPorts = 2> <OutPorts = 1>
ST_4 : Operation 189 [1/1] (1.21ns) (out node of the LUT)   --->   "%select_ln340_6 = select i1 %or_ln340_6, i5 -1, i5 %add_ln416_6" [firmware/nnet_utils/nnet_activation_stream.h:69]   --->   Operation 189 'select' 'select_ln340_6' <Predicate = (!icmp_ln60)> <Delay = 1.21> <Core = "Sel">   --->   Core 26 'Sel' <Latency = 0> <II = 1> <Delay = 1.21> <FuncUnit> <Opcode : 'select'> <InPorts = 3> <OutPorts = 1>
ST_4 : Operation 190 [1/1] (1.21ns) (out node of the LUT)   --->   "%tmp_data_6_V = select i1 %icmp_ln1494_6, i5 %select_ln340_6, i5 0" [firmware/nnet_utils/nnet_activation_stream.h:69]   --->   Operation 190 'select' 'tmp_data_6_V' <Predicate = (!icmp_ln60)> <Delay = 1.21> <Core = "Sel">   --->   Core 26 'Sel' <Latency = 0> <II = 1> <Delay = 1.21> <FuncUnit> <Opcode : 'select'> <InPorts = 3> <OutPorts = 1>
ST_4 : Operation 191 [1/1] (2.20ns)   --->   "%icmp_ln1494_7 = icmp sgt i14 %tmp_data_V_38_7, 0" [firmware/nnet_utils/nnet_activation_stream.h:69]   --->   Operation 191 'icmp' 'icmp_ln1494_7' <Predicate = (!icmp_ln60)> <Delay = 2.20> <Core = "Cmp">   --->   Core 25 'Cmp' <Latency = 0> <II = 1> <Delay = 1.36> <FuncUnit> <Opcode : 'icmp'> <InPorts = 2> <OutPorts = 1>
ST_4 : Operation 192 [1/1] (0.00ns) (grouped into LUT with out node select_ln340_7)   --->   "%tmp_33 = call i1 @_ssdm_op_BitSelect.i1.i14.i32(i14 %tmp_data_V_38_7, i32 8)" [firmware/nnet_utils/nnet_activation_stream.h:69]   --->   Operation 192 'bitselect' 'tmp_33' <Predicate = (!icmp_ln60)> <Delay = 0.00>
ST_4 : Operation 193 [1/1] (0.00ns)   --->   "%zext_ln415_7 = zext i1 %tmp_34 to i6" [firmware/nnet_utils/nnet_activation_stream.h:69]   --->   Operation 193 'zext' 'zext_ln415_7' <Predicate = (!icmp_ln60)> <Delay = 0.00>
ST_4 : Operation 194 [1/1] (0.00ns)   --->   "%zext_ln415_15 = zext i1 %tmp_34 to i5" [firmware/nnet_utils/nnet_activation_stream.h:69]   --->   Operation 194 'zext' 'zext_ln415_15' <Predicate = (!icmp_ln60)> <Delay = 0.00>
ST_4 : Operation 195 [1/1] (1.82ns)   --->   "%add_ln415_7 = add i6 %trunc_ln708_16, %zext_ln415_7" [firmware/nnet_utils/nnet_activation_stream.h:69]   --->   Operation 195 'add' 'add_ln415_7' <Predicate = (!icmp_ln60)> <Delay = 1.82> <Core = "AddSub">   --->   Core 14 'AddSub' <Latency = 0> <II = 1> <Delay = 1.78> <FuncUnit> <Opcode : 'add' 'sub'> <InPorts = 2> <OutPorts = 1>
ST_4 : Operation 196 [1/1] (1.78ns)   --->   "%add_ln416_7 = add i5 %trunc_ln415_5, %zext_ln415_15" [firmware/nnet_utils/nnet_activation_stream.h:69]   --->   Operation 196 'add' 'add_ln416_7' <Predicate = (!icmp_ln60)> <Delay = 1.78> <Core = "AddSub">   --->   Core 14 'AddSub' <Latency = 0> <II = 1> <Delay = 1.78> <FuncUnit> <Opcode : 'add' 'sub'> <InPorts = 2> <OutPorts = 1>
ST_4 : Operation 197 [1/1] (0.00ns) (grouped into LUT with out node select_ln340_7)   --->   "%tmp_35 = call i1 @_ssdm_op_BitSelect.i1.i6.i32(i6 %add_ln415_7, i32 5)" [firmware/nnet_utils/nnet_activation_stream.h:69]   --->   Operation 197 'bitselect' 'tmp_35' <Predicate = (!icmp_ln60)> <Delay = 0.00>
ST_4 : Operation 198 [1/1] (0.00ns) (grouped into LUT with out node select_ln340_7)   --->   "%xor_ln416_7 = xor i1 %tmp_35, true" [firmware/nnet_utils/nnet_activation_stream.h:69]   --->   Operation 198 'xor' 'xor_ln416_7' <Predicate = (!icmp_ln60)> <Delay = 0.00> <Core = "LogicGate">   --->   Core 27 'LogicGate' <Latency = 0> <II = 1> <Delay = 0.97> <FuncUnit> <Opcode : 'and' 'or' 'xor'> <InPorts = 2> <OutPorts = 1>
ST_4 : Operation 199 [1/1] (0.00ns) (grouped into LUT with out node select_ln340_7)   --->   "%and_ln416_7 = and i1 %tmp_33, %xor_ln416_7" [firmware/nnet_utils/nnet_activation_stream.h:69]   --->   Operation 199 'and' 'and_ln416_7' <Predicate = (!icmp_ln60)> <Delay = 0.00> <Core = "LogicGate">   --->   Core 27 'LogicGate' <Latency = 0> <II = 1> <Delay = 0.97> <FuncUnit> <Opcode : 'and' 'or' 'xor'> <InPorts = 2> <OutPorts = 1>
ST_4 : Operation 200 [1/1] (0.00ns) (grouped into LUT with out node select_ln340_7)   --->   "%tmp_36 = call i1 @_ssdm_op_BitSelect.i1.i6.i32(i6 %add_ln415_7, i32 5)" [firmware/nnet_utils/nnet_activation_stream.h:69]   --->   Operation 200 'bitselect' 'tmp_36' <Predicate = (!icmp_ln60)> <Delay = 0.00>
ST_4 : Operation 201 [1/1] (0.00ns) (grouped into LUT with out node select_ln340_7)   --->   "%select_ln777_7 = select i1 %and_ln416_7, i1 %icmp_ln879_7, i1 %icmp_ln768_7" [firmware/nnet_utils/nnet_activation_stream.h:69]   --->   Operation 201 'select' 'select_ln777_7' <Predicate = (!icmp_ln60)> <Delay = 0.00> <Core = "Sel">   --->   Core 26 'Sel' <Latency = 0> <II = 1> <Delay = 1.21> <FuncUnit> <Opcode : 'select'> <InPorts = 3> <OutPorts = 1>
ST_4 : Operation 202 [1/1] (0.00ns) (grouped into LUT with out node select_ln340_7)   --->   "%xor_ln785_7 = xor i1 %select_ln777_7, true" [firmware/nnet_utils/nnet_activation_stream.h:69]   --->   Operation 202 'xor' 'xor_ln785_7' <Predicate = (!icmp_ln60)> <Delay = 0.00> <Core = "LogicGate">   --->   Core 27 'LogicGate' <Latency = 0> <II = 1> <Delay = 0.97> <FuncUnit> <Opcode : 'and' 'or' 'xor'> <InPorts = 2> <OutPorts = 1>
ST_4 : Operation 203 [1/1] (0.00ns) (grouped into LUT with out node select_ln340_7)   --->   "%or_ln340_7 = or i1 %tmp_36, %xor_ln785_7" [firmware/nnet_utils/nnet_activation_stream.h:69]   --->   Operation 203 'or' 'or_ln340_7' <Predicate = (!icmp_ln60)> <Delay = 0.00> <Core = "LogicGate">   --->   Core 27 'LogicGate' <Latency = 0> <II = 1> <Delay = 0.97> <FuncUnit> <Opcode : 'and' 'or' 'xor'> <InPorts = 2> <OutPorts = 1>
ST_4 : Operation 204 [1/1] (1.21ns) (out node of the LUT)   --->   "%select_ln340_7 = select i1 %or_ln340_7, i5 -1, i5 %add_ln416_7" [firmware/nnet_utils/nnet_activation_stream.h:69]   --->   Operation 204 'select' 'select_ln340_7' <Predicate = (!icmp_ln60)> <Delay = 1.21> <Core = "Sel">   --->   Core 26 'Sel' <Latency = 0> <II = 1> <Delay = 1.21> <FuncUnit> <Opcode : 'select'> <InPorts = 3> <OutPorts = 1>
ST_4 : Operation 205 [1/1] (1.21ns) (out node of the LUT)   --->   "%tmp_data_7_V = select i1 %icmp_ln1494_7, i5 %select_ln340_7, i5 0" [firmware/nnet_utils/nnet_activation_stream.h:69]   --->   Operation 205 'select' 'tmp_data_7_V' <Predicate = (!icmp_ln60)> <Delay = 1.21> <Core = "Sel">   --->   Core 26 'Sel' <Latency = 0> <II = 1> <Delay = 1.21> <FuncUnit> <Opcode : 'select'> <InPorts = 3> <OutPorts = 1>

State 5 <SV = 4> <Delay = 2.18>
ST_5 : Operation 206 [1/1] (0.00ns)   --->   "call void (...)* @_ssdm_op_SpecLoopName([12 x i8]* @p_str68) nounwind" [firmware/nnet_utils/nnet_activation_stream.h:60]   --->   Operation 206 'specloopname' <Predicate = (!icmp_ln60)> <Delay = 0.00>
ST_5 : Operation 207 [1/1] (0.00ns)   --->   "%tmp = call i32 (...)* @_ssdm_op_SpecRegionBegin([12 x i8]* @p_str68)" [firmware/nnet_utils/nnet_activation_stream.h:60]   --->   Operation 207 'specregionbegin' 'tmp' <Predicate = (!icmp_ln60)> <Delay = 0.00>
ST_5 : Operation 208 [1/1] (0.00ns)   --->   "call void (...)* @_ssdm_op_SpecPipeline(i32 -1, i32 1, i32 1, i32 0, [1 x i8]* @p_str24) nounwind" [firmware/nnet_utils/nnet_activation_stream.h:61]   --->   Operation 208 'specpipeline' <Predicate = (!icmp_ln60)> <Delay = 0.00>
ST_5 : Operation 209 [1/1] (0.00ns)   --->   "%zext_ln1494 = zext i5 %tmp_data_0_V to i6" [firmware/nnet_utils/nnet_activation_stream.h:69]   --->   Operation 209 'zext' 'zext_ln1494' <Predicate = (!icmp_ln60)> <Delay = 0.00>
ST_5 : Operation 210 [1/1] (0.00ns)   --->   "%zext_ln1494_1 = zext i5 %tmp_data_1_V to i6" [firmware/nnet_utils/nnet_activation_stream.h:69]   --->   Operation 210 'zext' 'zext_ln1494_1' <Predicate = (!icmp_ln60)> <Delay = 0.00>
ST_5 : Operation 211 [1/1] (0.00ns)   --->   "%zext_ln1494_2 = zext i5 %tmp_data_2_V to i6" [firmware/nnet_utils/nnet_activation_stream.h:69]   --->   Operation 211 'zext' 'zext_ln1494_2' <Predicate = (!icmp_ln60)> <Delay = 0.00>
ST_5 : Operation 212 [1/1] (0.00ns)   --->   "%zext_ln1494_3 = zext i5 %tmp_data_3_V to i6" [firmware/nnet_utils/nnet_activation_stream.h:69]   --->   Operation 212 'zext' 'zext_ln1494_3' <Predicate = (!icmp_ln60)> <Delay = 0.00>
ST_5 : Operation 213 [1/1] (0.00ns)   --->   "%zext_ln1494_4 = zext i5 %tmp_data_4_V to i6" [firmware/nnet_utils/nnet_activation_stream.h:69]   --->   Operation 213 'zext' 'zext_ln1494_4' <Predicate = (!icmp_ln60)> <Delay = 0.00>
ST_5 : Operation 214 [1/1] (0.00ns)   --->   "%zext_ln1494_5 = zext i5 %tmp_data_5_V to i6" [firmware/nnet_utils/nnet_activation_stream.h:69]   --->   Operation 214 'zext' 'zext_ln1494_5' <Predicate = (!icmp_ln60)> <Delay = 0.00>
ST_5 : Operation 215 [1/1] (0.00ns)   --->   "%zext_ln1494_6 = zext i5 %tmp_data_6_V to i6" [firmware/nnet_utils/nnet_activation_stream.h:69]   --->   Operation 215 'zext' 'zext_ln1494_6' <Predicate = (!icmp_ln60)> <Delay = 0.00>
ST_5 : Operation 216 [1/1] (0.00ns)   --->   "%zext_ln1494_7 = zext i5 %tmp_data_7_V to i6" [firmware/nnet_utils/nnet_activation_stream.h:69]   --->   Operation 216 'zext' 'zext_ln1494_7' <Predicate = (!icmp_ln60)> <Delay = 0.00>
ST_5 : Operation 217 [1/1] (2.18ns)   --->   "call void @_ssdm_op_Write.ap_fifo.volatile.i6P.i6P.i6P.i6P.i6P.i6P.i6P.i6P(i6* %res_V_data_0_V, i6* %res_V_data_1_V, i6* %res_V_data_2_V, i6* %res_V_data_3_V, i6* %res_V_data_4_V, i6* %res_V_data_5_V, i6* %res_V_data_6_V, i6* %res_V_data_7_V, i6 %zext_ln1494, i6 %zext_ln1494_1, i6 %zext_ln1494_2, i6 %zext_ln1494_3, i6 %zext_ln1494_4, i6 %zext_ln1494_5, i6 %zext_ln1494_6, i6 %zext_ln1494_7)" [firmware/nnet_utils/nnet_activation_stream.h:73]   --->   Operation 217 'write' <Predicate = (!icmp_ln60)> <Delay = 2.18> <Core = "FIFO">   --->   Core 32 'FIFO' <Latency = 0> <II = 1> <Delay = 3.63> <Storage> <Opcode : 'read' 'write' 'nbread' 'nbwrite'> <Ports = 0> <Width = 6> <Depth = 3> <FIFO>
ST_5 : Operation 218 [1/1] (0.00ns)   --->   "%empty_77 = call i32 (...)* @_ssdm_op_SpecRegionEnd([12 x i8]* @p_str68, i32 %tmp)" [firmware/nnet_utils/nnet_activation_stream.h:74]   --->   Operation 218 'specregionend' 'empty_77' <Predicate = (!icmp_ln60)> <Delay = 0.00>
ST_5 : Operation 219 [1/1] (0.00ns)   --->   "br label %1" [firmware/nnet_utils/nnet_activation_stream.h:60]   --->   Operation 219 'br' <Predicate = (!icmp_ln60)> <Delay = 0.00>

State 6 <SV = 2> <Delay = 0.00>
ST_6 : Operation 220 [1/1] (0.00ns)   --->   "ret void" [firmware/nnet_utils/nnet_activation_stream.h:75]   --->   Operation 220 'ret' <Predicate = true> <Delay = 0.00>


============================================================
+ Verbose Summary: Timing violations
============================================================
Target clock period: 5ns, clock uncertainty: 0.625ns.

 <State 1>: 1.77ns
The critical path consists of the following:
	multiplexor before 'phi' operation ('i') with incoming values : ('i', firmware/nnet_utils/nnet_activation_stream.h:60) [35]  (1.77 ns)

 <State 2>: 2.21ns
The critical path consists of the following:
	'phi' operation ('i') with incoming values : ('i', firmware/nnet_utils/nnet_activation_stream.h:60) [35]  (0 ns)
	'icmp' operation ('icmp_ln60', firmware/nnet_utils/nnet_activation_stream.h:60) [36]  (2.21 ns)

 <State 3>: 3.55ns
The critical path consists of the following:
	fifo read on port 'data_V_data_0_V' (firmware/nnet_utils/nnet_activation_stream.h:63) [44]  (2.19 ns)
	'icmp' operation ('icmp_ln879', firmware/nnet_utils/nnet_activation_stream.h:69) [67]  (1.36 ns)

 <State 4>: 4.25ns
The critical path consists of the following:
	'add' operation ('add_ln415', firmware/nnet_utils/nnet_activation_stream.h:69) [60]  (1.83 ns)
	'xor' operation ('xor_ln416', firmware/nnet_utils/nnet_activation_stream.h:69) [63]  (0 ns)
	'and' operation ('and_ln416', firmware/nnet_utils/nnet_activation_stream.h:69) [64]  (0 ns)
	'select' operation ('select_ln777', firmware/nnet_utils/nnet_activation_stream.h:69) [69]  (0 ns)
	'xor' operation ('xor_ln785', firmware/nnet_utils/nnet_activation_stream.h:69) [70]  (0 ns)
	'or' operation ('or_ln340', firmware/nnet_utils/nnet_activation_stream.h:69) [71]  (0 ns)
	'select' operation ('select_ln340', firmware/nnet_utils/nnet_activation_stream.h:69) [72]  (1.22 ns)
	'select' operation ('tmp.data[0].V', firmware/nnet_utils/nnet_activation_stream.h:69) [73]  (1.22 ns)

 <State 5>: 2.19ns
The critical path consists of the following:
	fifo write on port 'res_V_data_0_V' (firmware/nnet_utils/nnet_activation_stream.h:73) [229]  (2.19 ns)

 <State 6>: 0ns
The critical path consists of the following:


============================================================
+ Verbose Summary: Binding
============================================================
N/A
* FSMD analyzer results:
  - Output states:
 - Input state : 
  - Chain level:
	State 1
	State 2
	State 3
	State 4
	State 5
	State 6


============================================================
+ Verbose Summary: Datapath Resource usage 
============================================================
N/A
