

================================================================
== Vivado HLS Report for 'relu_array_array_ap_fixed_10u_relu_config12_s'
================================================================
* Date:           Sun Nov 14 10:21:05 2021

* Version:        2019.1 (Build 2552052 on Fri May 24 15:28:33 MDT 2019)
* Project:        myproject_prj
* Solution:       solution1
* Product family: zynq
* Target device:  xc7z020-clg400-1


================================================================
== Performance Estimates
================================================================
+ Timing (ns): 
    * Summary: 
    +--------+-------+----------+------------+
    |  Clock | Target| Estimated| Uncertainty|
    +--------+-------+----------+------------+
    |ap_clk  |   5.00|     4.255|        0.62|
    +--------+-------+----------+------------+

+ Latency (clock cycles): 
    * Summary: 
    +-----+-----+-----+-----+---------+
    |  Latency  |  Interval | Pipeline|
    | min | max | min | max |   Type  |
    +-----+-----+-----+-----+---------+
    |  516|  516|  516|  516|   none  |
    +-----+-----+-----+-----+---------+

    + Detail: 
        * Instance: 
        N/A

        * Loop: 
        +---------------+-----+-----+----------+-----------+-----------+------+----------+
        |               |  Latency  | Iteration|  Initiation Interval  | Trip |          |
        |   Loop Name   | min | max |  Latency |  achieved |   target  | Count| Pipelined|
        +---------------+-----+-----+----------+-----------+-----------+------+----------+
        |- ReLUActLoop  |  514|  514|         4|          1|          1|   512|    yes   |
        +---------------+-----+-----+----------+-----------+-----------+------+----------+

============================================================
+ Verbose Summary: Synthesis Manager
============================================================
InlineROM: 1
ExposeGlobal: 0
============================================================
+ Verbose Summary: CDFG Model
============================================================
IsTopModel: 0
ResetActiveHigh: 1
IsCombinational: 2
IsDatapathOnly: 0
HasWiredReturn: 1
HasMFsm: 0
HasVarLatency: 1
IsPipeline: 0
IsRtlPipelined: 0
IsInstanceOverlapped: 0
IsDontTouch: 0
HasImplIP: 0
IsGatedGlobalClock: 0

+ Individual pipeline summary: 
  * Pipeline-0: initiation interval (II) = 1, depth = 4


============================================================
+ Verbose Summary: Schedule
============================================================
* Number of FSM states : 6
* Pipeline : 1
  Pipeline-0 : II = 1, D = 4, States = { 2 3 4 5 }
* Dataflow Pipeline: 0

* FSM state transitions: 
1 --> 2 
2 --> 6 3 
3 --> 4 
4 --> 5 
5 --> 2 
6 --> 

* FSM state operations: 

State 1 <SV = 0> <Delay = 1.76>
ST_1 : Operation 7 [1/1] (0.00ns)   --->   "call void (...)* @_ssdm_op_SpecInterface(i6* %res_V_data_9_V, [8 x i8]* @ap_fifo_str, i32 0, i32 0, [1 x i8]* @p_str, i32 0, i32 0, [1 x i8]* @p_str, [1 x i8]* @p_str, [1 x i8]* @p_str, i32 2, i32 2, i32 16, i32 16, [1 x i8]* @p_str, [1 x i8]* @p_str)"   --->   Operation 7 'specinterface' <Predicate = true> <Delay = 0.00>
ST_1 : Operation 8 [1/1] (0.00ns)   --->   "call void (...)* @_ssdm_op_SpecInterface(i6* %res_V_data_8_V, [8 x i8]* @ap_fifo_str, i32 0, i32 0, [1 x i8]* @p_str, i32 0, i32 0, [1 x i8]* @p_str, [1 x i8]* @p_str, [1 x i8]* @p_str, i32 2, i32 2, i32 16, i32 16, [1 x i8]* @p_str, [1 x i8]* @p_str)"   --->   Operation 8 'specinterface' <Predicate = true> <Delay = 0.00>
ST_1 : Operation 9 [1/1] (0.00ns)   --->   "call void (...)* @_ssdm_op_SpecInterface(i6* %res_V_data_7_V, [8 x i8]* @ap_fifo_str, i32 0, i32 0, [1 x i8]* @p_str, i32 0, i32 0, [1 x i8]* @p_str, [1 x i8]* @p_str, [1 x i8]* @p_str, i32 2, i32 2, i32 16, i32 16, [1 x i8]* @p_str, [1 x i8]* @p_str)"   --->   Operation 9 'specinterface' <Predicate = true> <Delay = 0.00>
ST_1 : Operation 10 [1/1] (0.00ns)   --->   "call void (...)* @_ssdm_op_SpecInterface(i6* %res_V_data_6_V, [8 x i8]* @ap_fifo_str, i32 0, i32 0, [1 x i8]* @p_str, i32 0, i32 0, [1 x i8]* @p_str, [1 x i8]* @p_str, [1 x i8]* @p_str, i32 2, i32 2, i32 16, i32 16, [1 x i8]* @p_str, [1 x i8]* @p_str)"   --->   Operation 10 'specinterface' <Predicate = true> <Delay = 0.00>
ST_1 : Operation 11 [1/1] (0.00ns)   --->   "call void (...)* @_ssdm_op_SpecInterface(i6* %res_V_data_5_V, [8 x i8]* @ap_fifo_str, i32 0, i32 0, [1 x i8]* @p_str, i32 0, i32 0, [1 x i8]* @p_str, [1 x i8]* @p_str, [1 x i8]* @p_str, i32 2, i32 2, i32 16, i32 16, [1 x i8]* @p_str, [1 x i8]* @p_str)"   --->   Operation 11 'specinterface' <Predicate = true> <Delay = 0.00>
ST_1 : Operation 12 [1/1] (0.00ns)   --->   "call void (...)* @_ssdm_op_SpecInterface(i6* %res_V_data_4_V, [8 x i8]* @ap_fifo_str, i32 0, i32 0, [1 x i8]* @p_str, i32 0, i32 0, [1 x i8]* @p_str, [1 x i8]* @p_str, [1 x i8]* @p_str, i32 2, i32 2, i32 16, i32 16, [1 x i8]* @p_str, [1 x i8]* @p_str)"   --->   Operation 12 'specinterface' <Predicate = true> <Delay = 0.00>
ST_1 : Operation 13 [1/1] (0.00ns)   --->   "call void (...)* @_ssdm_op_SpecInterface(i6* %res_V_data_3_V, [8 x i8]* @ap_fifo_str, i32 0, i32 0, [1 x i8]* @p_str, i32 0, i32 0, [1 x i8]* @p_str, [1 x i8]* @p_str, [1 x i8]* @p_str, i32 2, i32 2, i32 16, i32 16, [1 x i8]* @p_str, [1 x i8]* @p_str)"   --->   Operation 13 'specinterface' <Predicate = true> <Delay = 0.00>
ST_1 : Operation 14 [1/1] (0.00ns)   --->   "call void (...)* @_ssdm_op_SpecInterface(i6* %res_V_data_2_V, [8 x i8]* @ap_fifo_str, i32 0, i32 0, [1 x i8]* @p_str, i32 0, i32 0, [1 x i8]* @p_str, [1 x i8]* @p_str, [1 x i8]* @p_str, i32 2, i32 2, i32 16, i32 16, [1 x i8]* @p_str, [1 x i8]* @p_str)"   --->   Operation 14 'specinterface' <Predicate = true> <Delay = 0.00>
ST_1 : Operation 15 [1/1] (0.00ns)   --->   "call void (...)* @_ssdm_op_SpecInterface(i6* %res_V_data_1_V, [8 x i8]* @ap_fifo_str, i32 0, i32 0, [1 x i8]* @p_str, i32 0, i32 0, [1 x i8]* @p_str, [1 x i8]* @p_str, [1 x i8]* @p_str, i32 2, i32 2, i32 16, i32 16, [1 x i8]* @p_str, [1 x i8]* @p_str)"   --->   Operation 15 'specinterface' <Predicate = true> <Delay = 0.00>
ST_1 : Operation 16 [1/1] (0.00ns)   --->   "call void (...)* @_ssdm_op_SpecInterface(i6* %res_V_data_0_V, [8 x i8]* @ap_fifo_str, i32 0, i32 0, [1 x i8]* @p_str, i32 0, i32 0, [1 x i8]* @p_str, [1 x i8]* @p_str, [1 x i8]* @p_str, i32 2, i32 2, i32 16, i32 16, [1 x i8]* @p_str, [1 x i8]* @p_str)"   --->   Operation 16 'specinterface' <Predicate = true> <Delay = 0.00>
ST_1 : Operation 17 [1/1] (0.00ns)   --->   "call void (...)* @_ssdm_op_SpecInterface(i14* %data_V_data_9_V, [8 x i8]* @ap_fifo_str, i32 0, i32 0, [1 x i8]* @p_str, i32 0, i32 0, [1 x i8]* @p_str, [1 x i8]* @p_str, [1 x i8]* @p_str, i32 2, i32 2, i32 16, i32 16, [1 x i8]* @p_str, [1 x i8]* @p_str)"   --->   Operation 17 'specinterface' <Predicate = true> <Delay = 0.00>
ST_1 : Operation 18 [1/1] (0.00ns)   --->   "call void (...)* @_ssdm_op_SpecInterface(i14* %data_V_data_8_V, [8 x i8]* @ap_fifo_str, i32 0, i32 0, [1 x i8]* @p_str, i32 0, i32 0, [1 x i8]* @p_str, [1 x i8]* @p_str, [1 x i8]* @p_str, i32 2, i32 2, i32 16, i32 16, [1 x i8]* @p_str, [1 x i8]* @p_str)"   --->   Operation 18 'specinterface' <Predicate = true> <Delay = 0.00>
ST_1 : Operation 19 [1/1] (0.00ns)   --->   "call void (...)* @_ssdm_op_SpecInterface(i14* %data_V_data_7_V, [8 x i8]* @ap_fifo_str, i32 0, i32 0, [1 x i8]* @p_str, i32 0, i32 0, [1 x i8]* @p_str, [1 x i8]* @p_str, [1 x i8]* @p_str, i32 2, i32 2, i32 16, i32 16, [1 x i8]* @p_str, [1 x i8]* @p_str)"   --->   Operation 19 'specinterface' <Predicate = true> <Delay = 0.00>
ST_1 : Operation 20 [1/1] (0.00ns)   --->   "call void (...)* @_ssdm_op_SpecInterface(i14* %data_V_data_6_V, [8 x i8]* @ap_fifo_str, i32 0, i32 0, [1 x i8]* @p_str, i32 0, i32 0, [1 x i8]* @p_str, [1 x i8]* @p_str, [1 x i8]* @p_str, i32 2, i32 2, i32 16, i32 16, [1 x i8]* @p_str, [1 x i8]* @p_str)"   --->   Operation 20 'specinterface' <Predicate = true> <Delay = 0.00>
ST_1 : Operation 21 [1/1] (0.00ns)   --->   "call void (...)* @_ssdm_op_SpecInterface(i14* %data_V_data_5_V, [8 x i8]* @ap_fifo_str, i32 0, i32 0, [1 x i8]* @p_str, i32 0, i32 0, [1 x i8]* @p_str, [1 x i8]* @p_str, [1 x i8]* @p_str, i32 2, i32 2, i32 16, i32 16, [1 x i8]* @p_str, [1 x i8]* @p_str)"   --->   Operation 21 'specinterface' <Predicate = true> <Delay = 0.00>
ST_1 : Operation 22 [1/1] (0.00ns)   --->   "call void (...)* @_ssdm_op_SpecInterface(i14* %data_V_data_4_V, [8 x i8]* @ap_fifo_str, i32 0, i32 0, [1 x i8]* @p_str, i32 0, i32 0, [1 x i8]* @p_str, [1 x i8]* @p_str, [1 x i8]* @p_str, i32 2, i32 2, i32 16, i32 16, [1 x i8]* @p_str, [1 x i8]* @p_str)"   --->   Operation 22 'specinterface' <Predicate = true> <Delay = 0.00>
ST_1 : Operation 23 [1/1] (0.00ns)   --->   "call void (...)* @_ssdm_op_SpecInterface(i14* %data_V_data_3_V, [8 x i8]* @ap_fifo_str, i32 0, i32 0, [1 x i8]* @p_str, i32 0, i32 0, [1 x i8]* @p_str, [1 x i8]* @p_str, [1 x i8]* @p_str, i32 2, i32 2, i32 16, i32 16, [1 x i8]* @p_str, [1 x i8]* @p_str)"   --->   Operation 23 'specinterface' <Predicate = true> <Delay = 0.00>
ST_1 : Operation 24 [1/1] (0.00ns)   --->   "call void (...)* @_ssdm_op_SpecInterface(i14* %data_V_data_2_V, [8 x i8]* @ap_fifo_str, i32 0, i32 0, [1 x i8]* @p_str, i32 0, i32 0, [1 x i8]* @p_str, [1 x i8]* @p_str, [1 x i8]* @p_str, i32 2, i32 2, i32 16, i32 16, [1 x i8]* @p_str, [1 x i8]* @p_str)"   --->   Operation 24 'specinterface' <Predicate = true> <Delay = 0.00>
ST_1 : Operation 25 [1/1] (0.00ns)   --->   "call void (...)* @_ssdm_op_SpecInterface(i14* %data_V_data_1_V, [8 x i8]* @ap_fifo_str, i32 0, i32 0, [1 x i8]* @p_str, i32 0, i32 0, [1 x i8]* @p_str, [1 x i8]* @p_str, [1 x i8]* @p_str, i32 2, i32 2, i32 16, i32 16, [1 x i8]* @p_str, [1 x i8]* @p_str)"   --->   Operation 25 'specinterface' <Predicate = true> <Delay = 0.00>
ST_1 : Operation 26 [1/1] (0.00ns)   --->   "call void (...)* @_ssdm_op_SpecInterface(i14* %data_V_data_0_V, [8 x i8]* @ap_fifo_str, i32 0, i32 0, [1 x i8]* @p_str, i32 0, i32 0, [1 x i8]* @p_str, [1 x i8]* @p_str, [1 x i8]* @p_str, i32 2, i32 2, i32 16, i32 16, [1 x i8]* @p_str, [1 x i8]* @p_str)"   --->   Operation 26 'specinterface' <Predicate = true> <Delay = 0.00>
ST_1 : Operation 27 [1/1] (1.76ns)   --->   "br label %1" [firmware/nnet_utils/nnet_activation_stream.h:60]   --->   Operation 27 'br' <Predicate = true> <Delay = 1.76>

State 2 <SV = 1> <Delay = 1.77>
ST_2 : Operation 28 [1/1] (0.00ns)   --->   "%i_0 = phi i10 [ 0, %0 ], [ %i, %ReLUActLoop ]"   --->   Operation 28 'phi' 'i_0' <Predicate = true> <Delay = 0.00>
ST_2 : Operation 29 [1/1] (1.77ns)   --->   "%icmp_ln60 = icmp eq i10 %i_0, -512" [firmware/nnet_utils/nnet_activation_stream.h:60]   --->   Operation 29 'icmp' 'icmp_ln60' <Predicate = true> <Delay = 1.77> <Core = "Cmp">   --->   Core 25 'Cmp' <Latency = 0> <II = 1> <Delay = 1.36> <FuncUnit> <Opcode : 'icmp'> <InPorts = 2> <OutPorts = 1>
ST_2 : Operation 30 [1/1] (0.00ns)   --->   "%empty = call i32 (...)* @_ssdm_op_SpecLoopTripCount(i64 512, i64 512, i64 512)"   --->   Operation 30 'speclooptripcount' 'empty' <Predicate = true> <Delay = 0.00>
ST_2 : Operation 31 [1/1] (1.73ns)   --->   "%i = add i10 %i_0, 1" [firmware/nnet_utils/nnet_activation_stream.h:60]   --->   Operation 31 'add' 'i' <Predicate = true> <Delay = 1.73> <Core = "AddSub">   --->   Core 14 'AddSub' <Latency = 0> <II = 1> <Delay = 1.78> <FuncUnit> <Opcode : 'add' 'sub'> <InPorts = 2> <OutPorts = 1>
ST_2 : Operation 32 [1/1] (0.00ns)   --->   "br i1 %icmp_ln60, label %2, label %ReLUActLoop" [firmware/nnet_utils/nnet_activation_stream.h:60]   --->   Operation 32 'br' <Predicate = true> <Delay = 0.00>

State 3 <SV = 2> <Delay = 3.55>
ST_3 : Operation 33 [1/1] (2.18ns)   --->   "%empty_84 = call { i14, i14, i14, i14, i14, i14, i14, i14, i14, i14 } @_ssdm_op_Read.ap_fifo.volatile.i14P.i14P.i14P.i14P.i14P.i14P.i14P.i14P.i14P.i14P(i14* %data_V_data_0_V, i14* %data_V_data_1_V, i14* %data_V_data_2_V, i14* %data_V_data_3_V, i14* %data_V_data_4_V, i14* %data_V_data_5_V, i14* %data_V_data_6_V, i14* %data_V_data_7_V, i14* %data_V_data_8_V, i14* %data_V_data_9_V)" [firmware/nnet_utils/nnet_activation_stream.h:63]   --->   Operation 33 'read' 'empty_84' <Predicate = (!icmp_ln60)> <Delay = 2.18> <Core = "FIFO">   --->   Core 32 'FIFO' <Latency = 0> <II = 1> <Delay = 3.63> <Storage> <Opcode : 'read' 'write' 'nbread' 'nbwrite'> <Ports = 0> <Width = 6> <Depth = 3> <FIFO>
ST_3 : Operation 34 [1/1] (0.00ns)   --->   "%tmp_data_V_48_0 = extractvalue { i14, i14, i14, i14, i14, i14, i14, i14, i14, i14 } %empty_84, 0" [firmware/nnet_utils/nnet_activation_stream.h:63]   --->   Operation 34 'extractvalue' 'tmp_data_V_48_0' <Predicate = (!icmp_ln60)> <Delay = 0.00>
ST_3 : Operation 35 [1/1] (0.00ns)   --->   "%tmp_data_V_48_1 = extractvalue { i14, i14, i14, i14, i14, i14, i14, i14, i14, i14 } %empty_84, 1" [firmware/nnet_utils/nnet_activation_stream.h:63]   --->   Operation 35 'extractvalue' 'tmp_data_V_48_1' <Predicate = (!icmp_ln60)> <Delay = 0.00>
ST_3 : Operation 36 [1/1] (0.00ns)   --->   "%tmp_data_V_48_2 = extractvalue { i14, i14, i14, i14, i14, i14, i14, i14, i14, i14 } %empty_84, 2" [firmware/nnet_utils/nnet_activation_stream.h:63]   --->   Operation 36 'extractvalue' 'tmp_data_V_48_2' <Predicate = (!icmp_ln60)> <Delay = 0.00>
ST_3 : Operation 37 [1/1] (0.00ns)   --->   "%tmp_data_V_48_3 = extractvalue { i14, i14, i14, i14, i14, i14, i14, i14, i14, i14 } %empty_84, 3" [firmware/nnet_utils/nnet_activation_stream.h:63]   --->   Operation 37 'extractvalue' 'tmp_data_V_48_3' <Predicate = (!icmp_ln60)> <Delay = 0.00>
ST_3 : Operation 38 [1/1] (0.00ns)   --->   "%tmp_data_V_48_4 = extractvalue { i14, i14, i14, i14, i14, i14, i14, i14, i14, i14 } %empty_84, 4" [firmware/nnet_utils/nnet_activation_stream.h:63]   --->   Operation 38 'extractvalue' 'tmp_data_V_48_4' <Predicate = (!icmp_ln60)> <Delay = 0.00>
ST_3 : Operation 39 [1/1] (0.00ns)   --->   "%tmp_data_V_48_5 = extractvalue { i14, i14, i14, i14, i14, i14, i14, i14, i14, i14 } %empty_84, 5" [firmware/nnet_utils/nnet_activation_stream.h:63]   --->   Operation 39 'extractvalue' 'tmp_data_V_48_5' <Predicate = (!icmp_ln60)> <Delay = 0.00>
ST_3 : Operation 40 [1/1] (0.00ns)   --->   "%tmp_data_V_48_6 = extractvalue { i14, i14, i14, i14, i14, i14, i14, i14, i14, i14 } %empty_84, 6" [firmware/nnet_utils/nnet_activation_stream.h:63]   --->   Operation 40 'extractvalue' 'tmp_data_V_48_6' <Predicate = (!icmp_ln60)> <Delay = 0.00>
ST_3 : Operation 41 [1/1] (0.00ns)   --->   "%tmp_data_V_48_7 = extractvalue { i14, i14, i14, i14, i14, i14, i14, i14, i14, i14 } %empty_84, 7" [firmware/nnet_utils/nnet_activation_stream.h:63]   --->   Operation 41 'extractvalue' 'tmp_data_V_48_7' <Predicate = (!icmp_ln60)> <Delay = 0.00>
ST_3 : Operation 42 [1/1] (0.00ns)   --->   "%tmp_data_V_48_8 = extractvalue { i14, i14, i14, i14, i14, i14, i14, i14, i14, i14 } %empty_84, 8" [firmware/nnet_utils/nnet_activation_stream.h:63]   --->   Operation 42 'extractvalue' 'tmp_data_V_48_8' <Predicate = (!icmp_ln60)> <Delay = 0.00>
ST_3 : Operation 43 [1/1] (0.00ns)   --->   "%tmp_data_V_48_9 = extractvalue { i14, i14, i14, i14, i14, i14, i14, i14, i14, i14 } %empty_84, 9" [firmware/nnet_utils/nnet_activation_stream.h:63]   --->   Operation 43 'extractvalue' 'tmp_data_V_48_9' <Predicate = (!icmp_ln60)> <Delay = 0.00>
ST_3 : Operation 44 [1/1] (0.00ns)   --->   "%trunc_ln = call i6 @_ssdm_op_PartSelect.i6.i14.i32.i32(i14 %tmp_data_V_48_0, i32 3, i32 8)" [firmware/nnet_utils/nnet_activation_stream.h:69]   --->   Operation 44 'partselect' 'trunc_ln' <Predicate = (!icmp_ln60)> <Delay = 0.00>
ST_3 : Operation 45 [1/1] (0.00ns)   --->   "%tmp_210 = call i1 @_ssdm_op_BitSelect.i1.i14.i32(i14 %tmp_data_V_48_0, i32 2)" [firmware/nnet_utils/nnet_activation_stream.h:69]   --->   Operation 45 'bitselect' 'tmp_210' <Predicate = (!icmp_ln60)> <Delay = 0.00>
ST_3 : Operation 46 [1/1] (0.00ns)   --->   "%trunc_ln415_s = call i5 @_ssdm_op_PartSelect.i5.i14.i32.i32(i14 %tmp_data_V_48_0, i32 3, i32 7)" [firmware/nnet_utils/nnet_activation_stream.h:69]   --->   Operation 46 'partselect' 'trunc_ln415_s' <Predicate = (!icmp_ln60)> <Delay = 0.00>
ST_3 : Operation 47 [1/1] (0.00ns)   --->   "%p_Result_s = call i5 @_ssdm_op_PartSelect.i5.i14.i32.i32(i14 %tmp_data_V_48_0, i32 9, i32 13)" [firmware/nnet_utils/nnet_activation_stream.h:69]   --->   Operation 47 'partselect' 'p_Result_s' <Predicate = (!icmp_ln60)> <Delay = 0.00>
ST_3 : Operation 48 [1/1] (1.36ns)   --->   "%icmp_ln879 = icmp eq i5 %p_Result_s, -1" [firmware/nnet_utils/nnet_activation_stream.h:69]   --->   Operation 48 'icmp' 'icmp_ln879' <Predicate = (!icmp_ln60)> <Delay = 1.36> <Core = "Cmp">   --->   Core 25 'Cmp' <Latency = 0> <II = 1> <Delay = 1.36> <FuncUnit> <Opcode : 'icmp'> <InPorts = 2> <OutPorts = 1>
ST_3 : Operation 49 [1/1] (1.36ns)   --->   "%icmp_ln768 = icmp eq i5 %p_Result_s, 0" [firmware/nnet_utils/nnet_activation_stream.h:69]   --->   Operation 49 'icmp' 'icmp_ln768' <Predicate = (!icmp_ln60)> <Delay = 1.36> <Core = "Cmp">   --->   Core 25 'Cmp' <Latency = 0> <II = 1> <Delay = 1.36> <FuncUnit> <Opcode : 'icmp'> <InPorts = 2> <OutPorts = 1>
ST_3 : Operation 50 [1/1] (0.00ns)   --->   "%trunc_ln708_s = call i6 @_ssdm_op_PartSelect.i6.i14.i32.i32(i14 %tmp_data_V_48_1, i32 3, i32 8)" [firmware/nnet_utils/nnet_activation_stream.h:69]   --->   Operation 50 'partselect' 'trunc_ln708_s' <Predicate = (!icmp_ln60)> <Delay = 0.00>
ST_3 : Operation 51 [1/1] (0.00ns)   --->   "%tmp_214 = call i1 @_ssdm_op_BitSelect.i1.i14.i32(i14 %tmp_data_V_48_1, i32 2)" [firmware/nnet_utils/nnet_activation_stream.h:69]   --->   Operation 51 'bitselect' 'tmp_214' <Predicate = (!icmp_ln60)> <Delay = 0.00>
ST_3 : Operation 52 [1/1] (0.00ns)   --->   "%trunc_ln415_45 = call i5 @_ssdm_op_PartSelect.i5.i14.i32.i32(i14 %tmp_data_V_48_1, i32 3, i32 7)" [firmware/nnet_utils/nnet_activation_stream.h:69]   --->   Operation 52 'partselect' 'trunc_ln415_45' <Predicate = (!icmp_ln60)> <Delay = 0.00>
ST_3 : Operation 53 [1/1] (0.00ns)   --->   "%p_Result_27_1 = call i5 @_ssdm_op_PartSelect.i5.i14.i32.i32(i14 %tmp_data_V_48_1, i32 9, i32 13)" [firmware/nnet_utils/nnet_activation_stream.h:69]   --->   Operation 53 'partselect' 'p_Result_27_1' <Predicate = (!icmp_ln60)> <Delay = 0.00>
ST_3 : Operation 54 [1/1] (1.36ns)   --->   "%icmp_ln879_47 = icmp eq i5 %p_Result_27_1, -1" [firmware/nnet_utils/nnet_activation_stream.h:69]   --->   Operation 54 'icmp' 'icmp_ln879_47' <Predicate = (!icmp_ln60)> <Delay = 1.36> <Core = "Cmp">   --->   Core 25 'Cmp' <Latency = 0> <II = 1> <Delay = 1.36> <FuncUnit> <Opcode : 'icmp'> <InPorts = 2> <OutPorts = 1>
ST_3 : Operation 55 [1/1] (1.36ns)   --->   "%icmp_ln768_47 = icmp eq i5 %p_Result_27_1, 0" [firmware/nnet_utils/nnet_activation_stream.h:69]   --->   Operation 55 'icmp' 'icmp_ln768_47' <Predicate = (!icmp_ln60)> <Delay = 1.36> <Core = "Cmp">   --->   Core 25 'Cmp' <Latency = 0> <II = 1> <Delay = 1.36> <FuncUnit> <Opcode : 'icmp'> <InPorts = 2> <OutPorts = 1>
ST_3 : Operation 56 [1/1] (0.00ns)   --->   "%trunc_ln708_52 = call i6 @_ssdm_op_PartSelect.i6.i14.i32.i32(i14 %tmp_data_V_48_2, i32 3, i32 8)" [firmware/nnet_utils/nnet_activation_stream.h:69]   --->   Operation 56 'partselect' 'trunc_ln708_52' <Predicate = (!icmp_ln60)> <Delay = 0.00>
ST_3 : Operation 57 [1/1] (0.00ns)   --->   "%tmp_218 = call i1 @_ssdm_op_BitSelect.i1.i14.i32(i14 %tmp_data_V_48_2, i32 2)" [firmware/nnet_utils/nnet_activation_stream.h:69]   --->   Operation 57 'bitselect' 'tmp_218' <Predicate = (!icmp_ln60)> <Delay = 0.00>
ST_3 : Operation 58 [1/1] (0.00ns)   --->   "%trunc_ln415_46 = call i5 @_ssdm_op_PartSelect.i5.i14.i32.i32(i14 %tmp_data_V_48_2, i32 3, i32 7)" [firmware/nnet_utils/nnet_activation_stream.h:69]   --->   Operation 58 'partselect' 'trunc_ln415_46' <Predicate = (!icmp_ln60)> <Delay = 0.00>
ST_3 : Operation 59 [1/1] (0.00ns)   --->   "%p_Result_27_2 = call i5 @_ssdm_op_PartSelect.i5.i14.i32.i32(i14 %tmp_data_V_48_2, i32 9, i32 13)" [firmware/nnet_utils/nnet_activation_stream.h:69]   --->   Operation 59 'partselect' 'p_Result_27_2' <Predicate = (!icmp_ln60)> <Delay = 0.00>
ST_3 : Operation 60 [1/1] (1.36ns)   --->   "%icmp_ln879_48 = icmp eq i5 %p_Result_27_2, -1" [firmware/nnet_utils/nnet_activation_stream.h:69]   --->   Operation 60 'icmp' 'icmp_ln879_48' <Predicate = (!icmp_ln60)> <Delay = 1.36> <Core = "Cmp">   --->   Core 25 'Cmp' <Latency = 0> <II = 1> <Delay = 1.36> <FuncUnit> <Opcode : 'icmp'> <InPorts = 2> <OutPorts = 1>
ST_3 : Operation 61 [1/1] (1.36ns)   --->   "%icmp_ln768_48 = icmp eq i5 %p_Result_27_2, 0" [firmware/nnet_utils/nnet_activation_stream.h:69]   --->   Operation 61 'icmp' 'icmp_ln768_48' <Predicate = (!icmp_ln60)> <Delay = 1.36> <Core = "Cmp">   --->   Core 25 'Cmp' <Latency = 0> <II = 1> <Delay = 1.36> <FuncUnit> <Opcode : 'icmp'> <InPorts = 2> <OutPorts = 1>
ST_3 : Operation 62 [1/1] (0.00ns)   --->   "%trunc_ln708_53 = call i6 @_ssdm_op_PartSelect.i6.i14.i32.i32(i14 %tmp_data_V_48_3, i32 3, i32 8)" [firmware/nnet_utils/nnet_activation_stream.h:69]   --->   Operation 62 'partselect' 'trunc_ln708_53' <Predicate = (!icmp_ln60)> <Delay = 0.00>
ST_3 : Operation 63 [1/1] (0.00ns)   --->   "%tmp_222 = call i1 @_ssdm_op_BitSelect.i1.i14.i32(i14 %tmp_data_V_48_3, i32 2)" [firmware/nnet_utils/nnet_activation_stream.h:69]   --->   Operation 63 'bitselect' 'tmp_222' <Predicate = (!icmp_ln60)> <Delay = 0.00>
ST_3 : Operation 64 [1/1] (0.00ns)   --->   "%trunc_ln415_47 = call i5 @_ssdm_op_PartSelect.i5.i14.i32.i32(i14 %tmp_data_V_48_3, i32 3, i32 7)" [firmware/nnet_utils/nnet_activation_stream.h:69]   --->   Operation 64 'partselect' 'trunc_ln415_47' <Predicate = (!icmp_ln60)> <Delay = 0.00>
ST_3 : Operation 65 [1/1] (0.00ns)   --->   "%p_Result_27_3 = call i5 @_ssdm_op_PartSelect.i5.i14.i32.i32(i14 %tmp_data_V_48_3, i32 9, i32 13)" [firmware/nnet_utils/nnet_activation_stream.h:69]   --->   Operation 65 'partselect' 'p_Result_27_3' <Predicate = (!icmp_ln60)> <Delay = 0.00>
ST_3 : Operation 66 [1/1] (1.36ns)   --->   "%icmp_ln879_49 = icmp eq i5 %p_Result_27_3, -1" [firmware/nnet_utils/nnet_activation_stream.h:69]   --->   Operation 66 'icmp' 'icmp_ln879_49' <Predicate = (!icmp_ln60)> <Delay = 1.36> <Core = "Cmp">   --->   Core 25 'Cmp' <Latency = 0> <II = 1> <Delay = 1.36> <FuncUnit> <Opcode : 'icmp'> <InPorts = 2> <OutPorts = 1>
ST_3 : Operation 67 [1/1] (1.36ns)   --->   "%icmp_ln768_49 = icmp eq i5 %p_Result_27_3, 0" [firmware/nnet_utils/nnet_activation_stream.h:69]   --->   Operation 67 'icmp' 'icmp_ln768_49' <Predicate = (!icmp_ln60)> <Delay = 1.36> <Core = "Cmp">   --->   Core 25 'Cmp' <Latency = 0> <II = 1> <Delay = 1.36> <FuncUnit> <Opcode : 'icmp'> <InPorts = 2> <OutPorts = 1>
ST_3 : Operation 68 [1/1] (0.00ns)   --->   "%trunc_ln708_54 = call i6 @_ssdm_op_PartSelect.i6.i14.i32.i32(i14 %tmp_data_V_48_4, i32 3, i32 8)" [firmware/nnet_utils/nnet_activation_stream.h:69]   --->   Operation 68 'partselect' 'trunc_ln708_54' <Predicate = (!icmp_ln60)> <Delay = 0.00>
ST_3 : Operation 69 [1/1] (0.00ns)   --->   "%tmp_226 = call i1 @_ssdm_op_BitSelect.i1.i14.i32(i14 %tmp_data_V_48_4, i32 2)" [firmware/nnet_utils/nnet_activation_stream.h:69]   --->   Operation 69 'bitselect' 'tmp_226' <Predicate = (!icmp_ln60)> <Delay = 0.00>
ST_3 : Operation 70 [1/1] (0.00ns)   --->   "%trunc_ln415_48 = call i5 @_ssdm_op_PartSelect.i5.i14.i32.i32(i14 %tmp_data_V_48_4, i32 3, i32 7)" [firmware/nnet_utils/nnet_activation_stream.h:69]   --->   Operation 70 'partselect' 'trunc_ln415_48' <Predicate = (!icmp_ln60)> <Delay = 0.00>
ST_3 : Operation 71 [1/1] (0.00ns)   --->   "%p_Result_27_4 = call i5 @_ssdm_op_PartSelect.i5.i14.i32.i32(i14 %tmp_data_V_48_4, i32 9, i32 13)" [firmware/nnet_utils/nnet_activation_stream.h:69]   --->   Operation 71 'partselect' 'p_Result_27_4' <Predicate = (!icmp_ln60)> <Delay = 0.00>
ST_3 : Operation 72 [1/1] (1.36ns)   --->   "%icmp_ln879_50 = icmp eq i5 %p_Result_27_4, -1" [firmware/nnet_utils/nnet_activation_stream.h:69]   --->   Operation 72 'icmp' 'icmp_ln879_50' <Predicate = (!icmp_ln60)> <Delay = 1.36> <Core = "Cmp">   --->   Core 25 'Cmp' <Latency = 0> <II = 1> <Delay = 1.36> <FuncUnit> <Opcode : 'icmp'> <InPorts = 2> <OutPorts = 1>
ST_3 : Operation 73 [1/1] (1.36ns)   --->   "%icmp_ln768_50 = icmp eq i5 %p_Result_27_4, 0" [firmware/nnet_utils/nnet_activation_stream.h:69]   --->   Operation 73 'icmp' 'icmp_ln768_50' <Predicate = (!icmp_ln60)> <Delay = 1.36> <Core = "Cmp">   --->   Core 25 'Cmp' <Latency = 0> <II = 1> <Delay = 1.36> <FuncUnit> <Opcode : 'icmp'> <InPorts = 2> <OutPorts = 1>
ST_3 : Operation 74 [1/1] (0.00ns)   --->   "%trunc_ln708_55 = call i6 @_ssdm_op_PartSelect.i6.i14.i32.i32(i14 %tmp_data_V_48_5, i32 3, i32 8)" [firmware/nnet_utils/nnet_activation_stream.h:69]   --->   Operation 74 'partselect' 'trunc_ln708_55' <Predicate = (!icmp_ln60)> <Delay = 0.00>
ST_3 : Operation 75 [1/1] (0.00ns)   --->   "%tmp_230 = call i1 @_ssdm_op_BitSelect.i1.i14.i32(i14 %tmp_data_V_48_5, i32 2)" [firmware/nnet_utils/nnet_activation_stream.h:69]   --->   Operation 75 'bitselect' 'tmp_230' <Predicate = (!icmp_ln60)> <Delay = 0.00>
ST_3 : Operation 76 [1/1] (0.00ns)   --->   "%trunc_ln415_49 = call i5 @_ssdm_op_PartSelect.i5.i14.i32.i32(i14 %tmp_data_V_48_5, i32 3, i32 7)" [firmware/nnet_utils/nnet_activation_stream.h:69]   --->   Operation 76 'partselect' 'trunc_ln415_49' <Predicate = (!icmp_ln60)> <Delay = 0.00>
ST_3 : Operation 77 [1/1] (0.00ns)   --->   "%p_Result_27_5 = call i5 @_ssdm_op_PartSelect.i5.i14.i32.i32(i14 %tmp_data_V_48_5, i32 9, i32 13)" [firmware/nnet_utils/nnet_activation_stream.h:69]   --->   Operation 77 'partselect' 'p_Result_27_5' <Predicate = (!icmp_ln60)> <Delay = 0.00>
ST_3 : Operation 78 [1/1] (1.36ns)   --->   "%icmp_ln879_51 = icmp eq i5 %p_Result_27_5, -1" [firmware/nnet_utils/nnet_activation_stream.h:69]   --->   Operation 78 'icmp' 'icmp_ln879_51' <Predicate = (!icmp_ln60)> <Delay = 1.36> <Core = "Cmp">   --->   Core 25 'Cmp' <Latency = 0> <II = 1> <Delay = 1.36> <FuncUnit> <Opcode : 'icmp'> <InPorts = 2> <OutPorts = 1>
ST_3 : Operation 79 [1/1] (1.36ns)   --->   "%icmp_ln768_51 = icmp eq i5 %p_Result_27_5, 0" [firmware/nnet_utils/nnet_activation_stream.h:69]   --->   Operation 79 'icmp' 'icmp_ln768_51' <Predicate = (!icmp_ln60)> <Delay = 1.36> <Core = "Cmp">   --->   Core 25 'Cmp' <Latency = 0> <II = 1> <Delay = 1.36> <FuncUnit> <Opcode : 'icmp'> <InPorts = 2> <OutPorts = 1>
ST_3 : Operation 80 [1/1] (0.00ns)   --->   "%trunc_ln708_56 = call i6 @_ssdm_op_PartSelect.i6.i14.i32.i32(i14 %tmp_data_V_48_6, i32 3, i32 8)" [firmware/nnet_utils/nnet_activation_stream.h:69]   --->   Operation 80 'partselect' 'trunc_ln708_56' <Predicate = (!icmp_ln60)> <Delay = 0.00>
ST_3 : Operation 81 [1/1] (0.00ns)   --->   "%tmp_234 = call i1 @_ssdm_op_BitSelect.i1.i14.i32(i14 %tmp_data_V_48_6, i32 2)" [firmware/nnet_utils/nnet_activation_stream.h:69]   --->   Operation 81 'bitselect' 'tmp_234' <Predicate = (!icmp_ln60)> <Delay = 0.00>
ST_3 : Operation 82 [1/1] (0.00ns)   --->   "%trunc_ln415_50 = call i5 @_ssdm_op_PartSelect.i5.i14.i32.i32(i14 %tmp_data_V_48_6, i32 3, i32 7)" [firmware/nnet_utils/nnet_activation_stream.h:69]   --->   Operation 82 'partselect' 'trunc_ln415_50' <Predicate = (!icmp_ln60)> <Delay = 0.00>
ST_3 : Operation 83 [1/1] (0.00ns)   --->   "%p_Result_27_6 = call i5 @_ssdm_op_PartSelect.i5.i14.i32.i32(i14 %tmp_data_V_48_6, i32 9, i32 13)" [firmware/nnet_utils/nnet_activation_stream.h:69]   --->   Operation 83 'partselect' 'p_Result_27_6' <Predicate = (!icmp_ln60)> <Delay = 0.00>
ST_3 : Operation 84 [1/1] (1.36ns)   --->   "%icmp_ln879_52 = icmp eq i5 %p_Result_27_6, -1" [firmware/nnet_utils/nnet_activation_stream.h:69]   --->   Operation 84 'icmp' 'icmp_ln879_52' <Predicate = (!icmp_ln60)> <Delay = 1.36> <Core = "Cmp">   --->   Core 25 'Cmp' <Latency = 0> <II = 1> <Delay = 1.36> <FuncUnit> <Opcode : 'icmp'> <InPorts = 2> <OutPorts = 1>
ST_3 : Operation 85 [1/1] (1.36ns)   --->   "%icmp_ln768_52 = icmp eq i5 %p_Result_27_6, 0" [firmware/nnet_utils/nnet_activation_stream.h:69]   --->   Operation 85 'icmp' 'icmp_ln768_52' <Predicate = (!icmp_ln60)> <Delay = 1.36> <Core = "Cmp">   --->   Core 25 'Cmp' <Latency = 0> <II = 1> <Delay = 1.36> <FuncUnit> <Opcode : 'icmp'> <InPorts = 2> <OutPorts = 1>
ST_3 : Operation 86 [1/1] (0.00ns)   --->   "%trunc_ln708_57 = call i6 @_ssdm_op_PartSelect.i6.i14.i32.i32(i14 %tmp_data_V_48_7, i32 3, i32 8)" [firmware/nnet_utils/nnet_activation_stream.h:69]   --->   Operation 86 'partselect' 'trunc_ln708_57' <Predicate = (!icmp_ln60)> <Delay = 0.00>
ST_3 : Operation 87 [1/1] (0.00ns)   --->   "%tmp_238 = call i1 @_ssdm_op_BitSelect.i1.i14.i32(i14 %tmp_data_V_48_7, i32 2)" [firmware/nnet_utils/nnet_activation_stream.h:69]   --->   Operation 87 'bitselect' 'tmp_238' <Predicate = (!icmp_ln60)> <Delay = 0.00>
ST_3 : Operation 88 [1/1] (0.00ns)   --->   "%trunc_ln415_51 = call i5 @_ssdm_op_PartSelect.i5.i14.i32.i32(i14 %tmp_data_V_48_7, i32 3, i32 7)" [firmware/nnet_utils/nnet_activation_stream.h:69]   --->   Operation 88 'partselect' 'trunc_ln415_51' <Predicate = (!icmp_ln60)> <Delay = 0.00>
ST_3 : Operation 89 [1/1] (0.00ns)   --->   "%p_Result_27_7 = call i5 @_ssdm_op_PartSelect.i5.i14.i32.i32(i14 %tmp_data_V_48_7, i32 9, i32 13)" [firmware/nnet_utils/nnet_activation_stream.h:69]   --->   Operation 89 'partselect' 'p_Result_27_7' <Predicate = (!icmp_ln60)> <Delay = 0.00>
ST_3 : Operation 90 [1/1] (1.36ns)   --->   "%icmp_ln879_53 = icmp eq i5 %p_Result_27_7, -1" [firmware/nnet_utils/nnet_activation_stream.h:69]   --->   Operation 90 'icmp' 'icmp_ln879_53' <Predicate = (!icmp_ln60)> <Delay = 1.36> <Core = "Cmp">   --->   Core 25 'Cmp' <Latency = 0> <II = 1> <Delay = 1.36> <FuncUnit> <Opcode : 'icmp'> <InPorts = 2> <OutPorts = 1>
ST_3 : Operation 91 [1/1] (1.36ns)   --->   "%icmp_ln768_53 = icmp eq i5 %p_Result_27_7, 0" [firmware/nnet_utils/nnet_activation_stream.h:69]   --->   Operation 91 'icmp' 'icmp_ln768_53' <Predicate = (!icmp_ln60)> <Delay = 1.36> <Core = "Cmp">   --->   Core 25 'Cmp' <Latency = 0> <II = 1> <Delay = 1.36> <FuncUnit> <Opcode : 'icmp'> <InPorts = 2> <OutPorts = 1>
ST_3 : Operation 92 [1/1] (0.00ns)   --->   "%trunc_ln708_58 = call i6 @_ssdm_op_PartSelect.i6.i14.i32.i32(i14 %tmp_data_V_48_8, i32 3, i32 8)" [firmware/nnet_utils/nnet_activation_stream.h:69]   --->   Operation 92 'partselect' 'trunc_ln708_58' <Predicate = (!icmp_ln60)> <Delay = 0.00>
ST_3 : Operation 93 [1/1] (0.00ns)   --->   "%tmp_242 = call i1 @_ssdm_op_BitSelect.i1.i14.i32(i14 %tmp_data_V_48_8, i32 2)" [firmware/nnet_utils/nnet_activation_stream.h:69]   --->   Operation 93 'bitselect' 'tmp_242' <Predicate = (!icmp_ln60)> <Delay = 0.00>
ST_3 : Operation 94 [1/1] (0.00ns)   --->   "%trunc_ln415_52 = call i5 @_ssdm_op_PartSelect.i5.i14.i32.i32(i14 %tmp_data_V_48_8, i32 3, i32 7)" [firmware/nnet_utils/nnet_activation_stream.h:69]   --->   Operation 94 'partselect' 'trunc_ln415_52' <Predicate = (!icmp_ln60)> <Delay = 0.00>
ST_3 : Operation 95 [1/1] (0.00ns)   --->   "%p_Result_27_8 = call i5 @_ssdm_op_PartSelect.i5.i14.i32.i32(i14 %tmp_data_V_48_8, i32 9, i32 13)" [firmware/nnet_utils/nnet_activation_stream.h:69]   --->   Operation 95 'partselect' 'p_Result_27_8' <Predicate = (!icmp_ln60)> <Delay = 0.00>
ST_3 : Operation 96 [1/1] (1.36ns)   --->   "%icmp_ln879_54 = icmp eq i5 %p_Result_27_8, -1" [firmware/nnet_utils/nnet_activation_stream.h:69]   --->   Operation 96 'icmp' 'icmp_ln879_54' <Predicate = (!icmp_ln60)> <Delay = 1.36> <Core = "Cmp">   --->   Core 25 'Cmp' <Latency = 0> <II = 1> <Delay = 1.36> <FuncUnit> <Opcode : 'icmp'> <InPorts = 2> <OutPorts = 1>
ST_3 : Operation 97 [1/1] (1.36ns)   --->   "%icmp_ln768_54 = icmp eq i5 %p_Result_27_8, 0" [firmware/nnet_utils/nnet_activation_stream.h:69]   --->   Operation 97 'icmp' 'icmp_ln768_54' <Predicate = (!icmp_ln60)> <Delay = 1.36> <Core = "Cmp">   --->   Core 25 'Cmp' <Latency = 0> <II = 1> <Delay = 1.36> <FuncUnit> <Opcode : 'icmp'> <InPorts = 2> <OutPorts = 1>
ST_3 : Operation 98 [1/1] (0.00ns)   --->   "%trunc_ln708_59 = call i6 @_ssdm_op_PartSelect.i6.i14.i32.i32(i14 %tmp_data_V_48_9, i32 3, i32 8)" [firmware/nnet_utils/nnet_activation_stream.h:69]   --->   Operation 98 'partselect' 'trunc_ln708_59' <Predicate = (!icmp_ln60)> <Delay = 0.00>
ST_3 : Operation 99 [1/1] (0.00ns)   --->   "%tmp_246 = call i1 @_ssdm_op_BitSelect.i1.i14.i32(i14 %tmp_data_V_48_9, i32 2)" [firmware/nnet_utils/nnet_activation_stream.h:69]   --->   Operation 99 'bitselect' 'tmp_246' <Predicate = (!icmp_ln60)> <Delay = 0.00>
ST_3 : Operation 100 [1/1] (0.00ns)   --->   "%trunc_ln415_53 = call i5 @_ssdm_op_PartSelect.i5.i14.i32.i32(i14 %tmp_data_V_48_9, i32 3, i32 7)" [firmware/nnet_utils/nnet_activation_stream.h:69]   --->   Operation 100 'partselect' 'trunc_ln415_53' <Predicate = (!icmp_ln60)> <Delay = 0.00>
ST_3 : Operation 101 [1/1] (0.00ns)   --->   "%p_Result_27_9 = call i5 @_ssdm_op_PartSelect.i5.i14.i32.i32(i14 %tmp_data_V_48_9, i32 9, i32 13)" [firmware/nnet_utils/nnet_activation_stream.h:69]   --->   Operation 101 'partselect' 'p_Result_27_9' <Predicate = (!icmp_ln60)> <Delay = 0.00>
ST_3 : Operation 102 [1/1] (1.36ns)   --->   "%icmp_ln879_55 = icmp eq i5 %p_Result_27_9, -1" [firmware/nnet_utils/nnet_activation_stream.h:69]   --->   Operation 102 'icmp' 'icmp_ln879_55' <Predicate = (!icmp_ln60)> <Delay = 1.36> <Core = "Cmp">   --->   Core 25 'Cmp' <Latency = 0> <II = 1> <Delay = 1.36> <FuncUnit> <Opcode : 'icmp'> <InPorts = 2> <OutPorts = 1>
ST_3 : Operation 103 [1/1] (1.36ns)   --->   "%icmp_ln768_55 = icmp eq i5 %p_Result_27_9, 0" [firmware/nnet_utils/nnet_activation_stream.h:69]   --->   Operation 103 'icmp' 'icmp_ln768_55' <Predicate = (!icmp_ln60)> <Delay = 1.36> <Core = "Cmp">   --->   Core 25 'Cmp' <Latency = 0> <II = 1> <Delay = 1.36> <FuncUnit> <Opcode : 'icmp'> <InPorts = 2> <OutPorts = 1>

State 4 <SV = 3> <Delay = 4.25>
ST_4 : Operation 104 [1/1] (2.20ns)   --->   "%icmp_ln1494 = icmp sgt i14 %tmp_data_V_48_0, 0" [firmware/nnet_utils/nnet_activation_stream.h:69]   --->   Operation 104 'icmp' 'icmp_ln1494' <Predicate = (!icmp_ln60)> <Delay = 2.20> <Core = "Cmp">   --->   Core 25 'Cmp' <Latency = 0> <II = 1> <Delay = 1.36> <FuncUnit> <Opcode : 'icmp'> <InPorts = 2> <OutPorts = 1>
ST_4 : Operation 105 [1/1] (0.00ns) (grouped into LUT with out node select_ln340)   --->   "%tmp_209 = call i1 @_ssdm_op_BitSelect.i1.i14.i32(i14 %tmp_data_V_48_0, i32 8)" [firmware/nnet_utils/nnet_activation_stream.h:69]   --->   Operation 105 'bitselect' 'tmp_209' <Predicate = (!icmp_ln60)> <Delay = 0.00>
ST_4 : Operation 106 [1/1] (0.00ns)   --->   "%zext_ln415 = zext i1 %tmp_210 to i6" [firmware/nnet_utils/nnet_activation_stream.h:69]   --->   Operation 106 'zext' 'zext_ln415' <Predicate = (!icmp_ln60)> <Delay = 0.00>
ST_4 : Operation 107 [1/1] (0.00ns)   --->   "%zext_ln415_65 = zext i1 %tmp_210 to i5" [firmware/nnet_utils/nnet_activation_stream.h:69]   --->   Operation 107 'zext' 'zext_ln415_65' <Predicate = (!icmp_ln60)> <Delay = 0.00>
ST_4 : Operation 108 [1/1] (1.82ns)   --->   "%add_ln415 = add i6 %trunc_ln, %zext_ln415" [firmware/nnet_utils/nnet_activation_stream.h:69]   --->   Operation 108 'add' 'add_ln415' <Predicate = (!icmp_ln60)> <Delay = 1.82> <Core = "AddSub">   --->   Core 14 'AddSub' <Latency = 0> <II = 1> <Delay = 1.78> <FuncUnit> <Opcode : 'add' 'sub'> <InPorts = 2> <OutPorts = 1>
ST_4 : Operation 109 [1/1] (1.78ns)   --->   "%add_ln416 = add i5 %trunc_ln415_s, %zext_ln415_65" [firmware/nnet_utils/nnet_activation_stream.h:69]   --->   Operation 109 'add' 'add_ln416' <Predicate = (!icmp_ln60)> <Delay = 1.78> <Core = "AddSub">   --->   Core 14 'AddSub' <Latency = 0> <II = 1> <Delay = 1.78> <FuncUnit> <Opcode : 'add' 'sub'> <InPorts = 2> <OutPorts = 1>
ST_4 : Operation 110 [1/1] (0.00ns) (grouped into LUT with out node select_ln340)   --->   "%tmp_211 = call i1 @_ssdm_op_BitSelect.i1.i6.i32(i6 %add_ln415, i32 5)" [firmware/nnet_utils/nnet_activation_stream.h:69]   --->   Operation 110 'bitselect' 'tmp_211' <Predicate = (!icmp_ln60)> <Delay = 0.00>
ST_4 : Operation 111 [1/1] (0.00ns) (grouped into LUT with out node select_ln340)   --->   "%xor_ln416 = xor i1 %tmp_211, true" [firmware/nnet_utils/nnet_activation_stream.h:69]   --->   Operation 111 'xor' 'xor_ln416' <Predicate = (!icmp_ln60)> <Delay = 0.00> <Core = "LogicGate">   --->   Core 27 'LogicGate' <Latency = 0> <II = 1> <Delay = 0.97> <FuncUnit> <Opcode : 'and' 'or' 'xor'> <InPorts = 2> <OutPorts = 1>
ST_4 : Operation 112 [1/1] (0.00ns) (grouped into LUT with out node select_ln340)   --->   "%and_ln416 = and i1 %tmp_209, %xor_ln416" [firmware/nnet_utils/nnet_activation_stream.h:69]   --->   Operation 112 'and' 'and_ln416' <Predicate = (!icmp_ln60)> <Delay = 0.00> <Core = "LogicGate">   --->   Core 27 'LogicGate' <Latency = 0> <II = 1> <Delay = 0.97> <FuncUnit> <Opcode : 'and' 'or' 'xor'> <InPorts = 2> <OutPorts = 1>
ST_4 : Operation 113 [1/1] (0.00ns) (grouped into LUT with out node select_ln340)   --->   "%tmp_212 = call i1 @_ssdm_op_BitSelect.i1.i6.i32(i6 %add_ln415, i32 5)" [firmware/nnet_utils/nnet_activation_stream.h:69]   --->   Operation 113 'bitselect' 'tmp_212' <Predicate = (!icmp_ln60)> <Delay = 0.00>
ST_4 : Operation 114 [1/1] (0.00ns) (grouped into LUT with out node select_ln340)   --->   "%select_ln777 = select i1 %and_ln416, i1 %icmp_ln879, i1 %icmp_ln768" [firmware/nnet_utils/nnet_activation_stream.h:69]   --->   Operation 114 'select' 'select_ln777' <Predicate = (!icmp_ln60)> <Delay = 0.00> <Core = "Sel">   --->   Core 26 'Sel' <Latency = 0> <II = 1> <Delay = 1.21> <FuncUnit> <Opcode : 'select'> <InPorts = 3> <OutPorts = 1>
ST_4 : Operation 115 [1/1] (0.00ns) (grouped into LUT with out node select_ln340)   --->   "%xor_ln785 = xor i1 %select_ln777, true" [firmware/nnet_utils/nnet_activation_stream.h:69]   --->   Operation 115 'xor' 'xor_ln785' <Predicate = (!icmp_ln60)> <Delay = 0.00> <Core = "LogicGate">   --->   Core 27 'LogicGate' <Latency = 0> <II = 1> <Delay = 0.97> <FuncUnit> <Opcode : 'and' 'or' 'xor'> <InPorts = 2> <OutPorts = 1>
ST_4 : Operation 116 [1/1] (0.00ns) (grouped into LUT with out node select_ln340)   --->   "%or_ln340 = or i1 %tmp_212, %xor_ln785" [firmware/nnet_utils/nnet_activation_stream.h:69]   --->   Operation 116 'or' 'or_ln340' <Predicate = (!icmp_ln60)> <Delay = 0.00> <Core = "LogicGate">   --->   Core 27 'LogicGate' <Latency = 0> <II = 1> <Delay = 0.97> <FuncUnit> <Opcode : 'and' 'or' 'xor'> <InPorts = 2> <OutPorts = 1>
ST_4 : Operation 117 [1/1] (1.21ns) (out node of the LUT)   --->   "%select_ln340 = select i1 %or_ln340, i5 -1, i5 %add_ln416" [firmware/nnet_utils/nnet_activation_stream.h:69]   --->   Operation 117 'select' 'select_ln340' <Predicate = (!icmp_ln60)> <Delay = 1.21> <Core = "Sel">   --->   Core 26 'Sel' <Latency = 0> <II = 1> <Delay = 1.21> <FuncUnit> <Opcode : 'select'> <InPorts = 3> <OutPorts = 1>
ST_4 : Operation 118 [1/1] (1.21ns) (out node of the LUT)   --->   "%tmp_data_0_V = select i1 %icmp_ln1494, i5 %select_ln340, i5 0" [firmware/nnet_utils/nnet_activation_stream.h:69]   --->   Operation 118 'select' 'tmp_data_0_V' <Predicate = (!icmp_ln60)> <Delay = 1.21> <Core = "Sel">   --->   Core 26 'Sel' <Latency = 0> <II = 1> <Delay = 1.21> <FuncUnit> <Opcode : 'select'> <InPorts = 3> <OutPorts = 1>
ST_4 : Operation 119 [1/1] (2.20ns)   --->   "%icmp_ln1494_1 = icmp sgt i14 %tmp_data_V_48_1, 0" [firmware/nnet_utils/nnet_activation_stream.h:69]   --->   Operation 119 'icmp' 'icmp_ln1494_1' <Predicate = (!icmp_ln60)> <Delay = 2.20> <Core = "Cmp">   --->   Core 25 'Cmp' <Latency = 0> <II = 1> <Delay = 1.36> <FuncUnit> <Opcode : 'icmp'> <InPorts = 2> <OutPorts = 1>
ST_4 : Operation 120 [1/1] (0.00ns) (grouped into LUT with out node select_ln340_1)   --->   "%tmp_213 = call i1 @_ssdm_op_BitSelect.i1.i14.i32(i14 %tmp_data_V_48_1, i32 8)" [firmware/nnet_utils/nnet_activation_stream.h:69]   --->   Operation 120 'bitselect' 'tmp_213' <Predicate = (!icmp_ln60)> <Delay = 0.00>
ST_4 : Operation 121 [1/1] (0.00ns)   --->   "%zext_ln415_47 = zext i1 %tmp_214 to i6" [firmware/nnet_utils/nnet_activation_stream.h:69]   --->   Operation 121 'zext' 'zext_ln415_47' <Predicate = (!icmp_ln60)> <Delay = 0.00>
ST_4 : Operation 122 [1/1] (0.00ns)   --->   "%zext_ln415_66 = zext i1 %tmp_214 to i5" [firmware/nnet_utils/nnet_activation_stream.h:69]   --->   Operation 122 'zext' 'zext_ln415_66' <Predicate = (!icmp_ln60)> <Delay = 0.00>
ST_4 : Operation 123 [1/1] (1.82ns)   --->   "%add_ln415_47 = add i6 %trunc_ln708_s, %zext_ln415_47" [firmware/nnet_utils/nnet_activation_stream.h:69]   --->   Operation 123 'add' 'add_ln415_47' <Predicate = (!icmp_ln60)> <Delay = 1.82> <Core = "AddSub">   --->   Core 14 'AddSub' <Latency = 0> <II = 1> <Delay = 1.78> <FuncUnit> <Opcode : 'add' 'sub'> <InPorts = 2> <OutPorts = 1>
ST_4 : Operation 124 [1/1] (1.78ns)   --->   "%add_ln416_47 = add i5 %trunc_ln415_45, %zext_ln415_66" [firmware/nnet_utils/nnet_activation_stream.h:69]   --->   Operation 124 'add' 'add_ln416_47' <Predicate = (!icmp_ln60)> <Delay = 1.78> <Core = "AddSub">   --->   Core 14 'AddSub' <Latency = 0> <II = 1> <Delay = 1.78> <FuncUnit> <Opcode : 'add' 'sub'> <InPorts = 2> <OutPorts = 1>
ST_4 : Operation 125 [1/1] (0.00ns) (grouped into LUT with out node select_ln340_1)   --->   "%tmp_215 = call i1 @_ssdm_op_BitSelect.i1.i6.i32(i6 %add_ln415_47, i32 5)" [firmware/nnet_utils/nnet_activation_stream.h:69]   --->   Operation 125 'bitselect' 'tmp_215' <Predicate = (!icmp_ln60)> <Delay = 0.00>
ST_4 : Operation 126 [1/1] (0.00ns) (grouped into LUT with out node select_ln340_1)   --->   "%xor_ln416_47 = xor i1 %tmp_215, true" [firmware/nnet_utils/nnet_activation_stream.h:69]   --->   Operation 126 'xor' 'xor_ln416_47' <Predicate = (!icmp_ln60)> <Delay = 0.00> <Core = "LogicGate">   --->   Core 27 'LogicGate' <Latency = 0> <II = 1> <Delay = 0.97> <FuncUnit> <Opcode : 'and' 'or' 'xor'> <InPorts = 2> <OutPorts = 1>
ST_4 : Operation 127 [1/1] (0.00ns) (grouped into LUT with out node select_ln340_1)   --->   "%and_ln416_47 = and i1 %tmp_213, %xor_ln416_47" [firmware/nnet_utils/nnet_activation_stream.h:69]   --->   Operation 127 'and' 'and_ln416_47' <Predicate = (!icmp_ln60)> <Delay = 0.00> <Core = "LogicGate">   --->   Core 27 'LogicGate' <Latency = 0> <II = 1> <Delay = 0.97> <FuncUnit> <Opcode : 'and' 'or' 'xor'> <InPorts = 2> <OutPorts = 1>
ST_4 : Operation 128 [1/1] (0.00ns) (grouped into LUT with out node select_ln340_1)   --->   "%tmp_216 = call i1 @_ssdm_op_BitSelect.i1.i6.i32(i6 %add_ln415_47, i32 5)" [firmware/nnet_utils/nnet_activation_stream.h:69]   --->   Operation 128 'bitselect' 'tmp_216' <Predicate = (!icmp_ln60)> <Delay = 0.00>
ST_4 : Operation 129 [1/1] (0.00ns) (grouped into LUT with out node select_ln340_1)   --->   "%select_ln777_47 = select i1 %and_ln416_47, i1 %icmp_ln879_47, i1 %icmp_ln768_47" [firmware/nnet_utils/nnet_activation_stream.h:69]   --->   Operation 129 'select' 'select_ln777_47' <Predicate = (!icmp_ln60)> <Delay = 0.00> <Core = "Sel">   --->   Core 26 'Sel' <Latency = 0> <II = 1> <Delay = 1.21> <FuncUnit> <Opcode : 'select'> <InPorts = 3> <OutPorts = 1>
ST_4 : Operation 130 [1/1] (0.00ns) (grouped into LUT with out node select_ln340_1)   --->   "%xor_ln785_1 = xor i1 %select_ln777_47, true" [firmware/nnet_utils/nnet_activation_stream.h:69]   --->   Operation 130 'xor' 'xor_ln785_1' <Predicate = (!icmp_ln60)> <Delay = 0.00> <Core = "LogicGate">   --->   Core 27 'LogicGate' <Latency = 0> <II = 1> <Delay = 0.97> <FuncUnit> <Opcode : 'and' 'or' 'xor'> <InPorts = 2> <OutPorts = 1>
ST_4 : Operation 131 [1/1] (0.00ns) (grouped into LUT with out node select_ln340_1)   --->   "%or_ln340_1 = or i1 %tmp_216, %xor_ln785_1" [firmware/nnet_utils/nnet_activation_stream.h:69]   --->   Operation 131 'or' 'or_ln340_1' <Predicate = (!icmp_ln60)> <Delay = 0.00> <Core = "LogicGate">   --->   Core 27 'LogicGate' <Latency = 0> <II = 1> <Delay = 0.97> <FuncUnit> <Opcode : 'and' 'or' 'xor'> <InPorts = 2> <OutPorts = 1>
ST_4 : Operation 132 [1/1] (1.21ns) (out node of the LUT)   --->   "%select_ln340_1 = select i1 %or_ln340_1, i5 -1, i5 %add_ln416_47" [firmware/nnet_utils/nnet_activation_stream.h:69]   --->   Operation 132 'select' 'select_ln340_1' <Predicate = (!icmp_ln60)> <Delay = 1.21> <Core = "Sel">   --->   Core 26 'Sel' <Latency = 0> <II = 1> <Delay = 1.21> <FuncUnit> <Opcode : 'select'> <InPorts = 3> <OutPorts = 1>
ST_4 : Operation 133 [1/1] (1.21ns) (out node of the LUT)   --->   "%tmp_data_1_V = select i1 %icmp_ln1494_1, i5 %select_ln340_1, i5 0" [firmware/nnet_utils/nnet_activation_stream.h:69]   --->   Operation 133 'select' 'tmp_data_1_V' <Predicate = (!icmp_ln60)> <Delay = 1.21> <Core = "Sel">   --->   Core 26 'Sel' <Latency = 0> <II = 1> <Delay = 1.21> <FuncUnit> <Opcode : 'select'> <InPorts = 3> <OutPorts = 1>
ST_4 : Operation 134 [1/1] (2.20ns)   --->   "%icmp_ln1494_2 = icmp sgt i14 %tmp_data_V_48_2, 0" [firmware/nnet_utils/nnet_activation_stream.h:69]   --->   Operation 134 'icmp' 'icmp_ln1494_2' <Predicate = (!icmp_ln60)> <Delay = 2.20> <Core = "Cmp">   --->   Core 25 'Cmp' <Latency = 0> <II = 1> <Delay = 1.36> <FuncUnit> <Opcode : 'icmp'> <InPorts = 2> <OutPorts = 1>
ST_4 : Operation 135 [1/1] (0.00ns) (grouped into LUT with out node select_ln340_2)   --->   "%tmp_217 = call i1 @_ssdm_op_BitSelect.i1.i14.i32(i14 %tmp_data_V_48_2, i32 8)" [firmware/nnet_utils/nnet_activation_stream.h:69]   --->   Operation 135 'bitselect' 'tmp_217' <Predicate = (!icmp_ln60)> <Delay = 0.00>
ST_4 : Operation 136 [1/1] (0.00ns)   --->   "%zext_ln415_48 = zext i1 %tmp_218 to i6" [firmware/nnet_utils/nnet_activation_stream.h:69]   --->   Operation 136 'zext' 'zext_ln415_48' <Predicate = (!icmp_ln60)> <Delay = 0.00>
ST_4 : Operation 137 [1/1] (0.00ns)   --->   "%zext_ln415_67 = zext i1 %tmp_218 to i5" [firmware/nnet_utils/nnet_activation_stream.h:69]   --->   Operation 137 'zext' 'zext_ln415_67' <Predicate = (!icmp_ln60)> <Delay = 0.00>
ST_4 : Operation 138 [1/1] (1.82ns)   --->   "%add_ln415_48 = add i6 %trunc_ln708_52, %zext_ln415_48" [firmware/nnet_utils/nnet_activation_stream.h:69]   --->   Operation 138 'add' 'add_ln415_48' <Predicate = (!icmp_ln60)> <Delay = 1.82> <Core = "AddSub">   --->   Core 14 'AddSub' <Latency = 0> <II = 1> <Delay = 1.78> <FuncUnit> <Opcode : 'add' 'sub'> <InPorts = 2> <OutPorts = 1>
ST_4 : Operation 139 [1/1] (1.78ns)   --->   "%add_ln416_48 = add i5 %trunc_ln415_46, %zext_ln415_67" [firmware/nnet_utils/nnet_activation_stream.h:69]   --->   Operation 139 'add' 'add_ln416_48' <Predicate = (!icmp_ln60)> <Delay = 1.78> <Core = "AddSub">   --->   Core 14 'AddSub' <Latency = 0> <II = 1> <Delay = 1.78> <FuncUnit> <Opcode : 'add' 'sub'> <InPorts = 2> <OutPorts = 1>
ST_4 : Operation 140 [1/1] (0.00ns) (grouped into LUT with out node select_ln340_2)   --->   "%tmp_219 = call i1 @_ssdm_op_BitSelect.i1.i6.i32(i6 %add_ln415_48, i32 5)" [firmware/nnet_utils/nnet_activation_stream.h:69]   --->   Operation 140 'bitselect' 'tmp_219' <Predicate = (!icmp_ln60)> <Delay = 0.00>
ST_4 : Operation 141 [1/1] (0.00ns) (grouped into LUT with out node select_ln340_2)   --->   "%xor_ln416_48 = xor i1 %tmp_219, true" [firmware/nnet_utils/nnet_activation_stream.h:69]   --->   Operation 141 'xor' 'xor_ln416_48' <Predicate = (!icmp_ln60)> <Delay = 0.00> <Core = "LogicGate">   --->   Core 27 'LogicGate' <Latency = 0> <II = 1> <Delay = 0.97> <FuncUnit> <Opcode : 'and' 'or' 'xor'> <InPorts = 2> <OutPorts = 1>
ST_4 : Operation 142 [1/1] (0.00ns) (grouped into LUT with out node select_ln340_2)   --->   "%and_ln416_48 = and i1 %tmp_217, %xor_ln416_48" [firmware/nnet_utils/nnet_activation_stream.h:69]   --->   Operation 142 'and' 'and_ln416_48' <Predicate = (!icmp_ln60)> <Delay = 0.00> <Core = "LogicGate">   --->   Core 27 'LogicGate' <Latency = 0> <II = 1> <Delay = 0.97> <FuncUnit> <Opcode : 'and' 'or' 'xor'> <InPorts = 2> <OutPorts = 1>
ST_4 : Operation 143 [1/1] (0.00ns) (grouped into LUT with out node select_ln340_2)   --->   "%tmp_220 = call i1 @_ssdm_op_BitSelect.i1.i6.i32(i6 %add_ln415_48, i32 5)" [firmware/nnet_utils/nnet_activation_stream.h:69]   --->   Operation 143 'bitselect' 'tmp_220' <Predicate = (!icmp_ln60)> <Delay = 0.00>
ST_4 : Operation 144 [1/1] (0.00ns) (grouped into LUT with out node select_ln340_2)   --->   "%select_ln777_48 = select i1 %and_ln416_48, i1 %icmp_ln879_48, i1 %icmp_ln768_48" [firmware/nnet_utils/nnet_activation_stream.h:69]   --->   Operation 144 'select' 'select_ln777_48' <Predicate = (!icmp_ln60)> <Delay = 0.00> <Core = "Sel">   --->   Core 26 'Sel' <Latency = 0> <II = 1> <Delay = 1.21> <FuncUnit> <Opcode : 'select'> <InPorts = 3> <OutPorts = 1>
ST_4 : Operation 145 [1/1] (0.00ns) (grouped into LUT with out node select_ln340_2)   --->   "%xor_ln785_2 = xor i1 %select_ln777_48, true" [firmware/nnet_utils/nnet_activation_stream.h:69]   --->   Operation 145 'xor' 'xor_ln785_2' <Predicate = (!icmp_ln60)> <Delay = 0.00> <Core = "LogicGate">   --->   Core 27 'LogicGate' <Latency = 0> <II = 1> <Delay = 0.97> <FuncUnit> <Opcode : 'and' 'or' 'xor'> <InPorts = 2> <OutPorts = 1>
ST_4 : Operation 146 [1/1] (0.00ns) (grouped into LUT with out node select_ln340_2)   --->   "%or_ln340_2 = or i1 %tmp_220, %xor_ln785_2" [firmware/nnet_utils/nnet_activation_stream.h:69]   --->   Operation 146 'or' 'or_ln340_2' <Predicate = (!icmp_ln60)> <Delay = 0.00> <Core = "LogicGate">   --->   Core 27 'LogicGate' <Latency = 0> <II = 1> <Delay = 0.97> <FuncUnit> <Opcode : 'and' 'or' 'xor'> <InPorts = 2> <OutPorts = 1>
ST_4 : Operation 147 [1/1] (1.21ns) (out node of the LUT)   --->   "%select_ln340_2 = select i1 %or_ln340_2, i5 -1, i5 %add_ln416_48" [firmware/nnet_utils/nnet_activation_stream.h:69]   --->   Operation 147 'select' 'select_ln340_2' <Predicate = (!icmp_ln60)> <Delay = 1.21> <Core = "Sel">   --->   Core 26 'Sel' <Latency = 0> <II = 1> <Delay = 1.21> <FuncUnit> <Opcode : 'select'> <InPorts = 3> <OutPorts = 1>
ST_4 : Operation 148 [1/1] (1.21ns) (out node of the LUT)   --->   "%tmp_data_2_V = select i1 %icmp_ln1494_2, i5 %select_ln340_2, i5 0" [firmware/nnet_utils/nnet_activation_stream.h:69]   --->   Operation 148 'select' 'tmp_data_2_V' <Predicate = (!icmp_ln60)> <Delay = 1.21> <Core = "Sel">   --->   Core 26 'Sel' <Latency = 0> <II = 1> <Delay = 1.21> <FuncUnit> <Opcode : 'select'> <InPorts = 3> <OutPorts = 1>
ST_4 : Operation 149 [1/1] (2.20ns)   --->   "%icmp_ln1494_3 = icmp sgt i14 %tmp_data_V_48_3, 0" [firmware/nnet_utils/nnet_activation_stream.h:69]   --->   Operation 149 'icmp' 'icmp_ln1494_3' <Predicate = (!icmp_ln60)> <Delay = 2.20> <Core = "Cmp">   --->   Core 25 'Cmp' <Latency = 0> <II = 1> <Delay = 1.36> <FuncUnit> <Opcode : 'icmp'> <InPorts = 2> <OutPorts = 1>
ST_4 : Operation 150 [1/1] (0.00ns) (grouped into LUT with out node select_ln340_3)   --->   "%tmp_221 = call i1 @_ssdm_op_BitSelect.i1.i14.i32(i14 %tmp_data_V_48_3, i32 8)" [firmware/nnet_utils/nnet_activation_stream.h:69]   --->   Operation 150 'bitselect' 'tmp_221' <Predicate = (!icmp_ln60)> <Delay = 0.00>
ST_4 : Operation 151 [1/1] (0.00ns)   --->   "%zext_ln415_49 = zext i1 %tmp_222 to i6" [firmware/nnet_utils/nnet_activation_stream.h:69]   --->   Operation 151 'zext' 'zext_ln415_49' <Predicate = (!icmp_ln60)> <Delay = 0.00>
ST_4 : Operation 152 [1/1] (0.00ns)   --->   "%zext_ln415_68 = zext i1 %tmp_222 to i5" [firmware/nnet_utils/nnet_activation_stream.h:69]   --->   Operation 152 'zext' 'zext_ln415_68' <Predicate = (!icmp_ln60)> <Delay = 0.00>
ST_4 : Operation 153 [1/1] (1.82ns)   --->   "%add_ln415_49 = add i6 %trunc_ln708_53, %zext_ln415_49" [firmware/nnet_utils/nnet_activation_stream.h:69]   --->   Operation 153 'add' 'add_ln415_49' <Predicate = (!icmp_ln60)> <Delay = 1.82> <Core = "AddSub">   --->   Core 14 'AddSub' <Latency = 0> <II = 1> <Delay = 1.78> <FuncUnit> <Opcode : 'add' 'sub'> <InPorts = 2> <OutPorts = 1>
ST_4 : Operation 154 [1/1] (1.78ns)   --->   "%add_ln416_49 = add i5 %trunc_ln415_47, %zext_ln415_68" [firmware/nnet_utils/nnet_activation_stream.h:69]   --->   Operation 154 'add' 'add_ln416_49' <Predicate = (!icmp_ln60)> <Delay = 1.78> <Core = "AddSub">   --->   Core 14 'AddSub' <Latency = 0> <II = 1> <Delay = 1.78> <FuncUnit> <Opcode : 'add' 'sub'> <InPorts = 2> <OutPorts = 1>
ST_4 : Operation 155 [1/1] (0.00ns) (grouped into LUT with out node select_ln340_3)   --->   "%tmp_223 = call i1 @_ssdm_op_BitSelect.i1.i6.i32(i6 %add_ln415_49, i32 5)" [firmware/nnet_utils/nnet_activation_stream.h:69]   --->   Operation 155 'bitselect' 'tmp_223' <Predicate = (!icmp_ln60)> <Delay = 0.00>
ST_4 : Operation 156 [1/1] (0.00ns) (grouped into LUT with out node select_ln340_3)   --->   "%xor_ln416_49 = xor i1 %tmp_223, true" [firmware/nnet_utils/nnet_activation_stream.h:69]   --->   Operation 156 'xor' 'xor_ln416_49' <Predicate = (!icmp_ln60)> <Delay = 0.00> <Core = "LogicGate">   --->   Core 27 'LogicGate' <Latency = 0> <II = 1> <Delay = 0.97> <FuncUnit> <Opcode : 'and' 'or' 'xor'> <InPorts = 2> <OutPorts = 1>
ST_4 : Operation 157 [1/1] (0.00ns) (grouped into LUT with out node select_ln340_3)   --->   "%and_ln416_49 = and i1 %tmp_221, %xor_ln416_49" [firmware/nnet_utils/nnet_activation_stream.h:69]   --->   Operation 157 'and' 'and_ln416_49' <Predicate = (!icmp_ln60)> <Delay = 0.00> <Core = "LogicGate">   --->   Core 27 'LogicGate' <Latency = 0> <II = 1> <Delay = 0.97> <FuncUnit> <Opcode : 'and' 'or' 'xor'> <InPorts = 2> <OutPorts = 1>
ST_4 : Operation 158 [1/1] (0.00ns) (grouped into LUT with out node select_ln340_3)   --->   "%tmp_224 = call i1 @_ssdm_op_BitSelect.i1.i6.i32(i6 %add_ln415_49, i32 5)" [firmware/nnet_utils/nnet_activation_stream.h:69]   --->   Operation 158 'bitselect' 'tmp_224' <Predicate = (!icmp_ln60)> <Delay = 0.00>
ST_4 : Operation 159 [1/1] (0.00ns) (grouped into LUT with out node select_ln340_3)   --->   "%select_ln777_49 = select i1 %and_ln416_49, i1 %icmp_ln879_49, i1 %icmp_ln768_49" [firmware/nnet_utils/nnet_activation_stream.h:69]   --->   Operation 159 'select' 'select_ln777_49' <Predicate = (!icmp_ln60)> <Delay = 0.00> <Core = "Sel">   --->   Core 26 'Sel' <Latency = 0> <II = 1> <Delay = 1.21> <FuncUnit> <Opcode : 'select'> <InPorts = 3> <OutPorts = 1>
ST_4 : Operation 160 [1/1] (0.00ns) (grouped into LUT with out node select_ln340_3)   --->   "%xor_ln785_3 = xor i1 %select_ln777_49, true" [firmware/nnet_utils/nnet_activation_stream.h:69]   --->   Operation 160 'xor' 'xor_ln785_3' <Predicate = (!icmp_ln60)> <Delay = 0.00> <Core = "LogicGate">   --->   Core 27 'LogicGate' <Latency = 0> <II = 1> <Delay = 0.97> <FuncUnit> <Opcode : 'and' 'or' 'xor'> <InPorts = 2> <OutPorts = 1>
ST_4 : Operation 161 [1/1] (0.00ns) (grouped into LUT with out node select_ln340_3)   --->   "%or_ln340_3 = or i1 %tmp_224, %xor_ln785_3" [firmware/nnet_utils/nnet_activation_stream.h:69]   --->   Operation 161 'or' 'or_ln340_3' <Predicate = (!icmp_ln60)> <Delay = 0.00> <Core = "LogicGate">   --->   Core 27 'LogicGate' <Latency = 0> <II = 1> <Delay = 0.97> <FuncUnit> <Opcode : 'and' 'or' 'xor'> <InPorts = 2> <OutPorts = 1>
ST_4 : Operation 162 [1/1] (1.21ns) (out node of the LUT)   --->   "%select_ln340_3 = select i1 %or_ln340_3, i5 -1, i5 %add_ln416_49" [firmware/nnet_utils/nnet_activation_stream.h:69]   --->   Operation 162 'select' 'select_ln340_3' <Predicate = (!icmp_ln60)> <Delay = 1.21> <Core = "Sel">   --->   Core 26 'Sel' <Latency = 0> <II = 1> <Delay = 1.21> <FuncUnit> <Opcode : 'select'> <InPorts = 3> <OutPorts = 1>
ST_4 : Operation 163 [1/1] (1.21ns) (out node of the LUT)   --->   "%tmp_data_3_V = select i1 %icmp_ln1494_3, i5 %select_ln340_3, i5 0" [firmware/nnet_utils/nnet_activation_stream.h:69]   --->   Operation 163 'select' 'tmp_data_3_V' <Predicate = (!icmp_ln60)> <Delay = 1.21> <Core = "Sel">   --->   Core 26 'Sel' <Latency = 0> <II = 1> <Delay = 1.21> <FuncUnit> <Opcode : 'select'> <InPorts = 3> <OutPorts = 1>
ST_4 : Operation 164 [1/1] (2.20ns)   --->   "%icmp_ln1494_4 = icmp sgt i14 %tmp_data_V_48_4, 0" [firmware/nnet_utils/nnet_activation_stream.h:69]   --->   Operation 164 'icmp' 'icmp_ln1494_4' <Predicate = (!icmp_ln60)> <Delay = 2.20> <Core = "Cmp">   --->   Core 25 'Cmp' <Latency = 0> <II = 1> <Delay = 1.36> <FuncUnit> <Opcode : 'icmp'> <InPorts = 2> <OutPorts = 1>
ST_4 : Operation 165 [1/1] (0.00ns) (grouped into LUT with out node select_ln340_4)   --->   "%tmp_225 = call i1 @_ssdm_op_BitSelect.i1.i14.i32(i14 %tmp_data_V_48_4, i32 8)" [firmware/nnet_utils/nnet_activation_stream.h:69]   --->   Operation 165 'bitselect' 'tmp_225' <Predicate = (!icmp_ln60)> <Delay = 0.00>
ST_4 : Operation 166 [1/1] (0.00ns)   --->   "%zext_ln415_50 = zext i1 %tmp_226 to i6" [firmware/nnet_utils/nnet_activation_stream.h:69]   --->   Operation 166 'zext' 'zext_ln415_50' <Predicate = (!icmp_ln60)> <Delay = 0.00>
ST_4 : Operation 167 [1/1] (0.00ns)   --->   "%zext_ln415_69 = zext i1 %tmp_226 to i5" [firmware/nnet_utils/nnet_activation_stream.h:69]   --->   Operation 167 'zext' 'zext_ln415_69' <Predicate = (!icmp_ln60)> <Delay = 0.00>
ST_4 : Operation 168 [1/1] (1.82ns)   --->   "%add_ln415_50 = add i6 %trunc_ln708_54, %zext_ln415_50" [firmware/nnet_utils/nnet_activation_stream.h:69]   --->   Operation 168 'add' 'add_ln415_50' <Predicate = (!icmp_ln60)> <Delay = 1.82> <Core = "AddSub">   --->   Core 14 'AddSub' <Latency = 0> <II = 1> <Delay = 1.78> <FuncUnit> <Opcode : 'add' 'sub'> <InPorts = 2> <OutPorts = 1>
ST_4 : Operation 169 [1/1] (1.78ns)   --->   "%add_ln416_50 = add i5 %trunc_ln415_48, %zext_ln415_69" [firmware/nnet_utils/nnet_activation_stream.h:69]   --->   Operation 169 'add' 'add_ln416_50' <Predicate = (!icmp_ln60)> <Delay = 1.78> <Core = "AddSub">   --->   Core 14 'AddSub' <Latency = 0> <II = 1> <Delay = 1.78> <FuncUnit> <Opcode : 'add' 'sub'> <InPorts = 2> <OutPorts = 1>
ST_4 : Operation 170 [1/1] (0.00ns) (grouped into LUT with out node select_ln340_4)   --->   "%tmp_227 = call i1 @_ssdm_op_BitSelect.i1.i6.i32(i6 %add_ln415_50, i32 5)" [firmware/nnet_utils/nnet_activation_stream.h:69]   --->   Operation 170 'bitselect' 'tmp_227' <Predicate = (!icmp_ln60)> <Delay = 0.00>
ST_4 : Operation 171 [1/1] (0.00ns) (grouped into LUT with out node select_ln340_4)   --->   "%xor_ln416_50 = xor i1 %tmp_227, true" [firmware/nnet_utils/nnet_activation_stream.h:69]   --->   Operation 171 'xor' 'xor_ln416_50' <Predicate = (!icmp_ln60)> <Delay = 0.00> <Core = "LogicGate">   --->   Core 27 'LogicGate' <Latency = 0> <II = 1> <Delay = 0.97> <FuncUnit> <Opcode : 'and' 'or' 'xor'> <InPorts = 2> <OutPorts = 1>
ST_4 : Operation 172 [1/1] (0.00ns) (grouped into LUT with out node select_ln340_4)   --->   "%and_ln416_50 = and i1 %tmp_225, %xor_ln416_50" [firmware/nnet_utils/nnet_activation_stream.h:69]   --->   Operation 172 'and' 'and_ln416_50' <Predicate = (!icmp_ln60)> <Delay = 0.00> <Core = "LogicGate">   --->   Core 27 'LogicGate' <Latency = 0> <II = 1> <Delay = 0.97> <FuncUnit> <Opcode : 'and' 'or' 'xor'> <InPorts = 2> <OutPorts = 1>
ST_4 : Operation 173 [1/1] (0.00ns) (grouped into LUT with out node select_ln340_4)   --->   "%tmp_228 = call i1 @_ssdm_op_BitSelect.i1.i6.i32(i6 %add_ln415_50, i32 5)" [firmware/nnet_utils/nnet_activation_stream.h:69]   --->   Operation 173 'bitselect' 'tmp_228' <Predicate = (!icmp_ln60)> <Delay = 0.00>
ST_4 : Operation 174 [1/1] (0.00ns) (grouped into LUT with out node select_ln340_4)   --->   "%select_ln777_50 = select i1 %and_ln416_50, i1 %icmp_ln879_50, i1 %icmp_ln768_50" [firmware/nnet_utils/nnet_activation_stream.h:69]   --->   Operation 174 'select' 'select_ln777_50' <Predicate = (!icmp_ln60)> <Delay = 0.00> <Core = "Sel">   --->   Core 26 'Sel' <Latency = 0> <II = 1> <Delay = 1.21> <FuncUnit> <Opcode : 'select'> <InPorts = 3> <OutPorts = 1>
ST_4 : Operation 175 [1/1] (0.00ns) (grouped into LUT with out node select_ln340_4)   --->   "%xor_ln785_4 = xor i1 %select_ln777_50, true" [firmware/nnet_utils/nnet_activation_stream.h:69]   --->   Operation 175 'xor' 'xor_ln785_4' <Predicate = (!icmp_ln60)> <Delay = 0.00> <Core = "LogicGate">   --->   Core 27 'LogicGate' <Latency = 0> <II = 1> <Delay = 0.97> <FuncUnit> <Opcode : 'and' 'or' 'xor'> <InPorts = 2> <OutPorts = 1>
ST_4 : Operation 176 [1/1] (0.00ns) (grouped into LUT with out node select_ln340_4)   --->   "%or_ln340_4 = or i1 %tmp_228, %xor_ln785_4" [firmware/nnet_utils/nnet_activation_stream.h:69]   --->   Operation 176 'or' 'or_ln340_4' <Predicate = (!icmp_ln60)> <Delay = 0.00> <Core = "LogicGate">   --->   Core 27 'LogicGate' <Latency = 0> <II = 1> <Delay = 0.97> <FuncUnit> <Opcode : 'and' 'or' 'xor'> <InPorts = 2> <OutPorts = 1>
ST_4 : Operation 177 [1/1] (1.21ns) (out node of the LUT)   --->   "%select_ln340_4 = select i1 %or_ln340_4, i5 -1, i5 %add_ln416_50" [firmware/nnet_utils/nnet_activation_stream.h:69]   --->   Operation 177 'select' 'select_ln340_4' <Predicate = (!icmp_ln60)> <Delay = 1.21> <Core = "Sel">   --->   Core 26 'Sel' <Latency = 0> <II = 1> <Delay = 1.21> <FuncUnit> <Opcode : 'select'> <InPorts = 3> <OutPorts = 1>
ST_4 : Operation 178 [1/1] (1.21ns) (out node of the LUT)   --->   "%tmp_data_4_V = select i1 %icmp_ln1494_4, i5 %select_ln340_4, i5 0" [firmware/nnet_utils/nnet_activation_stream.h:69]   --->   Operation 178 'select' 'tmp_data_4_V' <Predicate = (!icmp_ln60)> <Delay = 1.21> <Core = "Sel">   --->   Core 26 'Sel' <Latency = 0> <II = 1> <Delay = 1.21> <FuncUnit> <Opcode : 'select'> <InPorts = 3> <OutPorts = 1>
ST_4 : Operation 179 [1/1] (2.20ns)   --->   "%icmp_ln1494_5 = icmp sgt i14 %tmp_data_V_48_5, 0" [firmware/nnet_utils/nnet_activation_stream.h:69]   --->   Operation 179 'icmp' 'icmp_ln1494_5' <Predicate = (!icmp_ln60)> <Delay = 2.20> <Core = "Cmp">   --->   Core 25 'Cmp' <Latency = 0> <II = 1> <Delay = 1.36> <FuncUnit> <Opcode : 'icmp'> <InPorts = 2> <OutPorts = 1>
ST_4 : Operation 180 [1/1] (0.00ns) (grouped into LUT with out node select_ln340_5)   --->   "%tmp_229 = call i1 @_ssdm_op_BitSelect.i1.i14.i32(i14 %tmp_data_V_48_5, i32 8)" [firmware/nnet_utils/nnet_activation_stream.h:69]   --->   Operation 180 'bitselect' 'tmp_229' <Predicate = (!icmp_ln60)> <Delay = 0.00>
ST_4 : Operation 181 [1/1] (0.00ns)   --->   "%zext_ln415_51 = zext i1 %tmp_230 to i6" [firmware/nnet_utils/nnet_activation_stream.h:69]   --->   Operation 181 'zext' 'zext_ln415_51' <Predicate = (!icmp_ln60)> <Delay = 0.00>
ST_4 : Operation 182 [1/1] (0.00ns)   --->   "%zext_ln415_70 = zext i1 %tmp_230 to i5" [firmware/nnet_utils/nnet_activation_stream.h:69]   --->   Operation 182 'zext' 'zext_ln415_70' <Predicate = (!icmp_ln60)> <Delay = 0.00>
ST_4 : Operation 183 [1/1] (1.82ns)   --->   "%add_ln415_51 = add i6 %trunc_ln708_55, %zext_ln415_51" [firmware/nnet_utils/nnet_activation_stream.h:69]   --->   Operation 183 'add' 'add_ln415_51' <Predicate = (!icmp_ln60)> <Delay = 1.82> <Core = "AddSub">   --->   Core 14 'AddSub' <Latency = 0> <II = 1> <Delay = 1.78> <FuncUnit> <Opcode : 'add' 'sub'> <InPorts = 2> <OutPorts = 1>
ST_4 : Operation 184 [1/1] (1.78ns)   --->   "%add_ln416_51 = add i5 %trunc_ln415_49, %zext_ln415_70" [firmware/nnet_utils/nnet_activation_stream.h:69]   --->   Operation 184 'add' 'add_ln416_51' <Predicate = (!icmp_ln60)> <Delay = 1.78> <Core = "AddSub">   --->   Core 14 'AddSub' <Latency = 0> <II = 1> <Delay = 1.78> <FuncUnit> <Opcode : 'add' 'sub'> <InPorts = 2> <OutPorts = 1>
ST_4 : Operation 185 [1/1] (0.00ns) (grouped into LUT with out node select_ln340_5)   --->   "%tmp_231 = call i1 @_ssdm_op_BitSelect.i1.i6.i32(i6 %add_ln415_51, i32 5)" [firmware/nnet_utils/nnet_activation_stream.h:69]   --->   Operation 185 'bitselect' 'tmp_231' <Predicate = (!icmp_ln60)> <Delay = 0.00>
ST_4 : Operation 186 [1/1] (0.00ns) (grouped into LUT with out node select_ln340_5)   --->   "%xor_ln416_51 = xor i1 %tmp_231, true" [firmware/nnet_utils/nnet_activation_stream.h:69]   --->   Operation 186 'xor' 'xor_ln416_51' <Predicate = (!icmp_ln60)> <Delay = 0.00> <Core = "LogicGate">   --->   Core 27 'LogicGate' <Latency = 0> <II = 1> <Delay = 0.97> <FuncUnit> <Opcode : 'and' 'or' 'xor'> <InPorts = 2> <OutPorts = 1>
ST_4 : Operation 187 [1/1] (0.00ns) (grouped into LUT with out node select_ln340_5)   --->   "%and_ln416_51 = and i1 %tmp_229, %xor_ln416_51" [firmware/nnet_utils/nnet_activation_stream.h:69]   --->   Operation 187 'and' 'and_ln416_51' <Predicate = (!icmp_ln60)> <Delay = 0.00> <Core = "LogicGate">   --->   Core 27 'LogicGate' <Latency = 0> <II = 1> <Delay = 0.97> <FuncUnit> <Opcode : 'and' 'or' 'xor'> <InPorts = 2> <OutPorts = 1>
ST_4 : Operation 188 [1/1] (0.00ns) (grouped into LUT with out node select_ln340_5)   --->   "%tmp_232 = call i1 @_ssdm_op_BitSelect.i1.i6.i32(i6 %add_ln415_51, i32 5)" [firmware/nnet_utils/nnet_activation_stream.h:69]   --->   Operation 188 'bitselect' 'tmp_232' <Predicate = (!icmp_ln60)> <Delay = 0.00>
ST_4 : Operation 189 [1/1] (0.00ns) (grouped into LUT with out node select_ln340_5)   --->   "%select_ln777_51 = select i1 %and_ln416_51, i1 %icmp_ln879_51, i1 %icmp_ln768_51" [firmware/nnet_utils/nnet_activation_stream.h:69]   --->   Operation 189 'select' 'select_ln777_51' <Predicate = (!icmp_ln60)> <Delay = 0.00> <Core = "Sel">   --->   Core 26 'Sel' <Latency = 0> <II = 1> <Delay = 1.21> <FuncUnit> <Opcode : 'select'> <InPorts = 3> <OutPorts = 1>
ST_4 : Operation 190 [1/1] (0.00ns) (grouped into LUT with out node select_ln340_5)   --->   "%xor_ln785_5 = xor i1 %select_ln777_51, true" [firmware/nnet_utils/nnet_activation_stream.h:69]   --->   Operation 190 'xor' 'xor_ln785_5' <Predicate = (!icmp_ln60)> <Delay = 0.00> <Core = "LogicGate">   --->   Core 27 'LogicGate' <Latency = 0> <II = 1> <Delay = 0.97> <FuncUnit> <Opcode : 'and' 'or' 'xor'> <InPorts = 2> <OutPorts = 1>
ST_4 : Operation 191 [1/1] (0.00ns) (grouped into LUT with out node select_ln340_5)   --->   "%or_ln340_5 = or i1 %tmp_232, %xor_ln785_5" [firmware/nnet_utils/nnet_activation_stream.h:69]   --->   Operation 191 'or' 'or_ln340_5' <Predicate = (!icmp_ln60)> <Delay = 0.00> <Core = "LogicGate">   --->   Core 27 'LogicGate' <Latency = 0> <II = 1> <Delay = 0.97> <FuncUnit> <Opcode : 'and' 'or' 'xor'> <InPorts = 2> <OutPorts = 1>
ST_4 : Operation 192 [1/1] (1.21ns) (out node of the LUT)   --->   "%select_ln340_5 = select i1 %or_ln340_5, i5 -1, i5 %add_ln416_51" [firmware/nnet_utils/nnet_activation_stream.h:69]   --->   Operation 192 'select' 'select_ln340_5' <Predicate = (!icmp_ln60)> <Delay = 1.21> <Core = "Sel">   --->   Core 26 'Sel' <Latency = 0> <II = 1> <Delay = 1.21> <FuncUnit> <Opcode : 'select'> <InPorts = 3> <OutPorts = 1>
ST_4 : Operation 193 [1/1] (1.21ns) (out node of the LUT)   --->   "%tmp_data_5_V = select i1 %icmp_ln1494_5, i5 %select_ln340_5, i5 0" [firmware/nnet_utils/nnet_activation_stream.h:69]   --->   Operation 193 'select' 'tmp_data_5_V' <Predicate = (!icmp_ln60)> <Delay = 1.21> <Core = "Sel">   --->   Core 26 'Sel' <Latency = 0> <II = 1> <Delay = 1.21> <FuncUnit> <Opcode : 'select'> <InPorts = 3> <OutPorts = 1>
ST_4 : Operation 194 [1/1] (2.20ns)   --->   "%icmp_ln1494_6 = icmp sgt i14 %tmp_data_V_48_6, 0" [firmware/nnet_utils/nnet_activation_stream.h:69]   --->   Operation 194 'icmp' 'icmp_ln1494_6' <Predicate = (!icmp_ln60)> <Delay = 2.20> <Core = "Cmp">   --->   Core 25 'Cmp' <Latency = 0> <II = 1> <Delay = 1.36> <FuncUnit> <Opcode : 'icmp'> <InPorts = 2> <OutPorts = 1>
ST_4 : Operation 195 [1/1] (0.00ns) (grouped into LUT with out node select_ln340_6)   --->   "%tmp_233 = call i1 @_ssdm_op_BitSelect.i1.i14.i32(i14 %tmp_data_V_48_6, i32 8)" [firmware/nnet_utils/nnet_activation_stream.h:69]   --->   Operation 195 'bitselect' 'tmp_233' <Predicate = (!icmp_ln60)> <Delay = 0.00>
ST_4 : Operation 196 [1/1] (0.00ns)   --->   "%zext_ln415_52 = zext i1 %tmp_234 to i6" [firmware/nnet_utils/nnet_activation_stream.h:69]   --->   Operation 196 'zext' 'zext_ln415_52' <Predicate = (!icmp_ln60)> <Delay = 0.00>
ST_4 : Operation 197 [1/1] (0.00ns)   --->   "%zext_ln415_71 = zext i1 %tmp_234 to i5" [firmware/nnet_utils/nnet_activation_stream.h:69]   --->   Operation 197 'zext' 'zext_ln415_71' <Predicate = (!icmp_ln60)> <Delay = 0.00>
ST_4 : Operation 198 [1/1] (1.82ns)   --->   "%add_ln415_52 = add i6 %trunc_ln708_56, %zext_ln415_52" [firmware/nnet_utils/nnet_activation_stream.h:69]   --->   Operation 198 'add' 'add_ln415_52' <Predicate = (!icmp_ln60)> <Delay = 1.82> <Core = "AddSub">   --->   Core 14 'AddSub' <Latency = 0> <II = 1> <Delay = 1.78> <FuncUnit> <Opcode : 'add' 'sub'> <InPorts = 2> <OutPorts = 1>
ST_4 : Operation 199 [1/1] (1.78ns)   --->   "%add_ln416_52 = add i5 %trunc_ln415_50, %zext_ln415_71" [firmware/nnet_utils/nnet_activation_stream.h:69]   --->   Operation 199 'add' 'add_ln416_52' <Predicate = (!icmp_ln60)> <Delay = 1.78> <Core = "AddSub">   --->   Core 14 'AddSub' <Latency = 0> <II = 1> <Delay = 1.78> <FuncUnit> <Opcode : 'add' 'sub'> <InPorts = 2> <OutPorts = 1>
ST_4 : Operation 200 [1/1] (0.00ns) (grouped into LUT with out node select_ln340_6)   --->   "%tmp_235 = call i1 @_ssdm_op_BitSelect.i1.i6.i32(i6 %add_ln415_52, i32 5)" [firmware/nnet_utils/nnet_activation_stream.h:69]   --->   Operation 200 'bitselect' 'tmp_235' <Predicate = (!icmp_ln60)> <Delay = 0.00>
ST_4 : Operation 201 [1/1] (0.00ns) (grouped into LUT with out node select_ln340_6)   --->   "%xor_ln416_52 = xor i1 %tmp_235, true" [firmware/nnet_utils/nnet_activation_stream.h:69]   --->   Operation 201 'xor' 'xor_ln416_52' <Predicate = (!icmp_ln60)> <Delay = 0.00> <Core = "LogicGate">   --->   Core 27 'LogicGate' <Latency = 0> <II = 1> <Delay = 0.97> <FuncUnit> <Opcode : 'and' 'or' 'xor'> <InPorts = 2> <OutPorts = 1>
ST_4 : Operation 202 [1/1] (0.00ns) (grouped into LUT with out node select_ln340_6)   --->   "%and_ln416_52 = and i1 %tmp_233, %xor_ln416_52" [firmware/nnet_utils/nnet_activation_stream.h:69]   --->   Operation 202 'and' 'and_ln416_52' <Predicate = (!icmp_ln60)> <Delay = 0.00> <Core = "LogicGate">   --->   Core 27 'LogicGate' <Latency = 0> <II = 1> <Delay = 0.97> <FuncUnit> <Opcode : 'and' 'or' 'xor'> <InPorts = 2> <OutPorts = 1>
ST_4 : Operation 203 [1/1] (0.00ns) (grouped into LUT with out node select_ln340_6)   --->   "%tmp_236 = call i1 @_ssdm_op_BitSelect.i1.i6.i32(i6 %add_ln415_52, i32 5)" [firmware/nnet_utils/nnet_activation_stream.h:69]   --->   Operation 203 'bitselect' 'tmp_236' <Predicate = (!icmp_ln60)> <Delay = 0.00>
ST_4 : Operation 204 [1/1] (0.00ns) (grouped into LUT with out node select_ln340_6)   --->   "%select_ln777_52 = select i1 %and_ln416_52, i1 %icmp_ln879_52, i1 %icmp_ln768_52" [firmware/nnet_utils/nnet_activation_stream.h:69]   --->   Operation 204 'select' 'select_ln777_52' <Predicate = (!icmp_ln60)> <Delay = 0.00> <Core = "Sel">   --->   Core 26 'Sel' <Latency = 0> <II = 1> <Delay = 1.21> <FuncUnit> <Opcode : 'select'> <InPorts = 3> <OutPorts = 1>
ST_4 : Operation 205 [1/1] (0.00ns) (grouped into LUT with out node select_ln340_6)   --->   "%xor_ln785_6 = xor i1 %select_ln777_52, true" [firmware/nnet_utils/nnet_activation_stream.h:69]   --->   Operation 205 'xor' 'xor_ln785_6' <Predicate = (!icmp_ln60)> <Delay = 0.00> <Core = "LogicGate">   --->   Core 27 'LogicGate' <Latency = 0> <II = 1> <Delay = 0.97> <FuncUnit> <Opcode : 'and' 'or' 'xor'> <InPorts = 2> <OutPorts = 1>
ST_4 : Operation 206 [1/1] (0.00ns) (grouped into LUT with out node select_ln340_6)   --->   "%or_ln340_6 = or i1 %tmp_236, %xor_ln785_6" [firmware/nnet_utils/nnet_activation_stream.h:69]   --->   Operation 206 'or' 'or_ln340_6' <Predicate = (!icmp_ln60)> <Delay = 0.00> <Core = "LogicGate">   --->   Core 27 'LogicGate' <Latency = 0> <II = 1> <Delay = 0.97> <FuncUnit> <Opcode : 'and' 'or' 'xor'> <InPorts = 2> <OutPorts = 1>
ST_4 : Operation 207 [1/1] (1.21ns) (out node of the LUT)   --->   "%select_ln340_6 = select i1 %or_ln340_6, i5 -1, i5 %add_ln416_52" [firmware/nnet_utils/nnet_activation_stream.h:69]   --->   Operation 207 'select' 'select_ln340_6' <Predicate = (!icmp_ln60)> <Delay = 1.21> <Core = "Sel">   --->   Core 26 'Sel' <Latency = 0> <II = 1> <Delay = 1.21> <FuncUnit> <Opcode : 'select'> <InPorts = 3> <OutPorts = 1>
ST_4 : Operation 208 [1/1] (1.21ns) (out node of the LUT)   --->   "%tmp_data_6_V = select i1 %icmp_ln1494_6, i5 %select_ln340_6, i5 0" [firmware/nnet_utils/nnet_activation_stream.h:69]   --->   Operation 208 'select' 'tmp_data_6_V' <Predicate = (!icmp_ln60)> <Delay = 1.21> <Core = "Sel">   --->   Core 26 'Sel' <Latency = 0> <II = 1> <Delay = 1.21> <FuncUnit> <Opcode : 'select'> <InPorts = 3> <OutPorts = 1>
ST_4 : Operation 209 [1/1] (2.20ns)   --->   "%icmp_ln1494_7 = icmp sgt i14 %tmp_data_V_48_7, 0" [firmware/nnet_utils/nnet_activation_stream.h:69]   --->   Operation 209 'icmp' 'icmp_ln1494_7' <Predicate = (!icmp_ln60)> <Delay = 2.20> <Core = "Cmp">   --->   Core 25 'Cmp' <Latency = 0> <II = 1> <Delay = 1.36> <FuncUnit> <Opcode : 'icmp'> <InPorts = 2> <OutPorts = 1>
ST_4 : Operation 210 [1/1] (0.00ns) (grouped into LUT with out node select_ln340_7)   --->   "%tmp_237 = call i1 @_ssdm_op_BitSelect.i1.i14.i32(i14 %tmp_data_V_48_7, i32 8)" [firmware/nnet_utils/nnet_activation_stream.h:69]   --->   Operation 210 'bitselect' 'tmp_237' <Predicate = (!icmp_ln60)> <Delay = 0.00>
ST_4 : Operation 211 [1/1] (0.00ns)   --->   "%zext_ln415_53 = zext i1 %tmp_238 to i6" [firmware/nnet_utils/nnet_activation_stream.h:69]   --->   Operation 211 'zext' 'zext_ln415_53' <Predicate = (!icmp_ln60)> <Delay = 0.00>
ST_4 : Operation 212 [1/1] (0.00ns)   --->   "%zext_ln415_72 = zext i1 %tmp_238 to i5" [firmware/nnet_utils/nnet_activation_stream.h:69]   --->   Operation 212 'zext' 'zext_ln415_72' <Predicate = (!icmp_ln60)> <Delay = 0.00>
ST_4 : Operation 213 [1/1] (1.82ns)   --->   "%add_ln415_53 = add i6 %trunc_ln708_57, %zext_ln415_53" [firmware/nnet_utils/nnet_activation_stream.h:69]   --->   Operation 213 'add' 'add_ln415_53' <Predicate = (!icmp_ln60)> <Delay = 1.82> <Core = "AddSub">   --->   Core 14 'AddSub' <Latency = 0> <II = 1> <Delay = 1.78> <FuncUnit> <Opcode : 'add' 'sub'> <InPorts = 2> <OutPorts = 1>
ST_4 : Operation 214 [1/1] (1.78ns)   --->   "%add_ln416_53 = add i5 %trunc_ln415_51, %zext_ln415_72" [firmware/nnet_utils/nnet_activation_stream.h:69]   --->   Operation 214 'add' 'add_ln416_53' <Predicate = (!icmp_ln60)> <Delay = 1.78> <Core = "AddSub">   --->   Core 14 'AddSub' <Latency = 0> <II = 1> <Delay = 1.78> <FuncUnit> <Opcode : 'add' 'sub'> <InPorts = 2> <OutPorts = 1>
ST_4 : Operation 215 [1/1] (0.00ns) (grouped into LUT with out node select_ln340_7)   --->   "%tmp_239 = call i1 @_ssdm_op_BitSelect.i1.i6.i32(i6 %add_ln415_53, i32 5)" [firmware/nnet_utils/nnet_activation_stream.h:69]   --->   Operation 215 'bitselect' 'tmp_239' <Predicate = (!icmp_ln60)> <Delay = 0.00>
ST_4 : Operation 216 [1/1] (0.00ns) (grouped into LUT with out node select_ln340_7)   --->   "%xor_ln416_53 = xor i1 %tmp_239, true" [firmware/nnet_utils/nnet_activation_stream.h:69]   --->   Operation 216 'xor' 'xor_ln416_53' <Predicate = (!icmp_ln60)> <Delay = 0.00> <Core = "LogicGate">   --->   Core 27 'LogicGate' <Latency = 0> <II = 1> <Delay = 0.97> <FuncUnit> <Opcode : 'and' 'or' 'xor'> <InPorts = 2> <OutPorts = 1>
ST_4 : Operation 217 [1/1] (0.00ns) (grouped into LUT with out node select_ln340_7)   --->   "%and_ln416_53 = and i1 %tmp_237, %xor_ln416_53" [firmware/nnet_utils/nnet_activation_stream.h:69]   --->   Operation 217 'and' 'and_ln416_53' <Predicate = (!icmp_ln60)> <Delay = 0.00> <Core = "LogicGate">   --->   Core 27 'LogicGate' <Latency = 0> <II = 1> <Delay = 0.97> <FuncUnit> <Opcode : 'and' 'or' 'xor'> <InPorts = 2> <OutPorts = 1>
ST_4 : Operation 218 [1/1] (0.00ns) (grouped into LUT with out node select_ln340_7)   --->   "%tmp_240 = call i1 @_ssdm_op_BitSelect.i1.i6.i32(i6 %add_ln415_53, i32 5)" [firmware/nnet_utils/nnet_activation_stream.h:69]   --->   Operation 218 'bitselect' 'tmp_240' <Predicate = (!icmp_ln60)> <Delay = 0.00>
ST_4 : Operation 219 [1/1] (0.00ns) (grouped into LUT with out node select_ln340_7)   --->   "%select_ln777_53 = select i1 %and_ln416_53, i1 %icmp_ln879_53, i1 %icmp_ln768_53" [firmware/nnet_utils/nnet_activation_stream.h:69]   --->   Operation 219 'select' 'select_ln777_53' <Predicate = (!icmp_ln60)> <Delay = 0.00> <Core = "Sel">   --->   Core 26 'Sel' <Latency = 0> <II = 1> <Delay = 1.21> <FuncUnit> <Opcode : 'select'> <InPorts = 3> <OutPorts = 1>
ST_4 : Operation 220 [1/1] (0.00ns) (grouped into LUT with out node select_ln340_7)   --->   "%xor_ln785_7 = xor i1 %select_ln777_53, true" [firmware/nnet_utils/nnet_activation_stream.h:69]   --->   Operation 220 'xor' 'xor_ln785_7' <Predicate = (!icmp_ln60)> <Delay = 0.00> <Core = "LogicGate">   --->   Core 27 'LogicGate' <Latency = 0> <II = 1> <Delay = 0.97> <FuncUnit> <Opcode : 'and' 'or' 'xor'> <InPorts = 2> <OutPorts = 1>
ST_4 : Operation 221 [1/1] (0.00ns) (grouped into LUT with out node select_ln340_7)   --->   "%or_ln340_7 = or i1 %tmp_240, %xor_ln785_7" [firmware/nnet_utils/nnet_activation_stream.h:69]   --->   Operation 221 'or' 'or_ln340_7' <Predicate = (!icmp_ln60)> <Delay = 0.00> <Core = "LogicGate">   --->   Core 27 'LogicGate' <Latency = 0> <II = 1> <Delay = 0.97> <FuncUnit> <Opcode : 'and' 'or' 'xor'> <InPorts = 2> <OutPorts = 1>
ST_4 : Operation 222 [1/1] (1.21ns) (out node of the LUT)   --->   "%select_ln340_7 = select i1 %or_ln340_7, i5 -1, i5 %add_ln416_53" [firmware/nnet_utils/nnet_activation_stream.h:69]   --->   Operation 222 'select' 'select_ln340_7' <Predicate = (!icmp_ln60)> <Delay = 1.21> <Core = "Sel">   --->   Core 26 'Sel' <Latency = 0> <II = 1> <Delay = 1.21> <FuncUnit> <Opcode : 'select'> <InPorts = 3> <OutPorts = 1>
ST_4 : Operation 223 [1/1] (1.21ns) (out node of the LUT)   --->   "%tmp_data_7_V = select i1 %icmp_ln1494_7, i5 %select_ln340_7, i5 0" [firmware/nnet_utils/nnet_activation_stream.h:69]   --->   Operation 223 'select' 'tmp_data_7_V' <Predicate = (!icmp_ln60)> <Delay = 1.21> <Core = "Sel">   --->   Core 26 'Sel' <Latency = 0> <II = 1> <Delay = 1.21> <FuncUnit> <Opcode : 'select'> <InPorts = 3> <OutPorts = 1>
ST_4 : Operation 224 [1/1] (2.20ns)   --->   "%icmp_ln1494_8 = icmp sgt i14 %tmp_data_V_48_8, 0" [firmware/nnet_utils/nnet_activation_stream.h:69]   --->   Operation 224 'icmp' 'icmp_ln1494_8' <Predicate = (!icmp_ln60)> <Delay = 2.20> <Core = "Cmp">   --->   Core 25 'Cmp' <Latency = 0> <II = 1> <Delay = 1.36> <FuncUnit> <Opcode : 'icmp'> <InPorts = 2> <OutPorts = 1>
ST_4 : Operation 225 [1/1] (0.00ns) (grouped into LUT with out node select_ln340_8)   --->   "%tmp_241 = call i1 @_ssdm_op_BitSelect.i1.i14.i32(i14 %tmp_data_V_48_8, i32 8)" [firmware/nnet_utils/nnet_activation_stream.h:69]   --->   Operation 225 'bitselect' 'tmp_241' <Predicate = (!icmp_ln60)> <Delay = 0.00>
ST_4 : Operation 226 [1/1] (0.00ns)   --->   "%zext_ln415_54 = zext i1 %tmp_242 to i6" [firmware/nnet_utils/nnet_activation_stream.h:69]   --->   Operation 226 'zext' 'zext_ln415_54' <Predicate = (!icmp_ln60)> <Delay = 0.00>
ST_4 : Operation 227 [1/1] (0.00ns)   --->   "%zext_ln415_73 = zext i1 %tmp_242 to i5" [firmware/nnet_utils/nnet_activation_stream.h:69]   --->   Operation 227 'zext' 'zext_ln415_73' <Predicate = (!icmp_ln60)> <Delay = 0.00>
ST_4 : Operation 228 [1/1] (1.82ns)   --->   "%add_ln415_54 = add i6 %trunc_ln708_58, %zext_ln415_54" [firmware/nnet_utils/nnet_activation_stream.h:69]   --->   Operation 228 'add' 'add_ln415_54' <Predicate = (!icmp_ln60)> <Delay = 1.82> <Core = "AddSub">   --->   Core 14 'AddSub' <Latency = 0> <II = 1> <Delay = 1.78> <FuncUnit> <Opcode : 'add' 'sub'> <InPorts = 2> <OutPorts = 1>
ST_4 : Operation 229 [1/1] (1.78ns)   --->   "%add_ln416_54 = add i5 %trunc_ln415_52, %zext_ln415_73" [firmware/nnet_utils/nnet_activation_stream.h:69]   --->   Operation 229 'add' 'add_ln416_54' <Predicate = (!icmp_ln60)> <Delay = 1.78> <Core = "AddSub">   --->   Core 14 'AddSub' <Latency = 0> <II = 1> <Delay = 1.78> <FuncUnit> <Opcode : 'add' 'sub'> <InPorts = 2> <OutPorts = 1>
ST_4 : Operation 230 [1/1] (0.00ns) (grouped into LUT with out node select_ln340_8)   --->   "%tmp_243 = call i1 @_ssdm_op_BitSelect.i1.i6.i32(i6 %add_ln415_54, i32 5)" [firmware/nnet_utils/nnet_activation_stream.h:69]   --->   Operation 230 'bitselect' 'tmp_243' <Predicate = (!icmp_ln60)> <Delay = 0.00>
ST_4 : Operation 231 [1/1] (0.00ns) (grouped into LUT with out node select_ln340_8)   --->   "%xor_ln416_54 = xor i1 %tmp_243, true" [firmware/nnet_utils/nnet_activation_stream.h:69]   --->   Operation 231 'xor' 'xor_ln416_54' <Predicate = (!icmp_ln60)> <Delay = 0.00> <Core = "LogicGate">   --->   Core 27 'LogicGate' <Latency = 0> <II = 1> <Delay = 0.97> <FuncUnit> <Opcode : 'and' 'or' 'xor'> <InPorts = 2> <OutPorts = 1>
ST_4 : Operation 232 [1/1] (0.00ns) (grouped into LUT with out node select_ln340_8)   --->   "%and_ln416_54 = and i1 %tmp_241, %xor_ln416_54" [firmware/nnet_utils/nnet_activation_stream.h:69]   --->   Operation 232 'and' 'and_ln416_54' <Predicate = (!icmp_ln60)> <Delay = 0.00> <Core = "LogicGate">   --->   Core 27 'LogicGate' <Latency = 0> <II = 1> <Delay = 0.97> <FuncUnit> <Opcode : 'and' 'or' 'xor'> <InPorts = 2> <OutPorts = 1>
ST_4 : Operation 233 [1/1] (0.00ns) (grouped into LUT with out node select_ln340_8)   --->   "%tmp_244 = call i1 @_ssdm_op_BitSelect.i1.i6.i32(i6 %add_ln415_54, i32 5)" [firmware/nnet_utils/nnet_activation_stream.h:69]   --->   Operation 233 'bitselect' 'tmp_244' <Predicate = (!icmp_ln60)> <Delay = 0.00>
ST_4 : Operation 234 [1/1] (0.00ns) (grouped into LUT with out node select_ln340_8)   --->   "%select_ln777_54 = select i1 %and_ln416_54, i1 %icmp_ln879_54, i1 %icmp_ln768_54" [firmware/nnet_utils/nnet_activation_stream.h:69]   --->   Operation 234 'select' 'select_ln777_54' <Predicate = (!icmp_ln60)> <Delay = 0.00> <Core = "Sel">   --->   Core 26 'Sel' <Latency = 0> <II = 1> <Delay = 1.21> <FuncUnit> <Opcode : 'select'> <InPorts = 3> <OutPorts = 1>
ST_4 : Operation 235 [1/1] (0.00ns) (grouped into LUT with out node select_ln340_8)   --->   "%xor_ln785_8 = xor i1 %select_ln777_54, true" [firmware/nnet_utils/nnet_activation_stream.h:69]   --->   Operation 235 'xor' 'xor_ln785_8' <Predicate = (!icmp_ln60)> <Delay = 0.00> <Core = "LogicGate">   --->   Core 27 'LogicGate' <Latency = 0> <II = 1> <Delay = 0.97> <FuncUnit> <Opcode : 'and' 'or' 'xor'> <InPorts = 2> <OutPorts = 1>
ST_4 : Operation 236 [1/1] (0.00ns) (grouped into LUT with out node select_ln340_8)   --->   "%or_ln340_8 = or i1 %tmp_244, %xor_ln785_8" [firmware/nnet_utils/nnet_activation_stream.h:69]   --->   Operation 236 'or' 'or_ln340_8' <Predicate = (!icmp_ln60)> <Delay = 0.00> <Core = "LogicGate">   --->   Core 27 'LogicGate' <Latency = 0> <II = 1> <Delay = 0.97> <FuncUnit> <Opcode : 'and' 'or' 'xor'> <InPorts = 2> <OutPorts = 1>
ST_4 : Operation 237 [1/1] (1.21ns) (out node of the LUT)   --->   "%select_ln340_8 = select i1 %or_ln340_8, i5 -1, i5 %add_ln416_54" [firmware/nnet_utils/nnet_activation_stream.h:69]   --->   Operation 237 'select' 'select_ln340_8' <Predicate = (!icmp_ln60)> <Delay = 1.21> <Core = "Sel">   --->   Core 26 'Sel' <Latency = 0> <II = 1> <Delay = 1.21> <FuncUnit> <Opcode : 'select'> <InPorts = 3> <OutPorts = 1>
ST_4 : Operation 238 [1/1] (1.21ns) (out node of the LUT)   --->   "%tmp_data_8_V = select i1 %icmp_ln1494_8, i5 %select_ln340_8, i5 0" [firmware/nnet_utils/nnet_activation_stream.h:69]   --->   Operation 238 'select' 'tmp_data_8_V' <Predicate = (!icmp_ln60)> <Delay = 1.21> <Core = "Sel">   --->   Core 26 'Sel' <Latency = 0> <II = 1> <Delay = 1.21> <FuncUnit> <Opcode : 'select'> <InPorts = 3> <OutPorts = 1>
ST_4 : Operation 239 [1/1] (2.20ns)   --->   "%icmp_ln1494_9 = icmp sgt i14 %tmp_data_V_48_9, 0" [firmware/nnet_utils/nnet_activation_stream.h:69]   --->   Operation 239 'icmp' 'icmp_ln1494_9' <Predicate = (!icmp_ln60)> <Delay = 2.20> <Core = "Cmp">   --->   Core 25 'Cmp' <Latency = 0> <II = 1> <Delay = 1.36> <FuncUnit> <Opcode : 'icmp'> <InPorts = 2> <OutPorts = 1>
ST_4 : Operation 240 [1/1] (0.00ns) (grouped into LUT with out node select_ln340_9)   --->   "%tmp_245 = call i1 @_ssdm_op_BitSelect.i1.i14.i32(i14 %tmp_data_V_48_9, i32 8)" [firmware/nnet_utils/nnet_activation_stream.h:69]   --->   Operation 240 'bitselect' 'tmp_245' <Predicate = (!icmp_ln60)> <Delay = 0.00>
ST_4 : Operation 241 [1/1] (0.00ns)   --->   "%zext_ln415_55 = zext i1 %tmp_246 to i6" [firmware/nnet_utils/nnet_activation_stream.h:69]   --->   Operation 241 'zext' 'zext_ln415_55' <Predicate = (!icmp_ln60)> <Delay = 0.00>
ST_4 : Operation 242 [1/1] (0.00ns)   --->   "%zext_ln415_74 = zext i1 %tmp_246 to i5" [firmware/nnet_utils/nnet_activation_stream.h:69]   --->   Operation 242 'zext' 'zext_ln415_74' <Predicate = (!icmp_ln60)> <Delay = 0.00>
ST_4 : Operation 243 [1/1] (1.82ns)   --->   "%add_ln415_55 = add i6 %trunc_ln708_59, %zext_ln415_55" [firmware/nnet_utils/nnet_activation_stream.h:69]   --->   Operation 243 'add' 'add_ln415_55' <Predicate = (!icmp_ln60)> <Delay = 1.82> <Core = "AddSub">   --->   Core 14 'AddSub' <Latency = 0> <II = 1> <Delay = 1.78> <FuncUnit> <Opcode : 'add' 'sub'> <InPorts = 2> <OutPorts = 1>
ST_4 : Operation 244 [1/1] (1.78ns)   --->   "%add_ln416_55 = add i5 %trunc_ln415_53, %zext_ln415_74" [firmware/nnet_utils/nnet_activation_stream.h:69]   --->   Operation 244 'add' 'add_ln416_55' <Predicate = (!icmp_ln60)> <Delay = 1.78> <Core = "AddSub">   --->   Core 14 'AddSub' <Latency = 0> <II = 1> <Delay = 1.78> <FuncUnit> <Opcode : 'add' 'sub'> <InPorts = 2> <OutPorts = 1>
ST_4 : Operation 245 [1/1] (0.00ns) (grouped into LUT with out node select_ln340_9)   --->   "%tmp_247 = call i1 @_ssdm_op_BitSelect.i1.i6.i32(i6 %add_ln415_55, i32 5)" [firmware/nnet_utils/nnet_activation_stream.h:69]   --->   Operation 245 'bitselect' 'tmp_247' <Predicate = (!icmp_ln60)> <Delay = 0.00>
ST_4 : Operation 246 [1/1] (0.00ns) (grouped into LUT with out node select_ln340_9)   --->   "%xor_ln416_55 = xor i1 %tmp_247, true" [firmware/nnet_utils/nnet_activation_stream.h:69]   --->   Operation 246 'xor' 'xor_ln416_55' <Predicate = (!icmp_ln60)> <Delay = 0.00> <Core = "LogicGate">   --->   Core 27 'LogicGate' <Latency = 0> <II = 1> <Delay = 0.97> <FuncUnit> <Opcode : 'and' 'or' 'xor'> <InPorts = 2> <OutPorts = 1>
ST_4 : Operation 247 [1/1] (0.00ns) (grouped into LUT with out node select_ln340_9)   --->   "%and_ln416_55 = and i1 %tmp_245, %xor_ln416_55" [firmware/nnet_utils/nnet_activation_stream.h:69]   --->   Operation 247 'and' 'and_ln416_55' <Predicate = (!icmp_ln60)> <Delay = 0.00> <Core = "LogicGate">   --->   Core 27 'LogicGate' <Latency = 0> <II = 1> <Delay = 0.97> <FuncUnit> <Opcode : 'and' 'or' 'xor'> <InPorts = 2> <OutPorts = 1>
ST_4 : Operation 248 [1/1] (0.00ns) (grouped into LUT with out node select_ln340_9)   --->   "%tmp_248 = call i1 @_ssdm_op_BitSelect.i1.i6.i32(i6 %add_ln415_55, i32 5)" [firmware/nnet_utils/nnet_activation_stream.h:69]   --->   Operation 248 'bitselect' 'tmp_248' <Predicate = (!icmp_ln60)> <Delay = 0.00>
ST_4 : Operation 249 [1/1] (0.00ns) (grouped into LUT with out node select_ln340_9)   --->   "%select_ln777_55 = select i1 %and_ln416_55, i1 %icmp_ln879_55, i1 %icmp_ln768_55" [firmware/nnet_utils/nnet_activation_stream.h:69]   --->   Operation 249 'select' 'select_ln777_55' <Predicate = (!icmp_ln60)> <Delay = 0.00> <Core = "Sel">   --->   Core 26 'Sel' <Latency = 0> <II = 1> <Delay = 1.21> <FuncUnit> <Opcode : 'select'> <InPorts = 3> <OutPorts = 1>
ST_4 : Operation 250 [1/1] (0.00ns) (grouped into LUT with out node select_ln340_9)   --->   "%xor_ln785_9 = xor i1 %select_ln777_55, true" [firmware/nnet_utils/nnet_activation_stream.h:69]   --->   Operation 250 'xor' 'xor_ln785_9' <Predicate = (!icmp_ln60)> <Delay = 0.00> <Core = "LogicGate">   --->   Core 27 'LogicGate' <Latency = 0> <II = 1> <Delay = 0.97> <FuncUnit> <Opcode : 'and' 'or' 'xor'> <InPorts = 2> <OutPorts = 1>
ST_4 : Operation 251 [1/1] (0.00ns) (grouped into LUT with out node select_ln340_9)   --->   "%or_ln340_9 = or i1 %tmp_248, %xor_ln785_9" [firmware/nnet_utils/nnet_activation_stream.h:69]   --->   Operation 251 'or' 'or_ln340_9' <Predicate = (!icmp_ln60)> <Delay = 0.00> <Core = "LogicGate">   --->   Core 27 'LogicGate' <Latency = 0> <II = 1> <Delay = 0.97> <FuncUnit> <Opcode : 'and' 'or' 'xor'> <InPorts = 2> <OutPorts = 1>
ST_4 : Operation 252 [1/1] (1.21ns) (out node of the LUT)   --->   "%select_ln340_9 = select i1 %or_ln340_9, i5 -1, i5 %add_ln416_55" [firmware/nnet_utils/nnet_activation_stream.h:69]   --->   Operation 252 'select' 'select_ln340_9' <Predicate = (!icmp_ln60)> <Delay = 1.21> <Core = "Sel">   --->   Core 26 'Sel' <Latency = 0> <II = 1> <Delay = 1.21> <FuncUnit> <Opcode : 'select'> <InPorts = 3> <OutPorts = 1>
ST_4 : Operation 253 [1/1] (1.21ns) (out node of the LUT)   --->   "%tmp_data_9_V = select i1 %icmp_ln1494_9, i5 %select_ln340_9, i5 0" [firmware/nnet_utils/nnet_activation_stream.h:69]   --->   Operation 253 'select' 'tmp_data_9_V' <Predicate = (!icmp_ln60)> <Delay = 1.21> <Core = "Sel">   --->   Core 26 'Sel' <Latency = 0> <II = 1> <Delay = 1.21> <FuncUnit> <Opcode : 'select'> <InPorts = 3> <OutPorts = 1>

State 5 <SV = 4> <Delay = 2.18>
ST_5 : Operation 254 [1/1] (0.00ns)   --->   "call void (...)* @_ssdm_op_SpecLoopName([12 x i8]* @p_str68) nounwind" [firmware/nnet_utils/nnet_activation_stream.h:60]   --->   Operation 254 'specloopname' <Predicate = (!icmp_ln60)> <Delay = 0.00>
ST_5 : Operation 255 [1/1] (0.00ns)   --->   "%tmp = call i32 (...)* @_ssdm_op_SpecRegionBegin([12 x i8]* @p_str68)" [firmware/nnet_utils/nnet_activation_stream.h:60]   --->   Operation 255 'specregionbegin' 'tmp' <Predicate = (!icmp_ln60)> <Delay = 0.00>
ST_5 : Operation 256 [1/1] (0.00ns)   --->   "call void (...)* @_ssdm_op_SpecPipeline(i32 -1, i32 1, i32 1, i32 0, [1 x i8]* @p_str24) nounwind" [firmware/nnet_utils/nnet_activation_stream.h:61]   --->   Operation 256 'specpipeline' <Predicate = (!icmp_ln60)> <Delay = 0.00>
ST_5 : Operation 257 [1/1] (0.00ns)   --->   "%zext_ln1494 = zext i5 %tmp_data_0_V to i6" [firmware/nnet_utils/nnet_activation_stream.h:69]   --->   Operation 257 'zext' 'zext_ln1494' <Predicate = (!icmp_ln60)> <Delay = 0.00>
ST_5 : Operation 258 [1/1] (0.00ns)   --->   "%zext_ln1494_28 = zext i5 %tmp_data_1_V to i6" [firmware/nnet_utils/nnet_activation_stream.h:69]   --->   Operation 258 'zext' 'zext_ln1494_28' <Predicate = (!icmp_ln60)> <Delay = 0.00>
ST_5 : Operation 259 [1/1] (0.00ns)   --->   "%zext_ln1494_29 = zext i5 %tmp_data_2_V to i6" [firmware/nnet_utils/nnet_activation_stream.h:69]   --->   Operation 259 'zext' 'zext_ln1494_29' <Predicate = (!icmp_ln60)> <Delay = 0.00>
ST_5 : Operation 260 [1/1] (0.00ns)   --->   "%zext_ln1494_30 = zext i5 %tmp_data_3_V to i6" [firmware/nnet_utils/nnet_activation_stream.h:69]   --->   Operation 260 'zext' 'zext_ln1494_30' <Predicate = (!icmp_ln60)> <Delay = 0.00>
ST_5 : Operation 261 [1/1] (0.00ns)   --->   "%zext_ln1494_31 = zext i5 %tmp_data_4_V to i6" [firmware/nnet_utils/nnet_activation_stream.h:69]   --->   Operation 261 'zext' 'zext_ln1494_31' <Predicate = (!icmp_ln60)> <Delay = 0.00>
ST_5 : Operation 262 [1/1] (0.00ns)   --->   "%zext_ln1494_32 = zext i5 %tmp_data_5_V to i6" [firmware/nnet_utils/nnet_activation_stream.h:69]   --->   Operation 262 'zext' 'zext_ln1494_32' <Predicate = (!icmp_ln60)> <Delay = 0.00>
ST_5 : Operation 263 [1/1] (0.00ns)   --->   "%zext_ln1494_33 = zext i5 %tmp_data_6_V to i6" [firmware/nnet_utils/nnet_activation_stream.h:69]   --->   Operation 263 'zext' 'zext_ln1494_33' <Predicate = (!icmp_ln60)> <Delay = 0.00>
ST_5 : Operation 264 [1/1] (0.00ns)   --->   "%zext_ln1494_34 = zext i5 %tmp_data_7_V to i6" [firmware/nnet_utils/nnet_activation_stream.h:69]   --->   Operation 264 'zext' 'zext_ln1494_34' <Predicate = (!icmp_ln60)> <Delay = 0.00>
ST_5 : Operation 265 [1/1] (0.00ns)   --->   "%zext_ln1494_35 = zext i5 %tmp_data_8_V to i6" [firmware/nnet_utils/nnet_activation_stream.h:69]   --->   Operation 265 'zext' 'zext_ln1494_35' <Predicate = (!icmp_ln60)> <Delay = 0.00>
ST_5 : Operation 266 [1/1] (0.00ns)   --->   "%zext_ln1494_36 = zext i5 %tmp_data_9_V to i6" [firmware/nnet_utils/nnet_activation_stream.h:69]   --->   Operation 266 'zext' 'zext_ln1494_36' <Predicate = (!icmp_ln60)> <Delay = 0.00>
ST_5 : Operation 267 [1/1] (2.18ns)   --->   "call void @_ssdm_op_Write.ap_fifo.volatile.i6P.i6P.i6P.i6P.i6P.i6P.i6P.i6P.i6P.i6P(i6* %res_V_data_0_V, i6* %res_V_data_1_V, i6* %res_V_data_2_V, i6* %res_V_data_3_V, i6* %res_V_data_4_V, i6* %res_V_data_5_V, i6* %res_V_data_6_V, i6* %res_V_data_7_V, i6* %res_V_data_8_V, i6* %res_V_data_9_V, i6 %zext_ln1494, i6 %zext_ln1494_28, i6 %zext_ln1494_29, i6 %zext_ln1494_30, i6 %zext_ln1494_31, i6 %zext_ln1494_32, i6 %zext_ln1494_33, i6 %zext_ln1494_34, i6 %zext_ln1494_35, i6 %zext_ln1494_36)" [firmware/nnet_utils/nnet_activation_stream.h:73]   --->   Operation 267 'write' <Predicate = (!icmp_ln60)> <Delay = 2.18> <Core = "FIFO">   --->   Core 32 'FIFO' <Latency = 0> <II = 1> <Delay = 3.63> <Storage> <Opcode : 'read' 'write' 'nbread' 'nbwrite'> <Ports = 0> <Width = 6> <Depth = 3> <FIFO>
ST_5 : Operation 268 [1/1] (0.00ns)   --->   "%empty_85 = call i32 (...)* @_ssdm_op_SpecRegionEnd([12 x i8]* @p_str68, i32 %tmp)" [firmware/nnet_utils/nnet_activation_stream.h:74]   --->   Operation 268 'specregionend' 'empty_85' <Predicate = (!icmp_ln60)> <Delay = 0.00>
ST_5 : Operation 269 [1/1] (0.00ns)   --->   "br label %1" [firmware/nnet_utils/nnet_activation_stream.h:60]   --->   Operation 269 'br' <Predicate = (!icmp_ln60)> <Delay = 0.00>

State 6 <SV = 2> <Delay = 0.00>
ST_6 : Operation 270 [1/1] (0.00ns)   --->   "ret void" [firmware/nnet_utils/nnet_activation_stream.h:75]   --->   Operation 270 'ret' <Predicate = true> <Delay = 0.00>


============================================================
+ Verbose Summary: Timing violations
============================================================
Target clock period: 5ns, clock uncertainty: 0.625ns.

 <State 1>: 1.77ns
The critical path consists of the following:
	multiplexor before 'phi' operation ('i') with incoming values : ('i', firmware/nnet_utils/nnet_activation_stream.h:60) [43]  (1.77 ns)

 <State 2>: 1.77ns
The critical path consists of the following:
	'phi' operation ('i') with incoming values : ('i', firmware/nnet_utils/nnet_activation_stream.h:60) [43]  (0 ns)
	'icmp' operation ('icmp_ln60', firmware/nnet_utils/nnet_activation_stream.h:60) [44]  (1.77 ns)

 <State 3>: 3.55ns
The critical path consists of the following:
	fifo read on port 'data_V_data_0_V' (firmware/nnet_utils/nnet_activation_stream.h:63) [52]  (2.19 ns)
	'icmp' operation ('icmp_ln879', firmware/nnet_utils/nnet_activation_stream.h:69) [77]  (1.36 ns)

 <State 4>: 4.25ns
The critical path consists of the following:
	'add' operation ('add_ln415', firmware/nnet_utils/nnet_activation_stream.h:69) [70]  (1.83 ns)
	'or' operation ('or_ln340', firmware/nnet_utils/nnet_activation_stream.h:69) [81]  (0 ns)
	'select' operation ('select_ln340', firmware/nnet_utils/nnet_activation_stream.h:69) [82]  (1.22 ns)
	'select' operation ('tmp.data[0].V', firmware/nnet_utils/nnet_activation_stream.h:69) [83]  (1.22 ns)

 <State 5>: 2.19ns
The critical path consists of the following:
	fifo write on port 'res_V_data_0_V' (firmware/nnet_utils/nnet_activation_stream.h:73) [283]  (2.19 ns)

 <State 6>: 0ns
The critical path consists of the following:


============================================================
+ Verbose Summary: Binding
============================================================
N/A
* FSMD analyzer results:
  - Output states:
 - Input state : 
  - Chain level:
	State 1
	State 2
	State 3
	State 4
	State 5
	State 6


============================================================
+ Verbose Summary: Datapath Resource usage 
============================================================
N/A
