

================================================================
== Vivado HLS Report for 'shift_line_buffer_array_ap_fixed_10u_config13_s'
================================================================
* Date:           Sun Nov 14 10:21:06 2021

* Version:        2019.1 (Build 2552052 on Fri May 24 15:28:33 MDT 2019)
* Project:        myproject_prj
* Solution:       solution1
* Product family: zynq
* Target device:  xc7z020-clg400-1


================================================================
== Performance Estimates
================================================================
+ Timing (ns): 
    * Summary: 
    +--------+-------+----------+------------+
    |  Clock | Target| Estimated| Uncertainty|
    +--------+-------+----------+------------+
    |ap_clk  |   5.00|     3.234|        0.62|
    +--------+-------+----------+------------+

+ Latency (clock cycles): 
    * Summary: 
    +-----+-----+-----+-----+----------+
    |  Latency  |  Interval | Pipeline |
    | min | max | min | max |   Type   |
    +-----+-----+-----+-----+----------+
    |    0|    0|    1|    1| function |
    +-----+-----+-----+-----+----------+

    + Detail: 
        * Instance: 
        N/A

        * Loop: 
        N/A

============================================================
+ Verbose Summary: Synthesis Manager
============================================================
InlineROM: 1
ExposeGlobal: 0
============================================================
+ Verbose Summary: CDFG Model
============================================================
IsTopModel: 0
ResetActiveHigh: 1
IsCombinational: 0
IsDatapathOnly: 0
HasWiredReturn: 1
HasMFsm: 2
HasVarLatency: 0
IsPipeline: 1
IsRtlPipelined: 0
IsInstanceOverlapped: 0
IsDontTouch: 0
HasImplIP: 0
IsGatedGlobalClock: 0

+ Individual pipeline summary: 
  * Pipeline-0: initiation interval (II) = 1, depth = 1


============================================================
+ Verbose Summary: Schedule
============================================================
* Number of FSM states : 1
* Pipeline : 1
  Pipeline-0 : II = 1, D = 1, States = { 1 }
* Dataflow Pipeline: 0

* FSM state transitions: 
1 --> 

* FSM state operations: 

State 1 <SV = 0> <Delay = 3.23>
ST_1 : Operation 2 [1/1] (0.00ns)   --->   "%kernel_window_89_V_read_2 = call i6 @_ssdm_op_Read.ap_auto.i6(i6 %kernel_window_89_V_read)" [firmware/nnet_utils/nnet_conv_stream.h:210]   --->   Operation 2 'read' 'kernel_window_89_V_read_2' <Predicate = true> <Delay = 0.00>
ST_1 : Operation 3 [1/1] (0.00ns)   --->   "%kernel_window_88_V_read_2 = call i6 @_ssdm_op_Read.ap_auto.i6(i6 %kernel_window_88_V_read)" [firmware/nnet_utils/nnet_conv_stream.h:210]   --->   Operation 3 'read' 'kernel_window_88_V_read_2' <Predicate = true> <Delay = 0.00>
ST_1 : Operation 4 [1/1] (0.00ns)   --->   "%kernel_window_87_V_read_2 = call i6 @_ssdm_op_Read.ap_auto.i6(i6 %kernel_window_87_V_read)" [firmware/nnet_utils/nnet_conv_stream.h:210]   --->   Operation 4 'read' 'kernel_window_87_V_read_2' <Predicate = true> <Delay = 0.00>
ST_1 : Operation 5 [1/1] (0.00ns)   --->   "%kernel_window_86_V_read_2 = call i6 @_ssdm_op_Read.ap_auto.i6(i6 %kernel_window_86_V_read)" [firmware/nnet_utils/nnet_conv_stream.h:210]   --->   Operation 5 'read' 'kernel_window_86_V_read_2' <Predicate = true> <Delay = 0.00>
ST_1 : Operation 6 [1/1] (0.00ns)   --->   "%kernel_window_85_V_read_2 = call i6 @_ssdm_op_Read.ap_auto.i6(i6 %kernel_window_85_V_read)" [firmware/nnet_utils/nnet_conv_stream.h:210]   --->   Operation 6 'read' 'kernel_window_85_V_read_2' <Predicate = true> <Delay = 0.00>
ST_1 : Operation 7 [1/1] (0.00ns)   --->   "%kernel_window_84_V_read_2 = call i6 @_ssdm_op_Read.ap_auto.i6(i6 %kernel_window_84_V_read)" [firmware/nnet_utils/nnet_conv_stream.h:210]   --->   Operation 7 'read' 'kernel_window_84_V_read_2' <Predicate = true> <Delay = 0.00>
ST_1 : Operation 8 [1/1] (0.00ns)   --->   "%kernel_window_83_V_read_2 = call i6 @_ssdm_op_Read.ap_auto.i6(i6 %kernel_window_83_V_read)" [firmware/nnet_utils/nnet_conv_stream.h:210]   --->   Operation 8 'read' 'kernel_window_83_V_read_2' <Predicate = true> <Delay = 0.00>
ST_1 : Operation 9 [1/1] (0.00ns)   --->   "%kernel_window_82_V_read_2 = call i6 @_ssdm_op_Read.ap_auto.i6(i6 %kernel_window_82_V_read)" [firmware/nnet_utils/nnet_conv_stream.h:210]   --->   Operation 9 'read' 'kernel_window_82_V_read_2' <Predicate = true> <Delay = 0.00>
ST_1 : Operation 10 [1/1] (0.00ns)   --->   "%kernel_window_81_V_read_2 = call i6 @_ssdm_op_Read.ap_auto.i6(i6 %kernel_window_81_V_read)" [firmware/nnet_utils/nnet_conv_stream.h:210]   --->   Operation 10 'read' 'kernel_window_81_V_read_2' <Predicate = true> <Delay = 0.00>
ST_1 : Operation 11 [1/1] (0.00ns)   --->   "%kernel_window_80_V_read_2 = call i6 @_ssdm_op_Read.ap_auto.i6(i6 %kernel_window_80_V_read)" [firmware/nnet_utils/nnet_conv_stream.h:210]   --->   Operation 11 'read' 'kernel_window_80_V_read_2' <Predicate = true> <Delay = 0.00>
ST_1 : Operation 12 [1/1] (0.00ns)   --->   "%kernel_window_79_V_read_2 = call i6 @_ssdm_op_Read.ap_auto.i6(i6 %kernel_window_79_V_read)" [firmware/nnet_utils/nnet_conv_stream.h:210]   --->   Operation 12 'read' 'kernel_window_79_V_read_2' <Predicate = true> <Delay = 0.00>
ST_1 : Operation 13 [1/1] (0.00ns)   --->   "%kernel_window_78_V_read_2 = call i6 @_ssdm_op_Read.ap_auto.i6(i6 %kernel_window_78_V_read)" [firmware/nnet_utils/nnet_conv_stream.h:210]   --->   Operation 13 'read' 'kernel_window_78_V_read_2' <Predicate = true> <Delay = 0.00>
ST_1 : Operation 14 [1/1] (0.00ns)   --->   "%kernel_window_77_V_read_2 = call i6 @_ssdm_op_Read.ap_auto.i6(i6 %kernel_window_77_V_read)" [firmware/nnet_utils/nnet_conv_stream.h:210]   --->   Operation 14 'read' 'kernel_window_77_V_read_2' <Predicate = true> <Delay = 0.00>
ST_1 : Operation 15 [1/1] (0.00ns)   --->   "%kernel_window_76_V_read_2 = call i6 @_ssdm_op_Read.ap_auto.i6(i6 %kernel_window_76_V_read)" [firmware/nnet_utils/nnet_conv_stream.h:210]   --->   Operation 15 'read' 'kernel_window_76_V_read_2' <Predicate = true> <Delay = 0.00>
ST_1 : Operation 16 [1/1] (0.00ns)   --->   "%kernel_window_75_V_read_2 = call i6 @_ssdm_op_Read.ap_auto.i6(i6 %kernel_window_75_V_read)" [firmware/nnet_utils/nnet_conv_stream.h:210]   --->   Operation 16 'read' 'kernel_window_75_V_read_2' <Predicate = true> <Delay = 0.00>
ST_1 : Operation 17 [1/1] (0.00ns)   --->   "%kernel_window_74_V_read_2 = call i6 @_ssdm_op_Read.ap_auto.i6(i6 %kernel_window_74_V_read)" [firmware/nnet_utils/nnet_conv_stream.h:210]   --->   Operation 17 'read' 'kernel_window_74_V_read_2' <Predicate = true> <Delay = 0.00>
ST_1 : Operation 18 [1/1] (0.00ns)   --->   "%kernel_window_73_V_read_2 = call i6 @_ssdm_op_Read.ap_auto.i6(i6 %kernel_window_73_V_read)" [firmware/nnet_utils/nnet_conv_stream.h:210]   --->   Operation 18 'read' 'kernel_window_73_V_read_2' <Predicate = true> <Delay = 0.00>
ST_1 : Operation 19 [1/1] (0.00ns)   --->   "%kernel_window_72_V_read_2 = call i6 @_ssdm_op_Read.ap_auto.i6(i6 %kernel_window_72_V_read)" [firmware/nnet_utils/nnet_conv_stream.h:210]   --->   Operation 19 'read' 'kernel_window_72_V_read_2' <Predicate = true> <Delay = 0.00>
ST_1 : Operation 20 [1/1] (0.00ns)   --->   "%kernel_window_71_V_read_3 = call i6 @_ssdm_op_Read.ap_auto.i6(i6 %kernel_window_71_V_read)" [firmware/nnet_utils/nnet_conv_stream.h:210]   --->   Operation 20 'read' 'kernel_window_71_V_read_3' <Predicate = true> <Delay = 0.00>
ST_1 : Operation 21 [1/1] (0.00ns)   --->   "%kernel_window_70_V_read_3 = call i6 @_ssdm_op_Read.ap_auto.i6(i6 %kernel_window_70_V_read)" [firmware/nnet_utils/nnet_conv_stream.h:210]   --->   Operation 21 'read' 'kernel_window_70_V_read_3' <Predicate = true> <Delay = 0.00>
ST_1 : Operation 22 [1/1] (0.00ns)   --->   "%kernel_window_59_V_read_2 = call i6 @_ssdm_op_Read.ap_auto.i6(i6 %kernel_window_59_V_read)" [firmware/nnet_utils/nnet_conv_stream.h:210]   --->   Operation 22 'read' 'kernel_window_59_V_read_2' <Predicate = true> <Delay = 0.00>
ST_1 : Operation 23 [1/1] (0.00ns)   --->   "%kernel_window_58_V_read_2 = call i6 @_ssdm_op_Read.ap_auto.i6(i6 %kernel_window_58_V_read)" [firmware/nnet_utils/nnet_conv_stream.h:210]   --->   Operation 23 'read' 'kernel_window_58_V_read_2' <Predicate = true> <Delay = 0.00>
ST_1 : Operation 24 [1/1] (0.00ns)   --->   "%kernel_window_57_V_read_2 = call i6 @_ssdm_op_Read.ap_auto.i6(i6 %kernel_window_57_V_read)" [firmware/nnet_utils/nnet_conv_stream.h:210]   --->   Operation 24 'read' 'kernel_window_57_V_read_2' <Predicate = true> <Delay = 0.00>
ST_1 : Operation 25 [1/1] (0.00ns)   --->   "%kernel_window_56_V_read_2 = call i6 @_ssdm_op_Read.ap_auto.i6(i6 %kernel_window_56_V_read)" [firmware/nnet_utils/nnet_conv_stream.h:210]   --->   Operation 25 'read' 'kernel_window_56_V_read_2' <Predicate = true> <Delay = 0.00>
ST_1 : Operation 26 [1/1] (0.00ns)   --->   "%kernel_window_55_V_read_1 = call i6 @_ssdm_op_Read.ap_auto.i6(i6 %kernel_window_55_V_read)" [firmware/nnet_utils/nnet_conv_stream.h:210]   --->   Operation 26 'read' 'kernel_window_55_V_read_1' <Predicate = true> <Delay = 0.00>
ST_1 : Operation 27 [1/1] (0.00ns)   --->   "%kernel_window_54_V_read_1 = call i6 @_ssdm_op_Read.ap_auto.i6(i6 %kernel_window_54_V_read)" [firmware/nnet_utils/nnet_conv_stream.h:210]   --->   Operation 27 'read' 'kernel_window_54_V_read_1' <Predicate = true> <Delay = 0.00>
ST_1 : Operation 28 [1/1] (0.00ns)   --->   "%kernel_window_53_V_read_1 = call i6 @_ssdm_op_Read.ap_auto.i6(i6 %kernel_window_53_V_read)" [firmware/nnet_utils/nnet_conv_stream.h:210]   --->   Operation 28 'read' 'kernel_window_53_V_read_1' <Predicate = true> <Delay = 0.00>
ST_1 : Operation 29 [1/1] (0.00ns)   --->   "%kernel_window_52_V_read_1 = call i6 @_ssdm_op_Read.ap_auto.i6(i6 %kernel_window_52_V_read)" [firmware/nnet_utils/nnet_conv_stream.h:210]   --->   Operation 29 'read' 'kernel_window_52_V_read_1' <Predicate = true> <Delay = 0.00>
ST_1 : Operation 30 [1/1] (0.00ns)   --->   "%kernel_window_51_V_read_1 = call i6 @_ssdm_op_Read.ap_auto.i6(i6 %kernel_window_51_V_read)" [firmware/nnet_utils/nnet_conv_stream.h:210]   --->   Operation 30 'read' 'kernel_window_51_V_read_1' <Predicate = true> <Delay = 0.00>
ST_1 : Operation 31 [1/1] (0.00ns)   --->   "%kernel_window_50_V_read_1 = call i6 @_ssdm_op_Read.ap_auto.i6(i6 %kernel_window_50_V_read)" [firmware/nnet_utils/nnet_conv_stream.h:210]   --->   Operation 31 'read' 'kernel_window_50_V_read_1' <Predicate = true> <Delay = 0.00>
ST_1 : Operation 32 [1/1] (0.00ns)   --->   "%kernel_window_49_V_read_1 = call i6 @_ssdm_op_Read.ap_auto.i6(i6 %kernel_window_49_V_read)" [firmware/nnet_utils/nnet_conv_stream.h:210]   --->   Operation 32 'read' 'kernel_window_49_V_read_1' <Predicate = true> <Delay = 0.00>
ST_1 : Operation 33 [1/1] (0.00ns)   --->   "%kernel_window_48_V_read_1 = call i6 @_ssdm_op_Read.ap_auto.i6(i6 %kernel_window_48_V_read)" [firmware/nnet_utils/nnet_conv_stream.h:210]   --->   Operation 33 'read' 'kernel_window_48_V_read_1' <Predicate = true> <Delay = 0.00>
ST_1 : Operation 34 [1/1] (0.00ns)   --->   "%kernel_window_47_V_read_3 = call i6 @_ssdm_op_Read.ap_auto.i6(i6 %kernel_window_47_V_read)" [firmware/nnet_utils/nnet_conv_stream.h:210]   --->   Operation 34 'read' 'kernel_window_47_V_read_3' <Predicate = true> <Delay = 0.00>
ST_1 : Operation 35 [1/1] (0.00ns)   --->   "%kernel_window_46_V_read_3 = call i6 @_ssdm_op_Read.ap_auto.i6(i6 %kernel_window_46_V_read)" [firmware/nnet_utils/nnet_conv_stream.h:210]   --->   Operation 35 'read' 'kernel_window_46_V_read_3' <Predicate = true> <Delay = 0.00>
ST_1 : Operation 36 [1/1] (0.00ns)   --->   "%kernel_window_45_V_read_3 = call i6 @_ssdm_op_Read.ap_auto.i6(i6 %kernel_window_45_V_read)" [firmware/nnet_utils/nnet_conv_stream.h:210]   --->   Operation 36 'read' 'kernel_window_45_V_read_3' <Predicate = true> <Delay = 0.00>
ST_1 : Operation 37 [1/1] (0.00ns)   --->   "%kernel_window_44_V_read_3 = call i6 @_ssdm_op_Read.ap_auto.i6(i6 %kernel_window_44_V_read)" [firmware/nnet_utils/nnet_conv_stream.h:210]   --->   Operation 37 'read' 'kernel_window_44_V_read_3' <Predicate = true> <Delay = 0.00>
ST_1 : Operation 38 [1/1] (0.00ns)   --->   "%kernel_window_43_V_read_3 = call i6 @_ssdm_op_Read.ap_auto.i6(i6 %kernel_window_43_V_read)" [firmware/nnet_utils/nnet_conv_stream.h:210]   --->   Operation 38 'read' 'kernel_window_43_V_read_3' <Predicate = true> <Delay = 0.00>
ST_1 : Operation 39 [1/1] (0.00ns)   --->   "%kernel_window_42_V_read_3 = call i6 @_ssdm_op_Read.ap_auto.i6(i6 %kernel_window_42_V_read)" [firmware/nnet_utils/nnet_conv_stream.h:210]   --->   Operation 39 'read' 'kernel_window_42_V_read_3' <Predicate = true> <Delay = 0.00>
ST_1 : Operation 40 [1/1] (0.00ns)   --->   "%kernel_window_41_V_read302 = call i6 @_ssdm_op_Read.ap_auto.i6(i6 %kernel_window_41_V_read)" [firmware/nnet_utils/nnet_conv_stream.h:210]   --->   Operation 40 'read' 'kernel_window_41_V_read302' <Predicate = true> <Delay = 0.00>
ST_1 : Operation 41 [1/1] (0.00ns)   --->   "%kernel_window_40_V_read301 = call i6 @_ssdm_op_Read.ap_auto.i6(i6 %kernel_window_40_V_read)" [firmware/nnet_utils/nnet_conv_stream.h:210]   --->   Operation 41 'read' 'kernel_window_40_V_read301' <Predicate = true> <Delay = 0.00>
ST_1 : Operation 42 [1/1] (0.00ns)   --->   "%kernel_window_29_V_read_3 = call i6 @_ssdm_op_Read.ap_auto.i6(i6 %kernel_window_29_V_read)" [firmware/nnet_utils/nnet_conv_stream.h:210]   --->   Operation 42 'read' 'kernel_window_29_V_read_3' <Predicate = true> <Delay = 0.00>
ST_1 : Operation 43 [1/1] (0.00ns)   --->   "%kernel_window_28_V_read_3 = call i6 @_ssdm_op_Read.ap_auto.i6(i6 %kernel_window_28_V_read)" [firmware/nnet_utils/nnet_conv_stream.h:210]   --->   Operation 43 'read' 'kernel_window_28_V_read_3' <Predicate = true> <Delay = 0.00>
ST_1 : Operation 44 [1/1] (0.00ns)   --->   "%kernel_window_27_V_read_3 = call i6 @_ssdm_op_Read.ap_auto.i6(i6 %kernel_window_27_V_read)" [firmware/nnet_utils/nnet_conv_stream.h:210]   --->   Operation 44 'read' 'kernel_window_27_V_read_3' <Predicate = true> <Delay = 0.00>
ST_1 : Operation 45 [1/1] (0.00ns)   --->   "%kernel_window_26_V_read_3 = call i6 @_ssdm_op_Read.ap_auto.i6(i6 %kernel_window_26_V_read)" [firmware/nnet_utils/nnet_conv_stream.h:210]   --->   Operation 45 'read' 'kernel_window_26_V_read_3' <Predicate = true> <Delay = 0.00>
ST_1 : Operation 46 [1/1] (0.00ns)   --->   "%kernel_window_25_V_read_3 = call i6 @_ssdm_op_Read.ap_auto.i6(i6 %kernel_window_25_V_read)" [firmware/nnet_utils/nnet_conv_stream.h:210]   --->   Operation 46 'read' 'kernel_window_25_V_read_3' <Predicate = true> <Delay = 0.00>
ST_1 : Operation 47 [1/1] (0.00ns)   --->   "%kernel_window_24_V_read_3 = call i6 @_ssdm_op_Read.ap_auto.i6(i6 %kernel_window_24_V_read)" [firmware/nnet_utils/nnet_conv_stream.h:210]   --->   Operation 47 'read' 'kernel_window_24_V_read_3' <Predicate = true> <Delay = 0.00>
ST_1 : Operation 48 [1/1] (0.00ns)   --->   "%kernel_window_23_V_read_3 = call i6 @_ssdm_op_Read.ap_auto.i6(i6 %kernel_window_23_V_read)" [firmware/nnet_utils/nnet_conv_stream.h:210]   --->   Operation 48 'read' 'kernel_window_23_V_read_3' <Predicate = true> <Delay = 0.00>
ST_1 : Operation 49 [1/1] (0.00ns)   --->   "%kernel_window_22_V_read_3 = call i6 @_ssdm_op_Read.ap_auto.i6(i6 %kernel_window_22_V_read)" [firmware/nnet_utils/nnet_conv_stream.h:210]   --->   Operation 49 'read' 'kernel_window_22_V_read_3' <Predicate = true> <Delay = 0.00>
ST_1 : Operation 50 [1/1] (0.00ns)   --->   "%kernel_window_21_V_read_3 = call i6 @_ssdm_op_Read.ap_auto.i6(i6 %kernel_window_21_V_read)" [firmware/nnet_utils/nnet_conv_stream.h:210]   --->   Operation 50 'read' 'kernel_window_21_V_read_3' <Predicate = true> <Delay = 0.00>
ST_1 : Operation 51 [1/1] (0.00ns)   --->   "%kernel_window_20_V_read_3 = call i6 @_ssdm_op_Read.ap_auto.i6(i6 %kernel_window_20_V_read)" [firmware/nnet_utils/nnet_conv_stream.h:210]   --->   Operation 51 'read' 'kernel_window_20_V_read_3' <Predicate = true> <Delay = 0.00>
ST_1 : Operation 52 [1/1] (0.00ns)   --->   "%kernel_window_19_V_read_4 = call i6 @_ssdm_op_Read.ap_auto.i6(i6 %kernel_window_19_V_read)" [firmware/nnet_utils/nnet_conv_stream.h:210]   --->   Operation 52 'read' 'kernel_window_19_V_read_4' <Predicate = true> <Delay = 0.00>
ST_1 : Operation 53 [1/1] (0.00ns)   --->   "%kernel_window_18_V_read_4 = call i6 @_ssdm_op_Read.ap_auto.i6(i6 %kernel_window_18_V_read)" [firmware/nnet_utils/nnet_conv_stream.h:210]   --->   Operation 53 'read' 'kernel_window_18_V_read_4' <Predicate = true> <Delay = 0.00>
ST_1 : Operation 54 [1/1] (0.00ns)   --->   "%kernel_window_17_V_read_4 = call i6 @_ssdm_op_Read.ap_auto.i6(i6 %kernel_window_17_V_read)" [firmware/nnet_utils/nnet_conv_stream.h:210]   --->   Operation 54 'read' 'kernel_window_17_V_read_4' <Predicate = true> <Delay = 0.00>
ST_1 : Operation 55 [1/1] (0.00ns)   --->   "%kernel_window_16_V_read_4 = call i6 @_ssdm_op_Read.ap_auto.i6(i6 %kernel_window_16_V_read)" [firmware/nnet_utils/nnet_conv_stream.h:210]   --->   Operation 55 'read' 'kernel_window_16_V_read_4' <Predicate = true> <Delay = 0.00>
ST_1 : Operation 56 [1/1] (0.00ns)   --->   "%kernel_window_15_V_read_5 = call i6 @_ssdm_op_Read.ap_auto.i6(i6 %kernel_window_15_V_read)" [firmware/nnet_utils/nnet_conv_stream.h:210]   --->   Operation 56 'read' 'kernel_window_15_V_read_5' <Predicate = true> <Delay = 0.00>
ST_1 : Operation 57 [1/1] (0.00ns)   --->   "%kernel_window_14_V_read_5 = call i6 @_ssdm_op_Read.ap_auto.i6(i6 %kernel_window_14_V_read)" [firmware/nnet_utils/nnet_conv_stream.h:210]   --->   Operation 57 'read' 'kernel_window_14_V_read_5' <Predicate = true> <Delay = 0.00>
ST_1 : Operation 58 [1/1] (0.00ns)   --->   "%kernel_window_13_V_read_5 = call i6 @_ssdm_op_Read.ap_auto.i6(i6 %kernel_window_13_V_read)" [firmware/nnet_utils/nnet_conv_stream.h:210]   --->   Operation 58 'read' 'kernel_window_13_V_read_5' <Predicate = true> <Delay = 0.00>
ST_1 : Operation 59 [1/1] (0.00ns)   --->   "%kernel_window_12_V_read_5 = call i6 @_ssdm_op_Read.ap_auto.i6(i6 %kernel_window_12_V_read)" [firmware/nnet_utils/nnet_conv_stream.h:210]   --->   Operation 59 'read' 'kernel_window_12_V_read_5' <Predicate = true> <Delay = 0.00>
ST_1 : Operation 60 [1/1] (0.00ns)   --->   "%kernel_window_11_V_read_4 = call i6 @_ssdm_op_Read.ap_auto.i6(i6 %kernel_window_11_V_read)" [firmware/nnet_utils/nnet_conv_stream.h:210]   --->   Operation 60 'read' 'kernel_window_11_V_read_4' <Predicate = true> <Delay = 0.00>
ST_1 : Operation 61 [1/1] (0.00ns)   --->   "%kernel_window_10_V_read_4 = call i6 @_ssdm_op_Read.ap_auto.i6(i6 %kernel_window_10_V_read)" [firmware/nnet_utils/nnet_conv_stream.h:210]   --->   Operation 61 'read' 'kernel_window_10_V_read_4' <Predicate = true> <Delay = 0.00>
ST_1 : Operation 62 [1/1] (0.00ns)   --->   "%kernel_window_89_V_write_read = call i6 @_ssdm_op_Read.ap_auto.i6(i6 %kernel_window_89_V_write)" [firmware/nnet_utils/nnet_conv_stream.h:210]   --->   Operation 62 'read' 'kernel_window_89_V_write_read' <Predicate = true> <Delay = 0.00>
ST_1 : Operation 63 [1/1] (0.00ns)   --->   "%kernel_window_88_V_write_read = call i6 @_ssdm_op_Read.ap_auto.i6(i6 %kernel_window_88_V_write)" [firmware/nnet_utils/nnet_conv_stream.h:210]   --->   Operation 63 'read' 'kernel_window_88_V_write_read' <Predicate = true> <Delay = 0.00>
ST_1 : Operation 64 [1/1] (0.00ns)   --->   "%kernel_window_87_V_write_read = call i6 @_ssdm_op_Read.ap_auto.i6(i6 %kernel_window_87_V_write)" [firmware/nnet_utils/nnet_conv_stream.h:210]   --->   Operation 64 'read' 'kernel_window_87_V_write_read' <Predicate = true> <Delay = 0.00>
ST_1 : Operation 65 [1/1] (0.00ns)   --->   "%kernel_window_86_V_write_read = call i6 @_ssdm_op_Read.ap_auto.i6(i6 %kernel_window_86_V_write)" [firmware/nnet_utils/nnet_conv_stream.h:210]   --->   Operation 65 'read' 'kernel_window_86_V_write_read' <Predicate = true> <Delay = 0.00>
ST_1 : Operation 66 [1/1] (0.00ns)   --->   "%kernel_window_85_V_write_read = call i6 @_ssdm_op_Read.ap_auto.i6(i6 %kernel_window_85_V_write)" [firmware/nnet_utils/nnet_conv_stream.h:210]   --->   Operation 66 'read' 'kernel_window_85_V_write_read' <Predicate = true> <Delay = 0.00>
ST_1 : Operation 67 [1/1] (0.00ns)   --->   "%kernel_window_84_V_write_read = call i6 @_ssdm_op_Read.ap_auto.i6(i6 %kernel_window_84_V_write)" [firmware/nnet_utils/nnet_conv_stream.h:210]   --->   Operation 67 'read' 'kernel_window_84_V_write_read' <Predicate = true> <Delay = 0.00>
ST_1 : Operation 68 [1/1] (0.00ns)   --->   "%kernel_window_83_V_write_read = call i6 @_ssdm_op_Read.ap_auto.i6(i6 %kernel_window_83_V_write)" [firmware/nnet_utils/nnet_conv_stream.h:210]   --->   Operation 68 'read' 'kernel_window_83_V_write_read' <Predicate = true> <Delay = 0.00>
ST_1 : Operation 69 [1/1] (0.00ns)   --->   "%kernel_window_82_V_write_read = call i6 @_ssdm_op_Read.ap_auto.i6(i6 %kernel_window_82_V_write)" [firmware/nnet_utils/nnet_conv_stream.h:210]   --->   Operation 69 'read' 'kernel_window_82_V_write_read' <Predicate = true> <Delay = 0.00>
ST_1 : Operation 70 [1/1] (0.00ns)   --->   "%kernel_window_81_V_write_read = call i6 @_ssdm_op_Read.ap_auto.i6(i6 %kernel_window_81_V_write)" [firmware/nnet_utils/nnet_conv_stream.h:210]   --->   Operation 70 'read' 'kernel_window_81_V_write_read' <Predicate = true> <Delay = 0.00>
ST_1 : Operation 71 [1/1] (0.00ns)   --->   "%kernel_window_80_V_write_read = call i6 @_ssdm_op_Read.ap_auto.i6(i6 %kernel_window_80_V_write)" [firmware/nnet_utils/nnet_conv_stream.h:210]   --->   Operation 71 'read' 'kernel_window_80_V_write_read' <Predicate = true> <Delay = 0.00>
ST_1 : Operation 72 [1/1] (0.00ns)   --->   "call void (...)* @_ssdm_op_SpecPipeline(i32 -1, i32 1, i32 1, i32 0, [1 x i8]* @p_str24) nounwind" [firmware/nnet_utils/nnet_conv_stream.h:213]   --->   Operation 72 'specpipeline' <Predicate = true> <Delay = 0.00>
ST_1 : Operation 73 [1/1] (1.61ns)   --->   "%DataOut_V_166 = call i6 @"_ssdm_op_MemShiftRead.[6 x i6]P"(i6* getelementptr inbounds ([6 x i6]* @line_buffer_Array_V_3_0_0, i64 0, i64 5), i6 %kernel_window_80_V_write_read, i1 true)" [firmware/nnet_utils/nnet_conv_stream.h:230]   --->   Operation 73 'memshiftread' 'DataOut_V_166' <Predicate = true> <Delay = 1.61> <Core = "ShiftReg">   --->   Core 33 'ShiftReg' <Latency = 0> <II = 1> <Delay = 1.61> <Storage> <Opcode : 'memshiftread' 'load'> <Ports = 1> <Width = 6> <Depth = 6> <ShiftMem>
ST_1 : Operation 74 [1/1] (1.61ns)   --->   "%DataOut_V_167 = call i6 @"_ssdm_op_MemShiftRead.[6 x i6]P"(i6* getelementptr inbounds ([6 x i6]* @line_buffer_Array_V_3_1_0, i64 0, i64 5), i6 %DataOut_V_166, i1 true)" [firmware/nnet_utils/nnet_conv_stream.h:230]   --->   Operation 74 'memshiftread' 'DataOut_V_167' <Predicate = true> <Delay = 1.61> <Core = "ShiftReg">   --->   Core 33 'ShiftReg' <Latency = 0> <II = 1> <Delay = 1.61> <Storage> <Opcode : 'memshiftread' 'load'> <Ports = 1> <Width = 6> <Depth = 6> <ShiftMem>
ST_1 : Operation 75 [1/1] (1.61ns)   --->   "%DataOut_V_168 = call i6 @"_ssdm_op_MemShiftRead.[6 x i6]P"(i6* getelementptr inbounds ([6 x i6]* @line_buffer_Array_V_3_0_1, i64 0, i64 5), i6 %kernel_window_81_V_write_read, i1 true)" [firmware/nnet_utils/nnet_conv_stream.h:230]   --->   Operation 75 'memshiftread' 'DataOut_V_168' <Predicate = true> <Delay = 1.61> <Core = "ShiftReg">   --->   Core 33 'ShiftReg' <Latency = 0> <II = 1> <Delay = 1.61> <Storage> <Opcode : 'memshiftread' 'load'> <Ports = 1> <Width = 6> <Depth = 6> <ShiftMem>
ST_1 : Operation 76 [1/1] (1.61ns)   --->   "%DataOut_V_169 = call i6 @"_ssdm_op_MemShiftRead.[6 x i6]P"(i6* getelementptr inbounds ([6 x i6]* @line_buffer_Array_V_3_1_1, i64 0, i64 5), i6 %DataOut_V_168, i1 true)" [firmware/nnet_utils/nnet_conv_stream.h:230]   --->   Operation 76 'memshiftread' 'DataOut_V_169' <Predicate = true> <Delay = 1.61> <Core = "ShiftReg">   --->   Core 33 'ShiftReg' <Latency = 0> <II = 1> <Delay = 1.61> <Storage> <Opcode : 'memshiftread' 'load'> <Ports = 1> <Width = 6> <Depth = 6> <ShiftMem>
ST_1 : Operation 77 [1/1] (1.61ns)   --->   "%DataOut_V_170 = call i6 @"_ssdm_op_MemShiftRead.[6 x i6]P"(i6* getelementptr inbounds ([6 x i6]* @line_buffer_Array_V_3_0_2, i64 0, i64 5), i6 %kernel_window_82_V_write_read, i1 true)" [firmware/nnet_utils/nnet_conv_stream.h:230]   --->   Operation 77 'memshiftread' 'DataOut_V_170' <Predicate = true> <Delay = 1.61> <Core = "ShiftReg">   --->   Core 33 'ShiftReg' <Latency = 0> <II = 1> <Delay = 1.61> <Storage> <Opcode : 'memshiftread' 'load'> <Ports = 1> <Width = 6> <Depth = 6> <ShiftMem>
ST_1 : Operation 78 [1/1] (1.61ns)   --->   "%DataOut_V_171 = call i6 @"_ssdm_op_MemShiftRead.[6 x i6]P"(i6* getelementptr inbounds ([6 x i6]* @line_buffer_Array_V_3_1_2, i64 0, i64 5), i6 %DataOut_V_170, i1 true)" [firmware/nnet_utils/nnet_conv_stream.h:230]   --->   Operation 78 'memshiftread' 'DataOut_V_171' <Predicate = true> <Delay = 1.61> <Core = "ShiftReg">   --->   Core 33 'ShiftReg' <Latency = 0> <II = 1> <Delay = 1.61> <Storage> <Opcode : 'memshiftread' 'load'> <Ports = 1> <Width = 6> <Depth = 6> <ShiftMem>
ST_1 : Operation 79 [1/1] (1.61ns)   --->   "%DataOut_V_172 = call i6 @"_ssdm_op_MemShiftRead.[6 x i6]P"(i6* getelementptr inbounds ([6 x i6]* @line_buffer_Array_V_3_0_3, i64 0, i64 5), i6 %kernel_window_83_V_write_read, i1 true)" [firmware/nnet_utils/nnet_conv_stream.h:230]   --->   Operation 79 'memshiftread' 'DataOut_V_172' <Predicate = true> <Delay = 1.61> <Core = "ShiftReg">   --->   Core 33 'ShiftReg' <Latency = 0> <II = 1> <Delay = 1.61> <Storage> <Opcode : 'memshiftread' 'load'> <Ports = 1> <Width = 6> <Depth = 6> <ShiftMem>
ST_1 : Operation 80 [1/1] (1.61ns)   --->   "%DataOut_V_173 = call i6 @"_ssdm_op_MemShiftRead.[6 x i6]P"(i6* getelementptr inbounds ([6 x i6]* @line_buffer_Array_V_3_1_3, i64 0, i64 5), i6 %DataOut_V_172, i1 true)" [firmware/nnet_utils/nnet_conv_stream.h:230]   --->   Operation 80 'memshiftread' 'DataOut_V_173' <Predicate = true> <Delay = 1.61> <Core = "ShiftReg">   --->   Core 33 'ShiftReg' <Latency = 0> <II = 1> <Delay = 1.61> <Storage> <Opcode : 'memshiftread' 'load'> <Ports = 1> <Width = 6> <Depth = 6> <ShiftMem>
ST_1 : Operation 81 [1/1] (1.61ns)   --->   "%DataOut_V_174 = call i6 @"_ssdm_op_MemShiftRead.[6 x i6]P"(i6* getelementptr inbounds ([6 x i6]* @line_buffer_Array_V_3_0_4, i64 0, i64 5), i6 %kernel_window_84_V_write_read, i1 true)" [firmware/nnet_utils/nnet_conv_stream.h:230]   --->   Operation 81 'memshiftread' 'DataOut_V_174' <Predicate = true> <Delay = 1.61> <Core = "ShiftReg">   --->   Core 33 'ShiftReg' <Latency = 0> <II = 1> <Delay = 1.61> <Storage> <Opcode : 'memshiftread' 'load'> <Ports = 1> <Width = 6> <Depth = 6> <ShiftMem>
ST_1 : Operation 82 [1/1] (1.61ns)   --->   "%DataOut_V_175 = call i6 @"_ssdm_op_MemShiftRead.[6 x i6]P"(i6* getelementptr inbounds ([6 x i6]* @line_buffer_Array_V_3_1_4, i64 0, i64 5), i6 %DataOut_V_174, i1 true)" [firmware/nnet_utils/nnet_conv_stream.h:230]   --->   Operation 82 'memshiftread' 'DataOut_V_175' <Predicate = true> <Delay = 1.61> <Core = "ShiftReg">   --->   Core 33 'ShiftReg' <Latency = 0> <II = 1> <Delay = 1.61> <Storage> <Opcode : 'memshiftread' 'load'> <Ports = 1> <Width = 6> <Depth = 6> <ShiftMem>
ST_1 : Operation 83 [1/1] (1.61ns)   --->   "%DataOut_V_176 = call i6 @"_ssdm_op_MemShiftRead.[6 x i6]P"(i6* getelementptr inbounds ([6 x i6]* @line_buffer_Array_V_3_0_5, i64 0, i64 5), i6 %kernel_window_85_V_write_read, i1 true)" [firmware/nnet_utils/nnet_conv_stream.h:230]   --->   Operation 83 'memshiftread' 'DataOut_V_176' <Predicate = true> <Delay = 1.61> <Core = "ShiftReg">   --->   Core 33 'ShiftReg' <Latency = 0> <II = 1> <Delay = 1.61> <Storage> <Opcode : 'memshiftread' 'load'> <Ports = 1> <Width = 6> <Depth = 6> <ShiftMem>
ST_1 : Operation 84 [1/1] (1.61ns)   --->   "%DataOut_V_177 = call i6 @"_ssdm_op_MemShiftRead.[6 x i6]P"(i6* getelementptr inbounds ([6 x i6]* @line_buffer_Array_V_3_1_5, i64 0, i64 5), i6 %DataOut_V_176, i1 true)" [firmware/nnet_utils/nnet_conv_stream.h:230]   --->   Operation 84 'memshiftread' 'DataOut_V_177' <Predicate = true> <Delay = 1.61> <Core = "ShiftReg">   --->   Core 33 'ShiftReg' <Latency = 0> <II = 1> <Delay = 1.61> <Storage> <Opcode : 'memshiftread' 'load'> <Ports = 1> <Width = 6> <Depth = 6> <ShiftMem>
ST_1 : Operation 85 [1/1] (1.61ns)   --->   "%DataOut_V_178 = call i6 @"_ssdm_op_MemShiftRead.[6 x i6]P"(i6* getelementptr inbounds ([6 x i6]* @line_buffer_Array_V_3_0_6, i64 0, i64 5), i6 %kernel_window_86_V_write_read, i1 true)" [firmware/nnet_utils/nnet_conv_stream.h:230]   --->   Operation 85 'memshiftread' 'DataOut_V_178' <Predicate = true> <Delay = 1.61> <Core = "ShiftReg">   --->   Core 33 'ShiftReg' <Latency = 0> <II = 1> <Delay = 1.61> <Storage> <Opcode : 'memshiftread' 'load'> <Ports = 1> <Width = 6> <Depth = 6> <ShiftMem>
ST_1 : Operation 86 [1/1] (1.61ns)   --->   "%DataOut_V_179 = call i6 @"_ssdm_op_MemShiftRead.[6 x i6]P"(i6* getelementptr inbounds ([6 x i6]* @line_buffer_Array_V_3_1_6, i64 0, i64 5), i6 %DataOut_V_178, i1 true)" [firmware/nnet_utils/nnet_conv_stream.h:230]   --->   Operation 86 'memshiftread' 'DataOut_V_179' <Predicate = true> <Delay = 1.61> <Core = "ShiftReg">   --->   Core 33 'ShiftReg' <Latency = 0> <II = 1> <Delay = 1.61> <Storage> <Opcode : 'memshiftread' 'load'> <Ports = 1> <Width = 6> <Depth = 6> <ShiftMem>
ST_1 : Operation 87 [1/1] (1.61ns)   --->   "%DataOut_V_180 = call i6 @"_ssdm_op_MemShiftRead.[6 x i6]P"(i6* getelementptr inbounds ([6 x i6]* @line_buffer_Array_V_3_0_7, i64 0, i64 5), i6 %kernel_window_87_V_write_read, i1 true)" [firmware/nnet_utils/nnet_conv_stream.h:230]   --->   Operation 87 'memshiftread' 'DataOut_V_180' <Predicate = true> <Delay = 1.61> <Core = "ShiftReg">   --->   Core 33 'ShiftReg' <Latency = 0> <II = 1> <Delay = 1.61> <Storage> <Opcode : 'memshiftread' 'load'> <Ports = 1> <Width = 6> <Depth = 6> <ShiftMem>
ST_1 : Operation 88 [1/1] (1.61ns)   --->   "%DataOut_V_181 = call i6 @"_ssdm_op_MemShiftRead.[6 x i6]P"(i6* getelementptr inbounds ([6 x i6]* @line_buffer_Array_V_3_1_7, i64 0, i64 5), i6 %DataOut_V_180, i1 true)" [firmware/nnet_utils/nnet_conv_stream.h:230]   --->   Operation 88 'memshiftread' 'DataOut_V_181' <Predicate = true> <Delay = 1.61> <Core = "ShiftReg">   --->   Core 33 'ShiftReg' <Latency = 0> <II = 1> <Delay = 1.61> <Storage> <Opcode : 'memshiftread' 'load'> <Ports = 1> <Width = 6> <Depth = 6> <ShiftMem>
ST_1 : Operation 89 [1/1] (1.61ns)   --->   "%DataOut_V_182 = call i6 @"_ssdm_op_MemShiftRead.[6 x i6]P"(i6* getelementptr inbounds ([6 x i6]* @line_buffer_Array_V_3_0_8, i64 0, i64 5), i6 %kernel_window_88_V_write_read, i1 true)" [firmware/nnet_utils/nnet_conv_stream.h:230]   --->   Operation 89 'memshiftread' 'DataOut_V_182' <Predicate = true> <Delay = 1.61> <Core = "ShiftReg">   --->   Core 33 'ShiftReg' <Latency = 0> <II = 1> <Delay = 1.61> <Storage> <Opcode : 'memshiftread' 'load'> <Ports = 1> <Width = 6> <Depth = 6> <ShiftMem>
ST_1 : Operation 90 [1/1] (1.61ns)   --->   "%DataOut_V_183 = call i6 @"_ssdm_op_MemShiftRead.[6 x i6]P"(i6* getelementptr inbounds ([6 x i6]* @line_buffer_Array_V_3_1_8, i64 0, i64 5), i6 %DataOut_V_182, i1 true)" [firmware/nnet_utils/nnet_conv_stream.h:230]   --->   Operation 90 'memshiftread' 'DataOut_V_183' <Predicate = true> <Delay = 1.61> <Core = "ShiftReg">   --->   Core 33 'ShiftReg' <Latency = 0> <II = 1> <Delay = 1.61> <Storage> <Opcode : 'memshiftread' 'load'> <Ports = 1> <Width = 6> <Depth = 6> <ShiftMem>
ST_1 : Operation 91 [1/1] (1.61ns)   --->   "%DataOut_V_184 = call i6 @"_ssdm_op_MemShiftRead.[6 x i6]P"(i6* getelementptr inbounds ([6 x i6]* @line_buffer_Array_V_3_0_9, i64 0, i64 5), i6 %kernel_window_89_V_write_read, i1 true)" [firmware/nnet_utils/nnet_conv_stream.h:230]   --->   Operation 91 'memshiftread' 'DataOut_V_184' <Predicate = true> <Delay = 1.61> <Core = "ShiftReg">   --->   Core 33 'ShiftReg' <Latency = 0> <II = 1> <Delay = 1.61> <Storage> <Opcode : 'memshiftread' 'load'> <Ports = 1> <Width = 6> <Depth = 6> <ShiftMem>
ST_1 : Operation 92 [1/1] (1.61ns)   --->   "%DataOut_V = call i6 @"_ssdm_op_MemShiftRead.[6 x i6]P"(i6* getelementptr inbounds ([6 x i6]* @line_buffer_Array_V_3_1_9, i64 0, i64 5), i6 %DataOut_V_184, i1 true)" [firmware/nnet_utils/nnet_conv_stream.h:230]   --->   Operation 92 'memshiftread' 'DataOut_V' <Predicate = true> <Delay = 1.61> <Core = "ShiftReg">   --->   Core 33 'ShiftReg' <Latency = 0> <II = 1> <Delay = 1.61> <Storage> <Opcode : 'memshiftread' 'load'> <Ports = 1> <Width = 6> <Depth = 6> <ShiftMem>
ST_1 : Operation 93 [1/1] (0.00ns)   --->   "%mrv_s = insertvalue { i6, i6, i6, i6, i6, i6, i6, i6, i6, i6, i6, i6, i6, i6, i6, i6, i6, i6, i6, i6, i6, i6, i6, i6, i6, i6, i6, i6, i6, i6, i6, i6, i6, i6, i6, i6, i6, i6, i6, i6, i6, i6, i6, i6, i6, i6, i6, i6, i6, i6, i6, i6, i6, i6, i6, i6, i6, i6, i6, i6, i6, i6, i6, i6, i6, i6, i6, i6, i6, i6, i6, i6, i6, i6, i6, i6, i6, i6, i6, i6, i6, i6, i6, i6, i6, i6, i6, i6, i6, i6 } undef, i6 %kernel_window_10_V_read_4, 0" [firmware/nnet_utils/nnet_conv_stream.h:235]   --->   Operation 93 'insertvalue' 'mrv_s' <Predicate = true> <Delay = 0.00>
ST_1 : Operation 94 [1/1] (0.00ns)   --->   "%mrv_1 = insertvalue { i6, i6, i6, i6, i6, i6, i6, i6, i6, i6, i6, i6, i6, i6, i6, i6, i6, i6, i6, i6, i6, i6, i6, i6, i6, i6, i6, i6, i6, i6, i6, i6, i6, i6, i6, i6, i6, i6, i6, i6, i6, i6, i6, i6, i6, i6, i6, i6, i6, i6, i6, i6, i6, i6, i6, i6, i6, i6, i6, i6, i6, i6, i6, i6, i6, i6, i6, i6, i6, i6, i6, i6, i6, i6, i6, i6, i6, i6, i6, i6, i6, i6, i6, i6, i6, i6, i6, i6, i6, i6 } %mrv_s, i6 %kernel_window_11_V_read_4, 1" [firmware/nnet_utils/nnet_conv_stream.h:235]   --->   Operation 94 'insertvalue' 'mrv_1' <Predicate = true> <Delay = 0.00>
ST_1 : Operation 95 [1/1] (0.00ns)   --->   "%mrv_2 = insertvalue { i6, i6, i6, i6, i6, i6, i6, i6, i6, i6, i6, i6, i6, i6, i6, i6, i6, i6, i6, i6, i6, i6, i6, i6, i6, i6, i6, i6, i6, i6, i6, i6, i6, i6, i6, i6, i6, i6, i6, i6, i6, i6, i6, i6, i6, i6, i6, i6, i6, i6, i6, i6, i6, i6, i6, i6, i6, i6, i6, i6, i6, i6, i6, i6, i6, i6, i6, i6, i6, i6, i6, i6, i6, i6, i6, i6, i6, i6, i6, i6, i6, i6, i6, i6, i6, i6, i6, i6, i6, i6 } %mrv_1, i6 %kernel_window_12_V_read_5, 2" [firmware/nnet_utils/nnet_conv_stream.h:235]   --->   Operation 95 'insertvalue' 'mrv_2' <Predicate = true> <Delay = 0.00>
ST_1 : Operation 96 [1/1] (0.00ns)   --->   "%mrv_3 = insertvalue { i6, i6, i6, i6, i6, i6, i6, i6, i6, i6, i6, i6, i6, i6, i6, i6, i6, i6, i6, i6, i6, i6, i6, i6, i6, i6, i6, i6, i6, i6, i6, i6, i6, i6, i6, i6, i6, i6, i6, i6, i6, i6, i6, i6, i6, i6, i6, i6, i6, i6, i6, i6, i6, i6, i6, i6, i6, i6, i6, i6, i6, i6, i6, i6, i6, i6, i6, i6, i6, i6, i6, i6, i6, i6, i6, i6, i6, i6, i6, i6, i6, i6, i6, i6, i6, i6, i6, i6, i6, i6 } %mrv_2, i6 %kernel_window_13_V_read_5, 3" [firmware/nnet_utils/nnet_conv_stream.h:235]   --->   Operation 96 'insertvalue' 'mrv_3' <Predicate = true> <Delay = 0.00>
ST_1 : Operation 97 [1/1] (0.00ns)   --->   "%mrv_4 = insertvalue { i6, i6, i6, i6, i6, i6, i6, i6, i6, i6, i6, i6, i6, i6, i6, i6, i6, i6, i6, i6, i6, i6, i6, i6, i6, i6, i6, i6, i6, i6, i6, i6, i6, i6, i6, i6, i6, i6, i6, i6, i6, i6, i6, i6, i6, i6, i6, i6, i6, i6, i6, i6, i6, i6, i6, i6, i6, i6, i6, i6, i6, i6, i6, i6, i6, i6, i6, i6, i6, i6, i6, i6, i6, i6, i6, i6, i6, i6, i6, i6, i6, i6, i6, i6, i6, i6, i6, i6, i6, i6 } %mrv_3, i6 %kernel_window_14_V_read_5, 4" [firmware/nnet_utils/nnet_conv_stream.h:235]   --->   Operation 97 'insertvalue' 'mrv_4' <Predicate = true> <Delay = 0.00>
ST_1 : Operation 98 [1/1] (0.00ns)   --->   "%mrv_5 = insertvalue { i6, i6, i6, i6, i6, i6, i6, i6, i6, i6, i6, i6, i6, i6, i6, i6, i6, i6, i6, i6, i6, i6, i6, i6, i6, i6, i6, i6, i6, i6, i6, i6, i6, i6, i6, i6, i6, i6, i6, i6, i6, i6, i6, i6, i6, i6, i6, i6, i6, i6, i6, i6, i6, i6, i6, i6, i6, i6, i6, i6, i6, i6, i6, i6, i6, i6, i6, i6, i6, i6, i6, i6, i6, i6, i6, i6, i6, i6, i6, i6, i6, i6, i6, i6, i6, i6, i6, i6, i6, i6 } %mrv_4, i6 %kernel_window_15_V_read_5, 5" [firmware/nnet_utils/nnet_conv_stream.h:235]   --->   Operation 98 'insertvalue' 'mrv_5' <Predicate = true> <Delay = 0.00>
ST_1 : Operation 99 [1/1] (0.00ns)   --->   "%mrv_6 = insertvalue { i6, i6, i6, i6, i6, i6, i6, i6, i6, i6, i6, i6, i6, i6, i6, i6, i6, i6, i6, i6, i6, i6, i6, i6, i6, i6, i6, i6, i6, i6, i6, i6, i6, i6, i6, i6, i6, i6, i6, i6, i6, i6, i6, i6, i6, i6, i6, i6, i6, i6, i6, i6, i6, i6, i6, i6, i6, i6, i6, i6, i6, i6, i6, i6, i6, i6, i6, i6, i6, i6, i6, i6, i6, i6, i6, i6, i6, i6, i6, i6, i6, i6, i6, i6, i6, i6, i6, i6, i6, i6 } %mrv_5, i6 %kernel_window_16_V_read_4, 6" [firmware/nnet_utils/nnet_conv_stream.h:235]   --->   Operation 99 'insertvalue' 'mrv_6' <Predicate = true> <Delay = 0.00>
ST_1 : Operation 100 [1/1] (0.00ns)   --->   "%mrv_7 = insertvalue { i6, i6, i6, i6, i6, i6, i6, i6, i6, i6, i6, i6, i6, i6, i6, i6, i6, i6, i6, i6, i6, i6, i6, i6, i6, i6, i6, i6, i6, i6, i6, i6, i6, i6, i6, i6, i6, i6, i6, i6, i6, i6, i6, i6, i6, i6, i6, i6, i6, i6, i6, i6, i6, i6, i6, i6, i6, i6, i6, i6, i6, i6, i6, i6, i6, i6, i6, i6, i6, i6, i6, i6, i6, i6, i6, i6, i6, i6, i6, i6, i6, i6, i6, i6, i6, i6, i6, i6, i6, i6 } %mrv_6, i6 %kernel_window_17_V_read_4, 7" [firmware/nnet_utils/nnet_conv_stream.h:235]   --->   Operation 100 'insertvalue' 'mrv_7' <Predicate = true> <Delay = 0.00>
ST_1 : Operation 101 [1/1] (0.00ns)   --->   "%mrv_8 = insertvalue { i6, i6, i6, i6, i6, i6, i6, i6, i6, i6, i6, i6, i6, i6, i6, i6, i6, i6, i6, i6, i6, i6, i6, i6, i6, i6, i6, i6, i6, i6, i6, i6, i6, i6, i6, i6, i6, i6, i6, i6, i6, i6, i6, i6, i6, i6, i6, i6, i6, i6, i6, i6, i6, i6, i6, i6, i6, i6, i6, i6, i6, i6, i6, i6, i6, i6, i6, i6, i6, i6, i6, i6, i6, i6, i6, i6, i6, i6, i6, i6, i6, i6, i6, i6, i6, i6, i6, i6, i6, i6 } %mrv_7, i6 %kernel_window_18_V_read_4, 8" [firmware/nnet_utils/nnet_conv_stream.h:235]   --->   Operation 101 'insertvalue' 'mrv_8' <Predicate = true> <Delay = 0.00>
ST_1 : Operation 102 [1/1] (0.00ns)   --->   "%mrv_9 = insertvalue { i6, i6, i6, i6, i6, i6, i6, i6, i6, i6, i6, i6, i6, i6, i6, i6, i6, i6, i6, i6, i6, i6, i6, i6, i6, i6, i6, i6, i6, i6, i6, i6, i6, i6, i6, i6, i6, i6, i6, i6, i6, i6, i6, i6, i6, i6, i6, i6, i6, i6, i6, i6, i6, i6, i6, i6, i6, i6, i6, i6, i6, i6, i6, i6, i6, i6, i6, i6, i6, i6, i6, i6, i6, i6, i6, i6, i6, i6, i6, i6, i6, i6, i6, i6, i6, i6, i6, i6, i6, i6 } %mrv_8, i6 %kernel_window_19_V_read_4, 9" [firmware/nnet_utils/nnet_conv_stream.h:235]   --->   Operation 102 'insertvalue' 'mrv_9' <Predicate = true> <Delay = 0.00>
ST_1 : Operation 103 [1/1] (0.00ns)   --->   "%mrv_10 = insertvalue { i6, i6, i6, i6, i6, i6, i6, i6, i6, i6, i6, i6, i6, i6, i6, i6, i6, i6, i6, i6, i6, i6, i6, i6, i6, i6, i6, i6, i6, i6, i6, i6, i6, i6, i6, i6, i6, i6, i6, i6, i6, i6, i6, i6, i6, i6, i6, i6, i6, i6, i6, i6, i6, i6, i6, i6, i6, i6, i6, i6, i6, i6, i6, i6, i6, i6, i6, i6, i6, i6, i6, i6, i6, i6, i6, i6, i6, i6, i6, i6, i6, i6, i6, i6, i6, i6, i6, i6, i6, i6 } %mrv_9, i6 %kernel_window_40_V_read301, 10" [firmware/nnet_utils/nnet_conv_stream.h:235]   --->   Operation 103 'insertvalue' 'mrv_10' <Predicate = true> <Delay = 0.00>
ST_1 : Operation 104 [1/1] (0.00ns)   --->   "%mrv_11 = insertvalue { i6, i6, i6, i6, i6, i6, i6, i6, i6, i6, i6, i6, i6, i6, i6, i6, i6, i6, i6, i6, i6, i6, i6, i6, i6, i6, i6, i6, i6, i6, i6, i6, i6, i6, i6, i6, i6, i6, i6, i6, i6, i6, i6, i6, i6, i6, i6, i6, i6, i6, i6, i6, i6, i6, i6, i6, i6, i6, i6, i6, i6, i6, i6, i6, i6, i6, i6, i6, i6, i6, i6, i6, i6, i6, i6, i6, i6, i6, i6, i6, i6, i6, i6, i6, i6, i6, i6, i6, i6, i6 } %mrv_10, i6 %kernel_window_41_V_read302, 11" [firmware/nnet_utils/nnet_conv_stream.h:235]   --->   Operation 104 'insertvalue' 'mrv_11' <Predicate = true> <Delay = 0.00>
ST_1 : Operation 105 [1/1] (0.00ns)   --->   "%mrv_12 = insertvalue { i6, i6, i6, i6, i6, i6, i6, i6, i6, i6, i6, i6, i6, i6, i6, i6, i6, i6, i6, i6, i6, i6, i6, i6, i6, i6, i6, i6, i6, i6, i6, i6, i6, i6, i6, i6, i6, i6, i6, i6, i6, i6, i6, i6, i6, i6, i6, i6, i6, i6, i6, i6, i6, i6, i6, i6, i6, i6, i6, i6, i6, i6, i6, i6, i6, i6, i6, i6, i6, i6, i6, i6, i6, i6, i6, i6, i6, i6, i6, i6, i6, i6, i6, i6, i6, i6, i6, i6, i6, i6 } %mrv_11, i6 %kernel_window_42_V_read_3, 12" [firmware/nnet_utils/nnet_conv_stream.h:235]   --->   Operation 105 'insertvalue' 'mrv_12' <Predicate = true> <Delay = 0.00>
ST_1 : Operation 106 [1/1] (0.00ns)   --->   "%mrv_13 = insertvalue { i6, i6, i6, i6, i6, i6, i6, i6, i6, i6, i6, i6, i6, i6, i6, i6, i6, i6, i6, i6, i6, i6, i6, i6, i6, i6, i6, i6, i6, i6, i6, i6, i6, i6, i6, i6, i6, i6, i6, i6, i6, i6, i6, i6, i6, i6, i6, i6, i6, i6, i6, i6, i6, i6, i6, i6, i6, i6, i6, i6, i6, i6, i6, i6, i6, i6, i6, i6, i6, i6, i6, i6, i6, i6, i6, i6, i6, i6, i6, i6, i6, i6, i6, i6, i6, i6, i6, i6, i6, i6 } %mrv_12, i6 %kernel_window_43_V_read_3, 13" [firmware/nnet_utils/nnet_conv_stream.h:235]   --->   Operation 106 'insertvalue' 'mrv_13' <Predicate = true> <Delay = 0.00>
ST_1 : Operation 107 [1/1] (0.00ns)   --->   "%mrv_14 = insertvalue { i6, i6, i6, i6, i6, i6, i6, i6, i6, i6, i6, i6, i6, i6, i6, i6, i6, i6, i6, i6, i6, i6, i6, i6, i6, i6, i6, i6, i6, i6, i6, i6, i6, i6, i6, i6, i6, i6, i6, i6, i6, i6, i6, i6, i6, i6, i6, i6, i6, i6, i6, i6, i6, i6, i6, i6, i6, i6, i6, i6, i6, i6, i6, i6, i6, i6, i6, i6, i6, i6, i6, i6, i6, i6, i6, i6, i6, i6, i6, i6, i6, i6, i6, i6, i6, i6, i6, i6, i6, i6 } %mrv_13, i6 %kernel_window_44_V_read_3, 14" [firmware/nnet_utils/nnet_conv_stream.h:235]   --->   Operation 107 'insertvalue' 'mrv_14' <Predicate = true> <Delay = 0.00>
ST_1 : Operation 108 [1/1] (0.00ns)   --->   "%mrv_15 = insertvalue { i6, i6, i6, i6, i6, i6, i6, i6, i6, i6, i6, i6, i6, i6, i6, i6, i6, i6, i6, i6, i6, i6, i6, i6, i6, i6, i6, i6, i6, i6, i6, i6, i6, i6, i6, i6, i6, i6, i6, i6, i6, i6, i6, i6, i6, i6, i6, i6, i6, i6, i6, i6, i6, i6, i6, i6, i6, i6, i6, i6, i6, i6, i6, i6, i6, i6, i6, i6, i6, i6, i6, i6, i6, i6, i6, i6, i6, i6, i6, i6, i6, i6, i6, i6, i6, i6, i6, i6, i6, i6 } %mrv_14, i6 %kernel_window_45_V_read_3, 15" [firmware/nnet_utils/nnet_conv_stream.h:235]   --->   Operation 108 'insertvalue' 'mrv_15' <Predicate = true> <Delay = 0.00>
ST_1 : Operation 109 [1/1] (0.00ns)   --->   "%mrv_16 = insertvalue { i6, i6, i6, i6, i6, i6, i6, i6, i6, i6, i6, i6, i6, i6, i6, i6, i6, i6, i6, i6, i6, i6, i6, i6, i6, i6, i6, i6, i6, i6, i6, i6, i6, i6, i6, i6, i6, i6, i6, i6, i6, i6, i6, i6, i6, i6, i6, i6, i6, i6, i6, i6, i6, i6, i6, i6, i6, i6, i6, i6, i6, i6, i6, i6, i6, i6, i6, i6, i6, i6, i6, i6, i6, i6, i6, i6, i6, i6, i6, i6, i6, i6, i6, i6, i6, i6, i6, i6, i6, i6 } %mrv_15, i6 %kernel_window_46_V_read_3, 16" [firmware/nnet_utils/nnet_conv_stream.h:235]   --->   Operation 109 'insertvalue' 'mrv_16' <Predicate = true> <Delay = 0.00>
ST_1 : Operation 110 [1/1] (0.00ns)   --->   "%mrv_17 = insertvalue { i6, i6, i6, i6, i6, i6, i6, i6, i6, i6, i6, i6, i6, i6, i6, i6, i6, i6, i6, i6, i6, i6, i6, i6, i6, i6, i6, i6, i6, i6, i6, i6, i6, i6, i6, i6, i6, i6, i6, i6, i6, i6, i6, i6, i6, i6, i6, i6, i6, i6, i6, i6, i6, i6, i6, i6, i6, i6, i6, i6, i6, i6, i6, i6, i6, i6, i6, i6, i6, i6, i6, i6, i6, i6, i6, i6, i6, i6, i6, i6, i6, i6, i6, i6, i6, i6, i6, i6, i6, i6 } %mrv_16, i6 %kernel_window_47_V_read_3, 17" [firmware/nnet_utils/nnet_conv_stream.h:235]   --->   Operation 110 'insertvalue' 'mrv_17' <Predicate = true> <Delay = 0.00>
ST_1 : Operation 111 [1/1] (0.00ns)   --->   "%mrv_18 = insertvalue { i6, i6, i6, i6, i6, i6, i6, i6, i6, i6, i6, i6, i6, i6, i6, i6, i6, i6, i6, i6, i6, i6, i6, i6, i6, i6, i6, i6, i6, i6, i6, i6, i6, i6, i6, i6, i6, i6, i6, i6, i6, i6, i6, i6, i6, i6, i6, i6, i6, i6, i6, i6, i6, i6, i6, i6, i6, i6, i6, i6, i6, i6, i6, i6, i6, i6, i6, i6, i6, i6, i6, i6, i6, i6, i6, i6, i6, i6, i6, i6, i6, i6, i6, i6, i6, i6, i6, i6, i6, i6 } %mrv_17, i6 %kernel_window_48_V_read_1, 18" [firmware/nnet_utils/nnet_conv_stream.h:235]   --->   Operation 111 'insertvalue' 'mrv_18' <Predicate = true> <Delay = 0.00>
ST_1 : Operation 112 [1/1] (0.00ns)   --->   "%mrv_19 = insertvalue { i6, i6, i6, i6, i6, i6, i6, i6, i6, i6, i6, i6, i6, i6, i6, i6, i6, i6, i6, i6, i6, i6, i6, i6, i6, i6, i6, i6, i6, i6, i6, i6, i6, i6, i6, i6, i6, i6, i6, i6, i6, i6, i6, i6, i6, i6, i6, i6, i6, i6, i6, i6, i6, i6, i6, i6, i6, i6, i6, i6, i6, i6, i6, i6, i6, i6, i6, i6, i6, i6, i6, i6, i6, i6, i6, i6, i6, i6, i6, i6, i6, i6, i6, i6, i6, i6, i6, i6, i6, i6 } %mrv_18, i6 %kernel_window_49_V_read_1, 19" [firmware/nnet_utils/nnet_conv_stream.h:235]   --->   Operation 112 'insertvalue' 'mrv_19' <Predicate = true> <Delay = 0.00>
ST_1 : Operation 113 [1/1] (0.00ns)   --->   "%mrv_20 = insertvalue { i6, i6, i6, i6, i6, i6, i6, i6, i6, i6, i6, i6, i6, i6, i6, i6, i6, i6, i6, i6, i6, i6, i6, i6, i6, i6, i6, i6, i6, i6, i6, i6, i6, i6, i6, i6, i6, i6, i6, i6, i6, i6, i6, i6, i6, i6, i6, i6, i6, i6, i6, i6, i6, i6, i6, i6, i6, i6, i6, i6, i6, i6, i6, i6, i6, i6, i6, i6, i6, i6, i6, i6, i6, i6, i6, i6, i6, i6, i6, i6, i6, i6, i6, i6, i6, i6, i6, i6, i6, i6 } %mrv_19, i6 %kernel_window_70_V_read_3, 20" [firmware/nnet_utils/nnet_conv_stream.h:235]   --->   Operation 113 'insertvalue' 'mrv_20' <Predicate = true> <Delay = 0.00>
ST_1 : Operation 114 [1/1] (0.00ns)   --->   "%mrv_21 = insertvalue { i6, i6, i6, i6, i6, i6, i6, i6, i6, i6, i6, i6, i6, i6, i6, i6, i6, i6, i6, i6, i6, i6, i6, i6, i6, i6, i6, i6, i6, i6, i6, i6, i6, i6, i6, i6, i6, i6, i6, i6, i6, i6, i6, i6, i6, i6, i6, i6, i6, i6, i6, i6, i6, i6, i6, i6, i6, i6, i6, i6, i6, i6, i6, i6, i6, i6, i6, i6, i6, i6, i6, i6, i6, i6, i6, i6, i6, i6, i6, i6, i6, i6, i6, i6, i6, i6, i6, i6, i6, i6 } %mrv_20, i6 %kernel_window_71_V_read_3, 21" [firmware/nnet_utils/nnet_conv_stream.h:235]   --->   Operation 114 'insertvalue' 'mrv_21' <Predicate = true> <Delay = 0.00>
ST_1 : Operation 115 [1/1] (0.00ns)   --->   "%mrv_22 = insertvalue { i6, i6, i6, i6, i6, i6, i6, i6, i6, i6, i6, i6, i6, i6, i6, i6, i6, i6, i6, i6, i6, i6, i6, i6, i6, i6, i6, i6, i6, i6, i6, i6, i6, i6, i6, i6, i6, i6, i6, i6, i6, i6, i6, i6, i6, i6, i6, i6, i6, i6, i6, i6, i6, i6, i6, i6, i6, i6, i6, i6, i6, i6, i6, i6, i6, i6, i6, i6, i6, i6, i6, i6, i6, i6, i6, i6, i6, i6, i6, i6, i6, i6, i6, i6, i6, i6, i6, i6, i6, i6 } %mrv_21, i6 %kernel_window_72_V_read_2, 22" [firmware/nnet_utils/nnet_conv_stream.h:235]   --->   Operation 115 'insertvalue' 'mrv_22' <Predicate = true> <Delay = 0.00>
ST_1 : Operation 116 [1/1] (0.00ns)   --->   "%mrv_23 = insertvalue { i6, i6, i6, i6, i6, i6, i6, i6, i6, i6, i6, i6, i6, i6, i6, i6, i6, i6, i6, i6, i6, i6, i6, i6, i6, i6, i6, i6, i6, i6, i6, i6, i6, i6, i6, i6, i6, i6, i6, i6, i6, i6, i6, i6, i6, i6, i6, i6, i6, i6, i6, i6, i6, i6, i6, i6, i6, i6, i6, i6, i6, i6, i6, i6, i6, i6, i6, i6, i6, i6, i6, i6, i6, i6, i6, i6, i6, i6, i6, i6, i6, i6, i6, i6, i6, i6, i6, i6, i6, i6 } %mrv_22, i6 %kernel_window_73_V_read_2, 23" [firmware/nnet_utils/nnet_conv_stream.h:235]   --->   Operation 116 'insertvalue' 'mrv_23' <Predicate = true> <Delay = 0.00>
ST_1 : Operation 117 [1/1] (0.00ns)   --->   "%mrv_24 = insertvalue { i6, i6, i6, i6, i6, i6, i6, i6, i6, i6, i6, i6, i6, i6, i6, i6, i6, i6, i6, i6, i6, i6, i6, i6, i6, i6, i6, i6, i6, i6, i6, i6, i6, i6, i6, i6, i6, i6, i6, i6, i6, i6, i6, i6, i6, i6, i6, i6, i6, i6, i6, i6, i6, i6, i6, i6, i6, i6, i6, i6, i6, i6, i6, i6, i6, i6, i6, i6, i6, i6, i6, i6, i6, i6, i6, i6, i6, i6, i6, i6, i6, i6, i6, i6, i6, i6, i6, i6, i6, i6 } %mrv_23, i6 %kernel_window_74_V_read_2, 24" [firmware/nnet_utils/nnet_conv_stream.h:235]   --->   Operation 117 'insertvalue' 'mrv_24' <Predicate = true> <Delay = 0.00>
ST_1 : Operation 118 [1/1] (0.00ns)   --->   "%mrv_25 = insertvalue { i6, i6, i6, i6, i6, i6, i6, i6, i6, i6, i6, i6, i6, i6, i6, i6, i6, i6, i6, i6, i6, i6, i6, i6, i6, i6, i6, i6, i6, i6, i6, i6, i6, i6, i6, i6, i6, i6, i6, i6, i6, i6, i6, i6, i6, i6, i6, i6, i6, i6, i6, i6, i6, i6, i6, i6, i6, i6, i6, i6, i6, i6, i6, i6, i6, i6, i6, i6, i6, i6, i6, i6, i6, i6, i6, i6, i6, i6, i6, i6, i6, i6, i6, i6, i6, i6, i6, i6, i6, i6 } %mrv_24, i6 %kernel_window_75_V_read_2, 25" [firmware/nnet_utils/nnet_conv_stream.h:235]   --->   Operation 118 'insertvalue' 'mrv_25' <Predicate = true> <Delay = 0.00>
ST_1 : Operation 119 [1/1] (0.00ns)   --->   "%mrv_26 = insertvalue { i6, i6, i6, i6, i6, i6, i6, i6, i6, i6, i6, i6, i6, i6, i6, i6, i6, i6, i6, i6, i6, i6, i6, i6, i6, i6, i6, i6, i6, i6, i6, i6, i6, i6, i6, i6, i6, i6, i6, i6, i6, i6, i6, i6, i6, i6, i6, i6, i6, i6, i6, i6, i6, i6, i6, i6, i6, i6, i6, i6, i6, i6, i6, i6, i6, i6, i6, i6, i6, i6, i6, i6, i6, i6, i6, i6, i6, i6, i6, i6, i6, i6, i6, i6, i6, i6, i6, i6, i6, i6 } %mrv_25, i6 %kernel_window_76_V_read_2, 26" [firmware/nnet_utils/nnet_conv_stream.h:235]   --->   Operation 119 'insertvalue' 'mrv_26' <Predicate = true> <Delay = 0.00>
ST_1 : Operation 120 [1/1] (0.00ns)   --->   "%mrv_27 = insertvalue { i6, i6, i6, i6, i6, i6, i6, i6, i6, i6, i6, i6, i6, i6, i6, i6, i6, i6, i6, i6, i6, i6, i6, i6, i6, i6, i6, i6, i6, i6, i6, i6, i6, i6, i6, i6, i6, i6, i6, i6, i6, i6, i6, i6, i6, i6, i6, i6, i6, i6, i6, i6, i6, i6, i6, i6, i6, i6, i6, i6, i6, i6, i6, i6, i6, i6, i6, i6, i6, i6, i6, i6, i6, i6, i6, i6, i6, i6, i6, i6, i6, i6, i6, i6, i6, i6, i6, i6, i6, i6 } %mrv_26, i6 %kernel_window_77_V_read_2, 27" [firmware/nnet_utils/nnet_conv_stream.h:235]   --->   Operation 120 'insertvalue' 'mrv_27' <Predicate = true> <Delay = 0.00>
ST_1 : Operation 121 [1/1] (0.00ns)   --->   "%mrv_28 = insertvalue { i6, i6, i6, i6, i6, i6, i6, i6, i6, i6, i6, i6, i6, i6, i6, i6, i6, i6, i6, i6, i6, i6, i6, i6, i6, i6, i6, i6, i6, i6, i6, i6, i6, i6, i6, i6, i6, i6, i6, i6, i6, i6, i6, i6, i6, i6, i6, i6, i6, i6, i6, i6, i6, i6, i6, i6, i6, i6, i6, i6, i6, i6, i6, i6, i6, i6, i6, i6, i6, i6, i6, i6, i6, i6, i6, i6, i6, i6, i6, i6, i6, i6, i6, i6, i6, i6, i6, i6, i6, i6 } %mrv_27, i6 %kernel_window_78_V_read_2, 28" [firmware/nnet_utils/nnet_conv_stream.h:235]   --->   Operation 121 'insertvalue' 'mrv_28' <Predicate = true> <Delay = 0.00>
ST_1 : Operation 122 [1/1] (0.00ns)   --->   "%mrv_29 = insertvalue { i6, i6, i6, i6, i6, i6, i6, i6, i6, i6, i6, i6, i6, i6, i6, i6, i6, i6, i6, i6, i6, i6, i6, i6, i6, i6, i6, i6, i6, i6, i6, i6, i6, i6, i6, i6, i6, i6, i6, i6, i6, i6, i6, i6, i6, i6, i6, i6, i6, i6, i6, i6, i6, i6, i6, i6, i6, i6, i6, i6, i6, i6, i6, i6, i6, i6, i6, i6, i6, i6, i6, i6, i6, i6, i6, i6, i6, i6, i6, i6, i6, i6, i6, i6, i6, i6, i6, i6, i6, i6 } %mrv_28, i6 %kernel_window_79_V_read_2, 29" [firmware/nnet_utils/nnet_conv_stream.h:235]   --->   Operation 122 'insertvalue' 'mrv_29' <Predicate = true> <Delay = 0.00>
ST_1 : Operation 123 [1/1] (0.00ns)   --->   "%mrv_30 = insertvalue { i6, i6, i6, i6, i6, i6, i6, i6, i6, i6, i6, i6, i6, i6, i6, i6, i6, i6, i6, i6, i6, i6, i6, i6, i6, i6, i6, i6, i6, i6, i6, i6, i6, i6, i6, i6, i6, i6, i6, i6, i6, i6, i6, i6, i6, i6, i6, i6, i6, i6, i6, i6, i6, i6, i6, i6, i6, i6, i6, i6, i6, i6, i6, i6, i6, i6, i6, i6, i6, i6, i6, i6, i6, i6, i6, i6, i6, i6, i6, i6, i6, i6, i6, i6, i6, i6, i6, i6, i6, i6 } %mrv_29, i6 %kernel_window_20_V_read_3, 30" [firmware/nnet_utils/nnet_conv_stream.h:235]   --->   Operation 123 'insertvalue' 'mrv_30' <Predicate = true> <Delay = 0.00>
ST_1 : Operation 124 [1/1] (0.00ns)   --->   "%mrv_31 = insertvalue { i6, i6, i6, i6, i6, i6, i6, i6, i6, i6, i6, i6, i6, i6, i6, i6, i6, i6, i6, i6, i6, i6, i6, i6, i6, i6, i6, i6, i6, i6, i6, i6, i6, i6, i6, i6, i6, i6, i6, i6, i6, i6, i6, i6, i6, i6, i6, i6, i6, i6, i6, i6, i6, i6, i6, i6, i6, i6, i6, i6, i6, i6, i6, i6, i6, i6, i6, i6, i6, i6, i6, i6, i6, i6, i6, i6, i6, i6, i6, i6, i6, i6, i6, i6, i6, i6, i6, i6, i6, i6 } %mrv_30, i6 %kernel_window_21_V_read_3, 31" [firmware/nnet_utils/nnet_conv_stream.h:235]   --->   Operation 124 'insertvalue' 'mrv_31' <Predicate = true> <Delay = 0.00>
ST_1 : Operation 125 [1/1] (0.00ns)   --->   "%mrv_32 = insertvalue { i6, i6, i6, i6, i6, i6, i6, i6, i6, i6, i6, i6, i6, i6, i6, i6, i6, i6, i6, i6, i6, i6, i6, i6, i6, i6, i6, i6, i6, i6, i6, i6, i6, i6, i6, i6, i6, i6, i6, i6, i6, i6, i6, i6, i6, i6, i6, i6, i6, i6, i6, i6, i6, i6, i6, i6, i6, i6, i6, i6, i6, i6, i6, i6, i6, i6, i6, i6, i6, i6, i6, i6, i6, i6, i6, i6, i6, i6, i6, i6, i6, i6, i6, i6, i6, i6, i6, i6, i6, i6 } %mrv_31, i6 %kernel_window_22_V_read_3, 32" [firmware/nnet_utils/nnet_conv_stream.h:235]   --->   Operation 125 'insertvalue' 'mrv_32' <Predicate = true> <Delay = 0.00>
ST_1 : Operation 126 [1/1] (0.00ns)   --->   "%mrv_33 = insertvalue { i6, i6, i6, i6, i6, i6, i6, i6, i6, i6, i6, i6, i6, i6, i6, i6, i6, i6, i6, i6, i6, i6, i6, i6, i6, i6, i6, i6, i6, i6, i6, i6, i6, i6, i6, i6, i6, i6, i6, i6, i6, i6, i6, i6, i6, i6, i6, i6, i6, i6, i6, i6, i6, i6, i6, i6, i6, i6, i6, i6, i6, i6, i6, i6, i6, i6, i6, i6, i6, i6, i6, i6, i6, i6, i6, i6, i6, i6, i6, i6, i6, i6, i6, i6, i6, i6, i6, i6, i6, i6 } %mrv_32, i6 %kernel_window_23_V_read_3, 33" [firmware/nnet_utils/nnet_conv_stream.h:235]   --->   Operation 126 'insertvalue' 'mrv_33' <Predicate = true> <Delay = 0.00>
ST_1 : Operation 127 [1/1] (0.00ns)   --->   "%mrv_34 = insertvalue { i6, i6, i6, i6, i6, i6, i6, i6, i6, i6, i6, i6, i6, i6, i6, i6, i6, i6, i6, i6, i6, i6, i6, i6, i6, i6, i6, i6, i6, i6, i6, i6, i6, i6, i6, i6, i6, i6, i6, i6, i6, i6, i6, i6, i6, i6, i6, i6, i6, i6, i6, i6, i6, i6, i6, i6, i6, i6, i6, i6, i6, i6, i6, i6, i6, i6, i6, i6, i6, i6, i6, i6, i6, i6, i6, i6, i6, i6, i6, i6, i6, i6, i6, i6, i6, i6, i6, i6, i6, i6 } %mrv_33, i6 %kernel_window_24_V_read_3, 34" [firmware/nnet_utils/nnet_conv_stream.h:235]   --->   Operation 127 'insertvalue' 'mrv_34' <Predicate = true> <Delay = 0.00>
ST_1 : Operation 128 [1/1] (0.00ns)   --->   "%mrv_35 = insertvalue { i6, i6, i6, i6, i6, i6, i6, i6, i6, i6, i6, i6, i6, i6, i6, i6, i6, i6, i6, i6, i6, i6, i6, i6, i6, i6, i6, i6, i6, i6, i6, i6, i6, i6, i6, i6, i6, i6, i6, i6, i6, i6, i6, i6, i6, i6, i6, i6, i6, i6, i6, i6, i6, i6, i6, i6, i6, i6, i6, i6, i6, i6, i6, i6, i6, i6, i6, i6, i6, i6, i6, i6, i6, i6, i6, i6, i6, i6, i6, i6, i6, i6, i6, i6, i6, i6, i6, i6, i6, i6 } %mrv_34, i6 %kernel_window_25_V_read_3, 35" [firmware/nnet_utils/nnet_conv_stream.h:235]   --->   Operation 128 'insertvalue' 'mrv_35' <Predicate = true> <Delay = 0.00>
ST_1 : Operation 129 [1/1] (0.00ns)   --->   "%mrv_36 = insertvalue { i6, i6, i6, i6, i6, i6, i6, i6, i6, i6, i6, i6, i6, i6, i6, i6, i6, i6, i6, i6, i6, i6, i6, i6, i6, i6, i6, i6, i6, i6, i6, i6, i6, i6, i6, i6, i6, i6, i6, i6, i6, i6, i6, i6, i6, i6, i6, i6, i6, i6, i6, i6, i6, i6, i6, i6, i6, i6, i6, i6, i6, i6, i6, i6, i6, i6, i6, i6, i6, i6, i6, i6, i6, i6, i6, i6, i6, i6, i6, i6, i6, i6, i6, i6, i6, i6, i6, i6, i6, i6 } %mrv_35, i6 %kernel_window_26_V_read_3, 36" [firmware/nnet_utils/nnet_conv_stream.h:235]   --->   Operation 129 'insertvalue' 'mrv_36' <Predicate = true> <Delay = 0.00>
ST_1 : Operation 130 [1/1] (0.00ns)   --->   "%mrv_37 = insertvalue { i6, i6, i6, i6, i6, i6, i6, i6, i6, i6, i6, i6, i6, i6, i6, i6, i6, i6, i6, i6, i6, i6, i6, i6, i6, i6, i6, i6, i6, i6, i6, i6, i6, i6, i6, i6, i6, i6, i6, i6, i6, i6, i6, i6, i6, i6, i6, i6, i6, i6, i6, i6, i6, i6, i6, i6, i6, i6, i6, i6, i6, i6, i6, i6, i6, i6, i6, i6, i6, i6, i6, i6, i6, i6, i6, i6, i6, i6, i6, i6, i6, i6, i6, i6, i6, i6, i6, i6, i6, i6 } %mrv_36, i6 %kernel_window_27_V_read_3, 37" [firmware/nnet_utils/nnet_conv_stream.h:235]   --->   Operation 130 'insertvalue' 'mrv_37' <Predicate = true> <Delay = 0.00>
ST_1 : Operation 131 [1/1] (0.00ns)   --->   "%mrv_38 = insertvalue { i6, i6, i6, i6, i6, i6, i6, i6, i6, i6, i6, i6, i6, i6, i6, i6, i6, i6, i6, i6, i6, i6, i6, i6, i6, i6, i6, i6, i6, i6, i6, i6, i6, i6, i6, i6, i6, i6, i6, i6, i6, i6, i6, i6, i6, i6, i6, i6, i6, i6, i6, i6, i6, i6, i6, i6, i6, i6, i6, i6, i6, i6, i6, i6, i6, i6, i6, i6, i6, i6, i6, i6, i6, i6, i6, i6, i6, i6, i6, i6, i6, i6, i6, i6, i6, i6, i6, i6, i6, i6 } %mrv_37, i6 %kernel_window_28_V_read_3, 38" [firmware/nnet_utils/nnet_conv_stream.h:235]   --->   Operation 131 'insertvalue' 'mrv_38' <Predicate = true> <Delay = 0.00>
ST_1 : Operation 132 [1/1] (0.00ns)   --->   "%mrv_39 = insertvalue { i6, i6, i6, i6, i6, i6, i6, i6, i6, i6, i6, i6, i6, i6, i6, i6, i6, i6, i6, i6, i6, i6, i6, i6, i6, i6, i6, i6, i6, i6, i6, i6, i6, i6, i6, i6, i6, i6, i6, i6, i6, i6, i6, i6, i6, i6, i6, i6, i6, i6, i6, i6, i6, i6, i6, i6, i6, i6, i6, i6, i6, i6, i6, i6, i6, i6, i6, i6, i6, i6, i6, i6, i6, i6, i6, i6, i6, i6, i6, i6, i6, i6, i6, i6, i6, i6, i6, i6, i6, i6 } %mrv_38, i6 %kernel_window_29_V_read_3, 39" [firmware/nnet_utils/nnet_conv_stream.h:235]   --->   Operation 132 'insertvalue' 'mrv_39' <Predicate = true> <Delay = 0.00>
ST_1 : Operation 133 [1/1] (0.00ns)   --->   "%mrv_40 = insertvalue { i6, i6, i6, i6, i6, i6, i6, i6, i6, i6, i6, i6, i6, i6, i6, i6, i6, i6, i6, i6, i6, i6, i6, i6, i6, i6, i6, i6, i6, i6, i6, i6, i6, i6, i6, i6, i6, i6, i6, i6, i6, i6, i6, i6, i6, i6, i6, i6, i6, i6, i6, i6, i6, i6, i6, i6, i6, i6, i6, i6, i6, i6, i6, i6, i6, i6, i6, i6, i6, i6, i6, i6, i6, i6, i6, i6, i6, i6, i6, i6, i6, i6, i6, i6, i6, i6, i6, i6, i6, i6 } %mrv_39, i6 %DataOut_V_167, 40" [firmware/nnet_utils/nnet_conv_stream.h:235]   --->   Operation 133 'insertvalue' 'mrv_40' <Predicate = true> <Delay = 0.00>
ST_1 : Operation 134 [1/1] (0.00ns)   --->   "%mrv_41 = insertvalue { i6, i6, i6, i6, i6, i6, i6, i6, i6, i6, i6, i6, i6, i6, i6, i6, i6, i6, i6, i6, i6, i6, i6, i6, i6, i6, i6, i6, i6, i6, i6, i6, i6, i6, i6, i6, i6, i6, i6, i6, i6, i6, i6, i6, i6, i6, i6, i6, i6, i6, i6, i6, i6, i6, i6, i6, i6, i6, i6, i6, i6, i6, i6, i6, i6, i6, i6, i6, i6, i6, i6, i6, i6, i6, i6, i6, i6, i6, i6, i6, i6, i6, i6, i6, i6, i6, i6, i6, i6, i6 } %mrv_40, i6 %DataOut_V_169, 41" [firmware/nnet_utils/nnet_conv_stream.h:235]   --->   Operation 134 'insertvalue' 'mrv_41' <Predicate = true> <Delay = 0.00>
ST_1 : Operation 135 [1/1] (0.00ns)   --->   "%mrv_42 = insertvalue { i6, i6, i6, i6, i6, i6, i6, i6, i6, i6, i6, i6, i6, i6, i6, i6, i6, i6, i6, i6, i6, i6, i6, i6, i6, i6, i6, i6, i6, i6, i6, i6, i6, i6, i6, i6, i6, i6, i6, i6, i6, i6, i6, i6, i6, i6, i6, i6, i6, i6, i6, i6, i6, i6, i6, i6, i6, i6, i6, i6, i6, i6, i6, i6, i6, i6, i6, i6, i6, i6, i6, i6, i6, i6, i6, i6, i6, i6, i6, i6, i6, i6, i6, i6, i6, i6, i6, i6, i6, i6 } %mrv_41, i6 %DataOut_V_171, 42" [firmware/nnet_utils/nnet_conv_stream.h:235]   --->   Operation 135 'insertvalue' 'mrv_42' <Predicate = true> <Delay = 0.00>
ST_1 : Operation 136 [1/1] (0.00ns)   --->   "%mrv_43 = insertvalue { i6, i6, i6, i6, i6, i6, i6, i6, i6, i6, i6, i6, i6, i6, i6, i6, i6, i6, i6, i6, i6, i6, i6, i6, i6, i6, i6, i6, i6, i6, i6, i6, i6, i6, i6, i6, i6, i6, i6, i6, i6, i6, i6, i6, i6, i6, i6, i6, i6, i6, i6, i6, i6, i6, i6, i6, i6, i6, i6, i6, i6, i6, i6, i6, i6, i6, i6, i6, i6, i6, i6, i6, i6, i6, i6, i6, i6, i6, i6, i6, i6, i6, i6, i6, i6, i6, i6, i6, i6, i6 } %mrv_42, i6 %DataOut_V_173, 43" [firmware/nnet_utils/nnet_conv_stream.h:235]   --->   Operation 136 'insertvalue' 'mrv_43' <Predicate = true> <Delay = 0.00>
ST_1 : Operation 137 [1/1] (0.00ns)   --->   "%mrv_44 = insertvalue { i6, i6, i6, i6, i6, i6, i6, i6, i6, i6, i6, i6, i6, i6, i6, i6, i6, i6, i6, i6, i6, i6, i6, i6, i6, i6, i6, i6, i6, i6, i6, i6, i6, i6, i6, i6, i6, i6, i6, i6, i6, i6, i6, i6, i6, i6, i6, i6, i6, i6, i6, i6, i6, i6, i6, i6, i6, i6, i6, i6, i6, i6, i6, i6, i6, i6, i6, i6, i6, i6, i6, i6, i6, i6, i6, i6, i6, i6, i6, i6, i6, i6, i6, i6, i6, i6, i6, i6, i6, i6 } %mrv_43, i6 %DataOut_V_175, 44" [firmware/nnet_utils/nnet_conv_stream.h:235]   --->   Operation 137 'insertvalue' 'mrv_44' <Predicate = true> <Delay = 0.00>
ST_1 : Operation 138 [1/1] (0.00ns)   --->   "%mrv_45 = insertvalue { i6, i6, i6, i6, i6, i6, i6, i6, i6, i6, i6, i6, i6, i6, i6, i6, i6, i6, i6, i6, i6, i6, i6, i6, i6, i6, i6, i6, i6, i6, i6, i6, i6, i6, i6, i6, i6, i6, i6, i6, i6, i6, i6, i6, i6, i6, i6, i6, i6, i6, i6, i6, i6, i6, i6, i6, i6, i6, i6, i6, i6, i6, i6, i6, i6, i6, i6, i6, i6, i6, i6, i6, i6, i6, i6, i6, i6, i6, i6, i6, i6, i6, i6, i6, i6, i6, i6, i6, i6, i6 } %mrv_44, i6 %DataOut_V_177, 45" [firmware/nnet_utils/nnet_conv_stream.h:235]   --->   Operation 138 'insertvalue' 'mrv_45' <Predicate = true> <Delay = 0.00>
ST_1 : Operation 139 [1/1] (0.00ns)   --->   "%mrv_46 = insertvalue { i6, i6, i6, i6, i6, i6, i6, i6, i6, i6, i6, i6, i6, i6, i6, i6, i6, i6, i6, i6, i6, i6, i6, i6, i6, i6, i6, i6, i6, i6, i6, i6, i6, i6, i6, i6, i6, i6, i6, i6, i6, i6, i6, i6, i6, i6, i6, i6, i6, i6, i6, i6, i6, i6, i6, i6, i6, i6, i6, i6, i6, i6, i6, i6, i6, i6, i6, i6, i6, i6, i6, i6, i6, i6, i6, i6, i6, i6, i6, i6, i6, i6, i6, i6, i6, i6, i6, i6, i6, i6 } %mrv_45, i6 %DataOut_V_179, 46" [firmware/nnet_utils/nnet_conv_stream.h:235]   --->   Operation 139 'insertvalue' 'mrv_46' <Predicate = true> <Delay = 0.00>
ST_1 : Operation 140 [1/1] (0.00ns)   --->   "%mrv_47 = insertvalue { i6, i6, i6, i6, i6, i6, i6, i6, i6, i6, i6, i6, i6, i6, i6, i6, i6, i6, i6, i6, i6, i6, i6, i6, i6, i6, i6, i6, i6, i6, i6, i6, i6, i6, i6, i6, i6, i6, i6, i6, i6, i6, i6, i6, i6, i6, i6, i6, i6, i6, i6, i6, i6, i6, i6, i6, i6, i6, i6, i6, i6, i6, i6, i6, i6, i6, i6, i6, i6, i6, i6, i6, i6, i6, i6, i6, i6, i6, i6, i6, i6, i6, i6, i6, i6, i6, i6, i6, i6, i6 } %mrv_46, i6 %DataOut_V_181, 47" [firmware/nnet_utils/nnet_conv_stream.h:235]   --->   Operation 140 'insertvalue' 'mrv_47' <Predicate = true> <Delay = 0.00>
ST_1 : Operation 141 [1/1] (0.00ns)   --->   "%mrv_48 = insertvalue { i6, i6, i6, i6, i6, i6, i6, i6, i6, i6, i6, i6, i6, i6, i6, i6, i6, i6, i6, i6, i6, i6, i6, i6, i6, i6, i6, i6, i6, i6, i6, i6, i6, i6, i6, i6, i6, i6, i6, i6, i6, i6, i6, i6, i6, i6, i6, i6, i6, i6, i6, i6, i6, i6, i6, i6, i6, i6, i6, i6, i6, i6, i6, i6, i6, i6, i6, i6, i6, i6, i6, i6, i6, i6, i6, i6, i6, i6, i6, i6, i6, i6, i6, i6, i6, i6, i6, i6, i6, i6 } %mrv_47, i6 %DataOut_V_183, 48" [firmware/nnet_utils/nnet_conv_stream.h:235]   --->   Operation 141 'insertvalue' 'mrv_48' <Predicate = true> <Delay = 0.00>
ST_1 : Operation 142 [1/1] (0.00ns)   --->   "%mrv_49 = insertvalue { i6, i6, i6, i6, i6, i6, i6, i6, i6, i6, i6, i6, i6, i6, i6, i6, i6, i6, i6, i6, i6, i6, i6, i6, i6, i6, i6, i6, i6, i6, i6, i6, i6, i6, i6, i6, i6, i6, i6, i6, i6, i6, i6, i6, i6, i6, i6, i6, i6, i6, i6, i6, i6, i6, i6, i6, i6, i6, i6, i6, i6, i6, i6, i6, i6, i6, i6, i6, i6, i6, i6, i6, i6, i6, i6, i6, i6, i6, i6, i6, i6, i6, i6, i6, i6, i6, i6, i6, i6, i6 } %mrv_48, i6 %DataOut_V, 49" [firmware/nnet_utils/nnet_conv_stream.h:235]   --->   Operation 142 'insertvalue' 'mrv_49' <Predicate = true> <Delay = 0.00>
ST_1 : Operation 143 [1/1] (0.00ns)   --->   "%mrv_50 = insertvalue { i6, i6, i6, i6, i6, i6, i6, i6, i6, i6, i6, i6, i6, i6, i6, i6, i6, i6, i6, i6, i6, i6, i6, i6, i6, i6, i6, i6, i6, i6, i6, i6, i6, i6, i6, i6, i6, i6, i6, i6, i6, i6, i6, i6, i6, i6, i6, i6, i6, i6, i6, i6, i6, i6, i6, i6, i6, i6, i6, i6, i6, i6, i6, i6, i6, i6, i6, i6, i6, i6, i6, i6, i6, i6, i6, i6, i6, i6, i6, i6, i6, i6, i6, i6, i6, i6, i6, i6, i6, i6 } %mrv_49, i6 %kernel_window_50_V_read_1, 50" [firmware/nnet_utils/nnet_conv_stream.h:235]   --->   Operation 143 'insertvalue' 'mrv_50' <Predicate = true> <Delay = 0.00>
ST_1 : Operation 144 [1/1] (0.00ns)   --->   "%mrv_51 = insertvalue { i6, i6, i6, i6, i6, i6, i6, i6, i6, i6, i6, i6, i6, i6, i6, i6, i6, i6, i6, i6, i6, i6, i6, i6, i6, i6, i6, i6, i6, i6, i6, i6, i6, i6, i6, i6, i6, i6, i6, i6, i6, i6, i6, i6, i6, i6, i6, i6, i6, i6, i6, i6, i6, i6, i6, i6, i6, i6, i6, i6, i6, i6, i6, i6, i6, i6, i6, i6, i6, i6, i6, i6, i6, i6, i6, i6, i6, i6, i6, i6, i6, i6, i6, i6, i6, i6, i6, i6, i6, i6 } %mrv_50, i6 %kernel_window_51_V_read_1, 51" [firmware/nnet_utils/nnet_conv_stream.h:235]   --->   Operation 144 'insertvalue' 'mrv_51' <Predicate = true> <Delay = 0.00>
ST_1 : Operation 145 [1/1] (0.00ns)   --->   "%mrv_52 = insertvalue { i6, i6, i6, i6, i6, i6, i6, i6, i6, i6, i6, i6, i6, i6, i6, i6, i6, i6, i6, i6, i6, i6, i6, i6, i6, i6, i6, i6, i6, i6, i6, i6, i6, i6, i6, i6, i6, i6, i6, i6, i6, i6, i6, i6, i6, i6, i6, i6, i6, i6, i6, i6, i6, i6, i6, i6, i6, i6, i6, i6, i6, i6, i6, i6, i6, i6, i6, i6, i6, i6, i6, i6, i6, i6, i6, i6, i6, i6, i6, i6, i6, i6, i6, i6, i6, i6, i6, i6, i6, i6 } %mrv_51, i6 %kernel_window_52_V_read_1, 52" [firmware/nnet_utils/nnet_conv_stream.h:235]   --->   Operation 145 'insertvalue' 'mrv_52' <Predicate = true> <Delay = 0.00>
ST_1 : Operation 146 [1/1] (0.00ns)   --->   "%mrv_53 = insertvalue { i6, i6, i6, i6, i6, i6, i6, i6, i6, i6, i6, i6, i6, i6, i6, i6, i6, i6, i6, i6, i6, i6, i6, i6, i6, i6, i6, i6, i6, i6, i6, i6, i6, i6, i6, i6, i6, i6, i6, i6, i6, i6, i6, i6, i6, i6, i6, i6, i6, i6, i6, i6, i6, i6, i6, i6, i6, i6, i6, i6, i6, i6, i6, i6, i6, i6, i6, i6, i6, i6, i6, i6, i6, i6, i6, i6, i6, i6, i6, i6, i6, i6, i6, i6, i6, i6, i6, i6, i6, i6 } %mrv_52, i6 %kernel_window_53_V_read_1, 53" [firmware/nnet_utils/nnet_conv_stream.h:235]   --->   Operation 146 'insertvalue' 'mrv_53' <Predicate = true> <Delay = 0.00>
ST_1 : Operation 147 [1/1] (0.00ns)   --->   "%mrv_54 = insertvalue { i6, i6, i6, i6, i6, i6, i6, i6, i6, i6, i6, i6, i6, i6, i6, i6, i6, i6, i6, i6, i6, i6, i6, i6, i6, i6, i6, i6, i6, i6, i6, i6, i6, i6, i6, i6, i6, i6, i6, i6, i6, i6, i6, i6, i6, i6, i6, i6, i6, i6, i6, i6, i6, i6, i6, i6, i6, i6, i6, i6, i6, i6, i6, i6, i6, i6, i6, i6, i6, i6, i6, i6, i6, i6, i6, i6, i6, i6, i6, i6, i6, i6, i6, i6, i6, i6, i6, i6, i6, i6 } %mrv_53, i6 %kernel_window_54_V_read_1, 54" [firmware/nnet_utils/nnet_conv_stream.h:235]   --->   Operation 147 'insertvalue' 'mrv_54' <Predicate = true> <Delay = 0.00>
ST_1 : Operation 148 [1/1] (0.00ns)   --->   "%mrv_55 = insertvalue { i6, i6, i6, i6, i6, i6, i6, i6, i6, i6, i6, i6, i6, i6, i6, i6, i6, i6, i6, i6, i6, i6, i6, i6, i6, i6, i6, i6, i6, i6, i6, i6, i6, i6, i6, i6, i6, i6, i6, i6, i6, i6, i6, i6, i6, i6, i6, i6, i6, i6, i6, i6, i6, i6, i6, i6, i6, i6, i6, i6, i6, i6, i6, i6, i6, i6, i6, i6, i6, i6, i6, i6, i6, i6, i6, i6, i6, i6, i6, i6, i6, i6, i6, i6, i6, i6, i6, i6, i6, i6 } %mrv_54, i6 %kernel_window_55_V_read_1, 55" [firmware/nnet_utils/nnet_conv_stream.h:235]   --->   Operation 148 'insertvalue' 'mrv_55' <Predicate = true> <Delay = 0.00>
ST_1 : Operation 149 [1/1] (0.00ns)   --->   "%mrv_56 = insertvalue { i6, i6, i6, i6, i6, i6, i6, i6, i6, i6, i6, i6, i6, i6, i6, i6, i6, i6, i6, i6, i6, i6, i6, i6, i6, i6, i6, i6, i6, i6, i6, i6, i6, i6, i6, i6, i6, i6, i6, i6, i6, i6, i6, i6, i6, i6, i6, i6, i6, i6, i6, i6, i6, i6, i6, i6, i6, i6, i6, i6, i6, i6, i6, i6, i6, i6, i6, i6, i6, i6, i6, i6, i6, i6, i6, i6, i6, i6, i6, i6, i6, i6, i6, i6, i6, i6, i6, i6, i6, i6 } %mrv_55, i6 %kernel_window_56_V_read_2, 56" [firmware/nnet_utils/nnet_conv_stream.h:235]   --->   Operation 149 'insertvalue' 'mrv_56' <Predicate = true> <Delay = 0.00>
ST_1 : Operation 150 [1/1] (0.00ns)   --->   "%mrv_57 = insertvalue { i6, i6, i6, i6, i6, i6, i6, i6, i6, i6, i6, i6, i6, i6, i6, i6, i6, i6, i6, i6, i6, i6, i6, i6, i6, i6, i6, i6, i6, i6, i6, i6, i6, i6, i6, i6, i6, i6, i6, i6, i6, i6, i6, i6, i6, i6, i6, i6, i6, i6, i6, i6, i6, i6, i6, i6, i6, i6, i6, i6, i6, i6, i6, i6, i6, i6, i6, i6, i6, i6, i6, i6, i6, i6, i6, i6, i6, i6, i6, i6, i6, i6, i6, i6, i6, i6, i6, i6, i6, i6 } %mrv_56, i6 %kernel_window_57_V_read_2, 57" [firmware/nnet_utils/nnet_conv_stream.h:235]   --->   Operation 150 'insertvalue' 'mrv_57' <Predicate = true> <Delay = 0.00>
ST_1 : Operation 151 [1/1] (0.00ns)   --->   "%mrv_58 = insertvalue { i6, i6, i6, i6, i6, i6, i6, i6, i6, i6, i6, i6, i6, i6, i6, i6, i6, i6, i6, i6, i6, i6, i6, i6, i6, i6, i6, i6, i6, i6, i6, i6, i6, i6, i6, i6, i6, i6, i6, i6, i6, i6, i6, i6, i6, i6, i6, i6, i6, i6, i6, i6, i6, i6, i6, i6, i6, i6, i6, i6, i6, i6, i6, i6, i6, i6, i6, i6, i6, i6, i6, i6, i6, i6, i6, i6, i6, i6, i6, i6, i6, i6, i6, i6, i6, i6, i6, i6, i6, i6 } %mrv_57, i6 %kernel_window_58_V_read_2, 58" [firmware/nnet_utils/nnet_conv_stream.h:235]   --->   Operation 151 'insertvalue' 'mrv_58' <Predicate = true> <Delay = 0.00>
ST_1 : Operation 152 [1/1] (0.00ns)   --->   "%mrv_59 = insertvalue { i6, i6, i6, i6, i6, i6, i6, i6, i6, i6, i6, i6, i6, i6, i6, i6, i6, i6, i6, i6, i6, i6, i6, i6, i6, i6, i6, i6, i6, i6, i6, i6, i6, i6, i6, i6, i6, i6, i6, i6, i6, i6, i6, i6, i6, i6, i6, i6, i6, i6, i6, i6, i6, i6, i6, i6, i6, i6, i6, i6, i6, i6, i6, i6, i6, i6, i6, i6, i6, i6, i6, i6, i6, i6, i6, i6, i6, i6, i6, i6, i6, i6, i6, i6, i6, i6, i6, i6, i6, i6 } %mrv_58, i6 %kernel_window_59_V_read_2, 59" [firmware/nnet_utils/nnet_conv_stream.h:235]   --->   Operation 152 'insertvalue' 'mrv_59' <Predicate = true> <Delay = 0.00>
ST_1 : Operation 153 [1/1] (0.00ns)   --->   "%mrv_60 = insertvalue { i6, i6, i6, i6, i6, i6, i6, i6, i6, i6, i6, i6, i6, i6, i6, i6, i6, i6, i6, i6, i6, i6, i6, i6, i6, i6, i6, i6, i6, i6, i6, i6, i6, i6, i6, i6, i6, i6, i6, i6, i6, i6, i6, i6, i6, i6, i6, i6, i6, i6, i6, i6, i6, i6, i6, i6, i6, i6, i6, i6, i6, i6, i6, i6, i6, i6, i6, i6, i6, i6, i6, i6, i6, i6, i6, i6, i6, i6, i6, i6, i6, i6, i6, i6, i6, i6, i6, i6, i6, i6 } %mrv_59, i6 %DataOut_V_166, 60" [firmware/nnet_utils/nnet_conv_stream.h:235]   --->   Operation 153 'insertvalue' 'mrv_60' <Predicate = true> <Delay = 0.00>
ST_1 : Operation 154 [1/1] (0.00ns)   --->   "%mrv_61 = insertvalue { i6, i6, i6, i6, i6, i6, i6, i6, i6, i6, i6, i6, i6, i6, i6, i6, i6, i6, i6, i6, i6, i6, i6, i6, i6, i6, i6, i6, i6, i6, i6, i6, i6, i6, i6, i6, i6, i6, i6, i6, i6, i6, i6, i6, i6, i6, i6, i6, i6, i6, i6, i6, i6, i6, i6, i6, i6, i6, i6, i6, i6, i6, i6, i6, i6, i6, i6, i6, i6, i6, i6, i6, i6, i6, i6, i6, i6, i6, i6, i6, i6, i6, i6, i6, i6, i6, i6, i6, i6, i6 } %mrv_60, i6 %DataOut_V_168, 61" [firmware/nnet_utils/nnet_conv_stream.h:235]   --->   Operation 154 'insertvalue' 'mrv_61' <Predicate = true> <Delay = 0.00>
ST_1 : Operation 155 [1/1] (0.00ns)   --->   "%mrv_62 = insertvalue { i6, i6, i6, i6, i6, i6, i6, i6, i6, i6, i6, i6, i6, i6, i6, i6, i6, i6, i6, i6, i6, i6, i6, i6, i6, i6, i6, i6, i6, i6, i6, i6, i6, i6, i6, i6, i6, i6, i6, i6, i6, i6, i6, i6, i6, i6, i6, i6, i6, i6, i6, i6, i6, i6, i6, i6, i6, i6, i6, i6, i6, i6, i6, i6, i6, i6, i6, i6, i6, i6, i6, i6, i6, i6, i6, i6, i6, i6, i6, i6, i6, i6, i6, i6, i6, i6, i6, i6, i6, i6 } %mrv_61, i6 %DataOut_V_170, 62" [firmware/nnet_utils/nnet_conv_stream.h:235]   --->   Operation 155 'insertvalue' 'mrv_62' <Predicate = true> <Delay = 0.00>
ST_1 : Operation 156 [1/1] (0.00ns)   --->   "%mrv_63 = insertvalue { i6, i6, i6, i6, i6, i6, i6, i6, i6, i6, i6, i6, i6, i6, i6, i6, i6, i6, i6, i6, i6, i6, i6, i6, i6, i6, i6, i6, i6, i6, i6, i6, i6, i6, i6, i6, i6, i6, i6, i6, i6, i6, i6, i6, i6, i6, i6, i6, i6, i6, i6, i6, i6, i6, i6, i6, i6, i6, i6, i6, i6, i6, i6, i6, i6, i6, i6, i6, i6, i6, i6, i6, i6, i6, i6, i6, i6, i6, i6, i6, i6, i6, i6, i6, i6, i6, i6, i6, i6, i6 } %mrv_62, i6 %DataOut_V_172, 63" [firmware/nnet_utils/nnet_conv_stream.h:235]   --->   Operation 156 'insertvalue' 'mrv_63' <Predicate = true> <Delay = 0.00>
ST_1 : Operation 157 [1/1] (0.00ns)   --->   "%mrv_64 = insertvalue { i6, i6, i6, i6, i6, i6, i6, i6, i6, i6, i6, i6, i6, i6, i6, i6, i6, i6, i6, i6, i6, i6, i6, i6, i6, i6, i6, i6, i6, i6, i6, i6, i6, i6, i6, i6, i6, i6, i6, i6, i6, i6, i6, i6, i6, i6, i6, i6, i6, i6, i6, i6, i6, i6, i6, i6, i6, i6, i6, i6, i6, i6, i6, i6, i6, i6, i6, i6, i6, i6, i6, i6, i6, i6, i6, i6, i6, i6, i6, i6, i6, i6, i6, i6, i6, i6, i6, i6, i6, i6 } %mrv_63, i6 %DataOut_V_174, 64" [firmware/nnet_utils/nnet_conv_stream.h:235]   --->   Operation 157 'insertvalue' 'mrv_64' <Predicate = true> <Delay = 0.00>
ST_1 : Operation 158 [1/1] (0.00ns)   --->   "%mrv_65 = insertvalue { i6, i6, i6, i6, i6, i6, i6, i6, i6, i6, i6, i6, i6, i6, i6, i6, i6, i6, i6, i6, i6, i6, i6, i6, i6, i6, i6, i6, i6, i6, i6, i6, i6, i6, i6, i6, i6, i6, i6, i6, i6, i6, i6, i6, i6, i6, i6, i6, i6, i6, i6, i6, i6, i6, i6, i6, i6, i6, i6, i6, i6, i6, i6, i6, i6, i6, i6, i6, i6, i6, i6, i6, i6, i6, i6, i6, i6, i6, i6, i6, i6, i6, i6, i6, i6, i6, i6, i6, i6, i6 } %mrv_64, i6 %DataOut_V_176, 65" [firmware/nnet_utils/nnet_conv_stream.h:235]   --->   Operation 158 'insertvalue' 'mrv_65' <Predicate = true> <Delay = 0.00>
ST_1 : Operation 159 [1/1] (0.00ns)   --->   "%mrv_66 = insertvalue { i6, i6, i6, i6, i6, i6, i6, i6, i6, i6, i6, i6, i6, i6, i6, i6, i6, i6, i6, i6, i6, i6, i6, i6, i6, i6, i6, i6, i6, i6, i6, i6, i6, i6, i6, i6, i6, i6, i6, i6, i6, i6, i6, i6, i6, i6, i6, i6, i6, i6, i6, i6, i6, i6, i6, i6, i6, i6, i6, i6, i6, i6, i6, i6, i6, i6, i6, i6, i6, i6, i6, i6, i6, i6, i6, i6, i6, i6, i6, i6, i6, i6, i6, i6, i6, i6, i6, i6, i6, i6 } %mrv_65, i6 %DataOut_V_178, 66" [firmware/nnet_utils/nnet_conv_stream.h:235]   --->   Operation 159 'insertvalue' 'mrv_66' <Predicate = true> <Delay = 0.00>
ST_1 : Operation 160 [1/1] (0.00ns)   --->   "%mrv_67 = insertvalue { i6, i6, i6, i6, i6, i6, i6, i6, i6, i6, i6, i6, i6, i6, i6, i6, i6, i6, i6, i6, i6, i6, i6, i6, i6, i6, i6, i6, i6, i6, i6, i6, i6, i6, i6, i6, i6, i6, i6, i6, i6, i6, i6, i6, i6, i6, i6, i6, i6, i6, i6, i6, i6, i6, i6, i6, i6, i6, i6, i6, i6, i6, i6, i6, i6, i6, i6, i6, i6, i6, i6, i6, i6, i6, i6, i6, i6, i6, i6, i6, i6, i6, i6, i6, i6, i6, i6, i6, i6, i6 } %mrv_66, i6 %DataOut_V_180, 67" [firmware/nnet_utils/nnet_conv_stream.h:235]   --->   Operation 160 'insertvalue' 'mrv_67' <Predicate = true> <Delay = 0.00>
ST_1 : Operation 161 [1/1] (0.00ns)   --->   "%mrv_68 = insertvalue { i6, i6, i6, i6, i6, i6, i6, i6, i6, i6, i6, i6, i6, i6, i6, i6, i6, i6, i6, i6, i6, i6, i6, i6, i6, i6, i6, i6, i6, i6, i6, i6, i6, i6, i6, i6, i6, i6, i6, i6, i6, i6, i6, i6, i6, i6, i6, i6, i6, i6, i6, i6, i6, i6, i6, i6, i6, i6, i6, i6, i6, i6, i6, i6, i6, i6, i6, i6, i6, i6, i6, i6, i6, i6, i6, i6, i6, i6, i6, i6, i6, i6, i6, i6, i6, i6, i6, i6, i6, i6 } %mrv_67, i6 %DataOut_V_182, 68" [firmware/nnet_utils/nnet_conv_stream.h:235]   --->   Operation 161 'insertvalue' 'mrv_68' <Predicate = true> <Delay = 0.00>
ST_1 : Operation 162 [1/1] (0.00ns)   --->   "%mrv_69 = insertvalue { i6, i6, i6, i6, i6, i6, i6, i6, i6, i6, i6, i6, i6, i6, i6, i6, i6, i6, i6, i6, i6, i6, i6, i6, i6, i6, i6, i6, i6, i6, i6, i6, i6, i6, i6, i6, i6, i6, i6, i6, i6, i6, i6, i6, i6, i6, i6, i6, i6, i6, i6, i6, i6, i6, i6, i6, i6, i6, i6, i6, i6, i6, i6, i6, i6, i6, i6, i6, i6, i6, i6, i6, i6, i6, i6, i6, i6, i6, i6, i6, i6, i6, i6, i6, i6, i6, i6, i6, i6, i6 } %mrv_68, i6 %DataOut_V_184, 69" [firmware/nnet_utils/nnet_conv_stream.h:235]   --->   Operation 162 'insertvalue' 'mrv_69' <Predicate = true> <Delay = 0.00>
ST_1 : Operation 163 [1/1] (0.00ns)   --->   "%mrv_70 = insertvalue { i6, i6, i6, i6, i6, i6, i6, i6, i6, i6, i6, i6, i6, i6, i6, i6, i6, i6, i6, i6, i6, i6, i6, i6, i6, i6, i6, i6, i6, i6, i6, i6, i6, i6, i6, i6, i6, i6, i6, i6, i6, i6, i6, i6, i6, i6, i6, i6, i6, i6, i6, i6, i6, i6, i6, i6, i6, i6, i6, i6, i6, i6, i6, i6, i6, i6, i6, i6, i6, i6, i6, i6, i6, i6, i6, i6, i6, i6, i6, i6, i6, i6, i6, i6, i6, i6, i6, i6, i6, i6 } %mrv_69, i6 %kernel_window_80_V_read_2, 70" [firmware/nnet_utils/nnet_conv_stream.h:235]   --->   Operation 163 'insertvalue' 'mrv_70' <Predicate = true> <Delay = 0.00>
ST_1 : Operation 164 [1/1] (0.00ns)   --->   "%mrv_71 = insertvalue { i6, i6, i6, i6, i6, i6, i6, i6, i6, i6, i6, i6, i6, i6, i6, i6, i6, i6, i6, i6, i6, i6, i6, i6, i6, i6, i6, i6, i6, i6, i6, i6, i6, i6, i6, i6, i6, i6, i6, i6, i6, i6, i6, i6, i6, i6, i6, i6, i6, i6, i6, i6, i6, i6, i6, i6, i6, i6, i6, i6, i6, i6, i6, i6, i6, i6, i6, i6, i6, i6, i6, i6, i6, i6, i6, i6, i6, i6, i6, i6, i6, i6, i6, i6, i6, i6, i6, i6, i6, i6 } %mrv_70, i6 %kernel_window_81_V_read_2, 71" [firmware/nnet_utils/nnet_conv_stream.h:235]   --->   Operation 164 'insertvalue' 'mrv_71' <Predicate = true> <Delay = 0.00>
ST_1 : Operation 165 [1/1] (0.00ns)   --->   "%mrv_72 = insertvalue { i6, i6, i6, i6, i6, i6, i6, i6, i6, i6, i6, i6, i6, i6, i6, i6, i6, i6, i6, i6, i6, i6, i6, i6, i6, i6, i6, i6, i6, i6, i6, i6, i6, i6, i6, i6, i6, i6, i6, i6, i6, i6, i6, i6, i6, i6, i6, i6, i6, i6, i6, i6, i6, i6, i6, i6, i6, i6, i6, i6, i6, i6, i6, i6, i6, i6, i6, i6, i6, i6, i6, i6, i6, i6, i6, i6, i6, i6, i6, i6, i6, i6, i6, i6, i6, i6, i6, i6, i6, i6 } %mrv_71, i6 %kernel_window_82_V_read_2, 72" [firmware/nnet_utils/nnet_conv_stream.h:235]   --->   Operation 165 'insertvalue' 'mrv_72' <Predicate = true> <Delay = 0.00>
ST_1 : Operation 166 [1/1] (0.00ns)   --->   "%mrv_73 = insertvalue { i6, i6, i6, i6, i6, i6, i6, i6, i6, i6, i6, i6, i6, i6, i6, i6, i6, i6, i6, i6, i6, i6, i6, i6, i6, i6, i6, i6, i6, i6, i6, i6, i6, i6, i6, i6, i6, i6, i6, i6, i6, i6, i6, i6, i6, i6, i6, i6, i6, i6, i6, i6, i6, i6, i6, i6, i6, i6, i6, i6, i6, i6, i6, i6, i6, i6, i6, i6, i6, i6, i6, i6, i6, i6, i6, i6, i6, i6, i6, i6, i6, i6, i6, i6, i6, i6, i6, i6, i6, i6 } %mrv_72, i6 %kernel_window_83_V_read_2, 73" [firmware/nnet_utils/nnet_conv_stream.h:235]   --->   Operation 166 'insertvalue' 'mrv_73' <Predicate = true> <Delay = 0.00>
ST_1 : Operation 167 [1/1] (0.00ns)   --->   "%mrv_74 = insertvalue { i6, i6, i6, i6, i6, i6, i6, i6, i6, i6, i6, i6, i6, i6, i6, i6, i6, i6, i6, i6, i6, i6, i6, i6, i6, i6, i6, i6, i6, i6, i6, i6, i6, i6, i6, i6, i6, i6, i6, i6, i6, i6, i6, i6, i6, i6, i6, i6, i6, i6, i6, i6, i6, i6, i6, i6, i6, i6, i6, i6, i6, i6, i6, i6, i6, i6, i6, i6, i6, i6, i6, i6, i6, i6, i6, i6, i6, i6, i6, i6, i6, i6, i6, i6, i6, i6, i6, i6, i6, i6 } %mrv_73, i6 %kernel_window_84_V_read_2, 74" [firmware/nnet_utils/nnet_conv_stream.h:235]   --->   Operation 167 'insertvalue' 'mrv_74' <Predicate = true> <Delay = 0.00>
ST_1 : Operation 168 [1/1] (0.00ns)   --->   "%mrv_75 = insertvalue { i6, i6, i6, i6, i6, i6, i6, i6, i6, i6, i6, i6, i6, i6, i6, i6, i6, i6, i6, i6, i6, i6, i6, i6, i6, i6, i6, i6, i6, i6, i6, i6, i6, i6, i6, i6, i6, i6, i6, i6, i6, i6, i6, i6, i6, i6, i6, i6, i6, i6, i6, i6, i6, i6, i6, i6, i6, i6, i6, i6, i6, i6, i6, i6, i6, i6, i6, i6, i6, i6, i6, i6, i6, i6, i6, i6, i6, i6, i6, i6, i6, i6, i6, i6, i6, i6, i6, i6, i6, i6 } %mrv_74, i6 %kernel_window_85_V_read_2, 75" [firmware/nnet_utils/nnet_conv_stream.h:235]   --->   Operation 168 'insertvalue' 'mrv_75' <Predicate = true> <Delay = 0.00>
ST_1 : Operation 169 [1/1] (0.00ns)   --->   "%mrv_76 = insertvalue { i6, i6, i6, i6, i6, i6, i6, i6, i6, i6, i6, i6, i6, i6, i6, i6, i6, i6, i6, i6, i6, i6, i6, i6, i6, i6, i6, i6, i6, i6, i6, i6, i6, i6, i6, i6, i6, i6, i6, i6, i6, i6, i6, i6, i6, i6, i6, i6, i6, i6, i6, i6, i6, i6, i6, i6, i6, i6, i6, i6, i6, i6, i6, i6, i6, i6, i6, i6, i6, i6, i6, i6, i6, i6, i6, i6, i6, i6, i6, i6, i6, i6, i6, i6, i6, i6, i6, i6, i6, i6 } %mrv_75, i6 %kernel_window_86_V_read_2, 76" [firmware/nnet_utils/nnet_conv_stream.h:235]   --->   Operation 169 'insertvalue' 'mrv_76' <Predicate = true> <Delay = 0.00>
ST_1 : Operation 170 [1/1] (0.00ns)   --->   "%mrv_77 = insertvalue { i6, i6, i6, i6, i6, i6, i6, i6, i6, i6, i6, i6, i6, i6, i6, i6, i6, i6, i6, i6, i6, i6, i6, i6, i6, i6, i6, i6, i6, i6, i6, i6, i6, i6, i6, i6, i6, i6, i6, i6, i6, i6, i6, i6, i6, i6, i6, i6, i6, i6, i6, i6, i6, i6, i6, i6, i6, i6, i6, i6, i6, i6, i6, i6, i6, i6, i6, i6, i6, i6, i6, i6, i6, i6, i6, i6, i6, i6, i6, i6, i6, i6, i6, i6, i6, i6, i6, i6, i6, i6 } %mrv_76, i6 %kernel_window_87_V_read_2, 77" [firmware/nnet_utils/nnet_conv_stream.h:235]   --->   Operation 170 'insertvalue' 'mrv_77' <Predicate = true> <Delay = 0.00>
ST_1 : Operation 171 [1/1] (0.00ns)   --->   "%mrv_78 = insertvalue { i6, i6, i6, i6, i6, i6, i6, i6, i6, i6, i6, i6, i6, i6, i6, i6, i6, i6, i6, i6, i6, i6, i6, i6, i6, i6, i6, i6, i6, i6, i6, i6, i6, i6, i6, i6, i6, i6, i6, i6, i6, i6, i6, i6, i6, i6, i6, i6, i6, i6, i6, i6, i6, i6, i6, i6, i6, i6, i6, i6, i6, i6, i6, i6, i6, i6, i6, i6, i6, i6, i6, i6, i6, i6, i6, i6, i6, i6, i6, i6, i6, i6, i6, i6, i6, i6, i6, i6, i6, i6 } %mrv_77, i6 %kernel_window_88_V_read_2, 78" [firmware/nnet_utils/nnet_conv_stream.h:235]   --->   Operation 171 'insertvalue' 'mrv_78' <Predicate = true> <Delay = 0.00>
ST_1 : Operation 172 [1/1] (0.00ns)   --->   "%mrv_79 = insertvalue { i6, i6, i6, i6, i6, i6, i6, i6, i6, i6, i6, i6, i6, i6, i6, i6, i6, i6, i6, i6, i6, i6, i6, i6, i6, i6, i6, i6, i6, i6, i6, i6, i6, i6, i6, i6, i6, i6, i6, i6, i6, i6, i6, i6, i6, i6, i6, i6, i6, i6, i6, i6, i6, i6, i6, i6, i6, i6, i6, i6, i6, i6, i6, i6, i6, i6, i6, i6, i6, i6, i6, i6, i6, i6, i6, i6, i6, i6, i6, i6, i6, i6, i6, i6, i6, i6, i6, i6, i6, i6 } %mrv_78, i6 %kernel_window_89_V_read_2, 79" [firmware/nnet_utils/nnet_conv_stream.h:235]   --->   Operation 172 'insertvalue' 'mrv_79' <Predicate = true> <Delay = 0.00>
ST_1 : Operation 173 [1/1] (0.00ns)   --->   "%mrv_80 = insertvalue { i6, i6, i6, i6, i6, i6, i6, i6, i6, i6, i6, i6, i6, i6, i6, i6, i6, i6, i6, i6, i6, i6, i6, i6, i6, i6, i6, i6, i6, i6, i6, i6, i6, i6, i6, i6, i6, i6, i6, i6, i6, i6, i6, i6, i6, i6, i6, i6, i6, i6, i6, i6, i6, i6, i6, i6, i6, i6, i6, i6, i6, i6, i6, i6, i6, i6, i6, i6, i6, i6, i6, i6, i6, i6, i6, i6, i6, i6, i6, i6, i6, i6, i6, i6, i6, i6, i6, i6, i6, i6 } %mrv_79, i6 %kernel_window_80_V_write_read, 80" [firmware/nnet_utils/nnet_conv_stream.h:235]   --->   Operation 173 'insertvalue' 'mrv_80' <Predicate = true> <Delay = 0.00>
ST_1 : Operation 174 [1/1] (0.00ns)   --->   "%mrv_81 = insertvalue { i6, i6, i6, i6, i6, i6, i6, i6, i6, i6, i6, i6, i6, i6, i6, i6, i6, i6, i6, i6, i6, i6, i6, i6, i6, i6, i6, i6, i6, i6, i6, i6, i6, i6, i6, i6, i6, i6, i6, i6, i6, i6, i6, i6, i6, i6, i6, i6, i6, i6, i6, i6, i6, i6, i6, i6, i6, i6, i6, i6, i6, i6, i6, i6, i6, i6, i6, i6, i6, i6, i6, i6, i6, i6, i6, i6, i6, i6, i6, i6, i6, i6, i6, i6, i6, i6, i6, i6, i6, i6 } %mrv_80, i6 %kernel_window_81_V_write_read, 81" [firmware/nnet_utils/nnet_conv_stream.h:235]   --->   Operation 174 'insertvalue' 'mrv_81' <Predicate = true> <Delay = 0.00>
ST_1 : Operation 175 [1/1] (0.00ns)   --->   "%mrv_82 = insertvalue { i6, i6, i6, i6, i6, i6, i6, i6, i6, i6, i6, i6, i6, i6, i6, i6, i6, i6, i6, i6, i6, i6, i6, i6, i6, i6, i6, i6, i6, i6, i6, i6, i6, i6, i6, i6, i6, i6, i6, i6, i6, i6, i6, i6, i6, i6, i6, i6, i6, i6, i6, i6, i6, i6, i6, i6, i6, i6, i6, i6, i6, i6, i6, i6, i6, i6, i6, i6, i6, i6, i6, i6, i6, i6, i6, i6, i6, i6, i6, i6, i6, i6, i6, i6, i6, i6, i6, i6, i6, i6 } %mrv_81, i6 %kernel_window_82_V_write_read, 82" [firmware/nnet_utils/nnet_conv_stream.h:235]   --->   Operation 175 'insertvalue' 'mrv_82' <Predicate = true> <Delay = 0.00>
ST_1 : Operation 176 [1/1] (0.00ns)   --->   "%mrv_83 = insertvalue { i6, i6, i6, i6, i6, i6, i6, i6, i6, i6, i6, i6, i6, i6, i6, i6, i6, i6, i6, i6, i6, i6, i6, i6, i6, i6, i6, i6, i6, i6, i6, i6, i6, i6, i6, i6, i6, i6, i6, i6, i6, i6, i6, i6, i6, i6, i6, i6, i6, i6, i6, i6, i6, i6, i6, i6, i6, i6, i6, i6, i6, i6, i6, i6, i6, i6, i6, i6, i6, i6, i6, i6, i6, i6, i6, i6, i6, i6, i6, i6, i6, i6, i6, i6, i6, i6, i6, i6, i6, i6 } %mrv_82, i6 %kernel_window_83_V_write_read, 83" [firmware/nnet_utils/nnet_conv_stream.h:235]   --->   Operation 176 'insertvalue' 'mrv_83' <Predicate = true> <Delay = 0.00>
ST_1 : Operation 177 [1/1] (0.00ns)   --->   "%mrv_84 = insertvalue { i6, i6, i6, i6, i6, i6, i6, i6, i6, i6, i6, i6, i6, i6, i6, i6, i6, i6, i6, i6, i6, i6, i6, i6, i6, i6, i6, i6, i6, i6, i6, i6, i6, i6, i6, i6, i6, i6, i6, i6, i6, i6, i6, i6, i6, i6, i6, i6, i6, i6, i6, i6, i6, i6, i6, i6, i6, i6, i6, i6, i6, i6, i6, i6, i6, i6, i6, i6, i6, i6, i6, i6, i6, i6, i6, i6, i6, i6, i6, i6, i6, i6, i6, i6, i6, i6, i6, i6, i6, i6 } %mrv_83, i6 %kernel_window_84_V_write_read, 84" [firmware/nnet_utils/nnet_conv_stream.h:235]   --->   Operation 177 'insertvalue' 'mrv_84' <Predicate = true> <Delay = 0.00>
ST_1 : Operation 178 [1/1] (0.00ns)   --->   "%mrv_85 = insertvalue { i6, i6, i6, i6, i6, i6, i6, i6, i6, i6, i6, i6, i6, i6, i6, i6, i6, i6, i6, i6, i6, i6, i6, i6, i6, i6, i6, i6, i6, i6, i6, i6, i6, i6, i6, i6, i6, i6, i6, i6, i6, i6, i6, i6, i6, i6, i6, i6, i6, i6, i6, i6, i6, i6, i6, i6, i6, i6, i6, i6, i6, i6, i6, i6, i6, i6, i6, i6, i6, i6, i6, i6, i6, i6, i6, i6, i6, i6, i6, i6, i6, i6, i6, i6, i6, i6, i6, i6, i6, i6 } %mrv_84, i6 %kernel_window_85_V_write_read, 85" [firmware/nnet_utils/nnet_conv_stream.h:235]   --->   Operation 178 'insertvalue' 'mrv_85' <Predicate = true> <Delay = 0.00>
ST_1 : Operation 179 [1/1] (0.00ns)   --->   "%mrv_86 = insertvalue { i6, i6, i6, i6, i6, i6, i6, i6, i6, i6, i6, i6, i6, i6, i6, i6, i6, i6, i6, i6, i6, i6, i6, i6, i6, i6, i6, i6, i6, i6, i6, i6, i6, i6, i6, i6, i6, i6, i6, i6, i6, i6, i6, i6, i6, i6, i6, i6, i6, i6, i6, i6, i6, i6, i6, i6, i6, i6, i6, i6, i6, i6, i6, i6, i6, i6, i6, i6, i6, i6, i6, i6, i6, i6, i6, i6, i6, i6, i6, i6, i6, i6, i6, i6, i6, i6, i6, i6, i6, i6 } %mrv_85, i6 %kernel_window_86_V_write_read, 86" [firmware/nnet_utils/nnet_conv_stream.h:235]   --->   Operation 179 'insertvalue' 'mrv_86' <Predicate = true> <Delay = 0.00>
ST_1 : Operation 180 [1/1] (0.00ns)   --->   "%mrv_87 = insertvalue { i6, i6, i6, i6, i6, i6, i6, i6, i6, i6, i6, i6, i6, i6, i6, i6, i6, i6, i6, i6, i6, i6, i6, i6, i6, i6, i6, i6, i6, i6, i6, i6, i6, i6, i6, i6, i6, i6, i6, i6, i6, i6, i6, i6, i6, i6, i6, i6, i6, i6, i6, i6, i6, i6, i6, i6, i6, i6, i6, i6, i6, i6, i6, i6, i6, i6, i6, i6, i6, i6, i6, i6, i6, i6, i6, i6, i6, i6, i6, i6, i6, i6, i6, i6, i6, i6, i6, i6, i6, i6 } %mrv_86, i6 %kernel_window_87_V_write_read, 87" [firmware/nnet_utils/nnet_conv_stream.h:235]   --->   Operation 180 'insertvalue' 'mrv_87' <Predicate = true> <Delay = 0.00>
ST_1 : Operation 181 [1/1] (0.00ns)   --->   "%mrv_88 = insertvalue { i6, i6, i6, i6, i6, i6, i6, i6, i6, i6, i6, i6, i6, i6, i6, i6, i6, i6, i6, i6, i6, i6, i6, i6, i6, i6, i6, i6, i6, i6, i6, i6, i6, i6, i6, i6, i6, i6, i6, i6, i6, i6, i6, i6, i6, i6, i6, i6, i6, i6, i6, i6, i6, i6, i6, i6, i6, i6, i6, i6, i6, i6, i6, i6, i6, i6, i6, i6, i6, i6, i6, i6, i6, i6, i6, i6, i6, i6, i6, i6, i6, i6, i6, i6, i6, i6, i6, i6, i6, i6 } %mrv_87, i6 %kernel_window_88_V_write_read, 88" [firmware/nnet_utils/nnet_conv_stream.h:235]   --->   Operation 181 'insertvalue' 'mrv_88' <Predicate = true> <Delay = 0.00>
ST_1 : Operation 182 [1/1] (0.00ns)   --->   "%mrv_89 = insertvalue { i6, i6, i6, i6, i6, i6, i6, i6, i6, i6, i6, i6, i6, i6, i6, i6, i6, i6, i6, i6, i6, i6, i6, i6, i6, i6, i6, i6, i6, i6, i6, i6, i6, i6, i6, i6, i6, i6, i6, i6, i6, i6, i6, i6, i6, i6, i6, i6, i6, i6, i6, i6, i6, i6, i6, i6, i6, i6, i6, i6, i6, i6, i6, i6, i6, i6, i6, i6, i6, i6, i6, i6, i6, i6, i6, i6, i6, i6, i6, i6, i6, i6, i6, i6, i6, i6, i6, i6, i6, i6 } %mrv_88, i6 %kernel_window_89_V_write_read, 89" [firmware/nnet_utils/nnet_conv_stream.h:235]   --->   Operation 182 'insertvalue' 'mrv_89' <Predicate = true> <Delay = 0.00>
ST_1 : Operation 183 [1/1] (0.00ns)   --->   "ret { i6, i6, i6, i6, i6, i6, i6, i6, i6, i6, i6, i6, i6, i6, i6, i6, i6, i6, i6, i6, i6, i6, i6, i6, i6, i6, i6, i6, i6, i6, i6, i6, i6, i6, i6, i6, i6, i6, i6, i6, i6, i6, i6, i6, i6, i6, i6, i6, i6, i6, i6, i6, i6, i6, i6, i6, i6, i6, i6, i6, i6, i6, i6, i6, i6, i6, i6, i6, i6, i6, i6, i6, i6, i6, i6, i6, i6, i6, i6, i6, i6, i6, i6, i6, i6, i6, i6, i6, i6, i6 } %mrv_89" [firmware/nnet_utils/nnet_conv_stream.h:235]   --->   Operation 183 'ret' <Predicate = true> <Delay = 0.00>


============================================================
+ Verbose Summary: Timing violations
============================================================
Target clock period: 5ns, clock uncertainty: 0.625ns.

 <State 1>: 3.23ns
The critical path consists of the following:
	wire read on port 'kernel_window_89_V_write' (firmware/nnet_utils/nnet_conv_stream.h:210) [131]  (0 ns)
	'memshiftread' operation ('DataOut.V', firmware/nnet_utils/nnet_conv_stream.h:230) [160]  (1.62 ns)
	'memshiftread' operation ('DataOut.V', firmware/nnet_utils/nnet_conv_stream.h:230) [161]  (1.62 ns)


============================================================
+ Verbose Summary: Binding
============================================================
N/A
* FSMD analyzer results:
  - Output states:
 - Input state : 
  - Chain level:
	State 1


============================================================
+ Verbose Summary: Datapath Resource usage 
============================================================
N/A
