

================================================================
== Vivado HLS Report for 'shift_line_buffer_array_ap_fixed_10u_config10_s'
================================================================
* Date:           Sun Nov 14 10:20:13 2021

* Version:        2019.1 (Build 2552052 on Fri May 24 15:28:33 MDT 2019)
* Project:        myproject_prj
* Solution:       solution1
* Product family: zynq
* Target device:  xc7z020-clg400-1


================================================================
== Performance Estimates
================================================================
+ Timing (ns): 
    * Summary: 
    +--------+-------+----------+------------+
    |  Clock | Target| Estimated| Uncertainty|
    +--------+-------+----------+------------+
    |ap_clk  |   5.00|     3.234|        0.62|
    +--------+-------+----------+------------+

+ Latency (clock cycles): 
    * Summary: 
    +-----+-----+-----+-----+----------+
    |  Latency  |  Interval | Pipeline |
    | min | max | min | max |   Type   |
    +-----+-----+-----+-----+----------+
    |    0|    0|    1|    1| function |
    +-----+-----+-----+-----+----------+

    + Detail: 
        * Instance: 
        N/A

        * Loop: 
        N/A

============================================================
+ Verbose Summary: Synthesis Manager
============================================================
InlineROM: 1
ExposeGlobal: 0
============================================================
+ Verbose Summary: CDFG Model
============================================================
IsTopModel: 0
ResetActiveHigh: 1
IsCombinational: 0
IsDatapathOnly: 0
HasWiredReturn: 1
HasMFsm: 2
HasVarLatency: 0
IsPipeline: 1
IsRtlPipelined: 0
IsInstanceOverlapped: 0
IsDontTouch: 0
HasImplIP: 0
IsGatedGlobalClock: 0

+ Individual pipeline summary: 
  * Pipeline-0: initiation interval (II) = 1, depth = 1


============================================================
+ Verbose Summary: Schedule
============================================================
* Number of FSM states : 1
* Pipeline : 1
  Pipeline-0 : II = 1, D = 1, States = { 1 }
* Dataflow Pipeline: 0

* FSM state transitions: 
1 --> 

* FSM state operations: 

State 1 <SV = 0> <Delay = 3.23>
ST_1 : Operation 2 [1/1] (0.00ns)   --->   "%kernel_window_89_V_read_3 = call i16 @_ssdm_op_Read.ap_auto.i16(i16 %kernel_window_89_V_read)" [firmware/nnet_utils/nnet_conv_stream.h:210]   --->   Operation 2 'read' 'kernel_window_89_V_read_3' <Predicate = true> <Delay = 0.00>
ST_1 : Operation 3 [1/1] (0.00ns)   --->   "%kernel_window_88_V_read_3 = call i16 @_ssdm_op_Read.ap_auto.i16(i16 %kernel_window_88_V_read)" [firmware/nnet_utils/nnet_conv_stream.h:210]   --->   Operation 3 'read' 'kernel_window_88_V_read_3' <Predicate = true> <Delay = 0.00>
ST_1 : Operation 4 [1/1] (0.00ns)   --->   "%kernel_window_87_V_read_3 = call i16 @_ssdm_op_Read.ap_auto.i16(i16 %kernel_window_87_V_read)" [firmware/nnet_utils/nnet_conv_stream.h:210]   --->   Operation 4 'read' 'kernel_window_87_V_read_3' <Predicate = true> <Delay = 0.00>
ST_1 : Operation 5 [1/1] (0.00ns)   --->   "%kernel_window_86_V_read_3 = call i16 @_ssdm_op_Read.ap_auto.i16(i16 %kernel_window_86_V_read)" [firmware/nnet_utils/nnet_conv_stream.h:210]   --->   Operation 5 'read' 'kernel_window_86_V_read_3' <Predicate = true> <Delay = 0.00>
ST_1 : Operation 6 [1/1] (0.00ns)   --->   "%kernel_window_85_V_read_3 = call i16 @_ssdm_op_Read.ap_auto.i16(i16 %kernel_window_85_V_read)" [firmware/nnet_utils/nnet_conv_stream.h:210]   --->   Operation 6 'read' 'kernel_window_85_V_read_3' <Predicate = true> <Delay = 0.00>
ST_1 : Operation 7 [1/1] (0.00ns)   --->   "%kernel_window_84_V_read_3 = call i16 @_ssdm_op_Read.ap_auto.i16(i16 %kernel_window_84_V_read)" [firmware/nnet_utils/nnet_conv_stream.h:210]   --->   Operation 7 'read' 'kernel_window_84_V_read_3' <Predicate = true> <Delay = 0.00>
ST_1 : Operation 8 [1/1] (0.00ns)   --->   "%kernel_window_83_V_read_3 = call i16 @_ssdm_op_Read.ap_auto.i16(i16 %kernel_window_83_V_read)" [firmware/nnet_utils/nnet_conv_stream.h:210]   --->   Operation 8 'read' 'kernel_window_83_V_read_3' <Predicate = true> <Delay = 0.00>
ST_1 : Operation 9 [1/1] (0.00ns)   --->   "%kernel_window_82_V_read_3 = call i16 @_ssdm_op_Read.ap_auto.i16(i16 %kernel_window_82_V_read)" [firmware/nnet_utils/nnet_conv_stream.h:210]   --->   Operation 9 'read' 'kernel_window_82_V_read_3' <Predicate = true> <Delay = 0.00>
ST_1 : Operation 10 [1/1] (0.00ns)   --->   "%kernel_window_81_V_read_3 = call i16 @_ssdm_op_Read.ap_auto.i16(i16 %kernel_window_81_V_read)" [firmware/nnet_utils/nnet_conv_stream.h:210]   --->   Operation 10 'read' 'kernel_window_81_V_read_3' <Predicate = true> <Delay = 0.00>
ST_1 : Operation 11 [1/1] (0.00ns)   --->   "%kernel_window_80_V_read_3 = call i16 @_ssdm_op_Read.ap_auto.i16(i16 %kernel_window_80_V_read)" [firmware/nnet_utils/nnet_conv_stream.h:210]   --->   Operation 11 'read' 'kernel_window_80_V_read_3' <Predicate = true> <Delay = 0.00>
ST_1 : Operation 12 [1/1] (0.00ns)   --->   "%kernel_window_79_V_read_3 = call i16 @_ssdm_op_Read.ap_auto.i16(i16 %kernel_window_79_V_read)" [firmware/nnet_utils/nnet_conv_stream.h:210]   --->   Operation 12 'read' 'kernel_window_79_V_read_3' <Predicate = true> <Delay = 0.00>
ST_1 : Operation 13 [1/1] (0.00ns)   --->   "%kernel_window_78_V_read_3 = call i16 @_ssdm_op_Read.ap_auto.i16(i16 %kernel_window_78_V_read)" [firmware/nnet_utils/nnet_conv_stream.h:210]   --->   Operation 13 'read' 'kernel_window_78_V_read_3' <Predicate = true> <Delay = 0.00>
ST_1 : Operation 14 [1/1] (0.00ns)   --->   "%kernel_window_77_V_read_3 = call i16 @_ssdm_op_Read.ap_auto.i16(i16 %kernel_window_77_V_read)" [firmware/nnet_utils/nnet_conv_stream.h:210]   --->   Operation 14 'read' 'kernel_window_77_V_read_3' <Predicate = true> <Delay = 0.00>
ST_1 : Operation 15 [1/1] (0.00ns)   --->   "%kernel_window_76_V_read_3 = call i16 @_ssdm_op_Read.ap_auto.i16(i16 %kernel_window_76_V_read)" [firmware/nnet_utils/nnet_conv_stream.h:210]   --->   Operation 15 'read' 'kernel_window_76_V_read_3' <Predicate = true> <Delay = 0.00>
ST_1 : Operation 16 [1/1] (0.00ns)   --->   "%kernel_window_75_V_read_3 = call i16 @_ssdm_op_Read.ap_auto.i16(i16 %kernel_window_75_V_read)" [firmware/nnet_utils/nnet_conv_stream.h:210]   --->   Operation 16 'read' 'kernel_window_75_V_read_3' <Predicate = true> <Delay = 0.00>
ST_1 : Operation 17 [1/1] (0.00ns)   --->   "%kernel_window_74_V_read_3 = call i16 @_ssdm_op_Read.ap_auto.i16(i16 %kernel_window_74_V_read)" [firmware/nnet_utils/nnet_conv_stream.h:210]   --->   Operation 17 'read' 'kernel_window_74_V_read_3' <Predicate = true> <Delay = 0.00>
ST_1 : Operation 18 [1/1] (0.00ns)   --->   "%kernel_window_73_V_read_3 = call i16 @_ssdm_op_Read.ap_auto.i16(i16 %kernel_window_73_V_read)" [firmware/nnet_utils/nnet_conv_stream.h:210]   --->   Operation 18 'read' 'kernel_window_73_V_read_3' <Predicate = true> <Delay = 0.00>
ST_1 : Operation 19 [1/1] (0.00ns)   --->   "%kernel_window_72_V_read_3 = call i16 @_ssdm_op_Read.ap_auto.i16(i16 %kernel_window_72_V_read)" [firmware/nnet_utils/nnet_conv_stream.h:210]   --->   Operation 19 'read' 'kernel_window_72_V_read_3' <Predicate = true> <Delay = 0.00>
ST_1 : Operation 20 [1/1] (0.00ns)   --->   "%kernel_window_71_V_read_4 = call i16 @_ssdm_op_Read.ap_auto.i16(i16 %kernel_window_71_V_read)" [firmware/nnet_utils/nnet_conv_stream.h:210]   --->   Operation 20 'read' 'kernel_window_71_V_read_4' <Predicate = true> <Delay = 0.00>
ST_1 : Operation 21 [1/1] (0.00ns)   --->   "%kernel_window_70_V_read_4 = call i16 @_ssdm_op_Read.ap_auto.i16(i16 %kernel_window_70_V_read)" [firmware/nnet_utils/nnet_conv_stream.h:210]   --->   Operation 21 'read' 'kernel_window_70_V_read_4' <Predicate = true> <Delay = 0.00>
ST_1 : Operation 22 [1/1] (0.00ns)   --->   "%kernel_window_59_V_read_3 = call i16 @_ssdm_op_Read.ap_auto.i16(i16 %kernel_window_59_V_read)" [firmware/nnet_utils/nnet_conv_stream.h:210]   --->   Operation 22 'read' 'kernel_window_59_V_read_3' <Predicate = true> <Delay = 0.00>
ST_1 : Operation 23 [1/1] (0.00ns)   --->   "%kernel_window_58_V_read_3 = call i16 @_ssdm_op_Read.ap_auto.i16(i16 %kernel_window_58_V_read)" [firmware/nnet_utils/nnet_conv_stream.h:210]   --->   Operation 23 'read' 'kernel_window_58_V_read_3' <Predicate = true> <Delay = 0.00>
ST_1 : Operation 24 [1/1] (0.00ns)   --->   "%kernel_window_57_V_read_3 = call i16 @_ssdm_op_Read.ap_auto.i16(i16 %kernel_window_57_V_read)" [firmware/nnet_utils/nnet_conv_stream.h:210]   --->   Operation 24 'read' 'kernel_window_57_V_read_3' <Predicate = true> <Delay = 0.00>
ST_1 : Operation 25 [1/1] (0.00ns)   --->   "%kernel_window_56_V_read_3 = call i16 @_ssdm_op_Read.ap_auto.i16(i16 %kernel_window_56_V_read)" [firmware/nnet_utils/nnet_conv_stream.h:210]   --->   Operation 25 'read' 'kernel_window_56_V_read_3' <Predicate = true> <Delay = 0.00>
ST_1 : Operation 26 [1/1] (0.00ns)   --->   "%kernel_window_55_V_read_2 = call i16 @_ssdm_op_Read.ap_auto.i16(i16 %kernel_window_55_V_read)" [firmware/nnet_utils/nnet_conv_stream.h:210]   --->   Operation 26 'read' 'kernel_window_55_V_read_2' <Predicate = true> <Delay = 0.00>
ST_1 : Operation 27 [1/1] (0.00ns)   --->   "%kernel_window_54_V_read_2 = call i16 @_ssdm_op_Read.ap_auto.i16(i16 %kernel_window_54_V_read)" [firmware/nnet_utils/nnet_conv_stream.h:210]   --->   Operation 27 'read' 'kernel_window_54_V_read_2' <Predicate = true> <Delay = 0.00>
ST_1 : Operation 28 [1/1] (0.00ns)   --->   "%kernel_window_53_V_read_2 = call i16 @_ssdm_op_Read.ap_auto.i16(i16 %kernel_window_53_V_read)" [firmware/nnet_utils/nnet_conv_stream.h:210]   --->   Operation 28 'read' 'kernel_window_53_V_read_2' <Predicate = true> <Delay = 0.00>
ST_1 : Operation 29 [1/1] (0.00ns)   --->   "%kernel_window_52_V_read_2 = call i16 @_ssdm_op_Read.ap_auto.i16(i16 %kernel_window_52_V_read)" [firmware/nnet_utils/nnet_conv_stream.h:210]   --->   Operation 29 'read' 'kernel_window_52_V_read_2' <Predicate = true> <Delay = 0.00>
ST_1 : Operation 30 [1/1] (0.00ns)   --->   "%kernel_window_51_V_read_2 = call i16 @_ssdm_op_Read.ap_auto.i16(i16 %kernel_window_51_V_read)" [firmware/nnet_utils/nnet_conv_stream.h:210]   --->   Operation 30 'read' 'kernel_window_51_V_read_2' <Predicate = true> <Delay = 0.00>
ST_1 : Operation 31 [1/1] (0.00ns)   --->   "%kernel_window_50_V_read_2 = call i16 @_ssdm_op_Read.ap_auto.i16(i16 %kernel_window_50_V_read)" [firmware/nnet_utils/nnet_conv_stream.h:210]   --->   Operation 31 'read' 'kernel_window_50_V_read_2' <Predicate = true> <Delay = 0.00>
ST_1 : Operation 32 [1/1] (0.00ns)   --->   "%kernel_window_49_V_read_2 = call i16 @_ssdm_op_Read.ap_auto.i16(i16 %kernel_window_49_V_read)" [firmware/nnet_utils/nnet_conv_stream.h:210]   --->   Operation 32 'read' 'kernel_window_49_V_read_2' <Predicate = true> <Delay = 0.00>
ST_1 : Operation 33 [1/1] (0.00ns)   --->   "%kernel_window_48_V_read_2 = call i16 @_ssdm_op_Read.ap_auto.i16(i16 %kernel_window_48_V_read)" [firmware/nnet_utils/nnet_conv_stream.h:210]   --->   Operation 33 'read' 'kernel_window_48_V_read_2' <Predicate = true> <Delay = 0.00>
ST_1 : Operation 34 [1/1] (0.00ns)   --->   "%kernel_window_47_V_read_4 = call i16 @_ssdm_op_Read.ap_auto.i16(i16 %kernel_window_47_V_read)" [firmware/nnet_utils/nnet_conv_stream.h:210]   --->   Operation 34 'read' 'kernel_window_47_V_read_4' <Predicate = true> <Delay = 0.00>
ST_1 : Operation 35 [1/1] (0.00ns)   --->   "%kernel_window_46_V_read_4 = call i16 @_ssdm_op_Read.ap_auto.i16(i16 %kernel_window_46_V_read)" [firmware/nnet_utils/nnet_conv_stream.h:210]   --->   Operation 35 'read' 'kernel_window_46_V_read_4' <Predicate = true> <Delay = 0.00>
ST_1 : Operation 36 [1/1] (0.00ns)   --->   "%kernel_window_45_V_read_4 = call i16 @_ssdm_op_Read.ap_auto.i16(i16 %kernel_window_45_V_read)" [firmware/nnet_utils/nnet_conv_stream.h:210]   --->   Operation 36 'read' 'kernel_window_45_V_read_4' <Predicate = true> <Delay = 0.00>
ST_1 : Operation 37 [1/1] (0.00ns)   --->   "%kernel_window_44_V_read_4 = call i16 @_ssdm_op_Read.ap_auto.i16(i16 %kernel_window_44_V_read)" [firmware/nnet_utils/nnet_conv_stream.h:210]   --->   Operation 37 'read' 'kernel_window_44_V_read_4' <Predicate = true> <Delay = 0.00>
ST_1 : Operation 38 [1/1] (0.00ns)   --->   "%kernel_window_43_V_read_4 = call i16 @_ssdm_op_Read.ap_auto.i16(i16 %kernel_window_43_V_read)" [firmware/nnet_utils/nnet_conv_stream.h:210]   --->   Operation 38 'read' 'kernel_window_43_V_read_4' <Predicate = true> <Delay = 0.00>
ST_1 : Operation 39 [1/1] (0.00ns)   --->   "%kernel_window_42_V_read303 = call i16 @_ssdm_op_Read.ap_auto.i16(i16 %kernel_window_42_V_read)" [firmware/nnet_utils/nnet_conv_stream.h:210]   --->   Operation 39 'read' 'kernel_window_42_V_read303' <Predicate = true> <Delay = 0.00>
ST_1 : Operation 40 [1/1] (0.00ns)   --->   "%kernel_window_41_V_read302 = call i16 @_ssdm_op_Read.ap_auto.i16(i16 %kernel_window_41_V_read)" [firmware/nnet_utils/nnet_conv_stream.h:210]   --->   Operation 40 'read' 'kernel_window_41_V_read302' <Predicate = true> <Delay = 0.00>
ST_1 : Operation 41 [1/1] (0.00ns)   --->   "%kernel_window_40_V_read301 = call i16 @_ssdm_op_Read.ap_auto.i16(i16 %kernel_window_40_V_read)" [firmware/nnet_utils/nnet_conv_stream.h:210]   --->   Operation 41 'read' 'kernel_window_40_V_read301' <Predicate = true> <Delay = 0.00>
ST_1 : Operation 42 [1/1] (0.00ns)   --->   "%kernel_window_29_V_read_4 = call i16 @_ssdm_op_Read.ap_auto.i16(i16 %kernel_window_29_V_read)" [firmware/nnet_utils/nnet_conv_stream.h:210]   --->   Operation 42 'read' 'kernel_window_29_V_read_4' <Predicate = true> <Delay = 0.00>
ST_1 : Operation 43 [1/1] (0.00ns)   --->   "%kernel_window_28_V_read_4 = call i16 @_ssdm_op_Read.ap_auto.i16(i16 %kernel_window_28_V_read)" [firmware/nnet_utils/nnet_conv_stream.h:210]   --->   Operation 43 'read' 'kernel_window_28_V_read_4' <Predicate = true> <Delay = 0.00>
ST_1 : Operation 44 [1/1] (0.00ns)   --->   "%kernel_window_27_V_read_4 = call i16 @_ssdm_op_Read.ap_auto.i16(i16 %kernel_window_27_V_read)" [firmware/nnet_utils/nnet_conv_stream.h:210]   --->   Operation 44 'read' 'kernel_window_27_V_read_4' <Predicate = true> <Delay = 0.00>
ST_1 : Operation 45 [1/1] (0.00ns)   --->   "%kernel_window_26_V_read_4 = call i16 @_ssdm_op_Read.ap_auto.i16(i16 %kernel_window_26_V_read)" [firmware/nnet_utils/nnet_conv_stream.h:210]   --->   Operation 45 'read' 'kernel_window_26_V_read_4' <Predicate = true> <Delay = 0.00>
ST_1 : Operation 46 [1/1] (0.00ns)   --->   "%kernel_window_25_V_read_4 = call i16 @_ssdm_op_Read.ap_auto.i16(i16 %kernel_window_25_V_read)" [firmware/nnet_utils/nnet_conv_stream.h:210]   --->   Operation 46 'read' 'kernel_window_25_V_read_4' <Predicate = true> <Delay = 0.00>
ST_1 : Operation 47 [1/1] (0.00ns)   --->   "%kernel_window_24_V_read_4 = call i16 @_ssdm_op_Read.ap_auto.i16(i16 %kernel_window_24_V_read)" [firmware/nnet_utils/nnet_conv_stream.h:210]   --->   Operation 47 'read' 'kernel_window_24_V_read_4' <Predicate = true> <Delay = 0.00>
ST_1 : Operation 48 [1/1] (0.00ns)   --->   "%kernel_window_23_V_read_4 = call i16 @_ssdm_op_Read.ap_auto.i16(i16 %kernel_window_23_V_read)" [firmware/nnet_utils/nnet_conv_stream.h:210]   --->   Operation 48 'read' 'kernel_window_23_V_read_4' <Predicate = true> <Delay = 0.00>
ST_1 : Operation 49 [1/1] (0.00ns)   --->   "%kernel_window_22_V_read_4 = call i16 @_ssdm_op_Read.ap_auto.i16(i16 %kernel_window_22_V_read)" [firmware/nnet_utils/nnet_conv_stream.h:210]   --->   Operation 49 'read' 'kernel_window_22_V_read_4' <Predicate = true> <Delay = 0.00>
ST_1 : Operation 50 [1/1] (0.00ns)   --->   "%kernel_window_21_V_read_4 = call i16 @_ssdm_op_Read.ap_auto.i16(i16 %kernel_window_21_V_read)" [firmware/nnet_utils/nnet_conv_stream.h:210]   --->   Operation 50 'read' 'kernel_window_21_V_read_4' <Predicate = true> <Delay = 0.00>
ST_1 : Operation 51 [1/1] (0.00ns)   --->   "%kernel_window_20_V_read_4 = call i16 @_ssdm_op_Read.ap_auto.i16(i16 %kernel_window_20_V_read)" [firmware/nnet_utils/nnet_conv_stream.h:210]   --->   Operation 51 'read' 'kernel_window_20_V_read_4' <Predicate = true> <Delay = 0.00>
ST_1 : Operation 52 [1/1] (0.00ns)   --->   "%kernel_window_19_V_read_5 = call i16 @_ssdm_op_Read.ap_auto.i16(i16 %kernel_window_19_V_read)" [firmware/nnet_utils/nnet_conv_stream.h:210]   --->   Operation 52 'read' 'kernel_window_19_V_read_5' <Predicate = true> <Delay = 0.00>
ST_1 : Operation 53 [1/1] (0.00ns)   --->   "%kernel_window_18_V_read_5 = call i16 @_ssdm_op_Read.ap_auto.i16(i16 %kernel_window_18_V_read)" [firmware/nnet_utils/nnet_conv_stream.h:210]   --->   Operation 53 'read' 'kernel_window_18_V_read_5' <Predicate = true> <Delay = 0.00>
ST_1 : Operation 54 [1/1] (0.00ns)   --->   "%kernel_window_17_V_read_5 = call i16 @_ssdm_op_Read.ap_auto.i16(i16 %kernel_window_17_V_read)" [firmware/nnet_utils/nnet_conv_stream.h:210]   --->   Operation 54 'read' 'kernel_window_17_V_read_5' <Predicate = true> <Delay = 0.00>
ST_1 : Operation 55 [1/1] (0.00ns)   --->   "%kernel_window_16_V_read_5 = call i16 @_ssdm_op_Read.ap_auto.i16(i16 %kernel_window_16_V_read)" [firmware/nnet_utils/nnet_conv_stream.h:210]   --->   Operation 55 'read' 'kernel_window_16_V_read_5' <Predicate = true> <Delay = 0.00>
ST_1 : Operation 56 [1/1] (0.00ns)   --->   "%kernel_window_15_V_read_6 = call i16 @_ssdm_op_Read.ap_auto.i16(i16 %kernel_window_15_V_read)" [firmware/nnet_utils/nnet_conv_stream.h:210]   --->   Operation 56 'read' 'kernel_window_15_V_read_6' <Predicate = true> <Delay = 0.00>
ST_1 : Operation 57 [1/1] (0.00ns)   --->   "%kernel_window_14_V_read_6 = call i16 @_ssdm_op_Read.ap_auto.i16(i16 %kernel_window_14_V_read)" [firmware/nnet_utils/nnet_conv_stream.h:210]   --->   Operation 57 'read' 'kernel_window_14_V_read_6' <Predicate = true> <Delay = 0.00>
ST_1 : Operation 58 [1/1] (0.00ns)   --->   "%kernel_window_13_V_read_6 = call i16 @_ssdm_op_Read.ap_auto.i16(i16 %kernel_window_13_V_read)" [firmware/nnet_utils/nnet_conv_stream.h:210]   --->   Operation 58 'read' 'kernel_window_13_V_read_6' <Predicate = true> <Delay = 0.00>
ST_1 : Operation 59 [1/1] (0.00ns)   --->   "%kernel_window_12_V_read_6 = call i16 @_ssdm_op_Read.ap_auto.i16(i16 %kernel_window_12_V_read)" [firmware/nnet_utils/nnet_conv_stream.h:210]   --->   Operation 59 'read' 'kernel_window_12_V_read_6' <Predicate = true> <Delay = 0.00>
ST_1 : Operation 60 [1/1] (0.00ns)   --->   "%kernel_window_11_V_read_5 = call i16 @_ssdm_op_Read.ap_auto.i16(i16 %kernel_window_11_V_read)" [firmware/nnet_utils/nnet_conv_stream.h:210]   --->   Operation 60 'read' 'kernel_window_11_V_read_5' <Predicate = true> <Delay = 0.00>
ST_1 : Operation 61 [1/1] (0.00ns)   --->   "%kernel_window_10_V_read_5 = call i16 @_ssdm_op_Read.ap_auto.i16(i16 %kernel_window_10_V_read)" [firmware/nnet_utils/nnet_conv_stream.h:210]   --->   Operation 61 'read' 'kernel_window_10_V_read_5' <Predicate = true> <Delay = 0.00>
ST_1 : Operation 62 [1/1] (0.00ns)   --->   "%kernel_window_89_V_write_read = call i16 @_ssdm_op_Read.ap_auto.i16(i16 %kernel_window_89_V_write)" [firmware/nnet_utils/nnet_conv_stream.h:210]   --->   Operation 62 'read' 'kernel_window_89_V_write_read' <Predicate = true> <Delay = 0.00>
ST_1 : Operation 63 [1/1] (0.00ns)   --->   "%kernel_window_88_V_write_read = call i16 @_ssdm_op_Read.ap_auto.i16(i16 %kernel_window_88_V_write)" [firmware/nnet_utils/nnet_conv_stream.h:210]   --->   Operation 63 'read' 'kernel_window_88_V_write_read' <Predicate = true> <Delay = 0.00>
ST_1 : Operation 64 [1/1] (0.00ns)   --->   "%kernel_window_87_V_write_read = call i16 @_ssdm_op_Read.ap_auto.i16(i16 %kernel_window_87_V_write)" [firmware/nnet_utils/nnet_conv_stream.h:210]   --->   Operation 64 'read' 'kernel_window_87_V_write_read' <Predicate = true> <Delay = 0.00>
ST_1 : Operation 65 [1/1] (0.00ns)   --->   "%kernel_window_86_V_write_read = call i16 @_ssdm_op_Read.ap_auto.i16(i16 %kernel_window_86_V_write)" [firmware/nnet_utils/nnet_conv_stream.h:210]   --->   Operation 65 'read' 'kernel_window_86_V_write_read' <Predicate = true> <Delay = 0.00>
ST_1 : Operation 66 [1/1] (0.00ns)   --->   "%kernel_window_85_V_write_read = call i16 @_ssdm_op_Read.ap_auto.i16(i16 %kernel_window_85_V_write)" [firmware/nnet_utils/nnet_conv_stream.h:210]   --->   Operation 66 'read' 'kernel_window_85_V_write_read' <Predicate = true> <Delay = 0.00>
ST_1 : Operation 67 [1/1] (0.00ns)   --->   "%kernel_window_84_V_write_read = call i16 @_ssdm_op_Read.ap_auto.i16(i16 %kernel_window_84_V_write)" [firmware/nnet_utils/nnet_conv_stream.h:210]   --->   Operation 67 'read' 'kernel_window_84_V_write_read' <Predicate = true> <Delay = 0.00>
ST_1 : Operation 68 [1/1] (0.00ns)   --->   "%kernel_window_83_V_write_read = call i16 @_ssdm_op_Read.ap_auto.i16(i16 %kernel_window_83_V_write)" [firmware/nnet_utils/nnet_conv_stream.h:210]   --->   Operation 68 'read' 'kernel_window_83_V_write_read' <Predicate = true> <Delay = 0.00>
ST_1 : Operation 69 [1/1] (0.00ns)   --->   "%kernel_window_82_V_write_read = call i16 @_ssdm_op_Read.ap_auto.i16(i16 %kernel_window_82_V_write)" [firmware/nnet_utils/nnet_conv_stream.h:210]   --->   Operation 69 'read' 'kernel_window_82_V_write_read' <Predicate = true> <Delay = 0.00>
ST_1 : Operation 70 [1/1] (0.00ns)   --->   "%kernel_window_81_V_write_read = call i16 @_ssdm_op_Read.ap_auto.i16(i16 %kernel_window_81_V_write)" [firmware/nnet_utils/nnet_conv_stream.h:210]   --->   Operation 70 'read' 'kernel_window_81_V_write_read' <Predicate = true> <Delay = 0.00>
ST_1 : Operation 71 [1/1] (0.00ns)   --->   "%kernel_window_80_V_write_read = call i16 @_ssdm_op_Read.ap_auto.i16(i16 %kernel_window_80_V_write)" [firmware/nnet_utils/nnet_conv_stream.h:210]   --->   Operation 71 'read' 'kernel_window_80_V_write_read' <Predicate = true> <Delay = 0.00>
ST_1 : Operation 72 [1/1] (0.00ns)   --->   "call void (...)* @_ssdm_op_SpecPipeline(i32 -1, i32 1, i32 1, i32 0, [1 x i8]* @p_str24) nounwind" [firmware/nnet_utils/nnet_conv_stream.h:213]   --->   Operation 72 'specpipeline' <Predicate = true> <Delay = 0.00>
ST_1 : Operation 73 [1/1] (1.61ns)   --->   "%DataOut_V_204 = call i16 @"_ssdm_op_MemShiftRead.[6 x i16]P"(i16* getelementptr inbounds ([6 x i16]* @line_buffer_Array_V_0_0, i64 0, i64 5), i16 %kernel_window_80_V_write_read, i1 true)" [firmware/nnet_utils/nnet_conv_stream.h:230]   --->   Operation 73 'memshiftread' 'DataOut_V_204' <Predicate = true> <Delay = 1.61> <Core = "ShiftReg">   --->   Core 33 'ShiftReg' <Latency = 0> <II = 1> <Delay = 1.61> <Storage> <Opcode : 'memshiftread' 'load'> <Ports = 1> <Width = 16> <Depth = 6> <ShiftMem>
ST_1 : Operation 74 [1/1] (1.61ns)   --->   "%DataOut_V_205 = call i16 @"_ssdm_op_MemShiftRead.[6 x i16]P"(i16* getelementptr inbounds ([6 x i16]* @line_buffer_Array_V_1581_0, i64 0, i64 5), i16 %DataOut_V_204, i1 true)" [firmware/nnet_utils/nnet_conv_stream.h:230]   --->   Operation 74 'memshiftread' 'DataOut_V_205' <Predicate = true> <Delay = 1.61> <Core = "ShiftReg">   --->   Core 33 'ShiftReg' <Latency = 0> <II = 1> <Delay = 1.61> <Storage> <Opcode : 'memshiftread' 'load'> <Ports = 1> <Width = 16> <Depth = 6> <ShiftMem>
ST_1 : Operation 75 [1/1] (1.61ns)   --->   "%DataOut_V_206 = call i16 @"_ssdm_op_MemShiftRead.[6 x i16]P"(i16* getelementptr inbounds ([6 x i16]* @line_buffer_Array_V_0_1, i64 0, i64 5), i16 %kernel_window_81_V_write_read, i1 true)" [firmware/nnet_utils/nnet_conv_stream.h:230]   --->   Operation 75 'memshiftread' 'DataOut_V_206' <Predicate = true> <Delay = 1.61> <Core = "ShiftReg">   --->   Core 33 'ShiftReg' <Latency = 0> <II = 1> <Delay = 1.61> <Storage> <Opcode : 'memshiftread' 'load'> <Ports = 1> <Width = 16> <Depth = 6> <ShiftMem>
ST_1 : Operation 76 [1/1] (1.61ns)   --->   "%DataOut_V_207 = call i16 @"_ssdm_op_MemShiftRead.[6 x i16]P"(i16* getelementptr inbounds ([6 x i16]* @line_buffer_Array_V_1581_1, i64 0, i64 5), i16 %DataOut_V_206, i1 true)" [firmware/nnet_utils/nnet_conv_stream.h:230]   --->   Operation 76 'memshiftread' 'DataOut_V_207' <Predicate = true> <Delay = 1.61> <Core = "ShiftReg">   --->   Core 33 'ShiftReg' <Latency = 0> <II = 1> <Delay = 1.61> <Storage> <Opcode : 'memshiftread' 'load'> <Ports = 1> <Width = 16> <Depth = 6> <ShiftMem>
ST_1 : Operation 77 [1/1] (1.61ns)   --->   "%DataOut_V_208 = call i16 @"_ssdm_op_MemShiftRead.[6 x i16]P"(i16* getelementptr inbounds ([6 x i16]* @line_buffer_Array_V_0_2, i64 0, i64 5), i16 %kernel_window_82_V_write_read, i1 true)" [firmware/nnet_utils/nnet_conv_stream.h:230]   --->   Operation 77 'memshiftread' 'DataOut_V_208' <Predicate = true> <Delay = 1.61> <Core = "ShiftReg">   --->   Core 33 'ShiftReg' <Latency = 0> <II = 1> <Delay = 1.61> <Storage> <Opcode : 'memshiftread' 'load'> <Ports = 1> <Width = 16> <Depth = 6> <ShiftMem>
ST_1 : Operation 78 [1/1] (1.61ns)   --->   "%DataOut_V_209 = call i16 @"_ssdm_op_MemShiftRead.[6 x i16]P"(i16* getelementptr inbounds ([6 x i16]* @line_buffer_Array_V_1581_2, i64 0, i64 5), i16 %DataOut_V_208, i1 true)" [firmware/nnet_utils/nnet_conv_stream.h:230]   --->   Operation 78 'memshiftread' 'DataOut_V_209' <Predicate = true> <Delay = 1.61> <Core = "ShiftReg">   --->   Core 33 'ShiftReg' <Latency = 0> <II = 1> <Delay = 1.61> <Storage> <Opcode : 'memshiftread' 'load'> <Ports = 1> <Width = 16> <Depth = 6> <ShiftMem>
ST_1 : Operation 79 [1/1] (1.61ns)   --->   "%DataOut_V_210 = call i16 @"_ssdm_op_MemShiftRead.[6 x i16]P"(i16* getelementptr inbounds ([6 x i16]* @line_buffer_Array_V_0_3, i64 0, i64 5), i16 %kernel_window_83_V_write_read, i1 true)" [firmware/nnet_utils/nnet_conv_stream.h:230]   --->   Operation 79 'memshiftread' 'DataOut_V_210' <Predicate = true> <Delay = 1.61> <Core = "ShiftReg">   --->   Core 33 'ShiftReg' <Latency = 0> <II = 1> <Delay = 1.61> <Storage> <Opcode : 'memshiftread' 'load'> <Ports = 1> <Width = 16> <Depth = 6> <ShiftMem>
ST_1 : Operation 80 [1/1] (1.61ns)   --->   "%DataOut_V_211 = call i16 @"_ssdm_op_MemShiftRead.[6 x i16]P"(i16* getelementptr inbounds ([6 x i16]* @line_buffer_Array_V_1581_3, i64 0, i64 5), i16 %DataOut_V_210, i1 true)" [firmware/nnet_utils/nnet_conv_stream.h:230]   --->   Operation 80 'memshiftread' 'DataOut_V_211' <Predicate = true> <Delay = 1.61> <Core = "ShiftReg">   --->   Core 33 'ShiftReg' <Latency = 0> <II = 1> <Delay = 1.61> <Storage> <Opcode : 'memshiftread' 'load'> <Ports = 1> <Width = 16> <Depth = 6> <ShiftMem>
ST_1 : Operation 81 [1/1] (1.61ns)   --->   "%DataOut_V_212 = call i16 @"_ssdm_op_MemShiftRead.[6 x i16]P"(i16* getelementptr inbounds ([6 x i16]* @line_buffer_Array_V_0_4, i64 0, i64 5), i16 %kernel_window_84_V_write_read, i1 true)" [firmware/nnet_utils/nnet_conv_stream.h:230]   --->   Operation 81 'memshiftread' 'DataOut_V_212' <Predicate = true> <Delay = 1.61> <Core = "ShiftReg">   --->   Core 33 'ShiftReg' <Latency = 0> <II = 1> <Delay = 1.61> <Storage> <Opcode : 'memshiftread' 'load'> <Ports = 1> <Width = 16> <Depth = 6> <ShiftMem>
ST_1 : Operation 82 [1/1] (1.61ns)   --->   "%DataOut_V_213 = call i16 @"_ssdm_op_MemShiftRead.[6 x i16]P"(i16* getelementptr inbounds ([6 x i16]* @line_buffer_Array_V_1581_4, i64 0, i64 5), i16 %DataOut_V_212, i1 true)" [firmware/nnet_utils/nnet_conv_stream.h:230]   --->   Operation 82 'memshiftread' 'DataOut_V_213' <Predicate = true> <Delay = 1.61> <Core = "ShiftReg">   --->   Core 33 'ShiftReg' <Latency = 0> <II = 1> <Delay = 1.61> <Storage> <Opcode : 'memshiftread' 'load'> <Ports = 1> <Width = 16> <Depth = 6> <ShiftMem>
ST_1 : Operation 83 [1/1] (1.61ns)   --->   "%DataOut_V_214 = call i16 @"_ssdm_op_MemShiftRead.[6 x i16]P"(i16* getelementptr inbounds ([6 x i16]* @line_buffer_Array_V_0_5, i64 0, i64 5), i16 %kernel_window_85_V_write_read, i1 true)" [firmware/nnet_utils/nnet_conv_stream.h:230]   --->   Operation 83 'memshiftread' 'DataOut_V_214' <Predicate = true> <Delay = 1.61> <Core = "ShiftReg">   --->   Core 33 'ShiftReg' <Latency = 0> <II = 1> <Delay = 1.61> <Storage> <Opcode : 'memshiftread' 'load'> <Ports = 1> <Width = 16> <Depth = 6> <ShiftMem>
ST_1 : Operation 84 [1/1] (1.61ns)   --->   "%DataOut_V_215 = call i16 @"_ssdm_op_MemShiftRead.[6 x i16]P"(i16* getelementptr inbounds ([6 x i16]* @line_buffer_Array_V_1581_5, i64 0, i64 5), i16 %DataOut_V_214, i1 true)" [firmware/nnet_utils/nnet_conv_stream.h:230]   --->   Operation 84 'memshiftread' 'DataOut_V_215' <Predicate = true> <Delay = 1.61> <Core = "ShiftReg">   --->   Core 33 'ShiftReg' <Latency = 0> <II = 1> <Delay = 1.61> <Storage> <Opcode : 'memshiftread' 'load'> <Ports = 1> <Width = 16> <Depth = 6> <ShiftMem>
ST_1 : Operation 85 [1/1] (1.61ns)   --->   "%DataOut_V_216 = call i16 @"_ssdm_op_MemShiftRead.[6 x i16]P"(i16* getelementptr inbounds ([6 x i16]* @line_buffer_Array_V_0_6, i64 0, i64 5), i16 %kernel_window_86_V_write_read, i1 true)" [firmware/nnet_utils/nnet_conv_stream.h:230]   --->   Operation 85 'memshiftread' 'DataOut_V_216' <Predicate = true> <Delay = 1.61> <Core = "ShiftReg">   --->   Core 33 'ShiftReg' <Latency = 0> <II = 1> <Delay = 1.61> <Storage> <Opcode : 'memshiftread' 'load'> <Ports = 1> <Width = 16> <Depth = 6> <ShiftMem>
ST_1 : Operation 86 [1/1] (1.61ns)   --->   "%DataOut_V_217 = call i16 @"_ssdm_op_MemShiftRead.[6 x i16]P"(i16* getelementptr inbounds ([6 x i16]* @line_buffer_Array_V_1581_6, i64 0, i64 5), i16 %DataOut_V_216, i1 true)" [firmware/nnet_utils/nnet_conv_stream.h:230]   --->   Operation 86 'memshiftread' 'DataOut_V_217' <Predicate = true> <Delay = 1.61> <Core = "ShiftReg">   --->   Core 33 'ShiftReg' <Latency = 0> <II = 1> <Delay = 1.61> <Storage> <Opcode : 'memshiftread' 'load'> <Ports = 1> <Width = 16> <Depth = 6> <ShiftMem>
ST_1 : Operation 87 [1/1] (1.61ns)   --->   "%DataOut_V_218 = call i16 @"_ssdm_op_MemShiftRead.[6 x i16]P"(i16* getelementptr inbounds ([6 x i16]* @line_buffer_Array_V_0_7, i64 0, i64 5), i16 %kernel_window_87_V_write_read, i1 true)" [firmware/nnet_utils/nnet_conv_stream.h:230]   --->   Operation 87 'memshiftread' 'DataOut_V_218' <Predicate = true> <Delay = 1.61> <Core = "ShiftReg">   --->   Core 33 'ShiftReg' <Latency = 0> <II = 1> <Delay = 1.61> <Storage> <Opcode : 'memshiftread' 'load'> <Ports = 1> <Width = 16> <Depth = 6> <ShiftMem>
ST_1 : Operation 88 [1/1] (1.61ns)   --->   "%DataOut_V_219 = call i16 @"_ssdm_op_MemShiftRead.[6 x i16]P"(i16* getelementptr inbounds ([6 x i16]* @line_buffer_Array_V_1581_7, i64 0, i64 5), i16 %DataOut_V_218, i1 true)" [firmware/nnet_utils/nnet_conv_stream.h:230]   --->   Operation 88 'memshiftread' 'DataOut_V_219' <Predicate = true> <Delay = 1.61> <Core = "ShiftReg">   --->   Core 33 'ShiftReg' <Latency = 0> <II = 1> <Delay = 1.61> <Storage> <Opcode : 'memshiftread' 'load'> <Ports = 1> <Width = 16> <Depth = 6> <ShiftMem>
ST_1 : Operation 89 [1/1] (1.61ns)   --->   "%DataOut_V_220 = call i16 @"_ssdm_op_MemShiftRead.[6 x i16]P"(i16* getelementptr inbounds ([6 x i16]* @line_buffer_Array_V_0_8, i64 0, i64 5), i16 %kernel_window_88_V_write_read, i1 true)" [firmware/nnet_utils/nnet_conv_stream.h:230]   --->   Operation 89 'memshiftread' 'DataOut_V_220' <Predicate = true> <Delay = 1.61> <Core = "ShiftReg">   --->   Core 33 'ShiftReg' <Latency = 0> <II = 1> <Delay = 1.61> <Storage> <Opcode : 'memshiftread' 'load'> <Ports = 1> <Width = 16> <Depth = 6> <ShiftMem>
ST_1 : Operation 90 [1/1] (1.61ns)   --->   "%DataOut_V_221 = call i16 @"_ssdm_op_MemShiftRead.[6 x i16]P"(i16* getelementptr inbounds ([6 x i16]* @line_buffer_Array_V_1581_8, i64 0, i64 5), i16 %DataOut_V_220, i1 true)" [firmware/nnet_utils/nnet_conv_stream.h:230]   --->   Operation 90 'memshiftread' 'DataOut_V_221' <Predicate = true> <Delay = 1.61> <Core = "ShiftReg">   --->   Core 33 'ShiftReg' <Latency = 0> <II = 1> <Delay = 1.61> <Storage> <Opcode : 'memshiftread' 'load'> <Ports = 1> <Width = 16> <Depth = 6> <ShiftMem>
ST_1 : Operation 91 [1/1] (1.61ns)   --->   "%DataOut_V_222 = call i16 @"_ssdm_op_MemShiftRead.[6 x i16]P"(i16* getelementptr inbounds ([6 x i16]* @line_buffer_Array_V_0_9, i64 0, i64 5), i16 %kernel_window_89_V_write_read, i1 true)" [firmware/nnet_utils/nnet_conv_stream.h:230]   --->   Operation 91 'memshiftread' 'DataOut_V_222' <Predicate = true> <Delay = 1.61> <Core = "ShiftReg">   --->   Core 33 'ShiftReg' <Latency = 0> <II = 1> <Delay = 1.61> <Storage> <Opcode : 'memshiftread' 'load'> <Ports = 1> <Width = 16> <Depth = 6> <ShiftMem>
ST_1 : Operation 92 [1/1] (1.61ns)   --->   "%DataOut_V = call i16 @"_ssdm_op_MemShiftRead.[6 x i16]P"(i16* getelementptr inbounds ([6 x i16]* @line_buffer_Array_V_1581_9, i64 0, i64 5), i16 %DataOut_V_222, i1 true)" [firmware/nnet_utils/nnet_conv_stream.h:230]   --->   Operation 92 'memshiftread' 'DataOut_V' <Predicate = true> <Delay = 1.61> <Core = "ShiftReg">   --->   Core 33 'ShiftReg' <Latency = 0> <II = 1> <Delay = 1.61> <Storage> <Opcode : 'memshiftread' 'load'> <Ports = 1> <Width = 16> <Depth = 6> <ShiftMem>
ST_1 : Operation 93 [1/1] (0.00ns)   --->   "%mrv_s = insertvalue { i16, i16, i16, i16, i16, i16, i16, i16, i16, i16, i16, i16, i16, i16, i16, i16, i16, i16, i16, i16, i16, i16, i16, i16, i16, i16, i16, i16, i16, i16, i16, i16, i16, i16, i16, i16, i16, i16, i16, i16, i16, i16, i16, i16, i16, i16, i16, i16, i16, i16, i16, i16, i16, i16, i16, i16, i16, i16, i16, i16, i16, i16, i16, i16, i16, i16, i16, i16, i16, i16, i16, i16, i16, i16, i16, i16, i16, i16, i16, i16, i16, i16, i16, i16, i16, i16, i16, i16, i16, i16 } undef, i16 %kernel_window_10_V_read_5, 0" [firmware/nnet_utils/nnet_conv_stream.h:235]   --->   Operation 93 'insertvalue' 'mrv_s' <Predicate = true> <Delay = 0.00>
ST_1 : Operation 94 [1/1] (0.00ns)   --->   "%mrv_257 = insertvalue { i16, i16, i16, i16, i16, i16, i16, i16, i16, i16, i16, i16, i16, i16, i16, i16, i16, i16, i16, i16, i16, i16, i16, i16, i16, i16, i16, i16, i16, i16, i16, i16, i16, i16, i16, i16, i16, i16, i16, i16, i16, i16, i16, i16, i16, i16, i16, i16, i16, i16, i16, i16, i16, i16, i16, i16, i16, i16, i16, i16, i16, i16, i16, i16, i16, i16, i16, i16, i16, i16, i16, i16, i16, i16, i16, i16, i16, i16, i16, i16, i16, i16, i16, i16, i16, i16, i16, i16, i16, i16 } %mrv_s, i16 %kernel_window_11_V_read_5, 1" [firmware/nnet_utils/nnet_conv_stream.h:235]   --->   Operation 94 'insertvalue' 'mrv_257' <Predicate = true> <Delay = 0.00>
ST_1 : Operation 95 [1/1] (0.00ns)   --->   "%mrv_258 = insertvalue { i16, i16, i16, i16, i16, i16, i16, i16, i16, i16, i16, i16, i16, i16, i16, i16, i16, i16, i16, i16, i16, i16, i16, i16, i16, i16, i16, i16, i16, i16, i16, i16, i16, i16, i16, i16, i16, i16, i16, i16, i16, i16, i16, i16, i16, i16, i16, i16, i16, i16, i16, i16, i16, i16, i16, i16, i16, i16, i16, i16, i16, i16, i16, i16, i16, i16, i16, i16, i16, i16, i16, i16, i16, i16, i16, i16, i16, i16, i16, i16, i16, i16, i16, i16, i16, i16, i16, i16, i16, i16 } %mrv_257, i16 %kernel_window_12_V_read_6, 2" [firmware/nnet_utils/nnet_conv_stream.h:235]   --->   Operation 95 'insertvalue' 'mrv_258' <Predicate = true> <Delay = 0.00>
ST_1 : Operation 96 [1/1] (0.00ns)   --->   "%mrv_259 = insertvalue { i16, i16, i16, i16, i16, i16, i16, i16, i16, i16, i16, i16, i16, i16, i16, i16, i16, i16, i16, i16, i16, i16, i16, i16, i16, i16, i16, i16, i16, i16, i16, i16, i16, i16, i16, i16, i16, i16, i16, i16, i16, i16, i16, i16, i16, i16, i16, i16, i16, i16, i16, i16, i16, i16, i16, i16, i16, i16, i16, i16, i16, i16, i16, i16, i16, i16, i16, i16, i16, i16, i16, i16, i16, i16, i16, i16, i16, i16, i16, i16, i16, i16, i16, i16, i16, i16, i16, i16, i16, i16 } %mrv_258, i16 %kernel_window_13_V_read_6, 3" [firmware/nnet_utils/nnet_conv_stream.h:235]   --->   Operation 96 'insertvalue' 'mrv_259' <Predicate = true> <Delay = 0.00>
ST_1 : Operation 97 [1/1] (0.00ns)   --->   "%mrv_260 = insertvalue { i16, i16, i16, i16, i16, i16, i16, i16, i16, i16, i16, i16, i16, i16, i16, i16, i16, i16, i16, i16, i16, i16, i16, i16, i16, i16, i16, i16, i16, i16, i16, i16, i16, i16, i16, i16, i16, i16, i16, i16, i16, i16, i16, i16, i16, i16, i16, i16, i16, i16, i16, i16, i16, i16, i16, i16, i16, i16, i16, i16, i16, i16, i16, i16, i16, i16, i16, i16, i16, i16, i16, i16, i16, i16, i16, i16, i16, i16, i16, i16, i16, i16, i16, i16, i16, i16, i16, i16, i16, i16 } %mrv_259, i16 %kernel_window_14_V_read_6, 4" [firmware/nnet_utils/nnet_conv_stream.h:235]   --->   Operation 97 'insertvalue' 'mrv_260' <Predicate = true> <Delay = 0.00>
ST_1 : Operation 98 [1/1] (0.00ns)   --->   "%mrv_261 = insertvalue { i16, i16, i16, i16, i16, i16, i16, i16, i16, i16, i16, i16, i16, i16, i16, i16, i16, i16, i16, i16, i16, i16, i16, i16, i16, i16, i16, i16, i16, i16, i16, i16, i16, i16, i16, i16, i16, i16, i16, i16, i16, i16, i16, i16, i16, i16, i16, i16, i16, i16, i16, i16, i16, i16, i16, i16, i16, i16, i16, i16, i16, i16, i16, i16, i16, i16, i16, i16, i16, i16, i16, i16, i16, i16, i16, i16, i16, i16, i16, i16, i16, i16, i16, i16, i16, i16, i16, i16, i16, i16 } %mrv_260, i16 %kernel_window_15_V_read_6, 5" [firmware/nnet_utils/nnet_conv_stream.h:235]   --->   Operation 98 'insertvalue' 'mrv_261' <Predicate = true> <Delay = 0.00>
ST_1 : Operation 99 [1/1] (0.00ns)   --->   "%mrv_262 = insertvalue { i16, i16, i16, i16, i16, i16, i16, i16, i16, i16, i16, i16, i16, i16, i16, i16, i16, i16, i16, i16, i16, i16, i16, i16, i16, i16, i16, i16, i16, i16, i16, i16, i16, i16, i16, i16, i16, i16, i16, i16, i16, i16, i16, i16, i16, i16, i16, i16, i16, i16, i16, i16, i16, i16, i16, i16, i16, i16, i16, i16, i16, i16, i16, i16, i16, i16, i16, i16, i16, i16, i16, i16, i16, i16, i16, i16, i16, i16, i16, i16, i16, i16, i16, i16, i16, i16, i16, i16, i16, i16 } %mrv_261, i16 %kernel_window_16_V_read_5, 6" [firmware/nnet_utils/nnet_conv_stream.h:235]   --->   Operation 99 'insertvalue' 'mrv_262' <Predicate = true> <Delay = 0.00>
ST_1 : Operation 100 [1/1] (0.00ns)   --->   "%mrv_263 = insertvalue { i16, i16, i16, i16, i16, i16, i16, i16, i16, i16, i16, i16, i16, i16, i16, i16, i16, i16, i16, i16, i16, i16, i16, i16, i16, i16, i16, i16, i16, i16, i16, i16, i16, i16, i16, i16, i16, i16, i16, i16, i16, i16, i16, i16, i16, i16, i16, i16, i16, i16, i16, i16, i16, i16, i16, i16, i16, i16, i16, i16, i16, i16, i16, i16, i16, i16, i16, i16, i16, i16, i16, i16, i16, i16, i16, i16, i16, i16, i16, i16, i16, i16, i16, i16, i16, i16, i16, i16, i16, i16 } %mrv_262, i16 %kernel_window_17_V_read_5, 7" [firmware/nnet_utils/nnet_conv_stream.h:235]   --->   Operation 100 'insertvalue' 'mrv_263' <Predicate = true> <Delay = 0.00>
ST_1 : Operation 101 [1/1] (0.00ns)   --->   "%mrv_264 = insertvalue { i16, i16, i16, i16, i16, i16, i16, i16, i16, i16, i16, i16, i16, i16, i16, i16, i16, i16, i16, i16, i16, i16, i16, i16, i16, i16, i16, i16, i16, i16, i16, i16, i16, i16, i16, i16, i16, i16, i16, i16, i16, i16, i16, i16, i16, i16, i16, i16, i16, i16, i16, i16, i16, i16, i16, i16, i16, i16, i16, i16, i16, i16, i16, i16, i16, i16, i16, i16, i16, i16, i16, i16, i16, i16, i16, i16, i16, i16, i16, i16, i16, i16, i16, i16, i16, i16, i16, i16, i16, i16 } %mrv_263, i16 %kernel_window_18_V_read_5, 8" [firmware/nnet_utils/nnet_conv_stream.h:235]   --->   Operation 101 'insertvalue' 'mrv_264' <Predicate = true> <Delay = 0.00>
ST_1 : Operation 102 [1/1] (0.00ns)   --->   "%mrv_265 = insertvalue { i16, i16, i16, i16, i16, i16, i16, i16, i16, i16, i16, i16, i16, i16, i16, i16, i16, i16, i16, i16, i16, i16, i16, i16, i16, i16, i16, i16, i16, i16, i16, i16, i16, i16, i16, i16, i16, i16, i16, i16, i16, i16, i16, i16, i16, i16, i16, i16, i16, i16, i16, i16, i16, i16, i16, i16, i16, i16, i16, i16, i16, i16, i16, i16, i16, i16, i16, i16, i16, i16, i16, i16, i16, i16, i16, i16, i16, i16, i16, i16, i16, i16, i16, i16, i16, i16, i16, i16, i16, i16 } %mrv_264, i16 %kernel_window_19_V_read_5, 9" [firmware/nnet_utils/nnet_conv_stream.h:235]   --->   Operation 102 'insertvalue' 'mrv_265' <Predicate = true> <Delay = 0.00>
ST_1 : Operation 103 [1/1] (0.00ns)   --->   "%mrv_266 = insertvalue { i16, i16, i16, i16, i16, i16, i16, i16, i16, i16, i16, i16, i16, i16, i16, i16, i16, i16, i16, i16, i16, i16, i16, i16, i16, i16, i16, i16, i16, i16, i16, i16, i16, i16, i16, i16, i16, i16, i16, i16, i16, i16, i16, i16, i16, i16, i16, i16, i16, i16, i16, i16, i16, i16, i16, i16, i16, i16, i16, i16, i16, i16, i16, i16, i16, i16, i16, i16, i16, i16, i16, i16, i16, i16, i16, i16, i16, i16, i16, i16, i16, i16, i16, i16, i16, i16, i16, i16, i16, i16 } %mrv_265, i16 %kernel_window_40_V_read301, 10" [firmware/nnet_utils/nnet_conv_stream.h:235]   --->   Operation 103 'insertvalue' 'mrv_266' <Predicate = true> <Delay = 0.00>
ST_1 : Operation 104 [1/1] (0.00ns)   --->   "%mrv_267 = insertvalue { i16, i16, i16, i16, i16, i16, i16, i16, i16, i16, i16, i16, i16, i16, i16, i16, i16, i16, i16, i16, i16, i16, i16, i16, i16, i16, i16, i16, i16, i16, i16, i16, i16, i16, i16, i16, i16, i16, i16, i16, i16, i16, i16, i16, i16, i16, i16, i16, i16, i16, i16, i16, i16, i16, i16, i16, i16, i16, i16, i16, i16, i16, i16, i16, i16, i16, i16, i16, i16, i16, i16, i16, i16, i16, i16, i16, i16, i16, i16, i16, i16, i16, i16, i16, i16, i16, i16, i16, i16, i16 } %mrv_266, i16 %kernel_window_41_V_read302, 11" [firmware/nnet_utils/nnet_conv_stream.h:235]   --->   Operation 104 'insertvalue' 'mrv_267' <Predicate = true> <Delay = 0.00>
ST_1 : Operation 105 [1/1] (0.00ns)   --->   "%mrv_268 = insertvalue { i16, i16, i16, i16, i16, i16, i16, i16, i16, i16, i16, i16, i16, i16, i16, i16, i16, i16, i16, i16, i16, i16, i16, i16, i16, i16, i16, i16, i16, i16, i16, i16, i16, i16, i16, i16, i16, i16, i16, i16, i16, i16, i16, i16, i16, i16, i16, i16, i16, i16, i16, i16, i16, i16, i16, i16, i16, i16, i16, i16, i16, i16, i16, i16, i16, i16, i16, i16, i16, i16, i16, i16, i16, i16, i16, i16, i16, i16, i16, i16, i16, i16, i16, i16, i16, i16, i16, i16, i16, i16 } %mrv_267, i16 %kernel_window_42_V_read303, 12" [firmware/nnet_utils/nnet_conv_stream.h:235]   --->   Operation 105 'insertvalue' 'mrv_268' <Predicate = true> <Delay = 0.00>
ST_1 : Operation 106 [1/1] (0.00ns)   --->   "%mrv_269 = insertvalue { i16, i16, i16, i16, i16, i16, i16, i16, i16, i16, i16, i16, i16, i16, i16, i16, i16, i16, i16, i16, i16, i16, i16, i16, i16, i16, i16, i16, i16, i16, i16, i16, i16, i16, i16, i16, i16, i16, i16, i16, i16, i16, i16, i16, i16, i16, i16, i16, i16, i16, i16, i16, i16, i16, i16, i16, i16, i16, i16, i16, i16, i16, i16, i16, i16, i16, i16, i16, i16, i16, i16, i16, i16, i16, i16, i16, i16, i16, i16, i16, i16, i16, i16, i16, i16, i16, i16, i16, i16, i16 } %mrv_268, i16 %kernel_window_43_V_read_4, 13" [firmware/nnet_utils/nnet_conv_stream.h:235]   --->   Operation 106 'insertvalue' 'mrv_269' <Predicate = true> <Delay = 0.00>
ST_1 : Operation 107 [1/1] (0.00ns)   --->   "%mrv_270 = insertvalue { i16, i16, i16, i16, i16, i16, i16, i16, i16, i16, i16, i16, i16, i16, i16, i16, i16, i16, i16, i16, i16, i16, i16, i16, i16, i16, i16, i16, i16, i16, i16, i16, i16, i16, i16, i16, i16, i16, i16, i16, i16, i16, i16, i16, i16, i16, i16, i16, i16, i16, i16, i16, i16, i16, i16, i16, i16, i16, i16, i16, i16, i16, i16, i16, i16, i16, i16, i16, i16, i16, i16, i16, i16, i16, i16, i16, i16, i16, i16, i16, i16, i16, i16, i16, i16, i16, i16, i16, i16, i16 } %mrv_269, i16 %kernel_window_44_V_read_4, 14" [firmware/nnet_utils/nnet_conv_stream.h:235]   --->   Operation 107 'insertvalue' 'mrv_270' <Predicate = true> <Delay = 0.00>
ST_1 : Operation 108 [1/1] (0.00ns)   --->   "%mrv_271 = insertvalue { i16, i16, i16, i16, i16, i16, i16, i16, i16, i16, i16, i16, i16, i16, i16, i16, i16, i16, i16, i16, i16, i16, i16, i16, i16, i16, i16, i16, i16, i16, i16, i16, i16, i16, i16, i16, i16, i16, i16, i16, i16, i16, i16, i16, i16, i16, i16, i16, i16, i16, i16, i16, i16, i16, i16, i16, i16, i16, i16, i16, i16, i16, i16, i16, i16, i16, i16, i16, i16, i16, i16, i16, i16, i16, i16, i16, i16, i16, i16, i16, i16, i16, i16, i16, i16, i16, i16, i16, i16, i16 } %mrv_270, i16 %kernel_window_45_V_read_4, 15" [firmware/nnet_utils/nnet_conv_stream.h:235]   --->   Operation 108 'insertvalue' 'mrv_271' <Predicate = true> <Delay = 0.00>
ST_1 : Operation 109 [1/1] (0.00ns)   --->   "%mrv_272 = insertvalue { i16, i16, i16, i16, i16, i16, i16, i16, i16, i16, i16, i16, i16, i16, i16, i16, i16, i16, i16, i16, i16, i16, i16, i16, i16, i16, i16, i16, i16, i16, i16, i16, i16, i16, i16, i16, i16, i16, i16, i16, i16, i16, i16, i16, i16, i16, i16, i16, i16, i16, i16, i16, i16, i16, i16, i16, i16, i16, i16, i16, i16, i16, i16, i16, i16, i16, i16, i16, i16, i16, i16, i16, i16, i16, i16, i16, i16, i16, i16, i16, i16, i16, i16, i16, i16, i16, i16, i16, i16, i16 } %mrv_271, i16 %kernel_window_46_V_read_4, 16" [firmware/nnet_utils/nnet_conv_stream.h:235]   --->   Operation 109 'insertvalue' 'mrv_272' <Predicate = true> <Delay = 0.00>
ST_1 : Operation 110 [1/1] (0.00ns)   --->   "%mrv_273 = insertvalue { i16, i16, i16, i16, i16, i16, i16, i16, i16, i16, i16, i16, i16, i16, i16, i16, i16, i16, i16, i16, i16, i16, i16, i16, i16, i16, i16, i16, i16, i16, i16, i16, i16, i16, i16, i16, i16, i16, i16, i16, i16, i16, i16, i16, i16, i16, i16, i16, i16, i16, i16, i16, i16, i16, i16, i16, i16, i16, i16, i16, i16, i16, i16, i16, i16, i16, i16, i16, i16, i16, i16, i16, i16, i16, i16, i16, i16, i16, i16, i16, i16, i16, i16, i16, i16, i16, i16, i16, i16, i16 } %mrv_272, i16 %kernel_window_47_V_read_4, 17" [firmware/nnet_utils/nnet_conv_stream.h:235]   --->   Operation 110 'insertvalue' 'mrv_273' <Predicate = true> <Delay = 0.00>
ST_1 : Operation 111 [1/1] (0.00ns)   --->   "%mrv_274 = insertvalue { i16, i16, i16, i16, i16, i16, i16, i16, i16, i16, i16, i16, i16, i16, i16, i16, i16, i16, i16, i16, i16, i16, i16, i16, i16, i16, i16, i16, i16, i16, i16, i16, i16, i16, i16, i16, i16, i16, i16, i16, i16, i16, i16, i16, i16, i16, i16, i16, i16, i16, i16, i16, i16, i16, i16, i16, i16, i16, i16, i16, i16, i16, i16, i16, i16, i16, i16, i16, i16, i16, i16, i16, i16, i16, i16, i16, i16, i16, i16, i16, i16, i16, i16, i16, i16, i16, i16, i16, i16, i16 } %mrv_273, i16 %kernel_window_48_V_read_2, 18" [firmware/nnet_utils/nnet_conv_stream.h:235]   --->   Operation 111 'insertvalue' 'mrv_274' <Predicate = true> <Delay = 0.00>
ST_1 : Operation 112 [1/1] (0.00ns)   --->   "%mrv_275 = insertvalue { i16, i16, i16, i16, i16, i16, i16, i16, i16, i16, i16, i16, i16, i16, i16, i16, i16, i16, i16, i16, i16, i16, i16, i16, i16, i16, i16, i16, i16, i16, i16, i16, i16, i16, i16, i16, i16, i16, i16, i16, i16, i16, i16, i16, i16, i16, i16, i16, i16, i16, i16, i16, i16, i16, i16, i16, i16, i16, i16, i16, i16, i16, i16, i16, i16, i16, i16, i16, i16, i16, i16, i16, i16, i16, i16, i16, i16, i16, i16, i16, i16, i16, i16, i16, i16, i16, i16, i16, i16, i16 } %mrv_274, i16 %kernel_window_49_V_read_2, 19" [firmware/nnet_utils/nnet_conv_stream.h:235]   --->   Operation 112 'insertvalue' 'mrv_275' <Predicate = true> <Delay = 0.00>
ST_1 : Operation 113 [1/1] (0.00ns)   --->   "%mrv_276 = insertvalue { i16, i16, i16, i16, i16, i16, i16, i16, i16, i16, i16, i16, i16, i16, i16, i16, i16, i16, i16, i16, i16, i16, i16, i16, i16, i16, i16, i16, i16, i16, i16, i16, i16, i16, i16, i16, i16, i16, i16, i16, i16, i16, i16, i16, i16, i16, i16, i16, i16, i16, i16, i16, i16, i16, i16, i16, i16, i16, i16, i16, i16, i16, i16, i16, i16, i16, i16, i16, i16, i16, i16, i16, i16, i16, i16, i16, i16, i16, i16, i16, i16, i16, i16, i16, i16, i16, i16, i16, i16, i16 } %mrv_275, i16 %kernel_window_70_V_read_4, 20" [firmware/nnet_utils/nnet_conv_stream.h:235]   --->   Operation 113 'insertvalue' 'mrv_276' <Predicate = true> <Delay = 0.00>
ST_1 : Operation 114 [1/1] (0.00ns)   --->   "%mrv_277 = insertvalue { i16, i16, i16, i16, i16, i16, i16, i16, i16, i16, i16, i16, i16, i16, i16, i16, i16, i16, i16, i16, i16, i16, i16, i16, i16, i16, i16, i16, i16, i16, i16, i16, i16, i16, i16, i16, i16, i16, i16, i16, i16, i16, i16, i16, i16, i16, i16, i16, i16, i16, i16, i16, i16, i16, i16, i16, i16, i16, i16, i16, i16, i16, i16, i16, i16, i16, i16, i16, i16, i16, i16, i16, i16, i16, i16, i16, i16, i16, i16, i16, i16, i16, i16, i16, i16, i16, i16, i16, i16, i16 } %mrv_276, i16 %kernel_window_71_V_read_4, 21" [firmware/nnet_utils/nnet_conv_stream.h:235]   --->   Operation 114 'insertvalue' 'mrv_277' <Predicate = true> <Delay = 0.00>
ST_1 : Operation 115 [1/1] (0.00ns)   --->   "%mrv_278 = insertvalue { i16, i16, i16, i16, i16, i16, i16, i16, i16, i16, i16, i16, i16, i16, i16, i16, i16, i16, i16, i16, i16, i16, i16, i16, i16, i16, i16, i16, i16, i16, i16, i16, i16, i16, i16, i16, i16, i16, i16, i16, i16, i16, i16, i16, i16, i16, i16, i16, i16, i16, i16, i16, i16, i16, i16, i16, i16, i16, i16, i16, i16, i16, i16, i16, i16, i16, i16, i16, i16, i16, i16, i16, i16, i16, i16, i16, i16, i16, i16, i16, i16, i16, i16, i16, i16, i16, i16, i16, i16, i16 } %mrv_277, i16 %kernel_window_72_V_read_3, 22" [firmware/nnet_utils/nnet_conv_stream.h:235]   --->   Operation 115 'insertvalue' 'mrv_278' <Predicate = true> <Delay = 0.00>
ST_1 : Operation 116 [1/1] (0.00ns)   --->   "%mrv_279 = insertvalue { i16, i16, i16, i16, i16, i16, i16, i16, i16, i16, i16, i16, i16, i16, i16, i16, i16, i16, i16, i16, i16, i16, i16, i16, i16, i16, i16, i16, i16, i16, i16, i16, i16, i16, i16, i16, i16, i16, i16, i16, i16, i16, i16, i16, i16, i16, i16, i16, i16, i16, i16, i16, i16, i16, i16, i16, i16, i16, i16, i16, i16, i16, i16, i16, i16, i16, i16, i16, i16, i16, i16, i16, i16, i16, i16, i16, i16, i16, i16, i16, i16, i16, i16, i16, i16, i16, i16, i16, i16, i16 } %mrv_278, i16 %kernel_window_73_V_read_3, 23" [firmware/nnet_utils/nnet_conv_stream.h:235]   --->   Operation 116 'insertvalue' 'mrv_279' <Predicate = true> <Delay = 0.00>
ST_1 : Operation 117 [1/1] (0.00ns)   --->   "%mrv_280 = insertvalue { i16, i16, i16, i16, i16, i16, i16, i16, i16, i16, i16, i16, i16, i16, i16, i16, i16, i16, i16, i16, i16, i16, i16, i16, i16, i16, i16, i16, i16, i16, i16, i16, i16, i16, i16, i16, i16, i16, i16, i16, i16, i16, i16, i16, i16, i16, i16, i16, i16, i16, i16, i16, i16, i16, i16, i16, i16, i16, i16, i16, i16, i16, i16, i16, i16, i16, i16, i16, i16, i16, i16, i16, i16, i16, i16, i16, i16, i16, i16, i16, i16, i16, i16, i16, i16, i16, i16, i16, i16, i16 } %mrv_279, i16 %kernel_window_74_V_read_3, 24" [firmware/nnet_utils/nnet_conv_stream.h:235]   --->   Operation 117 'insertvalue' 'mrv_280' <Predicate = true> <Delay = 0.00>
ST_1 : Operation 118 [1/1] (0.00ns)   --->   "%mrv_281 = insertvalue { i16, i16, i16, i16, i16, i16, i16, i16, i16, i16, i16, i16, i16, i16, i16, i16, i16, i16, i16, i16, i16, i16, i16, i16, i16, i16, i16, i16, i16, i16, i16, i16, i16, i16, i16, i16, i16, i16, i16, i16, i16, i16, i16, i16, i16, i16, i16, i16, i16, i16, i16, i16, i16, i16, i16, i16, i16, i16, i16, i16, i16, i16, i16, i16, i16, i16, i16, i16, i16, i16, i16, i16, i16, i16, i16, i16, i16, i16, i16, i16, i16, i16, i16, i16, i16, i16, i16, i16, i16, i16 } %mrv_280, i16 %kernel_window_75_V_read_3, 25" [firmware/nnet_utils/nnet_conv_stream.h:235]   --->   Operation 118 'insertvalue' 'mrv_281' <Predicate = true> <Delay = 0.00>
ST_1 : Operation 119 [1/1] (0.00ns)   --->   "%mrv_282 = insertvalue { i16, i16, i16, i16, i16, i16, i16, i16, i16, i16, i16, i16, i16, i16, i16, i16, i16, i16, i16, i16, i16, i16, i16, i16, i16, i16, i16, i16, i16, i16, i16, i16, i16, i16, i16, i16, i16, i16, i16, i16, i16, i16, i16, i16, i16, i16, i16, i16, i16, i16, i16, i16, i16, i16, i16, i16, i16, i16, i16, i16, i16, i16, i16, i16, i16, i16, i16, i16, i16, i16, i16, i16, i16, i16, i16, i16, i16, i16, i16, i16, i16, i16, i16, i16, i16, i16, i16, i16, i16, i16 } %mrv_281, i16 %kernel_window_76_V_read_3, 26" [firmware/nnet_utils/nnet_conv_stream.h:235]   --->   Operation 119 'insertvalue' 'mrv_282' <Predicate = true> <Delay = 0.00>
ST_1 : Operation 120 [1/1] (0.00ns)   --->   "%mrv_283 = insertvalue { i16, i16, i16, i16, i16, i16, i16, i16, i16, i16, i16, i16, i16, i16, i16, i16, i16, i16, i16, i16, i16, i16, i16, i16, i16, i16, i16, i16, i16, i16, i16, i16, i16, i16, i16, i16, i16, i16, i16, i16, i16, i16, i16, i16, i16, i16, i16, i16, i16, i16, i16, i16, i16, i16, i16, i16, i16, i16, i16, i16, i16, i16, i16, i16, i16, i16, i16, i16, i16, i16, i16, i16, i16, i16, i16, i16, i16, i16, i16, i16, i16, i16, i16, i16, i16, i16, i16, i16, i16, i16 } %mrv_282, i16 %kernel_window_77_V_read_3, 27" [firmware/nnet_utils/nnet_conv_stream.h:235]   --->   Operation 120 'insertvalue' 'mrv_283' <Predicate = true> <Delay = 0.00>
ST_1 : Operation 121 [1/1] (0.00ns)   --->   "%mrv_284 = insertvalue { i16, i16, i16, i16, i16, i16, i16, i16, i16, i16, i16, i16, i16, i16, i16, i16, i16, i16, i16, i16, i16, i16, i16, i16, i16, i16, i16, i16, i16, i16, i16, i16, i16, i16, i16, i16, i16, i16, i16, i16, i16, i16, i16, i16, i16, i16, i16, i16, i16, i16, i16, i16, i16, i16, i16, i16, i16, i16, i16, i16, i16, i16, i16, i16, i16, i16, i16, i16, i16, i16, i16, i16, i16, i16, i16, i16, i16, i16, i16, i16, i16, i16, i16, i16, i16, i16, i16, i16, i16, i16 } %mrv_283, i16 %kernel_window_78_V_read_3, 28" [firmware/nnet_utils/nnet_conv_stream.h:235]   --->   Operation 121 'insertvalue' 'mrv_284' <Predicate = true> <Delay = 0.00>
ST_1 : Operation 122 [1/1] (0.00ns)   --->   "%mrv_285 = insertvalue { i16, i16, i16, i16, i16, i16, i16, i16, i16, i16, i16, i16, i16, i16, i16, i16, i16, i16, i16, i16, i16, i16, i16, i16, i16, i16, i16, i16, i16, i16, i16, i16, i16, i16, i16, i16, i16, i16, i16, i16, i16, i16, i16, i16, i16, i16, i16, i16, i16, i16, i16, i16, i16, i16, i16, i16, i16, i16, i16, i16, i16, i16, i16, i16, i16, i16, i16, i16, i16, i16, i16, i16, i16, i16, i16, i16, i16, i16, i16, i16, i16, i16, i16, i16, i16, i16, i16, i16, i16, i16 } %mrv_284, i16 %kernel_window_79_V_read_3, 29" [firmware/nnet_utils/nnet_conv_stream.h:235]   --->   Operation 122 'insertvalue' 'mrv_285' <Predicate = true> <Delay = 0.00>
ST_1 : Operation 123 [1/1] (0.00ns)   --->   "%mrv_30 = insertvalue { i16, i16, i16, i16, i16, i16, i16, i16, i16, i16, i16, i16, i16, i16, i16, i16, i16, i16, i16, i16, i16, i16, i16, i16, i16, i16, i16, i16, i16, i16, i16, i16, i16, i16, i16, i16, i16, i16, i16, i16, i16, i16, i16, i16, i16, i16, i16, i16, i16, i16, i16, i16, i16, i16, i16, i16, i16, i16, i16, i16, i16, i16, i16, i16, i16, i16, i16, i16, i16, i16, i16, i16, i16, i16, i16, i16, i16, i16, i16, i16, i16, i16, i16, i16, i16, i16, i16, i16, i16, i16 } %mrv_285, i16 %kernel_window_20_V_read_4, 30" [firmware/nnet_utils/nnet_conv_stream.h:235]   --->   Operation 123 'insertvalue' 'mrv_30' <Predicate = true> <Delay = 0.00>
ST_1 : Operation 124 [1/1] (0.00ns)   --->   "%mrv_31 = insertvalue { i16, i16, i16, i16, i16, i16, i16, i16, i16, i16, i16, i16, i16, i16, i16, i16, i16, i16, i16, i16, i16, i16, i16, i16, i16, i16, i16, i16, i16, i16, i16, i16, i16, i16, i16, i16, i16, i16, i16, i16, i16, i16, i16, i16, i16, i16, i16, i16, i16, i16, i16, i16, i16, i16, i16, i16, i16, i16, i16, i16, i16, i16, i16, i16, i16, i16, i16, i16, i16, i16, i16, i16, i16, i16, i16, i16, i16, i16, i16, i16, i16, i16, i16, i16, i16, i16, i16, i16, i16, i16 } %mrv_30, i16 %kernel_window_21_V_read_4, 31" [firmware/nnet_utils/nnet_conv_stream.h:235]   --->   Operation 124 'insertvalue' 'mrv_31' <Predicate = true> <Delay = 0.00>
ST_1 : Operation 125 [1/1] (0.00ns)   --->   "%mrv_32 = insertvalue { i16, i16, i16, i16, i16, i16, i16, i16, i16, i16, i16, i16, i16, i16, i16, i16, i16, i16, i16, i16, i16, i16, i16, i16, i16, i16, i16, i16, i16, i16, i16, i16, i16, i16, i16, i16, i16, i16, i16, i16, i16, i16, i16, i16, i16, i16, i16, i16, i16, i16, i16, i16, i16, i16, i16, i16, i16, i16, i16, i16, i16, i16, i16, i16, i16, i16, i16, i16, i16, i16, i16, i16, i16, i16, i16, i16, i16, i16, i16, i16, i16, i16, i16, i16, i16, i16, i16, i16, i16, i16 } %mrv_31, i16 %kernel_window_22_V_read_4, 32" [firmware/nnet_utils/nnet_conv_stream.h:235]   --->   Operation 125 'insertvalue' 'mrv_32' <Predicate = true> <Delay = 0.00>
ST_1 : Operation 126 [1/1] (0.00ns)   --->   "%mrv_33 = insertvalue { i16, i16, i16, i16, i16, i16, i16, i16, i16, i16, i16, i16, i16, i16, i16, i16, i16, i16, i16, i16, i16, i16, i16, i16, i16, i16, i16, i16, i16, i16, i16, i16, i16, i16, i16, i16, i16, i16, i16, i16, i16, i16, i16, i16, i16, i16, i16, i16, i16, i16, i16, i16, i16, i16, i16, i16, i16, i16, i16, i16, i16, i16, i16, i16, i16, i16, i16, i16, i16, i16, i16, i16, i16, i16, i16, i16, i16, i16, i16, i16, i16, i16, i16, i16, i16, i16, i16, i16, i16, i16 } %mrv_32, i16 %kernel_window_23_V_read_4, 33" [firmware/nnet_utils/nnet_conv_stream.h:235]   --->   Operation 126 'insertvalue' 'mrv_33' <Predicate = true> <Delay = 0.00>
ST_1 : Operation 127 [1/1] (0.00ns)   --->   "%mrv_34 = insertvalue { i16, i16, i16, i16, i16, i16, i16, i16, i16, i16, i16, i16, i16, i16, i16, i16, i16, i16, i16, i16, i16, i16, i16, i16, i16, i16, i16, i16, i16, i16, i16, i16, i16, i16, i16, i16, i16, i16, i16, i16, i16, i16, i16, i16, i16, i16, i16, i16, i16, i16, i16, i16, i16, i16, i16, i16, i16, i16, i16, i16, i16, i16, i16, i16, i16, i16, i16, i16, i16, i16, i16, i16, i16, i16, i16, i16, i16, i16, i16, i16, i16, i16, i16, i16, i16, i16, i16, i16, i16, i16 } %mrv_33, i16 %kernel_window_24_V_read_4, 34" [firmware/nnet_utils/nnet_conv_stream.h:235]   --->   Operation 127 'insertvalue' 'mrv_34' <Predicate = true> <Delay = 0.00>
ST_1 : Operation 128 [1/1] (0.00ns)   --->   "%mrv_35 = insertvalue { i16, i16, i16, i16, i16, i16, i16, i16, i16, i16, i16, i16, i16, i16, i16, i16, i16, i16, i16, i16, i16, i16, i16, i16, i16, i16, i16, i16, i16, i16, i16, i16, i16, i16, i16, i16, i16, i16, i16, i16, i16, i16, i16, i16, i16, i16, i16, i16, i16, i16, i16, i16, i16, i16, i16, i16, i16, i16, i16, i16, i16, i16, i16, i16, i16, i16, i16, i16, i16, i16, i16, i16, i16, i16, i16, i16, i16, i16, i16, i16, i16, i16, i16, i16, i16, i16, i16, i16, i16, i16 } %mrv_34, i16 %kernel_window_25_V_read_4, 35" [firmware/nnet_utils/nnet_conv_stream.h:235]   --->   Operation 128 'insertvalue' 'mrv_35' <Predicate = true> <Delay = 0.00>
ST_1 : Operation 129 [1/1] (0.00ns)   --->   "%mrv_36 = insertvalue { i16, i16, i16, i16, i16, i16, i16, i16, i16, i16, i16, i16, i16, i16, i16, i16, i16, i16, i16, i16, i16, i16, i16, i16, i16, i16, i16, i16, i16, i16, i16, i16, i16, i16, i16, i16, i16, i16, i16, i16, i16, i16, i16, i16, i16, i16, i16, i16, i16, i16, i16, i16, i16, i16, i16, i16, i16, i16, i16, i16, i16, i16, i16, i16, i16, i16, i16, i16, i16, i16, i16, i16, i16, i16, i16, i16, i16, i16, i16, i16, i16, i16, i16, i16, i16, i16, i16, i16, i16, i16 } %mrv_35, i16 %kernel_window_26_V_read_4, 36" [firmware/nnet_utils/nnet_conv_stream.h:235]   --->   Operation 129 'insertvalue' 'mrv_36' <Predicate = true> <Delay = 0.00>
ST_1 : Operation 130 [1/1] (0.00ns)   --->   "%mrv_37 = insertvalue { i16, i16, i16, i16, i16, i16, i16, i16, i16, i16, i16, i16, i16, i16, i16, i16, i16, i16, i16, i16, i16, i16, i16, i16, i16, i16, i16, i16, i16, i16, i16, i16, i16, i16, i16, i16, i16, i16, i16, i16, i16, i16, i16, i16, i16, i16, i16, i16, i16, i16, i16, i16, i16, i16, i16, i16, i16, i16, i16, i16, i16, i16, i16, i16, i16, i16, i16, i16, i16, i16, i16, i16, i16, i16, i16, i16, i16, i16, i16, i16, i16, i16, i16, i16, i16, i16, i16, i16, i16, i16 } %mrv_36, i16 %kernel_window_27_V_read_4, 37" [firmware/nnet_utils/nnet_conv_stream.h:235]   --->   Operation 130 'insertvalue' 'mrv_37' <Predicate = true> <Delay = 0.00>
ST_1 : Operation 131 [1/1] (0.00ns)   --->   "%mrv_38 = insertvalue { i16, i16, i16, i16, i16, i16, i16, i16, i16, i16, i16, i16, i16, i16, i16, i16, i16, i16, i16, i16, i16, i16, i16, i16, i16, i16, i16, i16, i16, i16, i16, i16, i16, i16, i16, i16, i16, i16, i16, i16, i16, i16, i16, i16, i16, i16, i16, i16, i16, i16, i16, i16, i16, i16, i16, i16, i16, i16, i16, i16, i16, i16, i16, i16, i16, i16, i16, i16, i16, i16, i16, i16, i16, i16, i16, i16, i16, i16, i16, i16, i16, i16, i16, i16, i16, i16, i16, i16, i16, i16 } %mrv_37, i16 %kernel_window_28_V_read_4, 38" [firmware/nnet_utils/nnet_conv_stream.h:235]   --->   Operation 131 'insertvalue' 'mrv_38' <Predicate = true> <Delay = 0.00>
ST_1 : Operation 132 [1/1] (0.00ns)   --->   "%mrv_39 = insertvalue { i16, i16, i16, i16, i16, i16, i16, i16, i16, i16, i16, i16, i16, i16, i16, i16, i16, i16, i16, i16, i16, i16, i16, i16, i16, i16, i16, i16, i16, i16, i16, i16, i16, i16, i16, i16, i16, i16, i16, i16, i16, i16, i16, i16, i16, i16, i16, i16, i16, i16, i16, i16, i16, i16, i16, i16, i16, i16, i16, i16, i16, i16, i16, i16, i16, i16, i16, i16, i16, i16, i16, i16, i16, i16, i16, i16, i16, i16, i16, i16, i16, i16, i16, i16, i16, i16, i16, i16, i16, i16 } %mrv_38, i16 %kernel_window_29_V_read_4, 39" [firmware/nnet_utils/nnet_conv_stream.h:235]   --->   Operation 132 'insertvalue' 'mrv_39' <Predicate = true> <Delay = 0.00>
ST_1 : Operation 133 [1/1] (0.00ns)   --->   "%mrv_40 = insertvalue { i16, i16, i16, i16, i16, i16, i16, i16, i16, i16, i16, i16, i16, i16, i16, i16, i16, i16, i16, i16, i16, i16, i16, i16, i16, i16, i16, i16, i16, i16, i16, i16, i16, i16, i16, i16, i16, i16, i16, i16, i16, i16, i16, i16, i16, i16, i16, i16, i16, i16, i16, i16, i16, i16, i16, i16, i16, i16, i16, i16, i16, i16, i16, i16, i16, i16, i16, i16, i16, i16, i16, i16, i16, i16, i16, i16, i16, i16, i16, i16, i16, i16, i16, i16, i16, i16, i16, i16, i16, i16 } %mrv_39, i16 %DataOut_V_205, 40" [firmware/nnet_utils/nnet_conv_stream.h:235]   --->   Operation 133 'insertvalue' 'mrv_40' <Predicate = true> <Delay = 0.00>
ST_1 : Operation 134 [1/1] (0.00ns)   --->   "%mrv_41 = insertvalue { i16, i16, i16, i16, i16, i16, i16, i16, i16, i16, i16, i16, i16, i16, i16, i16, i16, i16, i16, i16, i16, i16, i16, i16, i16, i16, i16, i16, i16, i16, i16, i16, i16, i16, i16, i16, i16, i16, i16, i16, i16, i16, i16, i16, i16, i16, i16, i16, i16, i16, i16, i16, i16, i16, i16, i16, i16, i16, i16, i16, i16, i16, i16, i16, i16, i16, i16, i16, i16, i16, i16, i16, i16, i16, i16, i16, i16, i16, i16, i16, i16, i16, i16, i16, i16, i16, i16, i16, i16, i16 } %mrv_40, i16 %DataOut_V_207, 41" [firmware/nnet_utils/nnet_conv_stream.h:235]   --->   Operation 134 'insertvalue' 'mrv_41' <Predicate = true> <Delay = 0.00>
ST_1 : Operation 135 [1/1] (0.00ns)   --->   "%mrv_42 = insertvalue { i16, i16, i16, i16, i16, i16, i16, i16, i16, i16, i16, i16, i16, i16, i16, i16, i16, i16, i16, i16, i16, i16, i16, i16, i16, i16, i16, i16, i16, i16, i16, i16, i16, i16, i16, i16, i16, i16, i16, i16, i16, i16, i16, i16, i16, i16, i16, i16, i16, i16, i16, i16, i16, i16, i16, i16, i16, i16, i16, i16, i16, i16, i16, i16, i16, i16, i16, i16, i16, i16, i16, i16, i16, i16, i16, i16, i16, i16, i16, i16, i16, i16, i16, i16, i16, i16, i16, i16, i16, i16 } %mrv_41, i16 %DataOut_V_209, 42" [firmware/nnet_utils/nnet_conv_stream.h:235]   --->   Operation 135 'insertvalue' 'mrv_42' <Predicate = true> <Delay = 0.00>
ST_1 : Operation 136 [1/1] (0.00ns)   --->   "%mrv_43 = insertvalue { i16, i16, i16, i16, i16, i16, i16, i16, i16, i16, i16, i16, i16, i16, i16, i16, i16, i16, i16, i16, i16, i16, i16, i16, i16, i16, i16, i16, i16, i16, i16, i16, i16, i16, i16, i16, i16, i16, i16, i16, i16, i16, i16, i16, i16, i16, i16, i16, i16, i16, i16, i16, i16, i16, i16, i16, i16, i16, i16, i16, i16, i16, i16, i16, i16, i16, i16, i16, i16, i16, i16, i16, i16, i16, i16, i16, i16, i16, i16, i16, i16, i16, i16, i16, i16, i16, i16, i16, i16, i16 } %mrv_42, i16 %DataOut_V_211, 43" [firmware/nnet_utils/nnet_conv_stream.h:235]   --->   Operation 136 'insertvalue' 'mrv_43' <Predicate = true> <Delay = 0.00>
ST_1 : Operation 137 [1/1] (0.00ns)   --->   "%mrv_44 = insertvalue { i16, i16, i16, i16, i16, i16, i16, i16, i16, i16, i16, i16, i16, i16, i16, i16, i16, i16, i16, i16, i16, i16, i16, i16, i16, i16, i16, i16, i16, i16, i16, i16, i16, i16, i16, i16, i16, i16, i16, i16, i16, i16, i16, i16, i16, i16, i16, i16, i16, i16, i16, i16, i16, i16, i16, i16, i16, i16, i16, i16, i16, i16, i16, i16, i16, i16, i16, i16, i16, i16, i16, i16, i16, i16, i16, i16, i16, i16, i16, i16, i16, i16, i16, i16, i16, i16, i16, i16, i16, i16 } %mrv_43, i16 %DataOut_V_213, 44" [firmware/nnet_utils/nnet_conv_stream.h:235]   --->   Operation 137 'insertvalue' 'mrv_44' <Predicate = true> <Delay = 0.00>
ST_1 : Operation 138 [1/1] (0.00ns)   --->   "%mrv_45 = insertvalue { i16, i16, i16, i16, i16, i16, i16, i16, i16, i16, i16, i16, i16, i16, i16, i16, i16, i16, i16, i16, i16, i16, i16, i16, i16, i16, i16, i16, i16, i16, i16, i16, i16, i16, i16, i16, i16, i16, i16, i16, i16, i16, i16, i16, i16, i16, i16, i16, i16, i16, i16, i16, i16, i16, i16, i16, i16, i16, i16, i16, i16, i16, i16, i16, i16, i16, i16, i16, i16, i16, i16, i16, i16, i16, i16, i16, i16, i16, i16, i16, i16, i16, i16, i16, i16, i16, i16, i16, i16, i16 } %mrv_44, i16 %DataOut_V_215, 45" [firmware/nnet_utils/nnet_conv_stream.h:235]   --->   Operation 138 'insertvalue' 'mrv_45' <Predicate = true> <Delay = 0.00>
ST_1 : Operation 139 [1/1] (0.00ns)   --->   "%mrv_46 = insertvalue { i16, i16, i16, i16, i16, i16, i16, i16, i16, i16, i16, i16, i16, i16, i16, i16, i16, i16, i16, i16, i16, i16, i16, i16, i16, i16, i16, i16, i16, i16, i16, i16, i16, i16, i16, i16, i16, i16, i16, i16, i16, i16, i16, i16, i16, i16, i16, i16, i16, i16, i16, i16, i16, i16, i16, i16, i16, i16, i16, i16, i16, i16, i16, i16, i16, i16, i16, i16, i16, i16, i16, i16, i16, i16, i16, i16, i16, i16, i16, i16, i16, i16, i16, i16, i16, i16, i16, i16, i16, i16 } %mrv_45, i16 %DataOut_V_217, 46" [firmware/nnet_utils/nnet_conv_stream.h:235]   --->   Operation 139 'insertvalue' 'mrv_46' <Predicate = true> <Delay = 0.00>
ST_1 : Operation 140 [1/1] (0.00ns)   --->   "%mrv_47 = insertvalue { i16, i16, i16, i16, i16, i16, i16, i16, i16, i16, i16, i16, i16, i16, i16, i16, i16, i16, i16, i16, i16, i16, i16, i16, i16, i16, i16, i16, i16, i16, i16, i16, i16, i16, i16, i16, i16, i16, i16, i16, i16, i16, i16, i16, i16, i16, i16, i16, i16, i16, i16, i16, i16, i16, i16, i16, i16, i16, i16, i16, i16, i16, i16, i16, i16, i16, i16, i16, i16, i16, i16, i16, i16, i16, i16, i16, i16, i16, i16, i16, i16, i16, i16, i16, i16, i16, i16, i16, i16, i16 } %mrv_46, i16 %DataOut_V_219, 47" [firmware/nnet_utils/nnet_conv_stream.h:235]   --->   Operation 140 'insertvalue' 'mrv_47' <Predicate = true> <Delay = 0.00>
ST_1 : Operation 141 [1/1] (0.00ns)   --->   "%mrv_48 = insertvalue { i16, i16, i16, i16, i16, i16, i16, i16, i16, i16, i16, i16, i16, i16, i16, i16, i16, i16, i16, i16, i16, i16, i16, i16, i16, i16, i16, i16, i16, i16, i16, i16, i16, i16, i16, i16, i16, i16, i16, i16, i16, i16, i16, i16, i16, i16, i16, i16, i16, i16, i16, i16, i16, i16, i16, i16, i16, i16, i16, i16, i16, i16, i16, i16, i16, i16, i16, i16, i16, i16, i16, i16, i16, i16, i16, i16, i16, i16, i16, i16, i16, i16, i16, i16, i16, i16, i16, i16, i16, i16 } %mrv_47, i16 %DataOut_V_221, 48" [firmware/nnet_utils/nnet_conv_stream.h:235]   --->   Operation 141 'insertvalue' 'mrv_48' <Predicate = true> <Delay = 0.00>
ST_1 : Operation 142 [1/1] (0.00ns)   --->   "%mrv_49 = insertvalue { i16, i16, i16, i16, i16, i16, i16, i16, i16, i16, i16, i16, i16, i16, i16, i16, i16, i16, i16, i16, i16, i16, i16, i16, i16, i16, i16, i16, i16, i16, i16, i16, i16, i16, i16, i16, i16, i16, i16, i16, i16, i16, i16, i16, i16, i16, i16, i16, i16, i16, i16, i16, i16, i16, i16, i16, i16, i16, i16, i16, i16, i16, i16, i16, i16, i16, i16, i16, i16, i16, i16, i16, i16, i16, i16, i16, i16, i16, i16, i16, i16, i16, i16, i16, i16, i16, i16, i16, i16, i16 } %mrv_48, i16 %DataOut_V, 49" [firmware/nnet_utils/nnet_conv_stream.h:235]   --->   Operation 142 'insertvalue' 'mrv_49' <Predicate = true> <Delay = 0.00>
ST_1 : Operation 143 [1/1] (0.00ns)   --->   "%mrv_50 = insertvalue { i16, i16, i16, i16, i16, i16, i16, i16, i16, i16, i16, i16, i16, i16, i16, i16, i16, i16, i16, i16, i16, i16, i16, i16, i16, i16, i16, i16, i16, i16, i16, i16, i16, i16, i16, i16, i16, i16, i16, i16, i16, i16, i16, i16, i16, i16, i16, i16, i16, i16, i16, i16, i16, i16, i16, i16, i16, i16, i16, i16, i16, i16, i16, i16, i16, i16, i16, i16, i16, i16, i16, i16, i16, i16, i16, i16, i16, i16, i16, i16, i16, i16, i16, i16, i16, i16, i16, i16, i16, i16 } %mrv_49, i16 %kernel_window_50_V_read_2, 50" [firmware/nnet_utils/nnet_conv_stream.h:235]   --->   Operation 143 'insertvalue' 'mrv_50' <Predicate = true> <Delay = 0.00>
ST_1 : Operation 144 [1/1] (0.00ns)   --->   "%mrv_51 = insertvalue { i16, i16, i16, i16, i16, i16, i16, i16, i16, i16, i16, i16, i16, i16, i16, i16, i16, i16, i16, i16, i16, i16, i16, i16, i16, i16, i16, i16, i16, i16, i16, i16, i16, i16, i16, i16, i16, i16, i16, i16, i16, i16, i16, i16, i16, i16, i16, i16, i16, i16, i16, i16, i16, i16, i16, i16, i16, i16, i16, i16, i16, i16, i16, i16, i16, i16, i16, i16, i16, i16, i16, i16, i16, i16, i16, i16, i16, i16, i16, i16, i16, i16, i16, i16, i16, i16, i16, i16, i16, i16 } %mrv_50, i16 %kernel_window_51_V_read_2, 51" [firmware/nnet_utils/nnet_conv_stream.h:235]   --->   Operation 144 'insertvalue' 'mrv_51' <Predicate = true> <Delay = 0.00>
ST_1 : Operation 145 [1/1] (0.00ns)   --->   "%mrv_52 = insertvalue { i16, i16, i16, i16, i16, i16, i16, i16, i16, i16, i16, i16, i16, i16, i16, i16, i16, i16, i16, i16, i16, i16, i16, i16, i16, i16, i16, i16, i16, i16, i16, i16, i16, i16, i16, i16, i16, i16, i16, i16, i16, i16, i16, i16, i16, i16, i16, i16, i16, i16, i16, i16, i16, i16, i16, i16, i16, i16, i16, i16, i16, i16, i16, i16, i16, i16, i16, i16, i16, i16, i16, i16, i16, i16, i16, i16, i16, i16, i16, i16, i16, i16, i16, i16, i16, i16, i16, i16, i16, i16 } %mrv_51, i16 %kernel_window_52_V_read_2, 52" [firmware/nnet_utils/nnet_conv_stream.h:235]   --->   Operation 145 'insertvalue' 'mrv_52' <Predicate = true> <Delay = 0.00>
ST_1 : Operation 146 [1/1] (0.00ns)   --->   "%mrv_53 = insertvalue { i16, i16, i16, i16, i16, i16, i16, i16, i16, i16, i16, i16, i16, i16, i16, i16, i16, i16, i16, i16, i16, i16, i16, i16, i16, i16, i16, i16, i16, i16, i16, i16, i16, i16, i16, i16, i16, i16, i16, i16, i16, i16, i16, i16, i16, i16, i16, i16, i16, i16, i16, i16, i16, i16, i16, i16, i16, i16, i16, i16, i16, i16, i16, i16, i16, i16, i16, i16, i16, i16, i16, i16, i16, i16, i16, i16, i16, i16, i16, i16, i16, i16, i16, i16, i16, i16, i16, i16, i16, i16 } %mrv_52, i16 %kernel_window_53_V_read_2, 53" [firmware/nnet_utils/nnet_conv_stream.h:235]   --->   Operation 146 'insertvalue' 'mrv_53' <Predicate = true> <Delay = 0.00>
ST_1 : Operation 147 [1/1] (0.00ns)   --->   "%mrv_54 = insertvalue { i16, i16, i16, i16, i16, i16, i16, i16, i16, i16, i16, i16, i16, i16, i16, i16, i16, i16, i16, i16, i16, i16, i16, i16, i16, i16, i16, i16, i16, i16, i16, i16, i16, i16, i16, i16, i16, i16, i16, i16, i16, i16, i16, i16, i16, i16, i16, i16, i16, i16, i16, i16, i16, i16, i16, i16, i16, i16, i16, i16, i16, i16, i16, i16, i16, i16, i16, i16, i16, i16, i16, i16, i16, i16, i16, i16, i16, i16, i16, i16, i16, i16, i16, i16, i16, i16, i16, i16, i16, i16 } %mrv_53, i16 %kernel_window_54_V_read_2, 54" [firmware/nnet_utils/nnet_conv_stream.h:235]   --->   Operation 147 'insertvalue' 'mrv_54' <Predicate = true> <Delay = 0.00>
ST_1 : Operation 148 [1/1] (0.00ns)   --->   "%mrv_55 = insertvalue { i16, i16, i16, i16, i16, i16, i16, i16, i16, i16, i16, i16, i16, i16, i16, i16, i16, i16, i16, i16, i16, i16, i16, i16, i16, i16, i16, i16, i16, i16, i16, i16, i16, i16, i16, i16, i16, i16, i16, i16, i16, i16, i16, i16, i16, i16, i16, i16, i16, i16, i16, i16, i16, i16, i16, i16, i16, i16, i16, i16, i16, i16, i16, i16, i16, i16, i16, i16, i16, i16, i16, i16, i16, i16, i16, i16, i16, i16, i16, i16, i16, i16, i16, i16, i16, i16, i16, i16, i16, i16 } %mrv_54, i16 %kernel_window_55_V_read_2, 55" [firmware/nnet_utils/nnet_conv_stream.h:235]   --->   Operation 148 'insertvalue' 'mrv_55' <Predicate = true> <Delay = 0.00>
ST_1 : Operation 149 [1/1] (0.00ns)   --->   "%mrv_56 = insertvalue { i16, i16, i16, i16, i16, i16, i16, i16, i16, i16, i16, i16, i16, i16, i16, i16, i16, i16, i16, i16, i16, i16, i16, i16, i16, i16, i16, i16, i16, i16, i16, i16, i16, i16, i16, i16, i16, i16, i16, i16, i16, i16, i16, i16, i16, i16, i16, i16, i16, i16, i16, i16, i16, i16, i16, i16, i16, i16, i16, i16, i16, i16, i16, i16, i16, i16, i16, i16, i16, i16, i16, i16, i16, i16, i16, i16, i16, i16, i16, i16, i16, i16, i16, i16, i16, i16, i16, i16, i16, i16 } %mrv_55, i16 %kernel_window_56_V_read_3, 56" [firmware/nnet_utils/nnet_conv_stream.h:235]   --->   Operation 149 'insertvalue' 'mrv_56' <Predicate = true> <Delay = 0.00>
ST_1 : Operation 150 [1/1] (0.00ns)   --->   "%mrv_57 = insertvalue { i16, i16, i16, i16, i16, i16, i16, i16, i16, i16, i16, i16, i16, i16, i16, i16, i16, i16, i16, i16, i16, i16, i16, i16, i16, i16, i16, i16, i16, i16, i16, i16, i16, i16, i16, i16, i16, i16, i16, i16, i16, i16, i16, i16, i16, i16, i16, i16, i16, i16, i16, i16, i16, i16, i16, i16, i16, i16, i16, i16, i16, i16, i16, i16, i16, i16, i16, i16, i16, i16, i16, i16, i16, i16, i16, i16, i16, i16, i16, i16, i16, i16, i16, i16, i16, i16, i16, i16, i16, i16 } %mrv_56, i16 %kernel_window_57_V_read_3, 57" [firmware/nnet_utils/nnet_conv_stream.h:235]   --->   Operation 150 'insertvalue' 'mrv_57' <Predicate = true> <Delay = 0.00>
ST_1 : Operation 151 [1/1] (0.00ns)   --->   "%mrv_58 = insertvalue { i16, i16, i16, i16, i16, i16, i16, i16, i16, i16, i16, i16, i16, i16, i16, i16, i16, i16, i16, i16, i16, i16, i16, i16, i16, i16, i16, i16, i16, i16, i16, i16, i16, i16, i16, i16, i16, i16, i16, i16, i16, i16, i16, i16, i16, i16, i16, i16, i16, i16, i16, i16, i16, i16, i16, i16, i16, i16, i16, i16, i16, i16, i16, i16, i16, i16, i16, i16, i16, i16, i16, i16, i16, i16, i16, i16, i16, i16, i16, i16, i16, i16, i16, i16, i16, i16, i16, i16, i16, i16 } %mrv_57, i16 %kernel_window_58_V_read_3, 58" [firmware/nnet_utils/nnet_conv_stream.h:235]   --->   Operation 151 'insertvalue' 'mrv_58' <Predicate = true> <Delay = 0.00>
ST_1 : Operation 152 [1/1] (0.00ns)   --->   "%mrv_59 = insertvalue { i16, i16, i16, i16, i16, i16, i16, i16, i16, i16, i16, i16, i16, i16, i16, i16, i16, i16, i16, i16, i16, i16, i16, i16, i16, i16, i16, i16, i16, i16, i16, i16, i16, i16, i16, i16, i16, i16, i16, i16, i16, i16, i16, i16, i16, i16, i16, i16, i16, i16, i16, i16, i16, i16, i16, i16, i16, i16, i16, i16, i16, i16, i16, i16, i16, i16, i16, i16, i16, i16, i16, i16, i16, i16, i16, i16, i16, i16, i16, i16, i16, i16, i16, i16, i16, i16, i16, i16, i16, i16 } %mrv_58, i16 %kernel_window_59_V_read_3, 59" [firmware/nnet_utils/nnet_conv_stream.h:235]   --->   Operation 152 'insertvalue' 'mrv_59' <Predicate = true> <Delay = 0.00>
ST_1 : Operation 153 [1/1] (0.00ns)   --->   "%mrv_60 = insertvalue { i16, i16, i16, i16, i16, i16, i16, i16, i16, i16, i16, i16, i16, i16, i16, i16, i16, i16, i16, i16, i16, i16, i16, i16, i16, i16, i16, i16, i16, i16, i16, i16, i16, i16, i16, i16, i16, i16, i16, i16, i16, i16, i16, i16, i16, i16, i16, i16, i16, i16, i16, i16, i16, i16, i16, i16, i16, i16, i16, i16, i16, i16, i16, i16, i16, i16, i16, i16, i16, i16, i16, i16, i16, i16, i16, i16, i16, i16, i16, i16, i16, i16, i16, i16, i16, i16, i16, i16, i16, i16 } %mrv_59, i16 %DataOut_V_204, 60" [firmware/nnet_utils/nnet_conv_stream.h:235]   --->   Operation 153 'insertvalue' 'mrv_60' <Predicate = true> <Delay = 0.00>
ST_1 : Operation 154 [1/1] (0.00ns)   --->   "%mrv_61 = insertvalue { i16, i16, i16, i16, i16, i16, i16, i16, i16, i16, i16, i16, i16, i16, i16, i16, i16, i16, i16, i16, i16, i16, i16, i16, i16, i16, i16, i16, i16, i16, i16, i16, i16, i16, i16, i16, i16, i16, i16, i16, i16, i16, i16, i16, i16, i16, i16, i16, i16, i16, i16, i16, i16, i16, i16, i16, i16, i16, i16, i16, i16, i16, i16, i16, i16, i16, i16, i16, i16, i16, i16, i16, i16, i16, i16, i16, i16, i16, i16, i16, i16, i16, i16, i16, i16, i16, i16, i16, i16, i16 } %mrv_60, i16 %DataOut_V_206, 61" [firmware/nnet_utils/nnet_conv_stream.h:235]   --->   Operation 154 'insertvalue' 'mrv_61' <Predicate = true> <Delay = 0.00>
ST_1 : Operation 155 [1/1] (0.00ns)   --->   "%mrv_62 = insertvalue { i16, i16, i16, i16, i16, i16, i16, i16, i16, i16, i16, i16, i16, i16, i16, i16, i16, i16, i16, i16, i16, i16, i16, i16, i16, i16, i16, i16, i16, i16, i16, i16, i16, i16, i16, i16, i16, i16, i16, i16, i16, i16, i16, i16, i16, i16, i16, i16, i16, i16, i16, i16, i16, i16, i16, i16, i16, i16, i16, i16, i16, i16, i16, i16, i16, i16, i16, i16, i16, i16, i16, i16, i16, i16, i16, i16, i16, i16, i16, i16, i16, i16, i16, i16, i16, i16, i16, i16, i16, i16 } %mrv_61, i16 %DataOut_V_208, 62" [firmware/nnet_utils/nnet_conv_stream.h:235]   --->   Operation 155 'insertvalue' 'mrv_62' <Predicate = true> <Delay = 0.00>
ST_1 : Operation 156 [1/1] (0.00ns)   --->   "%mrv_63 = insertvalue { i16, i16, i16, i16, i16, i16, i16, i16, i16, i16, i16, i16, i16, i16, i16, i16, i16, i16, i16, i16, i16, i16, i16, i16, i16, i16, i16, i16, i16, i16, i16, i16, i16, i16, i16, i16, i16, i16, i16, i16, i16, i16, i16, i16, i16, i16, i16, i16, i16, i16, i16, i16, i16, i16, i16, i16, i16, i16, i16, i16, i16, i16, i16, i16, i16, i16, i16, i16, i16, i16, i16, i16, i16, i16, i16, i16, i16, i16, i16, i16, i16, i16, i16, i16, i16, i16, i16, i16, i16, i16 } %mrv_62, i16 %DataOut_V_210, 63" [firmware/nnet_utils/nnet_conv_stream.h:235]   --->   Operation 156 'insertvalue' 'mrv_63' <Predicate = true> <Delay = 0.00>
ST_1 : Operation 157 [1/1] (0.00ns)   --->   "%mrv_64 = insertvalue { i16, i16, i16, i16, i16, i16, i16, i16, i16, i16, i16, i16, i16, i16, i16, i16, i16, i16, i16, i16, i16, i16, i16, i16, i16, i16, i16, i16, i16, i16, i16, i16, i16, i16, i16, i16, i16, i16, i16, i16, i16, i16, i16, i16, i16, i16, i16, i16, i16, i16, i16, i16, i16, i16, i16, i16, i16, i16, i16, i16, i16, i16, i16, i16, i16, i16, i16, i16, i16, i16, i16, i16, i16, i16, i16, i16, i16, i16, i16, i16, i16, i16, i16, i16, i16, i16, i16, i16, i16, i16 } %mrv_63, i16 %DataOut_V_212, 64" [firmware/nnet_utils/nnet_conv_stream.h:235]   --->   Operation 157 'insertvalue' 'mrv_64' <Predicate = true> <Delay = 0.00>
ST_1 : Operation 158 [1/1] (0.00ns)   --->   "%mrv_65 = insertvalue { i16, i16, i16, i16, i16, i16, i16, i16, i16, i16, i16, i16, i16, i16, i16, i16, i16, i16, i16, i16, i16, i16, i16, i16, i16, i16, i16, i16, i16, i16, i16, i16, i16, i16, i16, i16, i16, i16, i16, i16, i16, i16, i16, i16, i16, i16, i16, i16, i16, i16, i16, i16, i16, i16, i16, i16, i16, i16, i16, i16, i16, i16, i16, i16, i16, i16, i16, i16, i16, i16, i16, i16, i16, i16, i16, i16, i16, i16, i16, i16, i16, i16, i16, i16, i16, i16, i16, i16, i16, i16 } %mrv_64, i16 %DataOut_V_214, 65" [firmware/nnet_utils/nnet_conv_stream.h:235]   --->   Operation 158 'insertvalue' 'mrv_65' <Predicate = true> <Delay = 0.00>
ST_1 : Operation 159 [1/1] (0.00ns)   --->   "%mrv_66 = insertvalue { i16, i16, i16, i16, i16, i16, i16, i16, i16, i16, i16, i16, i16, i16, i16, i16, i16, i16, i16, i16, i16, i16, i16, i16, i16, i16, i16, i16, i16, i16, i16, i16, i16, i16, i16, i16, i16, i16, i16, i16, i16, i16, i16, i16, i16, i16, i16, i16, i16, i16, i16, i16, i16, i16, i16, i16, i16, i16, i16, i16, i16, i16, i16, i16, i16, i16, i16, i16, i16, i16, i16, i16, i16, i16, i16, i16, i16, i16, i16, i16, i16, i16, i16, i16, i16, i16, i16, i16, i16, i16 } %mrv_65, i16 %DataOut_V_216, 66" [firmware/nnet_utils/nnet_conv_stream.h:235]   --->   Operation 159 'insertvalue' 'mrv_66' <Predicate = true> <Delay = 0.00>
ST_1 : Operation 160 [1/1] (0.00ns)   --->   "%mrv_67 = insertvalue { i16, i16, i16, i16, i16, i16, i16, i16, i16, i16, i16, i16, i16, i16, i16, i16, i16, i16, i16, i16, i16, i16, i16, i16, i16, i16, i16, i16, i16, i16, i16, i16, i16, i16, i16, i16, i16, i16, i16, i16, i16, i16, i16, i16, i16, i16, i16, i16, i16, i16, i16, i16, i16, i16, i16, i16, i16, i16, i16, i16, i16, i16, i16, i16, i16, i16, i16, i16, i16, i16, i16, i16, i16, i16, i16, i16, i16, i16, i16, i16, i16, i16, i16, i16, i16, i16, i16, i16, i16, i16 } %mrv_66, i16 %DataOut_V_218, 67" [firmware/nnet_utils/nnet_conv_stream.h:235]   --->   Operation 160 'insertvalue' 'mrv_67' <Predicate = true> <Delay = 0.00>
ST_1 : Operation 161 [1/1] (0.00ns)   --->   "%mrv_68 = insertvalue { i16, i16, i16, i16, i16, i16, i16, i16, i16, i16, i16, i16, i16, i16, i16, i16, i16, i16, i16, i16, i16, i16, i16, i16, i16, i16, i16, i16, i16, i16, i16, i16, i16, i16, i16, i16, i16, i16, i16, i16, i16, i16, i16, i16, i16, i16, i16, i16, i16, i16, i16, i16, i16, i16, i16, i16, i16, i16, i16, i16, i16, i16, i16, i16, i16, i16, i16, i16, i16, i16, i16, i16, i16, i16, i16, i16, i16, i16, i16, i16, i16, i16, i16, i16, i16, i16, i16, i16, i16, i16 } %mrv_67, i16 %DataOut_V_220, 68" [firmware/nnet_utils/nnet_conv_stream.h:235]   --->   Operation 161 'insertvalue' 'mrv_68' <Predicate = true> <Delay = 0.00>
ST_1 : Operation 162 [1/1] (0.00ns)   --->   "%mrv_69 = insertvalue { i16, i16, i16, i16, i16, i16, i16, i16, i16, i16, i16, i16, i16, i16, i16, i16, i16, i16, i16, i16, i16, i16, i16, i16, i16, i16, i16, i16, i16, i16, i16, i16, i16, i16, i16, i16, i16, i16, i16, i16, i16, i16, i16, i16, i16, i16, i16, i16, i16, i16, i16, i16, i16, i16, i16, i16, i16, i16, i16, i16, i16, i16, i16, i16, i16, i16, i16, i16, i16, i16, i16, i16, i16, i16, i16, i16, i16, i16, i16, i16, i16, i16, i16, i16, i16, i16, i16, i16, i16, i16 } %mrv_68, i16 %DataOut_V_222, 69" [firmware/nnet_utils/nnet_conv_stream.h:235]   --->   Operation 162 'insertvalue' 'mrv_69' <Predicate = true> <Delay = 0.00>
ST_1 : Operation 163 [1/1] (0.00ns)   --->   "%mrv_70 = insertvalue { i16, i16, i16, i16, i16, i16, i16, i16, i16, i16, i16, i16, i16, i16, i16, i16, i16, i16, i16, i16, i16, i16, i16, i16, i16, i16, i16, i16, i16, i16, i16, i16, i16, i16, i16, i16, i16, i16, i16, i16, i16, i16, i16, i16, i16, i16, i16, i16, i16, i16, i16, i16, i16, i16, i16, i16, i16, i16, i16, i16, i16, i16, i16, i16, i16, i16, i16, i16, i16, i16, i16, i16, i16, i16, i16, i16, i16, i16, i16, i16, i16, i16, i16, i16, i16, i16, i16, i16, i16, i16 } %mrv_69, i16 %kernel_window_80_V_read_3, 70" [firmware/nnet_utils/nnet_conv_stream.h:235]   --->   Operation 163 'insertvalue' 'mrv_70' <Predicate = true> <Delay = 0.00>
ST_1 : Operation 164 [1/1] (0.00ns)   --->   "%mrv_71 = insertvalue { i16, i16, i16, i16, i16, i16, i16, i16, i16, i16, i16, i16, i16, i16, i16, i16, i16, i16, i16, i16, i16, i16, i16, i16, i16, i16, i16, i16, i16, i16, i16, i16, i16, i16, i16, i16, i16, i16, i16, i16, i16, i16, i16, i16, i16, i16, i16, i16, i16, i16, i16, i16, i16, i16, i16, i16, i16, i16, i16, i16, i16, i16, i16, i16, i16, i16, i16, i16, i16, i16, i16, i16, i16, i16, i16, i16, i16, i16, i16, i16, i16, i16, i16, i16, i16, i16, i16, i16, i16, i16 } %mrv_70, i16 %kernel_window_81_V_read_3, 71" [firmware/nnet_utils/nnet_conv_stream.h:235]   --->   Operation 164 'insertvalue' 'mrv_71' <Predicate = true> <Delay = 0.00>
ST_1 : Operation 165 [1/1] (0.00ns)   --->   "%mrv_72 = insertvalue { i16, i16, i16, i16, i16, i16, i16, i16, i16, i16, i16, i16, i16, i16, i16, i16, i16, i16, i16, i16, i16, i16, i16, i16, i16, i16, i16, i16, i16, i16, i16, i16, i16, i16, i16, i16, i16, i16, i16, i16, i16, i16, i16, i16, i16, i16, i16, i16, i16, i16, i16, i16, i16, i16, i16, i16, i16, i16, i16, i16, i16, i16, i16, i16, i16, i16, i16, i16, i16, i16, i16, i16, i16, i16, i16, i16, i16, i16, i16, i16, i16, i16, i16, i16, i16, i16, i16, i16, i16, i16 } %mrv_71, i16 %kernel_window_82_V_read_3, 72" [firmware/nnet_utils/nnet_conv_stream.h:235]   --->   Operation 165 'insertvalue' 'mrv_72' <Predicate = true> <Delay = 0.00>
ST_1 : Operation 166 [1/1] (0.00ns)   --->   "%mrv_73 = insertvalue { i16, i16, i16, i16, i16, i16, i16, i16, i16, i16, i16, i16, i16, i16, i16, i16, i16, i16, i16, i16, i16, i16, i16, i16, i16, i16, i16, i16, i16, i16, i16, i16, i16, i16, i16, i16, i16, i16, i16, i16, i16, i16, i16, i16, i16, i16, i16, i16, i16, i16, i16, i16, i16, i16, i16, i16, i16, i16, i16, i16, i16, i16, i16, i16, i16, i16, i16, i16, i16, i16, i16, i16, i16, i16, i16, i16, i16, i16, i16, i16, i16, i16, i16, i16, i16, i16, i16, i16, i16, i16 } %mrv_72, i16 %kernel_window_83_V_read_3, 73" [firmware/nnet_utils/nnet_conv_stream.h:235]   --->   Operation 166 'insertvalue' 'mrv_73' <Predicate = true> <Delay = 0.00>
ST_1 : Operation 167 [1/1] (0.00ns)   --->   "%mrv_74 = insertvalue { i16, i16, i16, i16, i16, i16, i16, i16, i16, i16, i16, i16, i16, i16, i16, i16, i16, i16, i16, i16, i16, i16, i16, i16, i16, i16, i16, i16, i16, i16, i16, i16, i16, i16, i16, i16, i16, i16, i16, i16, i16, i16, i16, i16, i16, i16, i16, i16, i16, i16, i16, i16, i16, i16, i16, i16, i16, i16, i16, i16, i16, i16, i16, i16, i16, i16, i16, i16, i16, i16, i16, i16, i16, i16, i16, i16, i16, i16, i16, i16, i16, i16, i16, i16, i16, i16, i16, i16, i16, i16 } %mrv_73, i16 %kernel_window_84_V_read_3, 74" [firmware/nnet_utils/nnet_conv_stream.h:235]   --->   Operation 167 'insertvalue' 'mrv_74' <Predicate = true> <Delay = 0.00>
ST_1 : Operation 168 [1/1] (0.00ns)   --->   "%mrv_75 = insertvalue { i16, i16, i16, i16, i16, i16, i16, i16, i16, i16, i16, i16, i16, i16, i16, i16, i16, i16, i16, i16, i16, i16, i16, i16, i16, i16, i16, i16, i16, i16, i16, i16, i16, i16, i16, i16, i16, i16, i16, i16, i16, i16, i16, i16, i16, i16, i16, i16, i16, i16, i16, i16, i16, i16, i16, i16, i16, i16, i16, i16, i16, i16, i16, i16, i16, i16, i16, i16, i16, i16, i16, i16, i16, i16, i16, i16, i16, i16, i16, i16, i16, i16, i16, i16, i16, i16, i16, i16, i16, i16 } %mrv_74, i16 %kernel_window_85_V_read_3, 75" [firmware/nnet_utils/nnet_conv_stream.h:235]   --->   Operation 168 'insertvalue' 'mrv_75' <Predicate = true> <Delay = 0.00>
ST_1 : Operation 169 [1/1] (0.00ns)   --->   "%mrv_76 = insertvalue { i16, i16, i16, i16, i16, i16, i16, i16, i16, i16, i16, i16, i16, i16, i16, i16, i16, i16, i16, i16, i16, i16, i16, i16, i16, i16, i16, i16, i16, i16, i16, i16, i16, i16, i16, i16, i16, i16, i16, i16, i16, i16, i16, i16, i16, i16, i16, i16, i16, i16, i16, i16, i16, i16, i16, i16, i16, i16, i16, i16, i16, i16, i16, i16, i16, i16, i16, i16, i16, i16, i16, i16, i16, i16, i16, i16, i16, i16, i16, i16, i16, i16, i16, i16, i16, i16, i16, i16, i16, i16 } %mrv_75, i16 %kernel_window_86_V_read_3, 76" [firmware/nnet_utils/nnet_conv_stream.h:235]   --->   Operation 169 'insertvalue' 'mrv_76' <Predicate = true> <Delay = 0.00>
ST_1 : Operation 170 [1/1] (0.00ns)   --->   "%mrv_77 = insertvalue { i16, i16, i16, i16, i16, i16, i16, i16, i16, i16, i16, i16, i16, i16, i16, i16, i16, i16, i16, i16, i16, i16, i16, i16, i16, i16, i16, i16, i16, i16, i16, i16, i16, i16, i16, i16, i16, i16, i16, i16, i16, i16, i16, i16, i16, i16, i16, i16, i16, i16, i16, i16, i16, i16, i16, i16, i16, i16, i16, i16, i16, i16, i16, i16, i16, i16, i16, i16, i16, i16, i16, i16, i16, i16, i16, i16, i16, i16, i16, i16, i16, i16, i16, i16, i16, i16, i16, i16, i16, i16 } %mrv_76, i16 %kernel_window_87_V_read_3, 77" [firmware/nnet_utils/nnet_conv_stream.h:235]   --->   Operation 170 'insertvalue' 'mrv_77' <Predicate = true> <Delay = 0.00>
ST_1 : Operation 171 [1/1] (0.00ns)   --->   "%mrv_78 = insertvalue { i16, i16, i16, i16, i16, i16, i16, i16, i16, i16, i16, i16, i16, i16, i16, i16, i16, i16, i16, i16, i16, i16, i16, i16, i16, i16, i16, i16, i16, i16, i16, i16, i16, i16, i16, i16, i16, i16, i16, i16, i16, i16, i16, i16, i16, i16, i16, i16, i16, i16, i16, i16, i16, i16, i16, i16, i16, i16, i16, i16, i16, i16, i16, i16, i16, i16, i16, i16, i16, i16, i16, i16, i16, i16, i16, i16, i16, i16, i16, i16, i16, i16, i16, i16, i16, i16, i16, i16, i16, i16 } %mrv_77, i16 %kernel_window_88_V_read_3, 78" [firmware/nnet_utils/nnet_conv_stream.h:235]   --->   Operation 171 'insertvalue' 'mrv_78' <Predicate = true> <Delay = 0.00>
ST_1 : Operation 172 [1/1] (0.00ns)   --->   "%mrv_79 = insertvalue { i16, i16, i16, i16, i16, i16, i16, i16, i16, i16, i16, i16, i16, i16, i16, i16, i16, i16, i16, i16, i16, i16, i16, i16, i16, i16, i16, i16, i16, i16, i16, i16, i16, i16, i16, i16, i16, i16, i16, i16, i16, i16, i16, i16, i16, i16, i16, i16, i16, i16, i16, i16, i16, i16, i16, i16, i16, i16, i16, i16, i16, i16, i16, i16, i16, i16, i16, i16, i16, i16, i16, i16, i16, i16, i16, i16, i16, i16, i16, i16, i16, i16, i16, i16, i16, i16, i16, i16, i16, i16 } %mrv_78, i16 %kernel_window_89_V_read_3, 79" [firmware/nnet_utils/nnet_conv_stream.h:235]   --->   Operation 172 'insertvalue' 'mrv_79' <Predicate = true> <Delay = 0.00>
ST_1 : Operation 173 [1/1] (0.00ns)   --->   "%mrv_80 = insertvalue { i16, i16, i16, i16, i16, i16, i16, i16, i16, i16, i16, i16, i16, i16, i16, i16, i16, i16, i16, i16, i16, i16, i16, i16, i16, i16, i16, i16, i16, i16, i16, i16, i16, i16, i16, i16, i16, i16, i16, i16, i16, i16, i16, i16, i16, i16, i16, i16, i16, i16, i16, i16, i16, i16, i16, i16, i16, i16, i16, i16, i16, i16, i16, i16, i16, i16, i16, i16, i16, i16, i16, i16, i16, i16, i16, i16, i16, i16, i16, i16, i16, i16, i16, i16, i16, i16, i16, i16, i16, i16 } %mrv_79, i16 %kernel_window_80_V_write_read, 80" [firmware/nnet_utils/nnet_conv_stream.h:235]   --->   Operation 173 'insertvalue' 'mrv_80' <Predicate = true> <Delay = 0.00>
ST_1 : Operation 174 [1/1] (0.00ns)   --->   "%mrv_81 = insertvalue { i16, i16, i16, i16, i16, i16, i16, i16, i16, i16, i16, i16, i16, i16, i16, i16, i16, i16, i16, i16, i16, i16, i16, i16, i16, i16, i16, i16, i16, i16, i16, i16, i16, i16, i16, i16, i16, i16, i16, i16, i16, i16, i16, i16, i16, i16, i16, i16, i16, i16, i16, i16, i16, i16, i16, i16, i16, i16, i16, i16, i16, i16, i16, i16, i16, i16, i16, i16, i16, i16, i16, i16, i16, i16, i16, i16, i16, i16, i16, i16, i16, i16, i16, i16, i16, i16, i16, i16, i16, i16 } %mrv_80, i16 %kernel_window_81_V_write_read, 81" [firmware/nnet_utils/nnet_conv_stream.h:235]   --->   Operation 174 'insertvalue' 'mrv_81' <Predicate = true> <Delay = 0.00>
ST_1 : Operation 175 [1/1] (0.00ns)   --->   "%mrv_82 = insertvalue { i16, i16, i16, i16, i16, i16, i16, i16, i16, i16, i16, i16, i16, i16, i16, i16, i16, i16, i16, i16, i16, i16, i16, i16, i16, i16, i16, i16, i16, i16, i16, i16, i16, i16, i16, i16, i16, i16, i16, i16, i16, i16, i16, i16, i16, i16, i16, i16, i16, i16, i16, i16, i16, i16, i16, i16, i16, i16, i16, i16, i16, i16, i16, i16, i16, i16, i16, i16, i16, i16, i16, i16, i16, i16, i16, i16, i16, i16, i16, i16, i16, i16, i16, i16, i16, i16, i16, i16, i16, i16 } %mrv_81, i16 %kernel_window_82_V_write_read, 82" [firmware/nnet_utils/nnet_conv_stream.h:235]   --->   Operation 175 'insertvalue' 'mrv_82' <Predicate = true> <Delay = 0.00>
ST_1 : Operation 176 [1/1] (0.00ns)   --->   "%mrv_83 = insertvalue { i16, i16, i16, i16, i16, i16, i16, i16, i16, i16, i16, i16, i16, i16, i16, i16, i16, i16, i16, i16, i16, i16, i16, i16, i16, i16, i16, i16, i16, i16, i16, i16, i16, i16, i16, i16, i16, i16, i16, i16, i16, i16, i16, i16, i16, i16, i16, i16, i16, i16, i16, i16, i16, i16, i16, i16, i16, i16, i16, i16, i16, i16, i16, i16, i16, i16, i16, i16, i16, i16, i16, i16, i16, i16, i16, i16, i16, i16, i16, i16, i16, i16, i16, i16, i16, i16, i16, i16, i16, i16 } %mrv_82, i16 %kernel_window_83_V_write_read, 83" [firmware/nnet_utils/nnet_conv_stream.h:235]   --->   Operation 176 'insertvalue' 'mrv_83' <Predicate = true> <Delay = 0.00>
ST_1 : Operation 177 [1/1] (0.00ns)   --->   "%mrv_84 = insertvalue { i16, i16, i16, i16, i16, i16, i16, i16, i16, i16, i16, i16, i16, i16, i16, i16, i16, i16, i16, i16, i16, i16, i16, i16, i16, i16, i16, i16, i16, i16, i16, i16, i16, i16, i16, i16, i16, i16, i16, i16, i16, i16, i16, i16, i16, i16, i16, i16, i16, i16, i16, i16, i16, i16, i16, i16, i16, i16, i16, i16, i16, i16, i16, i16, i16, i16, i16, i16, i16, i16, i16, i16, i16, i16, i16, i16, i16, i16, i16, i16, i16, i16, i16, i16, i16, i16, i16, i16, i16, i16 } %mrv_83, i16 %kernel_window_84_V_write_read, 84" [firmware/nnet_utils/nnet_conv_stream.h:235]   --->   Operation 177 'insertvalue' 'mrv_84' <Predicate = true> <Delay = 0.00>
ST_1 : Operation 178 [1/1] (0.00ns)   --->   "%mrv_85 = insertvalue { i16, i16, i16, i16, i16, i16, i16, i16, i16, i16, i16, i16, i16, i16, i16, i16, i16, i16, i16, i16, i16, i16, i16, i16, i16, i16, i16, i16, i16, i16, i16, i16, i16, i16, i16, i16, i16, i16, i16, i16, i16, i16, i16, i16, i16, i16, i16, i16, i16, i16, i16, i16, i16, i16, i16, i16, i16, i16, i16, i16, i16, i16, i16, i16, i16, i16, i16, i16, i16, i16, i16, i16, i16, i16, i16, i16, i16, i16, i16, i16, i16, i16, i16, i16, i16, i16, i16, i16, i16, i16 } %mrv_84, i16 %kernel_window_85_V_write_read, 85" [firmware/nnet_utils/nnet_conv_stream.h:235]   --->   Operation 178 'insertvalue' 'mrv_85' <Predicate = true> <Delay = 0.00>
ST_1 : Operation 179 [1/1] (0.00ns)   --->   "%mrv_86 = insertvalue { i16, i16, i16, i16, i16, i16, i16, i16, i16, i16, i16, i16, i16, i16, i16, i16, i16, i16, i16, i16, i16, i16, i16, i16, i16, i16, i16, i16, i16, i16, i16, i16, i16, i16, i16, i16, i16, i16, i16, i16, i16, i16, i16, i16, i16, i16, i16, i16, i16, i16, i16, i16, i16, i16, i16, i16, i16, i16, i16, i16, i16, i16, i16, i16, i16, i16, i16, i16, i16, i16, i16, i16, i16, i16, i16, i16, i16, i16, i16, i16, i16, i16, i16, i16, i16, i16, i16, i16, i16, i16 } %mrv_85, i16 %kernel_window_86_V_write_read, 86" [firmware/nnet_utils/nnet_conv_stream.h:235]   --->   Operation 179 'insertvalue' 'mrv_86' <Predicate = true> <Delay = 0.00>
ST_1 : Operation 180 [1/1] (0.00ns)   --->   "%mrv_87 = insertvalue { i16, i16, i16, i16, i16, i16, i16, i16, i16, i16, i16, i16, i16, i16, i16, i16, i16, i16, i16, i16, i16, i16, i16, i16, i16, i16, i16, i16, i16, i16, i16, i16, i16, i16, i16, i16, i16, i16, i16, i16, i16, i16, i16, i16, i16, i16, i16, i16, i16, i16, i16, i16, i16, i16, i16, i16, i16, i16, i16, i16, i16, i16, i16, i16, i16, i16, i16, i16, i16, i16, i16, i16, i16, i16, i16, i16, i16, i16, i16, i16, i16, i16, i16, i16, i16, i16, i16, i16, i16, i16 } %mrv_86, i16 %kernel_window_87_V_write_read, 87" [firmware/nnet_utils/nnet_conv_stream.h:235]   --->   Operation 180 'insertvalue' 'mrv_87' <Predicate = true> <Delay = 0.00>
ST_1 : Operation 181 [1/1] (0.00ns)   --->   "%mrv_88 = insertvalue { i16, i16, i16, i16, i16, i16, i16, i16, i16, i16, i16, i16, i16, i16, i16, i16, i16, i16, i16, i16, i16, i16, i16, i16, i16, i16, i16, i16, i16, i16, i16, i16, i16, i16, i16, i16, i16, i16, i16, i16, i16, i16, i16, i16, i16, i16, i16, i16, i16, i16, i16, i16, i16, i16, i16, i16, i16, i16, i16, i16, i16, i16, i16, i16, i16, i16, i16, i16, i16, i16, i16, i16, i16, i16, i16, i16, i16, i16, i16, i16, i16, i16, i16, i16, i16, i16, i16, i16, i16, i16 } %mrv_87, i16 %kernel_window_88_V_write_read, 88" [firmware/nnet_utils/nnet_conv_stream.h:235]   --->   Operation 181 'insertvalue' 'mrv_88' <Predicate = true> <Delay = 0.00>
ST_1 : Operation 182 [1/1] (0.00ns)   --->   "%mrv_89 = insertvalue { i16, i16, i16, i16, i16, i16, i16, i16, i16, i16, i16, i16, i16, i16, i16, i16, i16, i16, i16, i16, i16, i16, i16, i16, i16, i16, i16, i16, i16, i16, i16, i16, i16, i16, i16, i16, i16, i16, i16, i16, i16, i16, i16, i16, i16, i16, i16, i16, i16, i16, i16, i16, i16, i16, i16, i16, i16, i16, i16, i16, i16, i16, i16, i16, i16, i16, i16, i16, i16, i16, i16, i16, i16, i16, i16, i16, i16, i16, i16, i16, i16, i16, i16, i16, i16, i16, i16, i16, i16, i16 } %mrv_88, i16 %kernel_window_89_V_write_read, 89" [firmware/nnet_utils/nnet_conv_stream.h:235]   --->   Operation 182 'insertvalue' 'mrv_89' <Predicate = true> <Delay = 0.00>
ST_1 : Operation 183 [1/1] (0.00ns)   --->   "ret { i16, i16, i16, i16, i16, i16, i16, i16, i16, i16, i16, i16, i16, i16, i16, i16, i16, i16, i16, i16, i16, i16, i16, i16, i16, i16, i16, i16, i16, i16, i16, i16, i16, i16, i16, i16, i16, i16, i16, i16, i16, i16, i16, i16, i16, i16, i16, i16, i16, i16, i16, i16, i16, i16, i16, i16, i16, i16, i16, i16, i16, i16, i16, i16, i16, i16, i16, i16, i16, i16, i16, i16, i16, i16, i16, i16, i16, i16, i16, i16, i16, i16, i16, i16, i16, i16, i16, i16, i16, i16 } %mrv_89" [firmware/nnet_utils/nnet_conv_stream.h:235]   --->   Operation 183 'ret' <Predicate = true> <Delay = 0.00>


============================================================
+ Verbose Summary: Timing violations
============================================================
Target clock period: 5ns, clock uncertainty: 0.625ns.

 <State 1>: 3.23ns
The critical path consists of the following:
	wire read on port 'kernel_window_89_V_write' (firmware/nnet_utils/nnet_conv_stream.h:210) [131]  (0 ns)
	'memshiftread' operation ('DataOut.V', firmware/nnet_utils/nnet_conv_stream.h:230) [160]  (1.62 ns)
	'memshiftread' operation ('DataOut.V', firmware/nnet_utils/nnet_conv_stream.h:230) [161]  (1.62 ns)


============================================================
+ Verbose Summary: Binding
============================================================
N/A
* FSMD analyzer results:
  - Output states:
 - Input state : 
  - Chain level:
	State 1


============================================================
+ Verbose Summary: Datapath Resource usage 
============================================================
N/A
