

================================================================
== Vivado HLS Report for 'zeropad2d_cl_array_array_ap_fixed_8u_config30_s'
================================================================
* Date:           Sun Nov 14 10:19:43 2021

* Version:        2019.1 (Build 2552052 on Fri May 24 15:28:33 MDT 2019)
* Project:        myproject_prj
* Solution:       solution1
* Product family: zynq
* Target device:  xc7z020-clg400-1


================================================================
== Performance Estimates
================================================================
+ Timing (ns): 
    * Summary: 
    +--------+-------+----------+------------+
    |  Clock | Target| Estimated| Uncertainty|
    +--------+-------+----------+------------+
    |ap_clk  |   5.00|     4.375|        0.62|
    +--------+-------+----------+------------+

+ Latency (clock cycles): 
    * Summary: 
    +------+------+------+------+---------+
    |   Latency   |   Interval  | Pipeline|
    |  min |  max |  min |  max |   Type  |
    +------+------+------+------+---------+
    |  2583|  2583|  2583|  2583|   none  |
    +------+------+------+------+---------+

    + Detail: 
        * Instance: 
        N/A

        * Loop: 
        +------------------+------+------+----------+-----------+-----------+------+----------+
        |                  |   Latency   | Iteration|  Initiation Interval  | Trip |          |
        |     Loop Name    |  min |  max |  Latency |  achieved |   target  | Count| Pipelined|
        +------------------+------+------+----------+-----------+-----------+------+----------+
        |- PadTopWidth     |    10|    10|         1|          -|          -|    10|    no    |
        |- PadMain         |  2560|  2560|        10|          -|          -|   256|    no    |
        | + CopyMain       |     8|     8|         1|          -|          -|     8|    no    |
        |- PadBottomWidth  |    10|    10|         1|          -|          -|    10|    no    |
        +------------------+------+------+----------+-----------+-----------+------+----------+

============================================================
+ Verbose Summary: Synthesis Manager
============================================================
InlineROM: 1
ExposeGlobal: 0
============================================================
+ Verbose Summary: CDFG Model
============================================================
IsTopModel: 0
ResetActiveHigh: 1
IsCombinational: 2
IsDatapathOnly: 0
HasWiredReturn: 1
HasMFsm: 0
HasVarLatency: 1
IsPipeline: 0
IsRtlPipelined: 0
IsInstanceOverlapped: 0
IsDontTouch: 0
HasImplIP: 0
IsGatedGlobalClock: 0


============================================================
+ Verbose Summary: Schedule
============================================================
* Number of FSM states : 5
* Pipeline : 0
* Dataflow Pipeline: 0

* FSM state transitions: 
1 --> 2 
2 --> 2 3 
3 --> 4 5 
4 --> 4 3 
5 --> 5 

* FSM state operations: 

State 1 <SV = 0> <Delay = 1.76>
ST_1 : Operation 6 [1/1] (0.00ns)   --->   "call void (...)* @_ssdm_op_SpecInterface(i16* %res_V_data_7_V, [8 x i8]* @ap_fifo_str, i32 0, i32 0, [1 x i8]* @p_str, i32 0, i32 0, [1 x i8]* @p_str, [1 x i8]* @p_str, [1 x i8]* @p_str, i32 2, i32 2, i32 16, i32 16, [1 x i8]* @p_str, [1 x i8]* @p_str)"   --->   Operation 6 'specinterface' <Predicate = true> <Delay = 0.00>
ST_1 : Operation 7 [1/1] (0.00ns)   --->   "call void (...)* @_ssdm_op_SpecInterface(i16* %res_V_data_6_V, [8 x i8]* @ap_fifo_str, i32 0, i32 0, [1 x i8]* @p_str, i32 0, i32 0, [1 x i8]* @p_str, [1 x i8]* @p_str, [1 x i8]* @p_str, i32 2, i32 2, i32 16, i32 16, [1 x i8]* @p_str, [1 x i8]* @p_str)"   --->   Operation 7 'specinterface' <Predicate = true> <Delay = 0.00>
ST_1 : Operation 8 [1/1] (0.00ns)   --->   "call void (...)* @_ssdm_op_SpecInterface(i16* %res_V_data_5_V, [8 x i8]* @ap_fifo_str, i32 0, i32 0, [1 x i8]* @p_str, i32 0, i32 0, [1 x i8]* @p_str, [1 x i8]* @p_str, [1 x i8]* @p_str, i32 2, i32 2, i32 16, i32 16, [1 x i8]* @p_str, [1 x i8]* @p_str)"   --->   Operation 8 'specinterface' <Predicate = true> <Delay = 0.00>
ST_1 : Operation 9 [1/1] (0.00ns)   --->   "call void (...)* @_ssdm_op_SpecInterface(i16* %res_V_data_4_V, [8 x i8]* @ap_fifo_str, i32 0, i32 0, [1 x i8]* @p_str, i32 0, i32 0, [1 x i8]* @p_str, [1 x i8]* @p_str, [1 x i8]* @p_str, i32 2, i32 2, i32 16, i32 16, [1 x i8]* @p_str, [1 x i8]* @p_str)"   --->   Operation 9 'specinterface' <Predicate = true> <Delay = 0.00>
ST_1 : Operation 10 [1/1] (0.00ns)   --->   "call void (...)* @_ssdm_op_SpecInterface(i16* %res_V_data_3_V, [8 x i8]* @ap_fifo_str, i32 0, i32 0, [1 x i8]* @p_str, i32 0, i32 0, [1 x i8]* @p_str, [1 x i8]* @p_str, [1 x i8]* @p_str, i32 2, i32 2, i32 16, i32 16, [1 x i8]* @p_str, [1 x i8]* @p_str)"   --->   Operation 10 'specinterface' <Predicate = true> <Delay = 0.00>
ST_1 : Operation 11 [1/1] (0.00ns)   --->   "call void (...)* @_ssdm_op_SpecInterface(i16* %res_V_data_2_V, [8 x i8]* @ap_fifo_str, i32 0, i32 0, [1 x i8]* @p_str, i32 0, i32 0, [1 x i8]* @p_str, [1 x i8]* @p_str, [1 x i8]* @p_str, i32 2, i32 2, i32 16, i32 16, [1 x i8]* @p_str, [1 x i8]* @p_str)"   --->   Operation 11 'specinterface' <Predicate = true> <Delay = 0.00>
ST_1 : Operation 12 [1/1] (0.00ns)   --->   "call void (...)* @_ssdm_op_SpecInterface(i16* %res_V_data_1_V, [8 x i8]* @ap_fifo_str, i32 0, i32 0, [1 x i8]* @p_str, i32 0, i32 0, [1 x i8]* @p_str, [1 x i8]* @p_str, [1 x i8]* @p_str, i32 2, i32 2, i32 16, i32 16, [1 x i8]* @p_str, [1 x i8]* @p_str)"   --->   Operation 12 'specinterface' <Predicate = true> <Delay = 0.00>
ST_1 : Operation 13 [1/1] (0.00ns)   --->   "call void (...)* @_ssdm_op_SpecInterface(i16* %res_V_data_0_V, [8 x i8]* @ap_fifo_str, i32 0, i32 0, [1 x i8]* @p_str, i32 0, i32 0, [1 x i8]* @p_str, [1 x i8]* @p_str, [1 x i8]* @p_str, i32 2, i32 2, i32 16, i32 16, [1 x i8]* @p_str, [1 x i8]* @p_str)"   --->   Operation 13 'specinterface' <Predicate = true> <Delay = 0.00>
ST_1 : Operation 14 [1/1] (0.00ns)   --->   "call void (...)* @_ssdm_op_SpecInterface(i16* %data_V_data_7_V, [8 x i8]* @ap_fifo_str, i32 0, i32 0, [1 x i8]* @p_str, i32 0, i32 0, [1 x i8]* @p_str, [1 x i8]* @p_str, [1 x i8]* @p_str, i32 2, i32 2, i32 16, i32 16, [1 x i8]* @p_str, [1 x i8]* @p_str)"   --->   Operation 14 'specinterface' <Predicate = true> <Delay = 0.00>
ST_1 : Operation 15 [1/1] (0.00ns)   --->   "call void (...)* @_ssdm_op_SpecInterface(i16* %data_V_data_6_V, [8 x i8]* @ap_fifo_str, i32 0, i32 0, [1 x i8]* @p_str, i32 0, i32 0, [1 x i8]* @p_str, [1 x i8]* @p_str, [1 x i8]* @p_str, i32 2, i32 2, i32 16, i32 16, [1 x i8]* @p_str, [1 x i8]* @p_str)"   --->   Operation 15 'specinterface' <Predicate = true> <Delay = 0.00>
ST_1 : Operation 16 [1/1] (0.00ns)   --->   "call void (...)* @_ssdm_op_SpecInterface(i16* %data_V_data_5_V, [8 x i8]* @ap_fifo_str, i32 0, i32 0, [1 x i8]* @p_str, i32 0, i32 0, [1 x i8]* @p_str, [1 x i8]* @p_str, [1 x i8]* @p_str, i32 2, i32 2, i32 16, i32 16, [1 x i8]* @p_str, [1 x i8]* @p_str)"   --->   Operation 16 'specinterface' <Predicate = true> <Delay = 0.00>
ST_1 : Operation 17 [1/1] (0.00ns)   --->   "call void (...)* @_ssdm_op_SpecInterface(i16* %data_V_data_4_V, [8 x i8]* @ap_fifo_str, i32 0, i32 0, [1 x i8]* @p_str, i32 0, i32 0, [1 x i8]* @p_str, [1 x i8]* @p_str, [1 x i8]* @p_str, i32 2, i32 2, i32 16, i32 16, [1 x i8]* @p_str, [1 x i8]* @p_str)"   --->   Operation 17 'specinterface' <Predicate = true> <Delay = 0.00>
ST_1 : Operation 18 [1/1] (0.00ns)   --->   "call void (...)* @_ssdm_op_SpecInterface(i16* %data_V_data_3_V, [8 x i8]* @ap_fifo_str, i32 0, i32 0, [1 x i8]* @p_str, i32 0, i32 0, [1 x i8]* @p_str, [1 x i8]* @p_str, [1 x i8]* @p_str, i32 2, i32 2, i32 16, i32 16, [1 x i8]* @p_str, [1 x i8]* @p_str)"   --->   Operation 18 'specinterface' <Predicate = true> <Delay = 0.00>
ST_1 : Operation 19 [1/1] (0.00ns)   --->   "call void (...)* @_ssdm_op_SpecInterface(i16* %data_V_data_2_V, [8 x i8]* @ap_fifo_str, i32 0, i32 0, [1 x i8]* @p_str, i32 0, i32 0, [1 x i8]* @p_str, [1 x i8]* @p_str, [1 x i8]* @p_str, i32 2, i32 2, i32 16, i32 16, [1 x i8]* @p_str, [1 x i8]* @p_str)"   --->   Operation 19 'specinterface' <Predicate = true> <Delay = 0.00>
ST_1 : Operation 20 [1/1] (0.00ns)   --->   "call void (...)* @_ssdm_op_SpecInterface(i16* %data_V_data_1_V, [8 x i8]* @ap_fifo_str, i32 0, i32 0, [1 x i8]* @p_str, i32 0, i32 0, [1 x i8]* @p_str, [1 x i8]* @p_str, [1 x i8]* @p_str, i32 2, i32 2, i32 16, i32 16, [1 x i8]* @p_str, [1 x i8]* @p_str)"   --->   Operation 20 'specinterface' <Predicate = true> <Delay = 0.00>
ST_1 : Operation 21 [1/1] (0.00ns)   --->   "call void (...)* @_ssdm_op_SpecInterface(i16* %data_V_data_0_V, [8 x i8]* @ap_fifo_str, i32 0, i32 0, [1 x i8]* @p_str, i32 0, i32 0, [1 x i8]* @p_str, [1 x i8]* @p_str, [1 x i8]* @p_str, i32 2, i32 2, i32 16, i32 16, [1 x i8]* @p_str, [1 x i8]* @p_str)"   --->   Operation 21 'specinterface' <Predicate = true> <Delay = 0.00>
ST_1 : Operation 22 [1/1] (0.00ns)   --->   "call void (...)* @_ssdm_op_SpecLoopName([7 x i8]* @p_str97) nounwind" [firmware/nnet_utils/nnet_padding_stream.h:55]   --->   Operation 22 'specloopname' <Predicate = true> <Delay = 0.00>
ST_1 : Operation 23 [1/1] (0.00ns)   --->   "%tmp = call i32 (...)* @_ssdm_op_SpecRegionBegin([7 x i8]* @p_str97)" [firmware/nnet_utils/nnet_padding_stream.h:55]   --->   Operation 23 'specregionbegin' 'tmp' <Predicate = true> <Delay = 0.00>
ST_1 : Operation 24 [1/1] (1.76ns)   --->   "br label %0" [firmware/nnet_utils/nnet_padding_stream.h:56]   --->   Operation 24 'br' <Predicate = true> <Delay = 1.76>

State 2 <SV = 1> <Delay = 2.18>
ST_2 : Operation 25 [1/1] (0.00ns)   --->   "%j_0 = phi i4 [ 0, %PadTop_begin ], [ %j, %_ZN8ap_fixedILi16ELi6EL9ap_q_mode5EL9ap_o_mode3ELi0EEC1Ei.exit.i40.0 ]"   --->   Operation 25 'phi' 'j_0' <Predicate = true> <Delay = 0.00>
ST_2 : Operation 26 [1/1] (1.30ns)   --->   "%icmp_ln56 = icmp eq i4 %j_0, -6" [firmware/nnet_utils/nnet_padding_stream.h:56]   --->   Operation 26 'icmp' 'icmp_ln56' <Predicate = true> <Delay = 1.30> <Core = "Cmp">   --->   Core 25 'Cmp' <Latency = 0> <II = 1> <Delay = 1.30> <FuncUnit> <Opcode : 'icmp'> <InPorts = 2> <OutPorts = 1>
ST_2 : Operation 27 [1/1] (0.00ns)   --->   "%empty = call i32 (...)* @_ssdm_op_SpecLoopTripCount(i64 10, i64 10, i64 10)"   --->   Operation 27 'speclooptripcount' 'empty' <Predicate = true> <Delay = 0.00>
ST_2 : Operation 28 [1/1] (1.73ns)   --->   "%j = add i4 %j_0, 1" [firmware/nnet_utils/nnet_padding_stream.h:56]   --->   Operation 28 'add' 'j' <Predicate = true> <Delay = 1.73> <Core = "AddSub">   --->   Core 14 'AddSub' <Latency = 0> <II = 1> <Delay = 1.73> <FuncUnit> <Opcode : 'add' 'sub'> <InPorts = 2> <OutPorts = 1>
ST_2 : Operation 29 [1/1] (0.00ns)   --->   "br i1 %icmp_ln56, label %PadTop_end, label %_ZN8ap_fixedILi16ELi6EL9ap_q_mode5EL9ap_o_mode3ELi0EEC1Ei.exit.i40.0" [firmware/nnet_utils/nnet_padding_stream.h:56]   --->   Operation 29 'br' <Predicate = true> <Delay = 0.00>
ST_2 : Operation 30 [1/1] (0.00ns)   --->   "call void (...)* @_ssdm_op_SpecLoopName([12 x i8]* @p_str98) nounwind" [firmware/nnet_utils/nnet_padding_stream.h:56]   --->   Operation 30 'specloopname' <Predicate = (!icmp_ln56)> <Delay = 0.00>
ST_2 : Operation 31 [1/1] (2.18ns)   --->   "call void @_ssdm_op_Write.ap_fifo.volatile.i16P.i16P.i16P.i16P.i16P.i16P.i16P.i16P(i16* %res_V_data_0_V, i16* %res_V_data_1_V, i16* %res_V_data_2_V, i16* %res_V_data_3_V, i16* %res_V_data_4_V, i16* %res_V_data_5_V, i16* %res_V_data_6_V, i16* %res_V_data_7_V, i16 0, i16 0, i16 0, i16 0, i16 0, i16 0, i16 0, i16 0)" [firmware/nnet_utils/nnet_padding_stream.h:16->firmware/nnet_utils/nnet_padding_stream.h:57]   --->   Operation 31 'write' <Predicate = (!icmp_ln56)> <Delay = 2.18> <Core = "FIFO">   --->   Core 32 'FIFO' <Latency = 0> <II = 1> <Delay = 3.63> <Storage> <Opcode : 'read' 'write' 'nbread' 'nbwrite'> <Ports = 0> <Width = 16> <Depth = 3> <FIFO>
ST_2 : Operation 32 [1/1] (0.00ns)   --->   "br label %0" [firmware/nnet_utils/nnet_padding_stream.h:56]   --->   Operation 32 'br' <Predicate = (!icmp_ln56)> <Delay = 0.00>
ST_2 : Operation 33 [1/1] (0.00ns)   --->   "%empty_43 = call i32 (...)* @_ssdm_op_SpecRegionEnd([7 x i8]* @p_str97, i32 %tmp)" [firmware/nnet_utils/nnet_padding_stream.h:59]   --->   Operation 33 'specregionend' 'empty_43' <Predicate = (icmp_ln56)> <Delay = 0.00>
ST_2 : Operation 34 [1/1] (1.76ns)   --->   "br label %.preheader3" [firmware/nnet_utils/nnet_padding_stream.h:61]   --->   Operation 34 'br' <Predicate = (icmp_ln56)> <Delay = 1.76>

State 3 <SV = 2> <Delay = 2.18>
ST_3 : Operation 35 [1/1] (0.00ns)   --->   "%i1_0 = phi i9 [ %i, %PadMain_end ], [ 0, %PadTop_end ]"   --->   Operation 35 'phi' 'i1_0' <Predicate = true> <Delay = 0.00>
ST_3 : Operation 36 [1/1] (1.66ns)   --->   "%icmp_ln61 = icmp eq i9 %i1_0, -256" [firmware/nnet_utils/nnet_padding_stream.h:61]   --->   Operation 36 'icmp' 'icmp_ln61' <Predicate = true> <Delay = 1.66> <Core = "Cmp">   --->   Core 25 'Cmp' <Latency = 0> <II = 1> <Delay = 1.30> <FuncUnit> <Opcode : 'icmp'> <InPorts = 2> <OutPorts = 1>
ST_3 : Operation 37 [1/1] (0.00ns)   --->   "%empty_44 = call i32 (...)* @_ssdm_op_SpecLoopTripCount(i64 256, i64 256, i64 256)"   --->   Operation 37 'speclooptripcount' 'empty_44' <Predicate = true> <Delay = 0.00>
ST_3 : Operation 38 [1/1] (1.82ns)   --->   "%i = add i9 %i1_0, 1" [firmware/nnet_utils/nnet_padding_stream.h:61]   --->   Operation 38 'add' 'i' <Predicate = true> <Delay = 1.82> <Core = "AddSub">   --->   Core 14 'AddSub' <Latency = 0> <II = 1> <Delay = 1.73> <FuncUnit> <Opcode : 'add' 'sub'> <InPorts = 2> <OutPorts = 1>
ST_3 : Operation 39 [1/1] (0.00ns)   --->   "br i1 %icmp_ln61, label %PadBottom_begin, label %PadMain_begin" [firmware/nnet_utils/nnet_padding_stream.h:61]   --->   Operation 39 'br' <Predicate = true> <Delay = 0.00>
ST_3 : Operation 40 [1/1] (0.00ns)   --->   "call void (...)* @_ssdm_op_SpecLoopName([8 x i8]* @p_str99) nounwind" [firmware/nnet_utils/nnet_padding_stream.h:61]   --->   Operation 40 'specloopname' <Predicate = (!icmp_ln61)> <Delay = 0.00>
ST_3 : Operation 41 [1/1] (0.00ns)   --->   "%tmp_4 = call i32 (...)* @_ssdm_op_SpecRegionBegin([8 x i8]* @p_str99)" [firmware/nnet_utils/nnet_padding_stream.h:61]   --->   Operation 41 'specregionbegin' 'tmp_4' <Predicate = (!icmp_ln61)> <Delay = 0.00>
ST_3 : Operation 42 [1/1] (0.00ns)   --->   "call void (...)* @_ssdm_op_SpecLoopName([8 x i8]* @p_str100) nounwind" [firmware/nnet_utils/nnet_padding_stream.h:62]   --->   Operation 42 'specloopname' <Predicate = (!icmp_ln61)> <Delay = 0.00>
ST_3 : Operation 43 [1/1] (2.18ns)   --->   "call void @_ssdm_op_Write.ap_fifo.volatile.i16P.i16P.i16P.i16P.i16P.i16P.i16P.i16P(i16* %res_V_data_0_V, i16* %res_V_data_1_V, i16* %res_V_data_2_V, i16* %res_V_data_3_V, i16* %res_V_data_4_V, i16* %res_V_data_5_V, i16* %res_V_data_6_V, i16* %res_V_data_7_V, i16 0, i16 0, i16 0, i16 0, i16 0, i16 0, i16 0, i16 0)" [firmware/nnet_utils/nnet_padding_stream.h:16->firmware/nnet_utils/nnet_padding_stream.h:63]   --->   Operation 43 'write' <Predicate = (!icmp_ln61)> <Delay = 2.18> <Core = "FIFO">   --->   Core 32 'FIFO' <Latency = 0> <II = 1> <Delay = 3.63> <Storage> <Opcode : 'read' 'write' 'nbread' 'nbwrite'> <Ports = 0> <Width = 16> <Depth = 3> <FIFO>
ST_3 : Operation 44 [1/1] (1.76ns)   --->   "br label %.preheader2" [firmware/nnet_utils/nnet_padding_stream.h:65]   --->   Operation 44 'br' <Predicate = (!icmp_ln61)> <Delay = 1.76>
ST_3 : Operation 45 [1/1] (0.00ns)   --->   "call void (...)* @_ssdm_op_SpecLoopName([10 x i8]* @p_str103) nounwind" [firmware/nnet_utils/nnet_padding_stream.h:73]   --->   Operation 45 'specloopname' <Predicate = (icmp_ln61)> <Delay = 0.00>
ST_3 : Operation 46 [1/1] (0.00ns)   --->   "%tmp_3 = call i32 (...)* @_ssdm_op_SpecRegionBegin([10 x i8]* @p_str103)" [firmware/nnet_utils/nnet_padding_stream.h:73]   --->   Operation 46 'specregionbegin' 'tmp_3' <Predicate = (icmp_ln61)> <Delay = 0.00>
ST_3 : Operation 47 [1/1] (1.76ns)   --->   "br label %1" [firmware/nnet_utils/nnet_padding_stream.h:74]   --->   Operation 47 'br' <Predicate = (icmp_ln61)> <Delay = 1.76>

State 4 <SV = 3> <Delay = 4.37>
ST_4 : Operation 48 [1/1] (0.00ns)   --->   "%j3_0 = phi i4 [ %j_2, %.preheader.i.i.0 ], [ 0, %PadMain_begin ]"   --->   Operation 48 'phi' 'j3_0' <Predicate = true> <Delay = 0.00>
ST_4 : Operation 49 [1/1] (1.30ns)   --->   "%icmp_ln65 = icmp eq i4 %j3_0, -8" [firmware/nnet_utils/nnet_padding_stream.h:65]   --->   Operation 49 'icmp' 'icmp_ln65' <Predicate = true> <Delay = 1.30> <Core = "Cmp">   --->   Core 25 'Cmp' <Latency = 0> <II = 1> <Delay = 1.30> <FuncUnit> <Opcode : 'icmp'> <InPorts = 2> <OutPorts = 1>
ST_4 : Operation 50 [1/1] (0.00ns)   --->   "%empty_45 = call i32 (...)* @_ssdm_op_SpecLoopTripCount(i64 8, i64 8, i64 8)"   --->   Operation 50 'speclooptripcount' 'empty_45' <Predicate = true> <Delay = 0.00>
ST_4 : Operation 51 [1/1] (1.73ns)   --->   "%j_2 = add i4 %j3_0, 1" [firmware/nnet_utils/nnet_padding_stream.h:65]   --->   Operation 51 'add' 'j_2' <Predicate = true> <Delay = 1.73> <Core = "AddSub">   --->   Core 14 'AddSub' <Latency = 0> <II = 1> <Delay = 1.73> <FuncUnit> <Opcode : 'add' 'sub'> <InPorts = 2> <OutPorts = 1>
ST_4 : Operation 52 [1/1] (0.00ns)   --->   "br i1 %icmp_ln65, label %PadMain_end, label %.preheader.i.i.0" [firmware/nnet_utils/nnet_padding_stream.h:65]   --->   Operation 52 'br' <Predicate = true> <Delay = 0.00>
ST_4 : Operation 53 [1/1] (0.00ns)   --->   "call void (...)* @_ssdm_op_SpecLoopName([9 x i8]* @p_str101) nounwind" [firmware/nnet_utils/nnet_padding_stream.h:65]   --->   Operation 53 'specloopname' <Predicate = (!icmp_ln65)> <Delay = 0.00>
ST_4 : Operation 54 [1/1] (2.18ns)   --->   "%empty_46 = call { i16, i16, i16, i16, i16, i16, i16, i16 } @_ssdm_op_Read.ap_fifo.volatile.i16P.i16P.i16P.i16P.i16P.i16P.i16P.i16P(i16* %data_V_data_0_V, i16* %data_V_data_1_V, i16* %data_V_data_2_V, i16* %data_V_data_3_V, i16* %data_V_data_4_V, i16* %data_V_data_5_V, i16* %data_V_data_6_V, i16* %data_V_data_7_V)" [firmware/nnet_utils/nnet_padding_stream.h:22->firmware/nnet_utils/nnet_padding_stream.h:66]   --->   Operation 54 'read' 'empty_46' <Predicate = (!icmp_ln65)> <Delay = 2.18> <Core = "FIFO">   --->   Core 32 'FIFO' <Latency = 0> <II = 1> <Delay = 3.63> <Storage> <Opcode : 'read' 'write' 'nbread' 'nbwrite'> <Ports = 0> <Width = 16> <Depth = 3> <FIFO>
ST_4 : Operation 55 [1/1] (0.00ns)   --->   "%tmp_data_0_V = extractvalue { i16, i16, i16, i16, i16, i16, i16, i16 } %empty_46, 0" [firmware/nnet_utils/nnet_padding_stream.h:22->firmware/nnet_utils/nnet_padding_stream.h:66]   --->   Operation 55 'extractvalue' 'tmp_data_0_V' <Predicate = (!icmp_ln65)> <Delay = 0.00>
ST_4 : Operation 56 [1/1] (0.00ns)   --->   "%tmp_data_1_V = extractvalue { i16, i16, i16, i16, i16, i16, i16, i16 } %empty_46, 1" [firmware/nnet_utils/nnet_padding_stream.h:22->firmware/nnet_utils/nnet_padding_stream.h:66]   --->   Operation 56 'extractvalue' 'tmp_data_1_V' <Predicate = (!icmp_ln65)> <Delay = 0.00>
ST_4 : Operation 57 [1/1] (0.00ns)   --->   "%tmp_data_2_V = extractvalue { i16, i16, i16, i16, i16, i16, i16, i16 } %empty_46, 2" [firmware/nnet_utils/nnet_padding_stream.h:22->firmware/nnet_utils/nnet_padding_stream.h:66]   --->   Operation 57 'extractvalue' 'tmp_data_2_V' <Predicate = (!icmp_ln65)> <Delay = 0.00>
ST_4 : Operation 58 [1/1] (0.00ns)   --->   "%tmp_data_3_V = extractvalue { i16, i16, i16, i16, i16, i16, i16, i16 } %empty_46, 3" [firmware/nnet_utils/nnet_padding_stream.h:22->firmware/nnet_utils/nnet_padding_stream.h:66]   --->   Operation 58 'extractvalue' 'tmp_data_3_V' <Predicate = (!icmp_ln65)> <Delay = 0.00>
ST_4 : Operation 59 [1/1] (0.00ns)   --->   "%tmp_data_4_V = extractvalue { i16, i16, i16, i16, i16, i16, i16, i16 } %empty_46, 4" [firmware/nnet_utils/nnet_padding_stream.h:22->firmware/nnet_utils/nnet_padding_stream.h:66]   --->   Operation 59 'extractvalue' 'tmp_data_4_V' <Predicate = (!icmp_ln65)> <Delay = 0.00>
ST_4 : Operation 60 [1/1] (0.00ns)   --->   "%tmp_data_5_V = extractvalue { i16, i16, i16, i16, i16, i16, i16, i16 } %empty_46, 5" [firmware/nnet_utils/nnet_padding_stream.h:22->firmware/nnet_utils/nnet_padding_stream.h:66]   --->   Operation 60 'extractvalue' 'tmp_data_5_V' <Predicate = (!icmp_ln65)> <Delay = 0.00>
ST_4 : Operation 61 [1/1] (0.00ns)   --->   "%tmp_data_6_V = extractvalue { i16, i16, i16, i16, i16, i16, i16, i16 } %empty_46, 6" [firmware/nnet_utils/nnet_padding_stream.h:22->firmware/nnet_utils/nnet_padding_stream.h:66]   --->   Operation 61 'extractvalue' 'tmp_data_6_V' <Predicate = (!icmp_ln65)> <Delay = 0.00>
ST_4 : Operation 62 [1/1] (0.00ns)   --->   "%tmp_data_7_V = extractvalue { i16, i16, i16, i16, i16, i16, i16, i16 } %empty_46, 7" [firmware/nnet_utils/nnet_padding_stream.h:22->firmware/nnet_utils/nnet_padding_stream.h:66]   --->   Operation 62 'extractvalue' 'tmp_data_7_V' <Predicate = (!icmp_ln65)> <Delay = 0.00>
ST_4 : Operation 63 [1/1] (2.18ns)   --->   "call void @_ssdm_op_Write.ap_fifo.volatile.i16P.i16P.i16P.i16P.i16P.i16P.i16P.i16P(i16* %res_V_data_0_V, i16* %res_V_data_1_V, i16* %res_V_data_2_V, i16* %res_V_data_3_V, i16* %res_V_data_4_V, i16* %res_V_data_5_V, i16* %res_V_data_6_V, i16* %res_V_data_7_V, i16 %tmp_data_0_V, i16 %tmp_data_1_V, i16 %tmp_data_2_V, i16 %tmp_data_3_V, i16 %tmp_data_4_V, i16 %tmp_data_5_V, i16 %tmp_data_6_V, i16 %tmp_data_7_V)" [firmware/nnet_utils/nnet_padding_stream.h:28->firmware/nnet_utils/nnet_padding_stream.h:66]   --->   Operation 63 'write' <Predicate = (!icmp_ln65)> <Delay = 2.18> <Core = "FIFO">   --->   Core 32 'FIFO' <Latency = 0> <II = 1> <Delay = 3.63> <Storage> <Opcode : 'read' 'write' 'nbread' 'nbwrite'> <Ports = 0> <Width = 16> <Depth = 3> <FIFO>
ST_4 : Operation 64 [1/1] (0.00ns)   --->   "br label %.preheader2" [firmware/nnet_utils/nnet_padding_stream.h:65]   --->   Operation 64 'br' <Predicate = (!icmp_ln65)> <Delay = 0.00>
ST_4 : Operation 65 [1/1] (0.00ns)   --->   "call void (...)* @_ssdm_op_SpecLoopName([9 x i8]* @p_str102) nounwind" [firmware/nnet_utils/nnet_padding_stream.h:68]   --->   Operation 65 'specloopname' <Predicate = (icmp_ln65)> <Delay = 0.00>
ST_4 : Operation 66 [1/1] (2.18ns)   --->   "call void @_ssdm_op_Write.ap_fifo.volatile.i16P.i16P.i16P.i16P.i16P.i16P.i16P.i16P(i16* %res_V_data_0_V, i16* %res_V_data_1_V, i16* %res_V_data_2_V, i16* %res_V_data_3_V, i16* %res_V_data_4_V, i16* %res_V_data_5_V, i16* %res_V_data_6_V, i16* %res_V_data_7_V, i16 0, i16 0, i16 0, i16 0, i16 0, i16 0, i16 0, i16 0)" [firmware/nnet_utils/nnet_padding_stream.h:16->firmware/nnet_utils/nnet_padding_stream.h:69]   --->   Operation 66 'write' <Predicate = (icmp_ln65)> <Delay = 2.18> <Core = "FIFO">   --->   Core 32 'FIFO' <Latency = 0> <II = 1> <Delay = 3.63> <Storage> <Opcode : 'read' 'write' 'nbread' 'nbwrite'> <Ports = 0> <Width = 16> <Depth = 3> <FIFO>
ST_4 : Operation 67 [1/1] (0.00ns)   --->   "%empty_47 = call i32 (...)* @_ssdm_op_SpecRegionEnd([8 x i8]* @p_str99, i32 %tmp_4)" [firmware/nnet_utils/nnet_padding_stream.h:71]   --->   Operation 67 'specregionend' 'empty_47' <Predicate = (icmp_ln65)> <Delay = 0.00>
ST_4 : Operation 68 [1/1] (0.00ns)   --->   "br label %.preheader3" [firmware/nnet_utils/nnet_padding_stream.h:61]   --->   Operation 68 'br' <Predicate = (icmp_ln65)> <Delay = 0.00>

State 5 <SV = 3> <Delay = 2.18>
ST_5 : Operation 69 [1/1] (0.00ns)   --->   "%j6_0 = phi i4 [ 0, %PadBottom_begin ], [ %j_1, %_ZN8ap_fixedILi16ELi6EL9ap_q_mode5EL9ap_o_mode3ELi0EEC1Ei.exit.i.0 ]"   --->   Operation 69 'phi' 'j6_0' <Predicate = true> <Delay = 0.00>
ST_5 : Operation 70 [1/1] (1.30ns)   --->   "%icmp_ln74 = icmp eq i4 %j6_0, -6" [firmware/nnet_utils/nnet_padding_stream.h:74]   --->   Operation 70 'icmp' 'icmp_ln74' <Predicate = true> <Delay = 1.30> <Core = "Cmp">   --->   Core 25 'Cmp' <Latency = 0> <II = 1> <Delay = 1.30> <FuncUnit> <Opcode : 'icmp'> <InPorts = 2> <OutPorts = 1>
ST_5 : Operation 71 [1/1] (0.00ns)   --->   "%empty_48 = call i32 (...)* @_ssdm_op_SpecLoopTripCount(i64 10, i64 10, i64 10)"   --->   Operation 71 'speclooptripcount' 'empty_48' <Predicate = true> <Delay = 0.00>
ST_5 : Operation 72 [1/1] (1.73ns)   --->   "%j_1 = add i4 %j6_0, 1" [firmware/nnet_utils/nnet_padding_stream.h:74]   --->   Operation 72 'add' 'j_1' <Predicate = true> <Delay = 1.73> <Core = "AddSub">   --->   Core 14 'AddSub' <Latency = 0> <II = 1> <Delay = 1.73> <FuncUnit> <Opcode : 'add' 'sub'> <InPorts = 2> <OutPorts = 1>
ST_5 : Operation 73 [1/1] (0.00ns)   --->   "br i1 %icmp_ln74, label %PadBottom_end, label %_ZN8ap_fixedILi16ELi6EL9ap_q_mode5EL9ap_o_mode3ELi0EEC1Ei.exit.i.0" [firmware/nnet_utils/nnet_padding_stream.h:74]   --->   Operation 73 'br' <Predicate = true> <Delay = 0.00>
ST_5 : Operation 74 [1/1] (0.00ns)   --->   "call void (...)* @_ssdm_op_SpecLoopName([15 x i8]* @p_str104) nounwind" [firmware/nnet_utils/nnet_padding_stream.h:74]   --->   Operation 74 'specloopname' <Predicate = (!icmp_ln74)> <Delay = 0.00>
ST_5 : Operation 75 [1/1] (2.18ns)   --->   "call void @_ssdm_op_Write.ap_fifo.volatile.i16P.i16P.i16P.i16P.i16P.i16P.i16P.i16P(i16* %res_V_data_0_V, i16* %res_V_data_1_V, i16* %res_V_data_2_V, i16* %res_V_data_3_V, i16* %res_V_data_4_V, i16* %res_V_data_5_V, i16* %res_V_data_6_V, i16* %res_V_data_7_V, i16 0, i16 0, i16 0, i16 0, i16 0, i16 0, i16 0, i16 0)" [firmware/nnet_utils/nnet_padding_stream.h:16->firmware/nnet_utils/nnet_padding_stream.h:75]   --->   Operation 75 'write' <Predicate = (!icmp_ln74)> <Delay = 2.18> <Core = "FIFO">   --->   Core 32 'FIFO' <Latency = 0> <II = 1> <Delay = 3.63> <Storage> <Opcode : 'read' 'write' 'nbread' 'nbwrite'> <Ports = 0> <Width = 16> <Depth = 3> <FIFO>
ST_5 : Operation 76 [1/1] (0.00ns)   --->   "br label %1" [firmware/nnet_utils/nnet_padding_stream.h:74]   --->   Operation 76 'br' <Predicate = (!icmp_ln74)> <Delay = 0.00>
ST_5 : Operation 77 [1/1] (0.00ns)   --->   "%empty_49 = call i32 (...)* @_ssdm_op_SpecRegionEnd([10 x i8]* @p_str103, i32 %tmp_3)" [firmware/nnet_utils/nnet_padding_stream.h:77]   --->   Operation 77 'specregionend' 'empty_49' <Predicate = (icmp_ln74)> <Delay = 0.00>
ST_5 : Operation 78 [1/1] (0.00ns)   --->   "ret void" [firmware/nnet_utils/nnet_padding_stream.h:78]   --->   Operation 78 'ret' <Predicate = (icmp_ln74)> <Delay = 0.00>


============================================================
+ Verbose Summary: Timing violations
============================================================
Target clock period: 5ns, clock uncertainty: 0.625ns.

 <State 1>: 1.77ns
The critical path consists of the following:
	multiplexor before 'phi' operation ('j') with incoming values : ('j', firmware/nnet_utils/nnet_padding_stream.h:56) [37]  (1.77 ns)

 <State 2>: 2.19ns
The critical path consists of the following:
	fifo write on port 'res_V_data_0_V' (firmware/nnet_utils/nnet_padding_stream.h:16->firmware/nnet_utils/nnet_padding_stream.h:57) [44]  (2.19 ns)

 <State 3>: 2.19ns
The critical path consists of the following:
	fifo write on port 'res_V_data_0_V' (firmware/nnet_utils/nnet_padding_stream.h:16->firmware/nnet_utils/nnet_padding_stream.h:63) [59]  (2.19 ns)

 <State 4>: 4.38ns
The critical path consists of the following:
	fifo read on port 'data_V_data_0_V' (firmware/nnet_utils/nnet_padding_stream.h:22->firmware/nnet_utils/nnet_padding_stream.h:66) [69]  (2.19 ns)
	fifo write on port 'res_V_data_0_V' (firmware/nnet_utils/nnet_padding_stream.h:28->firmware/nnet_utils/nnet_padding_stream.h:66) [78]  (2.19 ns)

 <State 5>: 2.19ns
The critical path consists of the following:
	fifo write on port 'res_V_data_0_V' (firmware/nnet_utils/nnet_padding_stream.h:16->firmware/nnet_utils/nnet_padding_stream.h:75) [97]  (2.19 ns)


============================================================
+ Verbose Summary: Binding
============================================================
N/A
* FSMD analyzer results:
  - Output states:
 - Input state : 
  - Chain level:
	State 1
	State 2
	State 3
	State 4
	State 5


============================================================
+ Verbose Summary: Datapath Resource usage 
============================================================
N/A
