

================================================================
== Vivado HLS Report for 'dense_wrapper_ap_fixed_ap_fixed_16_6_5_3_0_config26_s'
================================================================
* Date:           Sun Nov 14 10:24:45 2021

* Version:        2019.1 (Build 2552052 on Fri May 24 15:28:33 MDT 2019)
* Project:        myproject_prj
* Solution:       solution1
* Product family: zynq
* Target device:  xc7z020-clg400-1


================================================================
== Performance Estimates
================================================================
+ Timing (ns): 
    * Summary: 
    +--------+-------+----------+------------+
    |  Clock | Target| Estimated| Uncertainty|
    +--------+-------+----------+------------+
    |ap_clk  |   5.00|     3.890|        0.62|
    +--------+-------+----------+------------+

+ Latency (clock cycles): 
    * Summary: 
    +-----+-----+-----+-----+---------------------------------------------+
    |  Latency  |  Interval |                   Pipeline                  |
    | min | max | min | max |                     Type                    |
    +-----+-----+-----+-----+---------------------------------------------+
    |   20|   21|   16|   16| loop rewind(delay=0 initiation interval(s)) |
    +-----+-----+-----+-----+---------------------------------------------+

    + Detail: 
        * Instance: 
        N/A

        * Loop: 
        +-------------+-----+-----+----------+-----------+-----------+------+----------+
        |             |  Latency  | Iteration|  Initiation Interval  | Trip |          |
        |  Loop Name  | min | max |  Latency |  achieved |   target  | Count| Pipelined|
        +-------------+-----+-----+----------+-----------+-----------+------+----------+
        |- ReuseLoop  |   20|   20|         6|          1|          1|    16|    yes   |
        +-------------+-----+-----+----------+-----------+-----------+------+----------+



================================================================
== Utilization Estimates
================================================================
* Summary: 
+-----------------+---------+-------+--------+-------+-----+
|       Name      | BRAM_18K| DSP48E|   FF   |  LUT  | URAM|
+-----------------+---------+-------+--------+-------+-----+
|DSP              |        -|      3|       -|      -|    -|
|Expression       |        -|      -|       0|     87|    -|
|FIFO             |        -|      -|       -|      -|    -|
|Instance         |        -|      -|       0|     65|    -|
|Memory           |        0|      -|      45|     12|    -|
|Multiplexer      |        -|      -|       -|    702|    -|
|Register         |        0|      -|     565|     32|    -|
+-----------------+---------+-------+--------+-------+-----+
|Total            |        0|      3|     610|    898|    0|
+-----------------+---------+-------+--------+-------+-----+
|Available        |      280|    220|  106400|  53200|    0|
+-----------------+---------+-------+--------+-------+-----+
|Utilization (%)  |        0|      1|   ~0   |      1|    0|
+-----------------+---------+-------+--------+-------+-----+

+ Detail: 
    * Instance: 
    +-----------------------------------+-----------------------------+---------+-------+---+----+-----+
    |              Instance             |            Module           | BRAM_18K| DSP48E| FF| LUT| URAM|
    +-----------------------------------+-----------------------------+---------+-------+---+----+-----+
    |myproject_axi_mux_164_6_1_1_U2265  |myproject_axi_mux_164_6_1_1  |        0|      0|  0|  65|    0|
    +-----------------------------------+-----------------------------+---------+-------+---+----+-----+
    |Total                              |                             |        0|      0|  0|  65|    0|
    +-----------------------------------+-----------------------------+---------+-------+---+----+-----+

    * DSP48E: 
    +-------------------------------------------+-------------------------------------+-----------+
    |                  Instance                 |                Module               | Expression|
    +-------------------------------------------+-------------------------------------+-----------+
    |myproject_axi_mul_mul_6s_13s_19_3_1_U2268  |myproject_axi_mul_mul_6s_13s_19_3_1  |  i0 * i1  |
    |myproject_axi_mul_mul_6s_16s_21_3_1_U2266  |myproject_axi_mul_mul_6s_16s_21_3_1  |  i0 * i1  |
    |myproject_axi_mul_mul_6s_16s_21_3_1_U2267  |myproject_axi_mul_mul_6s_16s_21_3_1  |  i0 * i1  |
    +-------------------------------------------+-------------------------------------+-----------+

    * Memory: 
    +---------+-------------------------------------------------------------+---------+----+----+-----+------+-----+------+-------------+
    |  Memory |                            Module                           | BRAM_18K| FF | LUT| URAM| Words| Bits| Banks| W*Bits*Banks|
    +---------+-------------------------------------------------------------+---------+----+----+-----+------+-----+------+-------------+
    |w26_V_U  |dense_wrapper_ap_fixed_ap_fixed_16_6_5_3_0_config26_s_w26_V  |        0|  45|  12|    0|    16|   45|     1|          720|
    +---------+-------------------------------------------------------------+---------+----+----+-----+------+-----+------+-------------+
    |Total    |                                                             |        0|  45|  12|    0|    16|   45|     1|          720|
    +---------+-------------------------------------------------------------+---------+----+----+-----+------+-----+------+-------------+

    * FIFO: 
    N/A

    * Expression: 
    +---------------------+----------+-------+---+----+------------+------------+
    |    Variable Name    | Operation| DSP48E| FF| LUT| Bitwidth P0| Bitwidth P1|
    +---------------------+----------+-------+---+----+------------+------------+
    |acc_0_V_fu_809_p2    |     +    |      0|  0|  19|          14|          14|
    |acc_1_V_fu_824_p2    |     +    |      0|  0|  19|          14|          14|
    |acc_2_V_fu_843_p2    |     +    |      0|  0|  19|          14|          14|
    |w_index_fu_711_p2    |     +    |      0|  0|  13|           1|           4|
    |ap_condition_242     |    and   |      0|  0|   2|           1|           1|
    |ap_condition_248     |    and   |      0|  0|   2|           1|           1|
    |ap_condition_43      |    and   |      0|  0|   2|           1|           1|
    |icmp_ln64_fu_717_p2  |   icmp   |      0|  0|   9|           4|           2|
    |ap_enable_pp0        |    xor   |      0|  0|   2|           1|           2|
    +---------------------+----------+-------+---+----+------------+------------+
    |Total                |          |      0|  0|  87|          51|          53|
    +---------------------+----------+-------+---+----+------------+------------+

    * Multiplexer: 
    +---------------------------------------------------+----+-----------+-----+-----------+
    |                        Name                       | LUT| Input Size| Bits| Total Bits|
    +---------------------------------------------------+----+-----------+-----+-----------+
    |ap_NS_fsm                                          |  15|          3|    1|          3|
    |ap_enable_reg_pp0_iter1                            |   9|          2|    1|          2|
    |ap_enable_reg_pp0_iter5                            |   9|          2|    1|          2|
    |ap_phi_mux_data_0_V_read12_phi_phi_fu_476_p4       |   9|          2|    6|         12|
    |ap_phi_mux_data_0_V_read12_rewind_phi_fu_252_p6    |   9|          2|    6|         12|
    |ap_phi_mux_data_10_V_read22_phi_phi_fu_596_p4      |   9|          2|    6|         12|
    |ap_phi_mux_data_10_V_read22_rewind_phi_fu_392_p6   |   9|          2|    6|         12|
    |ap_phi_mux_data_11_V_read23_phi_phi_fu_608_p4      |   9|          2|    6|         12|
    |ap_phi_mux_data_11_V_read23_rewind_phi_fu_406_p6   |   9|          2|    6|         12|
    |ap_phi_mux_data_12_V_read24_phi_phi_fu_620_p4      |   9|          2|    6|         12|
    |ap_phi_mux_data_12_V_read24_rewind_phi_fu_420_p6   |   9|          2|    6|         12|
    |ap_phi_mux_data_13_V_read25_phi_phi_fu_632_p4      |   9|          2|    6|         12|
    |ap_phi_mux_data_13_V_read25_rewind_phi_fu_434_p6   |   9|          2|    6|         12|
    |ap_phi_mux_data_14_V_read26_phi_phi_fu_644_p4      |   9|          2|    6|         12|
    |ap_phi_mux_data_14_V_read26_rewind_phi_fu_448_p6   |   9|          2|    6|         12|
    |ap_phi_mux_data_15_V_read27_phi_phi_fu_656_p4      |   9|          2|    6|         12|
    |ap_phi_mux_data_15_V_read27_rewind_phi_fu_462_p6   |   9|          2|    6|         12|
    |ap_phi_mux_data_1_V_read13_phi_phi_fu_488_p4       |   9|          2|    6|         12|
    |ap_phi_mux_data_1_V_read13_rewind_phi_fu_266_p6    |   9|          2|    6|         12|
    |ap_phi_mux_data_2_V_read14_phi_phi_fu_500_p4       |   9|          2|    6|         12|
    |ap_phi_mux_data_2_V_read14_rewind_phi_fu_280_p6    |   9|          2|    6|         12|
    |ap_phi_mux_data_3_V_read15_phi_phi_fu_512_p4       |   9|          2|    6|         12|
    |ap_phi_mux_data_3_V_read15_rewind_phi_fu_294_p6    |   9|          2|    6|         12|
    |ap_phi_mux_data_4_V_read16_phi_phi_fu_524_p4       |   9|          2|    6|         12|
    |ap_phi_mux_data_4_V_read16_rewind_phi_fu_308_p6    |   9|          2|    6|         12|
    |ap_phi_mux_data_5_V_read17_phi_phi_fu_536_p4       |   9|          2|    6|         12|
    |ap_phi_mux_data_5_V_read17_rewind_phi_fu_322_p6    |   9|          2|    6|         12|
    |ap_phi_mux_data_6_V_read18_phi_phi_fu_548_p4       |   9|          2|    6|         12|
    |ap_phi_mux_data_6_V_read18_rewind_phi_fu_336_p6    |   9|          2|    6|         12|
    |ap_phi_mux_data_7_V_read19_phi_phi_fu_560_p4       |   9|          2|    6|         12|
    |ap_phi_mux_data_7_V_read19_rewind_phi_fu_350_p6    |   9|          2|    6|         12|
    |ap_phi_mux_data_8_V_read20_phi_phi_fu_572_p4       |   9|          2|    6|         12|
    |ap_phi_mux_data_8_V_read20_rewind_phi_fu_364_p6    |   9|          2|    6|         12|
    |ap_phi_mux_data_9_V_read21_phi_phi_fu_584_p4       |   9|          2|    6|         12|
    |ap_phi_mux_data_9_V_read21_rewind_phi_fu_378_p6    |   9|          2|    6|         12|
    |ap_phi_mux_do_init_phi_fu_221_p6                   |  15|          3|    1|          3|
    |ap_phi_mux_w_index11_phi_fu_237_p6                 |  15|          3|    4|         12|
    |ap_phi_reg_pp0_iter1_data_0_V_read12_phi_reg_472   |   9|          2|    6|         12|
    |ap_phi_reg_pp0_iter1_data_10_V_read22_phi_reg_592  |   9|          2|    6|         12|
    |ap_phi_reg_pp0_iter1_data_11_V_read23_phi_reg_604  |   9|          2|    6|         12|
    |ap_phi_reg_pp0_iter1_data_12_V_read24_phi_reg_616  |   9|          2|    6|         12|
    |ap_phi_reg_pp0_iter1_data_13_V_read25_phi_reg_628  |   9|          2|    6|         12|
    |ap_phi_reg_pp0_iter1_data_14_V_read26_phi_reg_640  |   9|          2|    6|         12|
    |ap_phi_reg_pp0_iter1_data_15_V_read27_phi_reg_652  |   9|          2|    6|         12|
    |ap_phi_reg_pp0_iter1_data_1_V_read13_phi_reg_484   |   9|          2|    6|         12|
    |ap_phi_reg_pp0_iter1_data_2_V_read14_phi_reg_496   |   9|          2|    6|         12|
    |ap_phi_reg_pp0_iter1_data_3_V_read15_phi_reg_508   |   9|          2|    6|         12|
    |ap_phi_reg_pp0_iter1_data_4_V_read16_phi_reg_520   |   9|          2|    6|         12|
    |ap_phi_reg_pp0_iter1_data_5_V_read17_phi_reg_532   |   9|          2|    6|         12|
    |ap_phi_reg_pp0_iter1_data_6_V_read18_phi_reg_544   |   9|          2|    6|         12|
    |ap_phi_reg_pp0_iter1_data_7_V_read19_phi_reg_556   |   9|          2|    6|         12|
    |ap_phi_reg_pp0_iter1_data_8_V_read20_phi_reg_568   |   9|          2|    6|         12|
    |ap_phi_reg_pp0_iter1_data_9_V_read21_phi_reg_580   |   9|          2|    6|         12|
    |ap_return_0                                        |   9|          2|   14|         28|
    |ap_return_1                                        |   9|          2|   14|         28|
    |ap_return_2                                        |   9|          2|   14|         28|
    |data_0_V_read12_phi_reg_472                        |   9|          2|    6|         12|
    |data_10_V_read22_phi_reg_592                       |   9|          2|    6|         12|
    |data_11_V_read23_phi_reg_604                       |   9|          2|    6|         12|
    |data_12_V_read24_phi_reg_616                       |   9|          2|    6|         12|
    |data_13_V_read25_phi_reg_628                       |   9|          2|    6|         12|
    |data_14_V_read26_phi_reg_640                       |   9|          2|    6|         12|
    |data_15_V_read27_phi_reg_652                       |   9|          2|    6|         12|
    |data_1_V_read13_phi_reg_484                        |   9|          2|    6|         12|
    |data_2_V_read14_phi_reg_496                        |   9|          2|    6|         12|
    |data_3_V_read15_phi_reg_508                        |   9|          2|    6|         12|
    |data_4_V_read16_phi_reg_520                        |   9|          2|    6|         12|
    |data_5_V_read17_phi_reg_532                        |   9|          2|    6|         12|
    |data_6_V_read18_phi_reg_544                        |   9|          2|    6|         12|
    |data_7_V_read19_phi_reg_556                        |   9|          2|    6|         12|
    |data_8_V_read20_phi_reg_568                        |   9|          2|    6|         12|
    |data_9_V_read21_phi_reg_580                        |   9|          2|    6|         12|
    |p_Val2_108_reg_678                                 |   9|          2|   14|         28|
    |p_Val2_1110_reg_664                                |   9|          2|   14|         28|
    |p_Val2_6_reg_692                                   |   9|          2|   14|         28|
    |w_index11_reg_233                                  |   9|          2|    4|          8|
    +---------------------------------------------------+----+-----------+-----+-----------+
    |Total                                              | 702|        155|  480|        966|
    +---------------------------------------------------+----+-----------+-----+-----------+

    * Register: 
    +---------------------------------------------------+----+----+-----+-----------+
    |                        Name                       | FF | LUT| Bits| Const Bits|
    +---------------------------------------------------+----+----+-----+-----------+
    |ap_CS_fsm                                          |   2|   0|    2|          0|
    |ap_enable_reg_pp0_iter1                            |   1|   0|    1|          0|
    |ap_enable_reg_pp0_iter2                            |   1|   0|    1|          0|
    |ap_enable_reg_pp0_iter3                            |   1|   0|    1|          0|
    |ap_enable_reg_pp0_iter4                            |   1|   0|    1|          0|
    |ap_enable_reg_pp0_iter5                            |   1|   0|    1|          0|
    |ap_phi_reg_pp0_iter1_data_0_V_read12_phi_reg_472   |   6|   0|    6|          0|
    |ap_phi_reg_pp0_iter1_data_10_V_read22_phi_reg_592  |   6|   0|    6|          0|
    |ap_phi_reg_pp0_iter1_data_11_V_read23_phi_reg_604  |   6|   0|    6|          0|
    |ap_phi_reg_pp0_iter1_data_12_V_read24_phi_reg_616  |   6|   0|    6|          0|
    |ap_phi_reg_pp0_iter1_data_13_V_read25_phi_reg_628  |   6|   0|    6|          0|
    |ap_phi_reg_pp0_iter1_data_14_V_read26_phi_reg_640  |   6|   0|    6|          0|
    |ap_phi_reg_pp0_iter1_data_15_V_read27_phi_reg_652  |   6|   0|    6|          0|
    |ap_phi_reg_pp0_iter1_data_1_V_read13_phi_reg_484   |   6|   0|    6|          0|
    |ap_phi_reg_pp0_iter1_data_2_V_read14_phi_reg_496   |   6|   0|    6|          0|
    |ap_phi_reg_pp0_iter1_data_3_V_read15_phi_reg_508   |   6|   0|    6|          0|
    |ap_phi_reg_pp0_iter1_data_4_V_read16_phi_reg_520   |   6|   0|    6|          0|
    |ap_phi_reg_pp0_iter1_data_5_V_read17_phi_reg_532   |   6|   0|    6|          0|
    |ap_phi_reg_pp0_iter1_data_6_V_read18_phi_reg_544   |   6|   0|    6|          0|
    |ap_phi_reg_pp0_iter1_data_7_V_read19_phi_reg_556   |   6|   0|    6|          0|
    |ap_phi_reg_pp0_iter1_data_8_V_read20_phi_reg_568   |   6|   0|    6|          0|
    |ap_phi_reg_pp0_iter1_data_9_V_read21_phi_reg_580   |   6|   0|    6|          0|
    |ap_return_0_preg                                   |  14|   0|   16|          2|
    |ap_return_1_preg                                   |  14|   0|   16|          2|
    |ap_return_2_preg                                   |  14|   0|   16|          2|
    |data_0_V_read12_phi_reg_472                        |   6|   0|    6|          0|
    |data_0_V_read12_rewind_reg_248                     |   6|   0|    6|          0|
    |data_10_V_read22_phi_reg_592                       |   6|   0|    6|          0|
    |data_10_V_read22_rewind_reg_388                    |   6|   0|    6|          0|
    |data_11_V_read23_phi_reg_604                       |   6|   0|    6|          0|
    |data_11_V_read23_rewind_reg_402                    |   6|   0|    6|          0|
    |data_12_V_read24_phi_reg_616                       |   6|   0|    6|          0|
    |data_12_V_read24_rewind_reg_416                    |   6|   0|    6|          0|
    |data_13_V_read25_phi_reg_628                       |   6|   0|    6|          0|
    |data_13_V_read25_rewind_reg_430                    |   6|   0|    6|          0|
    |data_14_V_read26_phi_reg_640                       |   6|   0|    6|          0|
    |data_14_V_read26_rewind_reg_444                    |   6|   0|    6|          0|
    |data_15_V_read27_phi_reg_652                       |   6|   0|    6|          0|
    |data_15_V_read27_rewind_reg_458                    |   6|   0|    6|          0|
    |data_1_V_read13_phi_reg_484                        |   6|   0|    6|          0|
    |data_1_V_read13_rewind_reg_262                     |   6|   0|    6|          0|
    |data_2_V_read14_phi_reg_496                        |   6|   0|    6|          0|
    |data_2_V_read14_rewind_reg_276                     |   6|   0|    6|          0|
    |data_3_V_read15_phi_reg_508                        |   6|   0|    6|          0|
    |data_3_V_read15_rewind_reg_290                     |   6|   0|    6|          0|
    |data_4_V_read16_phi_reg_520                        |   6|   0|    6|          0|
    |data_4_V_read16_rewind_reg_304                     |   6|   0|    6|          0|
    |data_5_V_read17_phi_reg_532                        |   6|   0|    6|          0|
    |data_5_V_read17_rewind_reg_318                     |   6|   0|    6|          0|
    |data_6_V_read18_phi_reg_544                        |   6|   0|    6|          0|
    |data_6_V_read18_rewind_reg_332                     |   6|   0|    6|          0|
    |data_7_V_read19_phi_reg_556                        |   6|   0|    6|          0|
    |data_7_V_read19_rewind_reg_346                     |   6|   0|    6|          0|
    |data_8_V_read20_phi_reg_568                        |   6|   0|    6|          0|
    |data_8_V_read20_rewind_reg_360                     |   6|   0|    6|          0|
    |data_9_V_read21_phi_reg_580                        |   6|   0|    6|          0|
    |data_9_V_read21_rewind_reg_374                     |   6|   0|    6|          0|
    |do_init_reg_217                                    |   1|   0|    1|          0|
    |icmp_ln64_reg_1003                                 |   1|   0|    1|          0|
    |mul_ln1118_22_reg_1059                             |  21|   0|   21|          0|
    |mul_ln1118_23_reg_1064                             |  19|   0|   19|          0|
    |mul_ln1118_reg_1054                                |  21|   0|   21|          0|
    |p_Val2_108_reg_678                                 |  14|   0|   14|          0|
    |p_Val2_1110_reg_664                                |  14|   0|   14|          0|
    |p_Val2_6_reg_692                                   |  14|   0|   14|          0|
    |tmp_1_reg_1018                                     |  16|   0|   16|          0|
    |tmp_4_reg_1007                                     |   6|   0|    6|          0|
    |tmp_5_reg_1023                                     |  13|   0|   13|          0|
    |trunc_ln76_reg_1013                                |  16|   0|   16|          0|
    |w_index11_reg_233                                  |   4|   0|    4|          0|
    |w_index_reg_998                                    |   4|   0|    4|          0|
    |icmp_ln64_reg_1003                                 |  64|  32|    1|          0|
    +---------------------------------------------------+----+----+-----+-----------+
    |Total                                              | 565|  32|  508|          6|
    +---------------------------------------------------+----+----+-----+-----------+



================================================================
== Interface
================================================================
* Summary: 
+----------------+-----+-----+------------+-------------------------------------------------------+--------------+
|    RTL Ports   | Dir | Bits|  Protocol  |                     Source Object                     |    C Type    |
+----------------+-----+-----+------------+-------------------------------------------------------+--------------+
|ap_clk          |  in |    1| ap_ctrl_hs | dense_wrapper<ap_fixed,ap_fixed<16,6,5,3,0>,config26> | return value |
|ap_rst          |  in |    1| ap_ctrl_hs | dense_wrapper<ap_fixed,ap_fixed<16,6,5,3,0>,config26> | return value |
|ap_start        |  in |    1| ap_ctrl_hs | dense_wrapper<ap_fixed,ap_fixed<16,6,5,3,0>,config26> | return value |
|ap_done         | out |    1| ap_ctrl_hs | dense_wrapper<ap_fixed,ap_fixed<16,6,5,3,0>,config26> | return value |
|ap_idle         | out |    1| ap_ctrl_hs | dense_wrapper<ap_fixed,ap_fixed<16,6,5,3,0>,config26> | return value |
|ap_ready        | out |    1| ap_ctrl_hs | dense_wrapper<ap_fixed,ap_fixed<16,6,5,3,0>,config26> | return value |
|ap_return_0     | out |   16| ap_ctrl_hs | dense_wrapper<ap_fixed,ap_fixed<16,6,5,3,0>,config26> | return value |
|ap_return_1     | out |   16| ap_ctrl_hs | dense_wrapper<ap_fixed,ap_fixed<16,6,5,3,0>,config26> | return value |
|ap_return_2     | out |   16| ap_ctrl_hs | dense_wrapper<ap_fixed,ap_fixed<16,6,5,3,0>,config26> | return value |
|data_0_V_read   |  in |    6|   ap_none  |                     data_0_V_read                     |    scalar    |
|data_1_V_read   |  in |    6|   ap_none  |                     data_1_V_read                     |    scalar    |
|data_2_V_read   |  in |    6|   ap_none  |                     data_2_V_read                     |    scalar    |
|data_3_V_read   |  in |    6|   ap_none  |                     data_3_V_read                     |    scalar    |
|data_4_V_read   |  in |    6|   ap_none  |                     data_4_V_read                     |    scalar    |
|data_5_V_read   |  in |    6|   ap_none  |                     data_5_V_read                     |    scalar    |
|data_6_V_read   |  in |    6|   ap_none  |                     data_6_V_read                     |    scalar    |
|data_7_V_read   |  in |    6|   ap_none  |                     data_7_V_read                     |    scalar    |
|data_8_V_read   |  in |    6|   ap_none  |                     data_8_V_read                     |    scalar    |
|data_9_V_read   |  in |    6|   ap_none  |                     data_9_V_read                     |    scalar    |
|data_10_V_read  |  in |    6|   ap_none  |                     data_10_V_read                    |    scalar    |
|data_11_V_read  |  in |    6|   ap_none  |                     data_11_V_read                    |    scalar    |
|data_12_V_read  |  in |    6|   ap_none  |                     data_12_V_read                    |    scalar    |
|data_13_V_read  |  in |    6|   ap_none  |                     data_13_V_read                    |    scalar    |
|data_14_V_read  |  in |    6|   ap_none  |                     data_14_V_read                    |    scalar    |
|data_15_V_read  |  in |    6|   ap_none  |                     data_15_V_read                    |    scalar    |
+----------------+-----+-----+------------+-------------------------------------------------------+--------------+

