

================================================================
== Vivado HLS Report for 'Loop_1_proc714'
================================================================
* Date:           Sun Nov 14 10:23:43 2021

* Version:        2019.1 (Build 2552052 on Fri May 24 15:28:33 MDT 2019)
* Project:        myproject_prj
* Solution:       solution1
* Product family: zynq
* Target device:  xc7z020-clg400-1


================================================================
== Performance Estimates
================================================================
+ Timing (ns): 
    * Summary: 
    +--------+-------+----------+------------+
    |  Clock | Target| Estimated| Uncertainty|
    +--------+-------+----------+------------+
    |ap_clk  |   5.00|     4.234|        0.62|
    +--------+-------+----------+------------+

+ Latency (clock cycles): 
    * Summary: 
    +-------+-------+-------+-------+---------+
    |    Latency    |    Interval   | Pipeline|
    |  min  |  max  |  min  |  max  |   Type  |
    +-------+-------+-------+-------+---------+
    |  65537|  65537|  65537|  65537|   none  |
    +-------+-------+-------+-------+---------+

    + Detail: 
        * Instance: 
        N/A

        * Loop: 
        +----------+-------+-------+----------+-----------+-----------+------+----------+
        |          |    Latency    | Iteration|  Initiation Interval  | Trip |          |
        | Loop Name|  min  |  max  |  Latency |  achieved |   target  | Count| Pipelined|
        +----------+-------+-------+----------+-----------+-----------+------+----------+
        |- Loop 1  |  65536|  65536|         8|          -|          -|  8192|    no    |
        +----------+-------+-------+----------+-----------+-----------+------+----------+



================================================================
== Utilization Estimates
================================================================
* Summary: 
+-----------------+---------+-------+--------+-------+-----+
|       Name      | BRAM_18K| DSP48E|   FF   |  LUT  | URAM|
+-----------------+---------+-------+--------+-------+-----+
|DSP              |        -|      -|       -|      -|    -|
|Expression       |        -|      -|       0|    433|    -|
|FIFO             |        -|      -|       -|      -|    -|
|Instance         |        -|      0|     314|    354|    -|
|Memory           |        -|      -|       -|      -|    -|
|Multiplexer      |        -|      -|       -|    158|    -|
|Register         |        -|      -|     457|      -|    -|
+-----------------+---------+-------+--------+-------+-----+
|Total            |        0|      0|     771|    945|    0|
+-----------------+---------+-------+--------+-------+-----+
|Available        |      280|    220|  106400|  53200|    0|
+-----------------+---------+-------+--------+-------+-----+
|Utilization (%)  |        0|      0|   ~0   |      1|    0|
+-----------------+---------+-------+--------+-------+-----+

+ Detail: 
    * Instance: 
    +----------------------------------------+-------------------------------------+---------+-------+-----+-----+-----+
    |                Instance                |                Module               | BRAM_18K| DSP48E|  FF | LUT | URAM|
    +----------------------------------------+-------------------------------------+---------+-------+-----+-----+-----+
    |myproject_axi_ashr_54ns_32ns_54_2_1_U2  |myproject_axi_ashr_54ns_32ns_54_2_1  |        0|      0|  214|  216|    0|
    |myproject_axi_fpext_32ns_64_3_1_U1      |myproject_axi_fpext_32ns_64_3_1      |        0|      0|  100|  138|    0|
    +----------------------------------------+-------------------------------------+---------+-------+-----+-----+-----+
    |Total                                   |                                     |        0|      0|  314|  354|    0|
    +----------------------------------------+-------------------------------------+---------+-------+-----+-----+-----+

    * DSP48E: 
    N/A

    * Memory: 
    N/A

    * FIFO: 
    N/A

    * Expression: 
    +----------------------------+----------+-------+---+----+------------+------------+
    |        Variable Name       | Operation| DSP48E| FF| LUT| Bitwidth P0| Bitwidth P1|
    +----------------------------+----------+-------+---+----+------------+------------+
    |add_ln581_fu_239_p2         |     +    |      0|  0|  12|           5|          12|
    |i_fu_144_p2                 |     +    |      0|  0|  19|          14|           1|
    |sub_ln461_fu_209_p2         |     -    |      0|  0|  61|           1|          54|
    |sub_ln575_fu_227_p2         |     -    |      0|  0|  12|          11|          12|
    |sub_ln581_fu_245_p2         |     -    |      0|  0|  12|           4|          12|
    |and_ln581_fu_330_p2         |    and   |      0|  0|   2|           1|           1|
    |and_ln582_fu_388_p2         |    and   |      0|  0|   2|           1|           1|
    |and_ln585_1_fu_347_p2       |    and   |      0|  0|   2|           1|           1|
    |and_ln585_fu_341_p2         |    and   |      0|  0|   2|           1|           1|
    |and_ln603_fu_364_p2         |    and   |      0|  0|   2|           1|           1|
    |in_data_0_load_A            |    and   |      0|  0|   2|           1|           1|
    |in_data_0_load_B            |    and   |      0|  0|   2|           1|           1|
    |in_last_V_0_load_A          |    and   |      0|  0|   2|           1|           1|
    |in_last_V_0_load_B          |    and   |      0|  0|   2|           1|           1|
    |icmp_ln23_fu_138_p2         |   icmp   |      0|  0|  13|          14|          15|
    |icmp_ln571_fu_222_p2        |   icmp   |      0|  0|  29|          63|           1|
    |icmp_ln581_fu_233_p2        |   icmp   |      0|  0|  13|          12|           4|
    |icmp_ln582_fu_259_p2        |   icmp   |      0|  0|  13|          12|           4|
    |icmp_ln585_fu_282_p2        |   icmp   |      0|  0|  13|          12|           6|
    |icmp_ln603_fu_287_p2        |   icmp   |      0|  0|  11|           8|           1|
    |in_data_0_state_cmp_full    |   icmp   |      0|  0|   8|           2|           1|
    |in_last_V_0_state_cmp_full  |   icmp   |      0|  0|   8|           2|           1|
    |ap_block_state1             |    or    |      0|  0|   2|           1|           1|
    |ap_block_state2             |    or    |      0|  0|   2|           1|           1|
    |or_ln28_fu_159_p2           |    or    |      0|  0|   2|           1|           1|
    |or_ln581_fu_353_p2          |    or    |      0|  0|   2|           1|           1|
    |or_ln582_fu_320_p2          |    or    |      0|  0|   2|           1|           1|
    |or_ln603_1_fu_393_p2        |    or    |      0|  0|   2|           1|           1|
    |or_ln603_2_fu_398_p2        |    or    |      0|  0|   2|           1|           1|
    |or_ln603_fu_370_p2          |    or    |      0|  0|   2|           1|           1|
    |in_local_V_data_0_V_din     |  select  |      0|  0|  16|           1|          16|
    |select_ln570_fu_215_p3      |  select  |      0|  0|  54|           1|          54|
    |select_ln581_fu_251_p3      |  select  |      0|  0|  12|           1|          12|
    |select_ln588_fu_312_p3      |  select  |      0|  0|   2|           1|           2|
    |select_ln603_1_fu_376_p3    |  select  |      0|  0|  16|           1|          16|
    |select_ln603_2_fu_421_p3    |  select  |      0|  0|  16|           1|          16|
    |select_ln603_fu_414_p3      |  select  |      0|  0|  16|           1|          16|
    |shl_ln604_fu_409_p2         |    shl   |      0|  0|  35|          16|          16|
    |xor_ln571_fu_383_p2         |    xor   |      0|  0|   2|           1|           2|
    |xor_ln581_fu_358_p2         |    xor   |      0|  0|   2|           1|           2|
    |xor_ln582_fu_324_p2         |    xor   |      0|  0|   2|           1|           2|
    |xor_ln585_fu_335_p2         |    xor   |      0|  0|   2|           1|           2|
    +----------------------------+----------+-------+---+----+------------+------------+
    |Total                       |          |      0|  0| 433|         204|         297|
    +----------------------------+----------+-------+---+----+------------+------------+

    * Multiplexer: 
    +------------------------------+----+-----------+-----+-----------+
    |             Name             | LUT| Input Size| Bits| Total Bits|
    +------------------------------+----+-----------+-----+-----------+
    |ap_NS_fsm                     |  47|         10|    1|         10|
    |ap_done                       |   9|          2|    1|          2|
    |i_0_i3_i_reg_124              |   9|          2|   14|         28|
    |in_data_0_data_out            |   9|          2|   32|         64|
    |in_data_0_state               |  15|          3|    2|          6|
    |in_last_V_0_data_out          |   9|          2|    1|          2|
    |in_last_V_0_state             |  15|          3|    2|          6|
    |in_local_V_data_0_V_blk_n     |   9|          2|    1|          2|
    |in_r_TDATA_blk_n              |   9|          2|    1|          2|
    |is_last_0_i_out_dc_0_reg_112  |   9|          2|    1|          2|
    |is_last_0_i_out_out_blk_n     |   9|          2|    1|          2|
    |real_start                    |   9|          2|    1|          2|
    +------------------------------+----+-----------+-----+-----------+
    |Total                         | 158|         34|   58|        128|
    +------------------------------+----+-----------+-----+-----------+

    * Register: 
    +------------------------------+----+----+-----+-----------+
    |             Name             | FF | LUT| Bits| Const Bits|
    +------------------------------+----+----+-----+-----------+
    |and_ln585_reg_519             |   1|   0|    1|          0|
    |and_ln603_reg_524             |   1|   0|    1|          0|
    |ap_CS_fsm                     |   9|   0|    9|          0|
    |ap_done_reg                   |   1|   0|    1|          0|
    |ashr_ln586_reg_540            |  54|   0|   54|          0|
    |i_0_i3_i_reg_124              |  14|   0|   14|          0|
    |i_reg_437                     |  14|   0|   14|          0|
    |icmp_ln571_reg_478            |   1|   0|    1|          0|
    |icmp_ln581_reg_484            |   1|   0|    1|          0|
    |icmp_ln582_reg_497            |   1|   0|    1|          0|
    |in_data_0_payload_A           |  32|   0|   32|          0|
    |in_data_0_payload_B           |  32|   0|   32|          0|
    |in_data_0_sel_rd              |   1|   0|    1|          0|
    |in_data_0_sel_wr              |   1|   0|    1|          0|
    |in_data_0_state               |   2|   0|    2|          0|
    |in_data_tmp_reg_442           |  32|   0|   32|          0|
    |in_last_V_0_payload_A         |   1|   0|    1|          0|
    |in_last_V_0_payload_B         |   1|   0|    1|          0|
    |in_last_V_0_sel_rd            |   1|   0|    1|          0|
    |in_last_V_0_sel_wr            |   1|   0|    1|          0|
    |in_last_V_0_state             |   2|   0|    2|          0|
    |is_last_0_i_out_dc_0_reg_112  |   1|   0|    1|          0|
    |or_ln28_reg_448               |   1|   0|    1|          0|
    |or_ln603_2_reg_545            |   1|   0|    1|          0|
    |or_ln603_reg_529              |   1|   0|    1|          0|
    |p_Result_i_i_reg_463          |  11|   0|   11|          0|
    |select_ln570_reg_473          |  54|   0|   54|          0|
    |select_ln581_reg_490          |  12|   0|   12|          0|
    |select_ln603_1_reg_535        |  16|   0|   16|          0|
    |select_ln603_2_reg_550        |  16|   0|   16|          0|
    |start_once_reg                |   1|   0|    1|          0|
    |tmp_297_reg_509               |   8|   0|    8|          0|
    |tmp_reg_458                   |   1|   0|    1|          0|
    |trunc_ln557_reg_453           |  63|   0|   63|          0|
    |trunc_ln565_reg_468           |  52|   0|   52|          0|
    |trunc_ln583_reg_503           |  16|   0|   16|          0|
    +------------------------------+----+----+-----+-----------+
    |Total                         | 457|   0|  457|          0|
    +------------------------------+----+----+-----+-----------+



================================================================
== Interface
================================================================
* Summary: 
+----------------------------+-----+-----+------------+---------------------+--------------+
|          RTL Ports         | Dir | Bits|  Protocol  |    Source Object    |    C Type    |
+----------------------------+-----+-----+------------+---------------------+--------------+
|ap_clk                      |  in |    1| ap_ctrl_hs |    Loop_1_proc714   | return value |
|ap_rst                      |  in |    1| ap_ctrl_hs |    Loop_1_proc714   | return value |
|ap_start                    |  in |    1| ap_ctrl_hs |    Loop_1_proc714   | return value |
|start_full_n                |  in |    1| ap_ctrl_hs |    Loop_1_proc714   | return value |
|ap_done                     | out |    1| ap_ctrl_hs |    Loop_1_proc714   | return value |
|ap_continue                 |  in |    1| ap_ctrl_hs |    Loop_1_proc714   | return value |
|ap_idle                     | out |    1| ap_ctrl_hs |    Loop_1_proc714   | return value |
|ap_ready                    | out |    1| ap_ctrl_hs |    Loop_1_proc714   | return value |
|start_out                   | out |    1| ap_ctrl_hs |    Loop_1_proc714   | return value |
|start_write                 | out |    1| ap_ctrl_hs |    Loop_1_proc714   | return value |
|in_r_TLAST                  |  in |    1|    axis    |      in_last_V      |    pointer   |
|in_r_TVALID                 |  in |    1|    axis    |       in_data       |    pointer   |
|in_r_TREADY                 | out |    1|    axis    |       in_data       |    pointer   |
|in_r_TDATA                  |  in |   32|    axis    |       in_data       |    pointer   |
|in_local_V_data_0_V_din     | out |   16|   ap_fifo  | in_local_V_data_0_V |    pointer   |
|in_local_V_data_0_V_full_n  |  in |    1|   ap_fifo  | in_local_V_data_0_V |    pointer   |
|in_local_V_data_0_V_write   | out |    1|   ap_fifo  | in_local_V_data_0_V |    pointer   |
|is_last_0_i_out_out_din     | out |    1|   ap_fifo  | is_last_0_i_out_out |    pointer   |
|is_last_0_i_out_out_full_n  |  in |    1|   ap_fifo  | is_last_0_i_out_out |    pointer   |
|is_last_0_i_out_out_write   | out |    1|   ap_fifo  | is_last_0_i_out_out |    pointer   |
+----------------------------+-----+-----+------------+---------------------+--------------+

