

================================================================
== Vivado HLS Report for 'reduce_ap_fixed_16_Op_max_ap_fixed_6_1_0_0_0_s'
================================================================
* Date:           Sun Nov 14 10:24:14 2021

* Version:        2019.1 (Build 2552052 on Fri May 24 15:28:33 MDT 2019)
* Project:        myproject_prj
* Solution:       solution1
* Product family: zynq
* Target device:  xc7z020-clg400-1


================================================================
== Performance Estimates
================================================================
+ Timing (ns): 
    * Summary: 
    +--------+-------+----------+------------+
    |  Clock | Target| Estimated| Uncertainty|
    +--------+-------+----------+------------+
    |ap_clk  |   5.00|     4.041|        0.62|
    +--------+-------+----------+------------+

+ Latency (clock cycles): 
    * Summary: 
    +-----+-----+-----+-----+----------+
    |  Latency  |  Interval | Pipeline |
    | min | max | min | max |   Type   |
    +-----+-----+-----+-----+----------+
    |    2|    2|    1|    1| function |
    +-----+-----+-----+-----+----------+

    + Detail: 
        * Instance: 
        N/A

        * Loop: 
        N/A



================================================================
== Utilization Estimates
================================================================
* Summary: 
+-----------------+---------+-------+--------+-------+-----+
|       Name      | BRAM_18K| DSP48E|   FF   |  LUT  | URAM|
+-----------------+---------+-------+--------+-------+-----+
|DSP              |        -|      -|       -|      -|    -|
|Expression       |        -|      -|       0|    255|    -|
|FIFO             |        -|      -|       -|      -|    -|
|Instance         |        -|      -|       -|      -|    -|
|Memory           |        -|      -|       -|      -|    -|
|Multiplexer      |        -|      -|       -|      9|    -|
|Register         |        -|      -|     167|      -|    -|
+-----------------+---------+-------+--------+-------+-----+
|Total            |        0|      0|     167|    264|    0|
+-----------------+---------+-------+--------+-------+-----+
|Available        |      280|    220|  106400|  53200|    0|
+-----------------+---------+-------+--------+-------+-----+
|Utilization (%)  |        0|      0|   ~0   |   ~0  |    0|
+-----------------+---------+-------+--------+-------+-----+

+ Detail: 
    * Instance: 
    N/A

    * DSP48E: 
    N/A

    * Memory: 
    N/A

    * FIFO: 
    N/A

    * Expression: 
    +--------------------------+----------+-------+---+----+------------+------------+
    |       Variable Name      | Operation| DSP48E| FF| LUT| Bitwidth P0| Bitwidth P1|
    +--------------------------+----------+-------+---+----+------------+------------+
    |icmp_ln1496_10_fu_232_p2  |   icmp   |      0|  0|  11|           6|           6|
    |icmp_ln1496_11_fu_246_p2  |   icmp   |      0|  0|  11|           6|           6|
    |icmp_ln1496_12_fu_260_p2  |   icmp   |      0|  0|  11|           6|           6|
    |icmp_ln1496_13_fu_300_p2  |   icmp   |      0|  0|  11|           6|           6|
    |icmp_ln1496_14_fu_314_p2  |   icmp   |      0|  0|  11|           6|           6|
    |icmp_ln1496_1_fu_144_p2   |   icmp   |      0|  0|  11|           6|           6|
    |icmp_ln1496_2_fu_158_p2   |   icmp   |      0|  0|  11|           6|           6|
    |icmp_ln1496_3_fu_164_p2   |   icmp   |      0|  0|  11|           6|           6|
    |icmp_ln1496_4_fu_178_p2   |   icmp   |      0|  0|  11|           6|           6|
    |icmp_ln1496_5_fu_192_p2   |   icmp   |      0|  0|  11|           6|           6|
    |icmp_ln1496_6_fu_276_p2   |   icmp   |      0|  0|  11|           6|           6|
    |icmp_ln1496_7_fu_198_p2   |   icmp   |      0|  0|  11|           6|           6|
    |icmp_ln1496_8_fu_212_p2   |   icmp   |      0|  0|  11|           6|           6|
    |icmp_ln1496_9_fu_226_p2   |   icmp   |      0|  0|  11|           6|           6|
    |icmp_ln1496_fu_130_p2     |   icmp   |      0|  0|  11|           6|           6|
    |select_ln86_10_fu_238_p3  |  select  |      0|  0|   6|           1|           6|
    |select_ln86_11_fu_252_p3  |  select  |      0|  0|   6|           1|           6|
    |select_ln86_12_fu_295_p3  |  select  |      0|  0|   6|           1|           6|
    |select_ln86_13_fu_306_p3  |  select  |      0|  0|   6|           1|           6|
    |select_ln86_14_fu_318_p3  |  select  |      0|  0|   6|           1|           6|
    |select_ln86_1_fu_150_p3   |  select  |      0|  0|   6|           1|           6|
    |select_ln86_2_fu_266_p3   |  select  |      0|  0|   6|           1|           6|
    |select_ln86_3_fu_170_p3   |  select  |      0|  0|   6|           1|           6|
    |select_ln86_4_fu_184_p3   |  select  |      0|  0|   6|           1|           6|
    |select_ln86_5_fu_271_p3   |  select  |      0|  0|   6|           1|           6|
    |select_ln86_6_fu_282_p3   |  select  |      0|  0|   6|           1|           6|
    |select_ln86_7_fu_204_p3   |  select  |      0|  0|   6|           1|           6|
    |select_ln86_8_fu_218_p3   |  select  |      0|  0|   6|           1|           6|
    |select_ln86_9_fu_290_p3   |  select  |      0|  0|   6|           1|           6|
    |select_ln86_fu_136_p3     |  select  |      0|  0|   6|           1|           6|
    +--------------------------+----------+-------+---+----+------------+------------+
    |Total                     |          |      0|  0| 255|         105|         180|
    +--------------------------+----------+-------+---+----+------------+------------+

    * Multiplexer: 
    +-----------+----+-----------+-----+-----------+
    |    Name   | LUT| Input Size| Bits| Total Bits|
    +-----------+----+-----------+-----+-----------+
    |ap_return  |   9|          2|    6|         12|
    +-----------+----+-----------+-----+-----------+
    |Total      |   9|          2|    6|         12|
    +-----------+----+-----------+-----+-----------+

    * Register: 
    +------------------------+---+----+-----+-----------+
    |          Name          | FF| LUT| Bits| Const Bits|
    +------------------------+---+----+-----+-----------+
    |ap_ce_reg               |  1|   0|    1|          0|
    |ap_return_int_reg       |  6|   0|    6|          0|
    |icmp_ln1496_12_reg_379  |  1|   0|    1|          0|
    |icmp_ln1496_2_reg_334   |  1|   0|    1|          0|
    |icmp_ln1496_5_reg_349   |  1|   0|    1|          0|
    |icmp_ln1496_9_reg_364   |  1|   0|    1|          0|
    |select_ln86_10_reg_369  |  6|   0|    6|          0|
    |select_ln86_11_reg_374  |  6|   0|    6|          0|
    |select_ln86_13_reg_390  |  6|   0|    6|          0|
    |select_ln86_1_reg_329   |  6|   0|    6|          0|
    |select_ln86_3_reg_339   |  6|   0|    6|          0|
    |select_ln86_4_reg_344   |  6|   0|    6|          0|
    |select_ln86_6_reg_384   |  6|   0|    6|          0|
    |select_ln86_7_reg_354   |  6|   0|    6|          0|
    |select_ln86_8_reg_359   |  6|   0|    6|          0|
    |select_ln86_reg_324     |  6|   0|    6|          0|
    |x_0_V_read_int_reg      |  6|   0|    6|          0|
    |x_10_V_read_int_reg     |  6|   0|    6|          0|
    |x_11_V_read_int_reg     |  6|   0|    6|          0|
    |x_12_V_read_int_reg     |  6|   0|    6|          0|
    |x_13_V_read_int_reg     |  6|   0|    6|          0|
    |x_14_V_read_int_reg     |  6|   0|    6|          0|
    |x_15_V_read_int_reg     |  6|   0|    6|          0|
    |x_1_V_read_int_reg      |  6|   0|    6|          0|
    |x_2_V_read_int_reg      |  6|   0|    6|          0|
    |x_3_V_read_int_reg      |  6|   0|    6|          0|
    |x_4_V_read_int_reg      |  6|   0|    6|          0|
    |x_5_V_read_int_reg      |  6|   0|    6|          0|
    |x_6_V_read_int_reg      |  6|   0|    6|          0|
    |x_7_V_read_int_reg      |  6|   0|    6|          0|
    |x_8_V_read_int_reg      |  6|   0|    6|          0|
    |x_9_V_read_int_reg      |  6|   0|    6|          0|
    +------------------------+---+----+-----+-----------+
    |Total                   |167|   0|  167|          0|
    +------------------------+---+----+-----+-----------+



================================================================
== Interface
================================================================
* Summary: 
+-------------+-----+-----+------------+-------------------------------------------------+--------------+
|  RTL Ports  | Dir | Bits|  Protocol  |                  Source Object                  |    C Type    |
+-------------+-----+-----+------------+-------------------------------------------------+--------------+
|ap_clk       |  in |    1| ap_ctrl_hs | reduce<ap_fixed,16,Op_max<ap_fixed<6,1,0,0,0>>> | return value |
|ap_rst       |  in |    1| ap_ctrl_hs | reduce<ap_fixed,16,Op_max<ap_fixed<6,1,0,0,0>>> | return value |
|ap_return    | out |    6| ap_ctrl_hs | reduce<ap_fixed,16,Op_max<ap_fixed<6,1,0,0,0>>> | return value |
|ap_ce        |  in |    1| ap_ctrl_hs | reduce<ap_fixed,16,Op_max<ap_fixed<6,1,0,0,0>>> | return value |
|x_0_V_read   |  in |    6|   ap_none  |                    x_0_V_read                   |    scalar    |
|x_1_V_read   |  in |    6|   ap_none  |                    x_1_V_read                   |    scalar    |
|x_2_V_read   |  in |    6|   ap_none  |                    x_2_V_read                   |    scalar    |
|x_3_V_read   |  in |    6|   ap_none  |                    x_3_V_read                   |    scalar    |
|x_4_V_read   |  in |    6|   ap_none  |                    x_4_V_read                   |    scalar    |
|x_5_V_read   |  in |    6|   ap_none  |                    x_5_V_read                   |    scalar    |
|x_6_V_read   |  in |    6|   ap_none  |                    x_6_V_read                   |    scalar    |
|x_7_V_read   |  in |    6|   ap_none  |                    x_7_V_read                   |    scalar    |
|x_8_V_read   |  in |    6|   ap_none  |                    x_8_V_read                   |    scalar    |
|x_9_V_read   |  in |    6|   ap_none  |                    x_9_V_read                   |    scalar    |
|x_10_V_read  |  in |    6|   ap_none  |                   x_10_V_read                   |    scalar    |
|x_11_V_read  |  in |    6|   ap_none  |                   x_11_V_read                   |    scalar    |
|x_12_V_read  |  in |    6|   ap_none  |                   x_12_V_read                   |    scalar    |
|x_13_V_read  |  in |    6|   ap_none  |                   x_13_V_read                   |    scalar    |
|x_14_V_read  |  in |    6|   ap_none  |                   x_14_V_read                   |    scalar    |
|x_15_V_read  |  in |    6|   ap_none  |                   x_15_V_read                   |    scalar    |
+-------------+-----+-----+------------+-------------------------------------------------+--------------+

