

================================================================
== Vivado HLS Report for 'relu_array_array_ap_fixed_16u_relu_config25_s'
================================================================
* Date:           Sun Nov 14 10:24:43 2021

* Version:        2019.1 (Build 2552052 on Fri May 24 15:28:33 MDT 2019)
* Project:        myproject_prj
* Solution:       solution1
* Product family: zynq
* Target device:  xc7z020-clg400-1


================================================================
== Performance Estimates
================================================================
+ Timing (ns): 
    * Summary: 
    +--------+-------+----------+------------+
    |  Clock | Target| Estimated| Uncertainty|
    +--------+-------+----------+------------+
    |ap_clk  |   5.00|     4.255|        0.62|
    +--------+-------+----------+------------+

+ Latency (clock cycles): 
    * Summary: 
    +-----+-----+-----+-----+----------+
    |  Latency  |  Interval | Pipeline |
    | min | max | min | max |   Type   |
    +-----+-----+-----+-----+----------+
    |    2|    2|    1|    1| function |
    +-----+-----+-----+-----+----------+

    + Detail: 
        * Instance: 
        N/A

        * Loop: 
        N/A



================================================================
== Utilization Estimates
================================================================
* Summary: 
+-----------------+---------+-------+--------+-------+-----+
|       Name      | BRAM_18K| DSP48E|   FF   |  LUT  | URAM|
+-----------------+---------+-------+--------+-------+-----+
|DSP              |        -|      -|       -|      -|    -|
|Expression       |        -|      -|       0|   1370|    -|
|FIFO             |        -|      -|       -|      -|    -|
|Instance         |        -|      -|       -|      -|    -|
|Memory           |        -|      -|       -|      -|    -|
|Multiplexer      |        -|      -|       -|    306|    -|
|Register         |        -|      -|     533|      -|    -|
+-----------------+---------+-------+--------+-------+-----+
|Total            |        0|      0|     533|   1676|    0|
+-----------------+---------+-------+--------+-------+-----+
|Available        |      280|    220|  106400|  53200|    0|
+-----------------+---------+-------+--------+-------+-----+
|Utilization (%)  |        0|      0|   ~0   |      3|    0|
+-----------------+---------+-------+--------+-------+-----+

+ Detail: 
    * Instance: 
    N/A

    * DSP48E: 
    N/A

    * Memory: 
    N/A

    * FIFO: 
    N/A

    * Expression: 
    +----------------------------------+----------+-------+---+----+------------+------------+
    |           Variable Name          | Operation| DSP48E| FF| LUT| Bitwidth P0| Bitwidth P1|
    +----------------------------------+----------+-------+---+----+------------+------------+
    |add_ln415_12_fu_1176_p2           |     +    |      0|  0|  15|           6|           6|
    |add_ln415_13_fu_1258_p2           |     +    |      0|  0|  15|           6|           6|
    |add_ln415_14_fu_1340_p2           |     +    |      0|  0|  15|           6|           6|
    |add_ln415_15_fu_1422_p2           |     +    |      0|  0|  15|           6|           6|
    |add_ln415_16_fu_1504_p2           |     +    |      0|  0|  15|           6|           6|
    |add_ln415_17_fu_1586_p2           |     +    |      0|  0|  15|           6|           6|
    |add_ln415_18_fu_1668_p2           |     +    |      0|  0|  15|           6|           6|
    |add_ln415_19_fu_1750_p2           |     +    |      0|  0|  15|           6|           6|
    |add_ln415_20_fu_1832_p2           |     +    |      0|  0|  15|           6|           6|
    |add_ln415_21_fu_1914_p2           |     +    |      0|  0|  15|           6|           6|
    |add_ln415_22_fu_1996_p2           |     +    |      0|  0|  15|           6|           6|
    |add_ln415_23_fu_2078_p2           |     +    |      0|  0|  15|           6|           6|
    |add_ln415_24_fu_2160_p2           |     +    |      0|  0|  15|           6|           6|
    |add_ln415_25_fu_2242_p2           |     +    |      0|  0|  15|           6|           6|
    |add_ln415_26_fu_2324_p2           |     +    |      0|  0|  15|           6|           6|
    |add_ln415_fu_1094_p2              |     +    |      0|  0|  15|           6|           6|
    |add_ln416_12_fu_1181_p2           |     +    |      0|  0|  15|           5|           5|
    |add_ln416_13_fu_1263_p2           |     +    |      0|  0|  15|           5|           5|
    |add_ln416_14_fu_1345_p2           |     +    |      0|  0|  15|           5|           5|
    |add_ln416_15_fu_1427_p2           |     +    |      0|  0|  15|           5|           5|
    |add_ln416_16_fu_1509_p2           |     +    |      0|  0|  15|           5|           5|
    |add_ln416_17_fu_1591_p2           |     +    |      0|  0|  15|           5|           5|
    |add_ln416_18_fu_1673_p2           |     +    |      0|  0|  15|           5|           5|
    |add_ln416_19_fu_1755_p2           |     +    |      0|  0|  15|           5|           5|
    |add_ln416_20_fu_1837_p2           |     +    |      0|  0|  15|           5|           5|
    |add_ln416_21_fu_1919_p2           |     +    |      0|  0|  15|           5|           5|
    |add_ln416_22_fu_2001_p2           |     +    |      0|  0|  15|           5|           5|
    |add_ln416_23_fu_2083_p2           |     +    |      0|  0|  15|           5|           5|
    |add_ln416_24_fu_2165_p2           |     +    |      0|  0|  15|           5|           5|
    |add_ln416_25_fu_2247_p2           |     +    |      0|  0|  15|           5|           5|
    |add_ln416_26_fu_2329_p2           |     +    |      0|  0|  15|           5|           5|
    |add_ln416_fu_1099_p2              |     +    |      0|  0|  15|           5|           5|
    |and_ln416_12_fu_1200_p2           |    and   |      0|  0|   2|           1|           1|
    |and_ln416_13_fu_1282_p2           |    and   |      0|  0|   2|           1|           1|
    |and_ln416_14_fu_1364_p2           |    and   |      0|  0|   2|           1|           1|
    |and_ln416_15_fu_1446_p2           |    and   |      0|  0|   2|           1|           1|
    |and_ln416_16_fu_1528_p2           |    and   |      0|  0|   2|           1|           1|
    |and_ln416_17_fu_1610_p2           |    and   |      0|  0|   2|           1|           1|
    |and_ln416_18_fu_1692_p2           |    and   |      0|  0|   2|           1|           1|
    |and_ln416_19_fu_1774_p2           |    and   |      0|  0|   2|           1|           1|
    |and_ln416_20_fu_1856_p2           |    and   |      0|  0|   2|           1|           1|
    |and_ln416_21_fu_1938_p2           |    and   |      0|  0|   2|           1|           1|
    |and_ln416_22_fu_2020_p2           |    and   |      0|  0|   2|           1|           1|
    |and_ln416_23_fu_2102_p2           |    and   |      0|  0|   2|           1|           1|
    |and_ln416_24_fu_2184_p2           |    and   |      0|  0|   2|           1|           1|
    |and_ln416_25_fu_2266_p2           |    and   |      0|  0|   2|           1|           1|
    |and_ln416_26_fu_2348_p2           |    and   |      0|  0|   2|           1|           1|
    |and_ln416_fu_1118_p2              |    and   |      0|  0|   2|           1|           1|
    |io_acc_block_signal_op4           |    and   |      0|  0|   2|           1|           1|
    |io_acc_block_signal_op408         |    and   |      0|  0|   2|           1|           1|
    |icmp_ln1494_10_fu_1896_p2         |   icmp   |      0|  0|  13|          14|           1|
    |icmp_ln1494_11_fu_1978_p2         |   icmp   |      0|  0|  13|          14|           1|
    |icmp_ln1494_12_fu_2060_p2         |   icmp   |      0|  0|  13|          14|           1|
    |icmp_ln1494_13_fu_2142_p2         |   icmp   |      0|  0|  13|          14|           1|
    |icmp_ln1494_14_fu_2224_p2         |   icmp   |      0|  0|  13|          14|           1|
    |icmp_ln1494_15_fu_2306_p2         |   icmp   |      0|  0|  13|          14|           1|
    |icmp_ln1494_1_fu_1158_p2          |   icmp   |      0|  0|  13|          14|           1|
    |icmp_ln1494_2_fu_1240_p2          |   icmp   |      0|  0|  13|          14|           1|
    |icmp_ln1494_3_fu_1322_p2          |   icmp   |      0|  0|  13|          14|           1|
    |icmp_ln1494_4_fu_1404_p2          |   icmp   |      0|  0|  13|          14|           1|
    |icmp_ln1494_5_fu_1486_p2          |   icmp   |      0|  0|  13|          14|           1|
    |icmp_ln1494_6_fu_1568_p2          |   icmp   |      0|  0|  13|          14|           1|
    |icmp_ln1494_7_fu_1650_p2          |   icmp   |      0|  0|  13|          14|           1|
    |icmp_ln1494_8_fu_1732_p2          |   icmp   |      0|  0|  13|          14|           1|
    |icmp_ln1494_9_fu_1814_p2          |   icmp   |      0|  0|  13|          14|           1|
    |icmp_ln1494_fu_1076_p2            |   icmp   |      0|  0|  13|          14|           1|
    |icmp_ln768_12_fu_370_p2           |   icmp   |      0|  0|  11|           5|           1|
    |icmp_ln768_13_fu_420_p2           |   icmp   |      0|  0|  11|           5|           1|
    |icmp_ln768_14_fu_470_p2           |   icmp   |      0|  0|  11|           5|           1|
    |icmp_ln768_15_fu_520_p2           |   icmp   |      0|  0|  11|           5|           1|
    |icmp_ln768_16_fu_570_p2           |   icmp   |      0|  0|  11|           5|           1|
    |icmp_ln768_17_fu_620_p2           |   icmp   |      0|  0|  11|           5|           1|
    |icmp_ln768_18_fu_670_p2           |   icmp   |      0|  0|  11|           5|           1|
    |icmp_ln768_19_fu_720_p2           |   icmp   |      0|  0|  11|           5|           1|
    |icmp_ln768_20_fu_770_p2           |   icmp   |      0|  0|  11|           5|           1|
    |icmp_ln768_21_fu_820_p2           |   icmp   |      0|  0|  11|           5|           1|
    |icmp_ln768_22_fu_870_p2           |   icmp   |      0|  0|  11|           5|           1|
    |icmp_ln768_23_fu_920_p2           |   icmp   |      0|  0|  11|           5|           1|
    |icmp_ln768_24_fu_970_p2           |   icmp   |      0|  0|  11|           5|           1|
    |icmp_ln768_25_fu_1020_p2          |   icmp   |      0|  0|  11|           5|           1|
    |icmp_ln768_26_fu_1070_p2          |   icmp   |      0|  0|  11|           5|           1|
    |icmp_ln768_fu_320_p2              |   icmp   |      0|  0|  11|           5|           1|
    |icmp_ln879_12_fu_364_p2           |   icmp   |      0|  0|  11|           5|           2|
    |icmp_ln879_13_fu_414_p2           |   icmp   |      0|  0|  11|           5|           2|
    |icmp_ln879_14_fu_464_p2           |   icmp   |      0|  0|  11|           5|           2|
    |icmp_ln879_15_fu_514_p2           |   icmp   |      0|  0|  11|           5|           2|
    |icmp_ln879_16_fu_564_p2           |   icmp   |      0|  0|  11|           5|           2|
    |icmp_ln879_17_fu_614_p2           |   icmp   |      0|  0|  11|           5|           2|
    |icmp_ln879_18_fu_664_p2           |   icmp   |      0|  0|  11|           5|           2|
    |icmp_ln879_19_fu_714_p2           |   icmp   |      0|  0|  11|           5|           2|
    |icmp_ln879_20_fu_764_p2           |   icmp   |      0|  0|  11|           5|           2|
    |icmp_ln879_21_fu_814_p2           |   icmp   |      0|  0|  11|           5|           2|
    |icmp_ln879_22_fu_864_p2           |   icmp   |      0|  0|  11|           5|           2|
    |icmp_ln879_23_fu_914_p2           |   icmp   |      0|  0|  11|           5|           2|
    |icmp_ln879_24_fu_964_p2           |   icmp   |      0|  0|  11|           5|           2|
    |icmp_ln879_25_fu_1014_p2          |   icmp   |      0|  0|  11|           5|           2|
    |icmp_ln879_26_fu_1064_p2          |   icmp   |      0|  0|  11|           5|           2|
    |icmp_ln879_fu_314_p2              |   icmp   |      0|  0|  11|           5|           2|
    |ap_block_pp0_stage0_01001         |    or    |      0|  0|   2|           1|           1|
    |ap_block_state1_pp0_stage0_iter0  |    or    |      0|  0|   2|           1|           1|
    |or_ln340_10_fu_1964_p2            |    or    |      0|  0|   2|           1|           1|
    |or_ln340_11_fu_2046_p2            |    or    |      0|  0|   2|           1|           1|
    |or_ln340_12_fu_2128_p2            |    or    |      0|  0|   2|           1|           1|
    |or_ln340_13_fu_2210_p2            |    or    |      0|  0|   2|           1|           1|
    |or_ln340_14_fu_2292_p2            |    or    |      0|  0|   2|           1|           1|
    |or_ln340_15_fu_2374_p2            |    or    |      0|  0|   2|           1|           1|
    |or_ln340_1_fu_1226_p2             |    or    |      0|  0|   2|           1|           1|
    |or_ln340_2_fu_1308_p2             |    or    |      0|  0|   2|           1|           1|
    |or_ln340_3_fu_1390_p2             |    or    |      0|  0|   2|           1|           1|
    |or_ln340_4_fu_1472_p2             |    or    |      0|  0|   2|           1|           1|
    |or_ln340_5_fu_1554_p2             |    or    |      0|  0|   2|           1|           1|
    |or_ln340_6_fu_1636_p2             |    or    |      0|  0|   2|           1|           1|
    |or_ln340_7_fu_1718_p2             |    or    |      0|  0|   2|           1|           1|
    |or_ln340_8_fu_1800_p2             |    or    |      0|  0|   2|           1|           1|
    |or_ln340_9_fu_1882_p2             |    or    |      0|  0|   2|           1|           1|
    |or_ln340_fu_1144_p2               |    or    |      0|  0|   2|           1|           1|
    |select_ln340_10_fu_1970_p3        |  select  |      0|  0|   5|           1|           2|
    |select_ln340_11_fu_2052_p3        |  select  |      0|  0|   5|           1|           2|
    |select_ln340_12_fu_2134_p3        |  select  |      0|  0|   5|           1|           2|
    |select_ln340_13_fu_2216_p3        |  select  |      0|  0|   5|           1|           2|
    |select_ln340_14_fu_2298_p3        |  select  |      0|  0|   5|           1|           2|
    |select_ln340_15_fu_2380_p3        |  select  |      0|  0|   5|           1|           2|
    |select_ln340_1_fu_1232_p3         |  select  |      0|  0|   5|           1|           2|
    |select_ln340_2_fu_1314_p3         |  select  |      0|  0|   5|           1|           2|
    |select_ln340_3_fu_1396_p3         |  select  |      0|  0|   5|           1|           2|
    |select_ln340_4_fu_1478_p3         |  select  |      0|  0|   5|           1|           2|
    |select_ln340_5_fu_1560_p3         |  select  |      0|  0|   5|           1|           2|
    |select_ln340_6_fu_1642_p3         |  select  |      0|  0|   5|           1|           2|
    |select_ln340_7_fu_1724_p3         |  select  |      0|  0|   5|           1|           2|
    |select_ln340_8_fu_1806_p3         |  select  |      0|  0|   5|           1|           2|
    |select_ln340_9_fu_1888_p3         |  select  |      0|  0|   5|           1|           2|
    |select_ln340_fu_1150_p3           |  select  |      0|  0|   5|           1|           2|
    |select_ln777_12_fu_1214_p3        |  select  |      0|  0|   2|           1|           1|
    |select_ln777_13_fu_1296_p3        |  select  |      0|  0|   2|           1|           1|
    |select_ln777_14_fu_1378_p3        |  select  |      0|  0|   2|           1|           1|
    |select_ln777_15_fu_1460_p3        |  select  |      0|  0|   2|           1|           1|
    |select_ln777_16_fu_1542_p3        |  select  |      0|  0|   2|           1|           1|
    |select_ln777_17_fu_1624_p3        |  select  |      0|  0|   2|           1|           1|
    |select_ln777_18_fu_1706_p3        |  select  |      0|  0|   2|           1|           1|
    |select_ln777_19_fu_1788_p3        |  select  |      0|  0|   2|           1|           1|
    |select_ln777_20_fu_1870_p3        |  select  |      0|  0|   2|           1|           1|
    |select_ln777_21_fu_1952_p3        |  select  |      0|  0|   2|           1|           1|
    |select_ln777_22_fu_2034_p3        |  select  |      0|  0|   2|           1|           1|
    |select_ln777_23_fu_2116_p3        |  select  |      0|  0|   2|           1|           1|
    |select_ln777_24_fu_2198_p3        |  select  |      0|  0|   2|           1|           1|
    |select_ln777_25_fu_2280_p3        |  select  |      0|  0|   2|           1|           1|
    |select_ln777_26_fu_2362_p3        |  select  |      0|  0|   2|           1|           1|
    |select_ln777_fu_1132_p3           |  select  |      0|  0|   2|           1|           1|
    |tmp_data_0_V_fu_2388_p3           |  select  |      0|  0|   5|           1|           5|
    |tmp_data_10_V_fu_2468_p3          |  select  |      0|  0|   5|           1|           5|
    |tmp_data_11_V_fu_2476_p3          |  select  |      0|  0|   5|           1|           5|
    |tmp_data_12_V_fu_2484_p3          |  select  |      0|  0|   5|           1|           5|
    |tmp_data_13_V_fu_2492_p3          |  select  |      0|  0|   5|           1|           5|
    |tmp_data_14_V_fu_2500_p3          |  select  |      0|  0|   5|           1|           5|
    |tmp_data_15_V_fu_2508_p3          |  select  |      0|  0|   5|           1|           5|
    |tmp_data_1_V_fu_2396_p3           |  select  |      0|  0|   5|           1|           5|
    |tmp_data_2_V_fu_2404_p3           |  select  |      0|  0|   5|           1|           5|
    |tmp_data_3_V_fu_2412_p3           |  select  |      0|  0|   5|           1|           5|
    |tmp_data_4_V_fu_2420_p3           |  select  |      0|  0|   5|           1|           5|
    |tmp_data_5_V_fu_2428_p3           |  select  |      0|  0|   5|           1|           5|
    |tmp_data_6_V_fu_2436_p3           |  select  |      0|  0|   5|           1|           5|
    |tmp_data_7_V_fu_2444_p3           |  select  |      0|  0|   5|           1|           5|
    |tmp_data_8_V_fu_2452_p3           |  select  |      0|  0|   5|           1|           5|
    |tmp_data_9_V_fu_2460_p3           |  select  |      0|  0|   5|           1|           5|
    |ap_enable_pp0                     |    xor   |      0|  0|   2|           1|           2|
    |xor_ln416_12_fu_1194_p2           |    xor   |      0|  0|   2|           1|           2|
    |xor_ln416_13_fu_1276_p2           |    xor   |      0|  0|   2|           1|           2|
    |xor_ln416_14_fu_1358_p2           |    xor   |      0|  0|   2|           1|           2|
    |xor_ln416_15_fu_1440_p2           |    xor   |      0|  0|   2|           1|           2|
    |xor_ln416_16_fu_1522_p2           |    xor   |      0|  0|   2|           1|           2|
    |xor_ln416_17_fu_1604_p2           |    xor   |      0|  0|   2|           1|           2|
    |xor_ln416_18_fu_1686_p2           |    xor   |      0|  0|   2|           1|           2|
    |xor_ln416_19_fu_1768_p2           |    xor   |      0|  0|   2|           1|           2|
    |xor_ln416_20_fu_1850_p2           |    xor   |      0|  0|   2|           1|           2|
    |xor_ln416_21_fu_1932_p2           |    xor   |      0|  0|   2|           1|           2|
    |xor_ln416_22_fu_2014_p2           |    xor   |      0|  0|   2|           1|           2|
    |xor_ln416_23_fu_2096_p2           |    xor   |      0|  0|   2|           1|           2|
    |xor_ln416_24_fu_2178_p2           |    xor   |      0|  0|   2|           1|           2|
    |xor_ln416_25_fu_2260_p2           |    xor   |      0|  0|   2|           1|           2|
    |xor_ln416_26_fu_2342_p2           |    xor   |      0|  0|   2|           1|           2|
    |xor_ln416_fu_1112_p2              |    xor   |      0|  0|   2|           1|           2|
    |xor_ln785_10_fu_1958_p2           |    xor   |      0|  0|   2|           1|           2|
    |xor_ln785_11_fu_2040_p2           |    xor   |      0|  0|   2|           1|           2|
    |xor_ln785_12_fu_2122_p2           |    xor   |      0|  0|   2|           1|           2|
    |xor_ln785_13_fu_2204_p2           |    xor   |      0|  0|   2|           1|           2|
    |xor_ln785_14_fu_2286_p2           |    xor   |      0|  0|   2|           1|           2|
    |xor_ln785_15_fu_2368_p2           |    xor   |      0|  0|   2|           1|           2|
    |xor_ln785_1_fu_1220_p2            |    xor   |      0|  0|   2|           1|           2|
    |xor_ln785_2_fu_1302_p2            |    xor   |      0|  0|   2|           1|           2|
    |xor_ln785_3_fu_1384_p2            |    xor   |      0|  0|   2|           1|           2|
    |xor_ln785_4_fu_1466_p2            |    xor   |      0|  0|   2|           1|           2|
    |xor_ln785_5_fu_1548_p2            |    xor   |      0|  0|   2|           1|           2|
    |xor_ln785_6_fu_1630_p2            |    xor   |      0|  0|   2|           1|           2|
    |xor_ln785_7_fu_1712_p2            |    xor   |      0|  0|   2|           1|           2|
    |xor_ln785_8_fu_1794_p2            |    xor   |      0|  0|   2|           1|           2|
    |xor_ln785_9_fu_1876_p2            |    xor   |      0|  0|   2|           1|           2|
    |xor_ln785_fu_1138_p2              |    xor   |      0|  0|   2|           1|           2|
    +----------------------------------+----------+-------+---+----+------------+------------+
    |Total                             |          |      0|  0|1370|         677|         470|
    +----------------------------------+----------+-------+---+----+------------+------------+

    * Multiplexer: 
    +------------------------+----+-----------+-----+-----------+
    |          Name          | LUT| Input Size| Bits| Total Bits|
    +------------------------+----+-----------+-----+-----------+
    |ap_done                 |   9|          2|    1|          2|
    |data_V_data_0_V_blk_n   |   9|          2|    1|          2|
    |data_V_data_10_V_blk_n  |   9|          2|    1|          2|
    |data_V_data_11_V_blk_n  |   9|          2|    1|          2|
    |data_V_data_12_V_blk_n  |   9|          2|    1|          2|
    |data_V_data_13_V_blk_n  |   9|          2|    1|          2|
    |data_V_data_14_V_blk_n  |   9|          2|    1|          2|
    |data_V_data_15_V_blk_n  |   9|          2|    1|          2|
    |data_V_data_1_V_blk_n   |   9|          2|    1|          2|
    |data_V_data_2_V_blk_n   |   9|          2|    1|          2|
    |data_V_data_3_V_blk_n   |   9|          2|    1|          2|
    |data_V_data_4_V_blk_n   |   9|          2|    1|          2|
    |data_V_data_5_V_blk_n   |   9|          2|    1|          2|
    |data_V_data_6_V_blk_n   |   9|          2|    1|          2|
    |data_V_data_7_V_blk_n   |   9|          2|    1|          2|
    |data_V_data_8_V_blk_n   |   9|          2|    1|          2|
    |data_V_data_9_V_blk_n   |   9|          2|    1|          2|
    |real_start              |   9|          2|    1|          2|
    |res_V_data_0_V_blk_n    |   9|          2|    1|          2|
    |res_V_data_10_V_blk_n   |   9|          2|    1|          2|
    |res_V_data_11_V_blk_n   |   9|          2|    1|          2|
    |res_V_data_12_V_blk_n   |   9|          2|    1|          2|
    |res_V_data_13_V_blk_n   |   9|          2|    1|          2|
    |res_V_data_14_V_blk_n   |   9|          2|    1|          2|
    |res_V_data_15_V_blk_n   |   9|          2|    1|          2|
    |res_V_data_1_V_blk_n    |   9|          2|    1|          2|
    |res_V_data_2_V_blk_n    |   9|          2|    1|          2|
    |res_V_data_3_V_blk_n    |   9|          2|    1|          2|
    |res_V_data_4_V_blk_n    |   9|          2|    1|          2|
    |res_V_data_5_V_blk_n    |   9|          2|    1|          2|
    |res_V_data_6_V_blk_n    |   9|          2|    1|          2|
    |res_V_data_7_V_blk_n    |   9|          2|    1|          2|
    |res_V_data_8_V_blk_n    |   9|          2|    1|          2|
    |res_V_data_9_V_blk_n    |   9|          2|    1|          2|
    +------------------------+----+-----------+-----+-----------+
    |Total                   | 306|         68|   34|         68|
    +------------------------+----+-----------+-----+-----------+

    * Register: 
    +---------------------------+----+----+-----+-----------+
    |            Name           | FF | LUT| Bits| Const Bits|
    +---------------------------+----+----+-----+-----------+
    |ap_CS_fsm                  |   1|   0|    1|          0|
    |ap_done_reg                |   1|   0|    1|          0|
    |ap_enable_reg_pp0_iter1    |   1|   0|    1|          0|
    |ap_enable_reg_pp0_iter2    |   1|   0|    1|          0|
    |icmp_ln768_12_reg_2723     |   1|   0|    1|          0|
    |icmp_ln768_13_reg_2749     |   1|   0|    1|          0|
    |icmp_ln768_14_reg_2775     |   1|   0|    1|          0|
    |icmp_ln768_15_reg_2801     |   1|   0|    1|          0|
    |icmp_ln768_16_reg_2827     |   1|   0|    1|          0|
    |icmp_ln768_17_reg_2853     |   1|   0|    1|          0|
    |icmp_ln768_18_reg_2879     |   1|   0|    1|          0|
    |icmp_ln768_19_reg_2905     |   1|   0|    1|          0|
    |icmp_ln768_20_reg_2931     |   1|   0|    1|          0|
    |icmp_ln768_21_reg_2957     |   1|   0|    1|          0|
    |icmp_ln768_22_reg_2983     |   1|   0|    1|          0|
    |icmp_ln768_23_reg_3009     |   1|   0|    1|          0|
    |icmp_ln768_24_reg_3035     |   1|   0|    1|          0|
    |icmp_ln768_25_reg_3061     |   1|   0|    1|          0|
    |icmp_ln768_26_reg_3087     |   1|   0|    1|          0|
    |icmp_ln768_reg_2697        |   1|   0|    1|          0|
    |icmp_ln879_12_reg_2718     |   1|   0|    1|          0|
    |icmp_ln879_13_reg_2744     |   1|   0|    1|          0|
    |icmp_ln879_14_reg_2770     |   1|   0|    1|          0|
    |icmp_ln879_15_reg_2796     |   1|   0|    1|          0|
    |icmp_ln879_16_reg_2822     |   1|   0|    1|          0|
    |icmp_ln879_17_reg_2848     |   1|   0|    1|          0|
    |icmp_ln879_18_reg_2874     |   1|   0|    1|          0|
    |icmp_ln879_19_reg_2900     |   1|   0|    1|          0|
    |icmp_ln879_20_reg_2926     |   1|   0|    1|          0|
    |icmp_ln879_21_reg_2952     |   1|   0|    1|          0|
    |icmp_ln879_22_reg_2978     |   1|   0|    1|          0|
    |icmp_ln879_23_reg_3004     |   1|   0|    1|          0|
    |icmp_ln879_24_reg_3030     |   1|   0|    1|          0|
    |icmp_ln879_25_reg_3056     |   1|   0|    1|          0|
    |icmp_ln879_26_reg_3082     |   1|   0|    1|          0|
    |icmp_ln879_reg_2692        |   1|   0|    1|          0|
    |start_once_reg             |   1|   0|    1|          0|
    |tmp_102_reg_2967           |   1|   0|    1|          0|
    |tmp_106_reg_2993           |   1|   0|    1|          0|
    |tmp_110_reg_3019           |   1|   0|    1|          0|
    |tmp_114_reg_3045           |   1|   0|    1|          0|
    |tmp_118_reg_3071           |   1|   0|    1|          0|
    |tmp_58_reg_2681            |   1|   0|    1|          0|
    |tmp_62_reg_2707            |   1|   0|    1|          0|
    |tmp_66_reg_2733            |   1|   0|    1|          0|
    |tmp_70_reg_2759            |   1|   0|    1|          0|
    |tmp_74_reg_2785            |   1|   0|    1|          0|
    |tmp_78_reg_2811            |   1|   0|    1|          0|
    |tmp_82_reg_2837            |   1|   0|    1|          0|
    |tmp_86_reg_2863            |   1|   0|    1|          0|
    |tmp_90_reg_2889            |   1|   0|    1|          0|
    |tmp_94_reg_2915            |   1|   0|    1|          0|
    |tmp_98_reg_2941            |   1|   0|    1|          0|
    |tmp_data_0_V_reg_3092      |   5|   0|    5|          0|
    |tmp_data_10_V_reg_3142     |   5|   0|    5|          0|
    |tmp_data_11_V_reg_3147     |   5|   0|    5|          0|
    |tmp_data_12_V_reg_3152     |   5|   0|    5|          0|
    |tmp_data_13_V_reg_3157     |   5|   0|    5|          0|
    |tmp_data_14_V_reg_3162     |   5|   0|    5|          0|
    |tmp_data_15_V_reg_3167     |   5|   0|    5|          0|
    |tmp_data_1_V_reg_3097      |   5|   0|    5|          0|
    |tmp_data_2_V_reg_3102      |   5|   0|    5|          0|
    |tmp_data_3_V_reg_3107      |   5|   0|    5|          0|
    |tmp_data_4_V_reg_3112      |   5|   0|    5|          0|
    |tmp_data_5_V_reg_3117      |   5|   0|    5|          0|
    |tmp_data_6_V_reg_3122      |   5|   0|    5|          0|
    |tmp_data_7_V_reg_3127      |   5|   0|    5|          0|
    |tmp_data_8_V_reg_3132      |   5|   0|    5|          0|
    |tmp_data_9_V_reg_3137      |   5|   0|    5|          0|
    |tmp_data_V_42_0_reg_2580   |  14|   0|   14|          0|
    |tmp_data_V_42_10_reg_2640  |  14|   0|   14|          0|
    |tmp_data_V_42_11_reg_2646  |  14|   0|   14|          0|
    |tmp_data_V_42_12_reg_2652  |  14|   0|   14|          0|
    |tmp_data_V_42_13_reg_2658  |  14|   0|   14|          0|
    |tmp_data_V_42_14_reg_2664  |  14|   0|   14|          0|
    |tmp_data_V_42_15_reg_2670  |  14|   0|   14|          0|
    |tmp_data_V_42_1_reg_2586   |  14|   0|   14|          0|
    |tmp_data_V_42_2_reg_2592   |  14|   0|   14|          0|
    |tmp_data_V_42_3_reg_2598   |  14|   0|   14|          0|
    |tmp_data_V_42_4_reg_2604   |  14|   0|   14|          0|
    |tmp_data_V_42_5_reg_2610   |  14|   0|   14|          0|
    |tmp_data_V_42_6_reg_2616   |  14|   0|   14|          0|
    |tmp_data_V_42_7_reg_2622   |  14|   0|   14|          0|
    |tmp_data_V_42_8_reg_2628   |  14|   0|   14|          0|
    |tmp_data_V_42_9_reg_2634   |  14|   0|   14|          0|
    |trunc_ln415_10_reg_2713    |   5|   0|    5|          0|
    |trunc_ln415_11_reg_2739    |   5|   0|    5|          0|
    |trunc_ln415_12_reg_2765    |   5|   0|    5|          0|
    |trunc_ln415_13_reg_2791    |   5|   0|    5|          0|
    |trunc_ln415_14_reg_2817    |   5|   0|    5|          0|
    |trunc_ln415_15_reg_2843    |   5|   0|    5|          0|
    |trunc_ln415_16_reg_2869    |   5|   0|    5|          0|
    |trunc_ln415_17_reg_2895    |   5|   0|    5|          0|
    |trunc_ln415_18_reg_2921    |   5|   0|    5|          0|
    |trunc_ln415_19_reg_2947    |   5|   0|    5|          0|
    |trunc_ln415_20_reg_2973    |   5|   0|    5|          0|
    |trunc_ln415_21_reg_2999    |   5|   0|    5|          0|
    |trunc_ln415_22_reg_3025    |   5|   0|    5|          0|
    |trunc_ln415_23_reg_3051    |   5|   0|    5|          0|
    |trunc_ln415_24_reg_3077    |   5|   0|    5|          0|
    |trunc_ln415_s_reg_2687     |   5|   0|    5|          0|
    |trunc_ln708_20_reg_2728    |   6|   0|    6|          0|
    |trunc_ln708_21_reg_2754    |   6|   0|    6|          0|
    |trunc_ln708_22_reg_2780    |   6|   0|    6|          0|
    |trunc_ln708_23_reg_2806    |   6|   0|    6|          0|
    |trunc_ln708_24_reg_2832    |   6|   0|    6|          0|
    |trunc_ln708_25_reg_2858    |   6|   0|    6|          0|
    |trunc_ln708_26_reg_2884    |   6|   0|    6|          0|
    |trunc_ln708_27_reg_2910    |   6|   0|    6|          0|
    |trunc_ln708_28_reg_2936    |   6|   0|    6|          0|
    |trunc_ln708_29_reg_2962    |   6|   0|    6|          0|
    |trunc_ln708_30_reg_2988    |   6|   0|    6|          0|
    |trunc_ln708_31_reg_3014    |   6|   0|    6|          0|
    |trunc_ln708_32_reg_3040    |   6|   0|    6|          0|
    |trunc_ln708_33_reg_3066    |   6|   0|    6|          0|
    |trunc_ln708_s_reg_2702     |   6|   0|    6|          0|
    |trunc_ln_reg_2676          |   6|   0|    6|          0|
    +---------------------------+----+----+-----+-----------+
    |Total                      | 533|   0|  533|          0|
    +---------------------------+----+----+-----+-----------+



================================================================
== Interface
================================================================
* Summary: 
+--------------------------+-----+-----+------------+-----------------------------------------------+--------------+
|         RTL Ports        | Dir | Bits|  Protocol  |                 Source Object                 |    C Type    |
+--------------------------+-----+-----+------------+-----------------------------------------------+--------------+
|ap_clk                    |  in |    1| ap_ctrl_hs | relu<array,array<ap_fixed,16u>,relu_config25> | return value |
|ap_rst                    |  in |    1| ap_ctrl_hs | relu<array,array<ap_fixed,16u>,relu_config25> | return value |
|ap_start                  |  in |    1| ap_ctrl_hs | relu<array,array<ap_fixed,16u>,relu_config25> | return value |
|start_full_n              |  in |    1| ap_ctrl_hs | relu<array,array<ap_fixed,16u>,relu_config25> | return value |
|ap_done                   | out |    1| ap_ctrl_hs | relu<array,array<ap_fixed,16u>,relu_config25> | return value |
|ap_continue               |  in |    1| ap_ctrl_hs | relu<array,array<ap_fixed,16u>,relu_config25> | return value |
|ap_idle                   | out |    1| ap_ctrl_hs | relu<array,array<ap_fixed,16u>,relu_config25> | return value |
|ap_ready                  | out |    1| ap_ctrl_hs | relu<array,array<ap_fixed,16u>,relu_config25> | return value |
|start_out                 | out |    1| ap_ctrl_hs | relu<array,array<ap_fixed,16u>,relu_config25> | return value |
|start_write               | out |    1| ap_ctrl_hs | relu<array,array<ap_fixed,16u>,relu_config25> | return value |
|data_V_data_0_V_dout      |  in |   14|   ap_fifo  |                data_V_data_0_V                |    pointer   |
|data_V_data_0_V_empty_n   |  in |    1|   ap_fifo  |                data_V_data_0_V                |    pointer   |
|data_V_data_0_V_read      | out |    1|   ap_fifo  |                data_V_data_0_V                |    pointer   |
|data_V_data_1_V_dout      |  in |   14|   ap_fifo  |                data_V_data_1_V                |    pointer   |
|data_V_data_1_V_empty_n   |  in |    1|   ap_fifo  |                data_V_data_1_V                |    pointer   |
|data_V_data_1_V_read      | out |    1|   ap_fifo  |                data_V_data_1_V                |    pointer   |
|data_V_data_2_V_dout      |  in |   14|   ap_fifo  |                data_V_data_2_V                |    pointer   |
|data_V_data_2_V_empty_n   |  in |    1|   ap_fifo  |                data_V_data_2_V                |    pointer   |
|data_V_data_2_V_read      | out |    1|   ap_fifo  |                data_V_data_2_V                |    pointer   |
|data_V_data_3_V_dout      |  in |   14|   ap_fifo  |                data_V_data_3_V                |    pointer   |
|data_V_data_3_V_empty_n   |  in |    1|   ap_fifo  |                data_V_data_3_V                |    pointer   |
|data_V_data_3_V_read      | out |    1|   ap_fifo  |                data_V_data_3_V                |    pointer   |
|data_V_data_4_V_dout      |  in |   14|   ap_fifo  |                data_V_data_4_V                |    pointer   |
|data_V_data_4_V_empty_n   |  in |    1|   ap_fifo  |                data_V_data_4_V                |    pointer   |
|data_V_data_4_V_read      | out |    1|   ap_fifo  |                data_V_data_4_V                |    pointer   |
|data_V_data_5_V_dout      |  in |   14|   ap_fifo  |                data_V_data_5_V                |    pointer   |
|data_V_data_5_V_empty_n   |  in |    1|   ap_fifo  |                data_V_data_5_V                |    pointer   |
|data_V_data_5_V_read      | out |    1|   ap_fifo  |                data_V_data_5_V                |    pointer   |
|data_V_data_6_V_dout      |  in |   14|   ap_fifo  |                data_V_data_6_V                |    pointer   |
|data_V_data_6_V_empty_n   |  in |    1|   ap_fifo  |                data_V_data_6_V                |    pointer   |
|data_V_data_6_V_read      | out |    1|   ap_fifo  |                data_V_data_6_V                |    pointer   |
|data_V_data_7_V_dout      |  in |   14|   ap_fifo  |                data_V_data_7_V                |    pointer   |
|data_V_data_7_V_empty_n   |  in |    1|   ap_fifo  |                data_V_data_7_V                |    pointer   |
|data_V_data_7_V_read      | out |    1|   ap_fifo  |                data_V_data_7_V                |    pointer   |
|data_V_data_8_V_dout      |  in |   14|   ap_fifo  |                data_V_data_8_V                |    pointer   |
|data_V_data_8_V_empty_n   |  in |    1|   ap_fifo  |                data_V_data_8_V                |    pointer   |
|data_V_data_8_V_read      | out |    1|   ap_fifo  |                data_V_data_8_V                |    pointer   |
|data_V_data_9_V_dout      |  in |   14|   ap_fifo  |                data_V_data_9_V                |    pointer   |
|data_V_data_9_V_empty_n   |  in |    1|   ap_fifo  |                data_V_data_9_V                |    pointer   |
|data_V_data_9_V_read      | out |    1|   ap_fifo  |                data_V_data_9_V                |    pointer   |
|data_V_data_10_V_dout     |  in |   14|   ap_fifo  |                data_V_data_10_V               |    pointer   |
|data_V_data_10_V_empty_n  |  in |    1|   ap_fifo  |                data_V_data_10_V               |    pointer   |
|data_V_data_10_V_read     | out |    1|   ap_fifo  |                data_V_data_10_V               |    pointer   |
|data_V_data_11_V_dout     |  in |   14|   ap_fifo  |                data_V_data_11_V               |    pointer   |
|data_V_data_11_V_empty_n  |  in |    1|   ap_fifo  |                data_V_data_11_V               |    pointer   |
|data_V_data_11_V_read     | out |    1|   ap_fifo  |                data_V_data_11_V               |    pointer   |
|data_V_data_12_V_dout     |  in |   14|   ap_fifo  |                data_V_data_12_V               |    pointer   |
|data_V_data_12_V_empty_n  |  in |    1|   ap_fifo  |                data_V_data_12_V               |    pointer   |
|data_V_data_12_V_read     | out |    1|   ap_fifo  |                data_V_data_12_V               |    pointer   |
|data_V_data_13_V_dout     |  in |   14|   ap_fifo  |                data_V_data_13_V               |    pointer   |
|data_V_data_13_V_empty_n  |  in |    1|   ap_fifo  |                data_V_data_13_V               |    pointer   |
|data_V_data_13_V_read     | out |    1|   ap_fifo  |                data_V_data_13_V               |    pointer   |
|data_V_data_14_V_dout     |  in |   14|   ap_fifo  |                data_V_data_14_V               |    pointer   |
|data_V_data_14_V_empty_n  |  in |    1|   ap_fifo  |                data_V_data_14_V               |    pointer   |
|data_V_data_14_V_read     | out |    1|   ap_fifo  |                data_V_data_14_V               |    pointer   |
|data_V_data_15_V_dout     |  in |   14|   ap_fifo  |                data_V_data_15_V               |    pointer   |
|data_V_data_15_V_empty_n  |  in |    1|   ap_fifo  |                data_V_data_15_V               |    pointer   |
|data_V_data_15_V_read     | out |    1|   ap_fifo  |                data_V_data_15_V               |    pointer   |
|res_V_data_0_V_din        | out |    6|   ap_fifo  |                 res_V_data_0_V                |    pointer   |
|res_V_data_0_V_full_n     |  in |    1|   ap_fifo  |                 res_V_data_0_V                |    pointer   |
|res_V_data_0_V_write      | out |    1|   ap_fifo  |                 res_V_data_0_V                |    pointer   |
|res_V_data_1_V_din        | out |    6|   ap_fifo  |                 res_V_data_1_V                |    pointer   |
|res_V_data_1_V_full_n     |  in |    1|   ap_fifo  |                 res_V_data_1_V                |    pointer   |
|res_V_data_1_V_write      | out |    1|   ap_fifo  |                 res_V_data_1_V                |    pointer   |
|res_V_data_2_V_din        | out |    6|   ap_fifo  |                 res_V_data_2_V                |    pointer   |
|res_V_data_2_V_full_n     |  in |    1|   ap_fifo  |                 res_V_data_2_V                |    pointer   |
|res_V_data_2_V_write      | out |    1|   ap_fifo  |                 res_V_data_2_V                |    pointer   |
|res_V_data_3_V_din        | out |    6|   ap_fifo  |                 res_V_data_3_V                |    pointer   |
|res_V_data_3_V_full_n     |  in |    1|   ap_fifo  |                 res_V_data_3_V                |    pointer   |
|res_V_data_3_V_write      | out |    1|   ap_fifo  |                 res_V_data_3_V                |    pointer   |
|res_V_data_4_V_din        | out |    6|   ap_fifo  |                 res_V_data_4_V                |    pointer   |
|res_V_data_4_V_full_n     |  in |    1|   ap_fifo  |                 res_V_data_4_V                |    pointer   |
|res_V_data_4_V_write      | out |    1|   ap_fifo  |                 res_V_data_4_V                |    pointer   |
|res_V_data_5_V_din        | out |    6|   ap_fifo  |                 res_V_data_5_V                |    pointer   |
|res_V_data_5_V_full_n     |  in |    1|   ap_fifo  |                 res_V_data_5_V                |    pointer   |
|res_V_data_5_V_write      | out |    1|   ap_fifo  |                 res_V_data_5_V                |    pointer   |
|res_V_data_6_V_din        | out |    6|   ap_fifo  |                 res_V_data_6_V                |    pointer   |
|res_V_data_6_V_full_n     |  in |    1|   ap_fifo  |                 res_V_data_6_V                |    pointer   |
|res_V_data_6_V_write      | out |    1|   ap_fifo  |                 res_V_data_6_V                |    pointer   |
|res_V_data_7_V_din        | out |    6|   ap_fifo  |                 res_V_data_7_V                |    pointer   |
|res_V_data_7_V_full_n     |  in |    1|   ap_fifo  |                 res_V_data_7_V                |    pointer   |
|res_V_data_7_V_write      | out |    1|   ap_fifo  |                 res_V_data_7_V                |    pointer   |
|res_V_data_8_V_din        | out |    6|   ap_fifo  |                 res_V_data_8_V                |    pointer   |
|res_V_data_8_V_full_n     |  in |    1|   ap_fifo  |                 res_V_data_8_V                |    pointer   |
|res_V_data_8_V_write      | out |    1|   ap_fifo  |                 res_V_data_8_V                |    pointer   |
|res_V_data_9_V_din        | out |    6|   ap_fifo  |                 res_V_data_9_V                |    pointer   |
|res_V_data_9_V_full_n     |  in |    1|   ap_fifo  |                 res_V_data_9_V                |    pointer   |
|res_V_data_9_V_write      | out |    1|   ap_fifo  |                 res_V_data_9_V                |    pointer   |
|res_V_data_10_V_din       | out |    6|   ap_fifo  |                res_V_data_10_V                |    pointer   |
|res_V_data_10_V_full_n    |  in |    1|   ap_fifo  |                res_V_data_10_V                |    pointer   |
|res_V_data_10_V_write     | out |    1|   ap_fifo  |                res_V_data_10_V                |    pointer   |
|res_V_data_11_V_din       | out |    6|   ap_fifo  |                res_V_data_11_V                |    pointer   |
|res_V_data_11_V_full_n    |  in |    1|   ap_fifo  |                res_V_data_11_V                |    pointer   |
|res_V_data_11_V_write     | out |    1|   ap_fifo  |                res_V_data_11_V                |    pointer   |
|res_V_data_12_V_din       | out |    6|   ap_fifo  |                res_V_data_12_V                |    pointer   |
|res_V_data_12_V_full_n    |  in |    1|   ap_fifo  |                res_V_data_12_V                |    pointer   |
|res_V_data_12_V_write     | out |    1|   ap_fifo  |                res_V_data_12_V                |    pointer   |
|res_V_data_13_V_din       | out |    6|   ap_fifo  |                res_V_data_13_V                |    pointer   |
|res_V_data_13_V_full_n    |  in |    1|   ap_fifo  |                res_V_data_13_V                |    pointer   |
|res_V_data_13_V_write     | out |    1|   ap_fifo  |                res_V_data_13_V                |    pointer   |
|res_V_data_14_V_din       | out |    6|   ap_fifo  |                res_V_data_14_V                |    pointer   |
|res_V_data_14_V_full_n    |  in |    1|   ap_fifo  |                res_V_data_14_V                |    pointer   |
|res_V_data_14_V_write     | out |    1|   ap_fifo  |                res_V_data_14_V                |    pointer   |
|res_V_data_15_V_din       | out |    6|   ap_fifo  |                res_V_data_15_V                |    pointer   |
|res_V_data_15_V_full_n    |  in |    1|   ap_fifo  |                res_V_data_15_V                |    pointer   |
|res_V_data_15_V_write     | out |    1|   ap_fifo  |                res_V_data_15_V                |    pointer   |
+--------------------------+-----+-----+------------+-----------------------------------------------+--------------+

