

================================================================
== Vivado HLS Report for 'shift_line_buffer_array_ap_fixed_8u_config5_s'
================================================================
* Date:           Sun Nov 14 10:23:45 2021

* Version:        2019.1 (Build 2552052 on Fri May 24 15:28:33 MDT 2019)
* Project:        myproject_prj
* Solution:       solution1
* Product family: zynq
* Target device:  xc7z020-clg400-1


================================================================
== Performance Estimates
================================================================
+ Timing (ns): 
    * Summary: 
    +--------+-------+----------+------------+
    |  Clock | Target| Estimated| Uncertainty|
    +--------+-------+----------+------------+
    |ap_clk  |   5.00|     1.617|        0.62|
    +--------+-------+----------+------------+

+ Latency (clock cycles): 
    * Summary: 
    +-----+-----+-----+-----+----------+
    |  Latency  |  Interval | Pipeline |
    | min | max | min | max |   Type   |
    +-----+-----+-----+-----+----------+
    |    0|    0|    1|    1| function |
    +-----+-----+-----+-----+----------+

    + Detail: 
        * Instance: 
        N/A

        * Loop: 
        N/A



================================================================
== Utilization Estimates
================================================================
* Summary: 
+-----------------+---------+-------+--------+-------+-----+
|       Name      | BRAM_18K| DSP48E|   FF   |  LUT  | URAM|
+-----------------+---------+-------+--------+-------+-----+
|DSP              |        -|      -|       -|      -|    -|
|Expression       |        -|      -|       -|      -|    -|
|FIFO             |        -|      -|       -|      -|    -|
|Instance         |        -|      -|       -|      -|    -|
|Memory           |        0|      -|     512|    256|    -|
|Multiplexer      |        -|      -|       -|      -|    -|
|Register         |        -|      -|       1|      -|    -|
+-----------------+---------+-------+--------+-------+-----+
|Total            |        0|      0|     513|    256|    0|
+-----------------+---------+-------+--------+-------+-----+
|Available        |      280|    220|  106400|  53200|    0|
+-----------------+---------+-------+--------+-------+-----+
|Utilization (%)  |        0|      0|   ~0   |   ~0  |    0|
+-----------------+---------+-------+--------+-------+-----+

+ Detail: 
    * Instance: 
    N/A

    * DSP48E: 
    N/A

    * Memory: 
    +-----------------------------+--------------------------------------------------------------+---------+----+----+-----+------+-----+------+-------------+
    |            Memory           |                            Module                            | BRAM_18K| FF | LUT| URAM| Words| Bits| Banks| W*Bits*Banks|
    +-----------------------------+--------------------------------------------------------------+---------+----+----+-----+------+-----+------+-------------+
    |line_buffer_Array_V_6_0_0_U  |shift_line_buffer_array_ap_fixed_8u_config5_s_line_bufferdEe  |        0|  64|  32|    0|    16|    6|     1|           96|
    |line_buffer_Array_V_6_0_1_U  |shift_line_buffer_array_ap_fixed_8u_config5_s_line_bufferdEe  |        0|  64|  32|    0|    16|    6|     1|           96|
    |line_buffer_Array_V_6_0_2_U  |shift_line_buffer_array_ap_fixed_8u_config5_s_line_bufferdEe  |        0|  64|  32|    0|    16|    6|     1|           96|
    |line_buffer_Array_V_6_0_3_U  |shift_line_buffer_array_ap_fixed_8u_config5_s_line_bufferdEe  |        0|  64|  32|    0|    16|    6|     1|           96|
    |line_buffer_Array_V_6_0_4_U  |shift_line_buffer_array_ap_fixed_8u_config5_s_line_bufferdEe  |        0|  64|  32|    0|    16|    6|     1|           96|
    |line_buffer_Array_V_6_0_5_U  |shift_line_buffer_array_ap_fixed_8u_config5_s_line_bufferdEe  |        0|  64|  32|    0|    16|    6|     1|           96|
    |line_buffer_Array_V_6_0_6_U  |shift_line_buffer_array_ap_fixed_8u_config5_s_line_bufferdEe  |        0|  64|  32|    0|    16|    6|     1|           96|
    |line_buffer_Array_V_6_0_7_U  |shift_line_buffer_array_ap_fixed_8u_config5_s_line_bufferdEe  |        0|  64|  32|    0|    16|    6|     1|           96|
    +-----------------------------+--------------------------------------------------------------+---------+----+----+-----+------+-----+------+-------------+
    |Total                        |                                                              |        0| 512| 256|    0|   128|   48|     8|          768|
    +-----------------------------+--------------------------------------------------------------+---------+----+----+-----+------+-----+------+-------------+

    * FIFO: 
    N/A

    * Expression: 
    N/A

    * Multiplexer: 
    N/A

    * Register: 
    +-----------+---+----+-----+-----------+
    |    Name   | FF| LUT| Bits| Const Bits|
    +-----------+---+----+-----+-----------+
    |ap_CS_fsm  |  1|   0|    1|          0|
    +-----------+---+----+-----+-----------+
    |Total      |  1|   0|    1|          0|
    +-----------+---+----+-----+-----------+



================================================================
== Interface
================================================================
* Summary: 
+--------------------------+-----+-----+------------+-----------------------------------------------+--------------+
|         RTL Ports        | Dir | Bits|  Protocol  |                 Source Object                 |    C Type    |
+--------------------------+-----+-----+------------+-----------------------------------------------+--------------+
|ap_clk                    |  in |    1| ap_ctrl_hs | shift_line_buffer<array<ap_fixed,8u>,config5> | return value |
|ap_rst                    |  in |    1| ap_ctrl_hs | shift_line_buffer<array<ap_fixed,8u>,config5> | return value |
|ap_start                  |  in |    1| ap_ctrl_hs | shift_line_buffer<array<ap_fixed,8u>,config5> | return value |
|ap_done                   | out |    1| ap_ctrl_hs | shift_line_buffer<array<ap_fixed,8u>,config5> | return value |
|ap_idle                   | out |    1| ap_ctrl_hs | shift_line_buffer<array<ap_fixed,8u>,config5> | return value |
|ap_ready                  | out |    1| ap_ctrl_hs | shift_line_buffer<array<ap_fixed,8u>,config5> | return value |
|ap_return_0               | out |    6| ap_ctrl_hs | shift_line_buffer<array<ap_fixed,8u>,config5> | return value |
|ap_return_1               | out |    6| ap_ctrl_hs | shift_line_buffer<array<ap_fixed,8u>,config5> | return value |
|ap_return_2               | out |    6| ap_ctrl_hs | shift_line_buffer<array<ap_fixed,8u>,config5> | return value |
|ap_return_3               | out |    6| ap_ctrl_hs | shift_line_buffer<array<ap_fixed,8u>,config5> | return value |
|ap_return_4               | out |    6| ap_ctrl_hs | shift_line_buffer<array<ap_fixed,8u>,config5> | return value |
|ap_return_5               | out |    6| ap_ctrl_hs | shift_line_buffer<array<ap_fixed,8u>,config5> | return value |
|ap_return_6               | out |    6| ap_ctrl_hs | shift_line_buffer<array<ap_fixed,8u>,config5> | return value |
|ap_return_7               | out |    6| ap_ctrl_hs | shift_line_buffer<array<ap_fixed,8u>,config5> | return value |
|ap_return_8               | out |    6| ap_ctrl_hs | shift_line_buffer<array<ap_fixed,8u>,config5> | return value |
|ap_return_9               | out |    6| ap_ctrl_hs | shift_line_buffer<array<ap_fixed,8u>,config5> | return value |
|ap_return_10              | out |    6| ap_ctrl_hs | shift_line_buffer<array<ap_fixed,8u>,config5> | return value |
|ap_return_11              | out |    6| ap_ctrl_hs | shift_line_buffer<array<ap_fixed,8u>,config5> | return value |
|ap_return_12              | out |    6| ap_ctrl_hs | shift_line_buffer<array<ap_fixed,8u>,config5> | return value |
|ap_return_13              | out |    6| ap_ctrl_hs | shift_line_buffer<array<ap_fixed,8u>,config5> | return value |
|ap_return_14              | out |    6| ap_ctrl_hs | shift_line_buffer<array<ap_fixed,8u>,config5> | return value |
|ap_return_15              | out |    6| ap_ctrl_hs | shift_line_buffer<array<ap_fixed,8u>,config5> | return value |
|ap_return_16              | out |    6| ap_ctrl_hs | shift_line_buffer<array<ap_fixed,8u>,config5> | return value |
|ap_return_17              | out |    6| ap_ctrl_hs | shift_line_buffer<array<ap_fixed,8u>,config5> | return value |
|ap_return_18              | out |    6| ap_ctrl_hs | shift_line_buffer<array<ap_fixed,8u>,config5> | return value |
|ap_return_19              | out |    6| ap_ctrl_hs | shift_line_buffer<array<ap_fixed,8u>,config5> | return value |
|ap_return_20              | out |    6| ap_ctrl_hs | shift_line_buffer<array<ap_fixed,8u>,config5> | return value |
|ap_return_21              | out |    6| ap_ctrl_hs | shift_line_buffer<array<ap_fixed,8u>,config5> | return value |
|ap_return_22              | out |    6| ap_ctrl_hs | shift_line_buffer<array<ap_fixed,8u>,config5> | return value |
|ap_return_23              | out |    6| ap_ctrl_hs | shift_line_buffer<array<ap_fixed,8u>,config5> | return value |
|ap_return_24              | out |    6| ap_ctrl_hs | shift_line_buffer<array<ap_fixed,8u>,config5> | return value |
|ap_return_25              | out |    6| ap_ctrl_hs | shift_line_buffer<array<ap_fixed,8u>,config5> | return value |
|ap_return_26              | out |    6| ap_ctrl_hs | shift_line_buffer<array<ap_fixed,8u>,config5> | return value |
|ap_return_27              | out |    6| ap_ctrl_hs | shift_line_buffer<array<ap_fixed,8u>,config5> | return value |
|ap_return_28              | out |    6| ap_ctrl_hs | shift_line_buffer<array<ap_fixed,8u>,config5> | return value |
|ap_return_29              | out |    6| ap_ctrl_hs | shift_line_buffer<array<ap_fixed,8u>,config5> | return value |
|ap_return_30              | out |    6| ap_ctrl_hs | shift_line_buffer<array<ap_fixed,8u>,config5> | return value |
|ap_return_31              | out |    6| ap_ctrl_hs | shift_line_buffer<array<ap_fixed,8u>,config5> | return value |
|ap_ce                     |  in |    1| ap_ctrl_hs | shift_line_buffer<array<ap_fixed,8u>,config5> | return value |
|kernel_window_24_V_write  |  in |    6|   ap_none  |            kernel_window_24_V_write           |    scalar    |
|kernel_window_25_V_write  |  in |    6|   ap_none  |            kernel_window_25_V_write           |    scalar    |
|kernel_window_26_V_write  |  in |    6|   ap_none  |            kernel_window_26_V_write           |    scalar    |
|kernel_window_27_V_write  |  in |    6|   ap_none  |            kernel_window_27_V_write           |    scalar    |
|kernel_window_28_V_write  |  in |    6|   ap_none  |            kernel_window_28_V_write           |    scalar    |
|kernel_window_29_V_write  |  in |    6|   ap_none  |            kernel_window_29_V_write           |    scalar    |
|kernel_window_30_V_write  |  in |    6|   ap_none  |            kernel_window_30_V_write           |    scalar    |
|kernel_window_31_V_write  |  in |    6|   ap_none  |            kernel_window_31_V_write           |    scalar    |
|kernel_window_8_V_read    |  in |    6|   ap_none  |             kernel_window_8_V_read            |    scalar    |
|kernel_window_9_V_read    |  in |    6|   ap_none  |             kernel_window_9_V_read            |    scalar    |
|kernel_window_10_V_read   |  in |    6|   ap_none  |            kernel_window_10_V_read            |    scalar    |
|kernel_window_11_V_read   |  in |    6|   ap_none  |            kernel_window_11_V_read            |    scalar    |
|kernel_window_12_V_read   |  in |    6|   ap_none  |            kernel_window_12_V_read            |    scalar    |
|kernel_window_13_V_read   |  in |    6|   ap_none  |            kernel_window_13_V_read            |    scalar    |
|kernel_window_14_V_read   |  in |    6|   ap_none  |            kernel_window_14_V_read            |    scalar    |
|kernel_window_15_V_read   |  in |    6|   ap_none  |            kernel_window_15_V_read            |    scalar    |
|kernel_window_24_V_read   |  in |    6|   ap_none  |            kernel_window_24_V_read            |    scalar    |
|kernel_window_25_V_read   |  in |    6|   ap_none  |            kernel_window_25_V_read            |    scalar    |
|kernel_window_26_V_read   |  in |    6|   ap_none  |            kernel_window_26_V_read            |    scalar    |
|kernel_window_27_V_read   |  in |    6|   ap_none  |            kernel_window_27_V_read            |    scalar    |
|kernel_window_28_V_read   |  in |    6|   ap_none  |            kernel_window_28_V_read            |    scalar    |
|kernel_window_29_V_read   |  in |    6|   ap_none  |            kernel_window_29_V_read            |    scalar    |
|kernel_window_30_V_read   |  in |    6|   ap_none  |            kernel_window_30_V_read            |    scalar    |
|kernel_window_31_V_read   |  in |    6|   ap_none  |            kernel_window_31_V_read            |    scalar    |
+--------------------------+-----+-----+------------+-----------------------------------------------+--------------+

